ARM GAS  C:\msys64\tmp\cco6gDZC.s 			page 1


   1              		.cpu cortex-m4
   2              		.arch armv7e-m
   3              		.fpu fpv4-sp-d16
   4              		.eabi_attribute 27, 1
   5              		.eabi_attribute 28, 1
   6              		.eabi_attribute 23, 1
   7              		.eabi_attribute 24, 1
   8              		.eabi_attribute 25, 1
   9              		.eabi_attribute 26, 1
  10              		.eabi_attribute 30, 2
  11              		.eabi_attribute 34, 1
  12              		.eabi_attribute 18, 4
  13              		.file	"ffunicode.c"
  14              		.text
  15              	.Ltext0:
  16              		.cfi_sections	.debug_frame
  17              		.file 1 "FatFs/ffunicode.c"
  18              		.section	.text.ff_uni2oem,"ax",%progbits
  19              		.align	1
  20              		.p2align 4,,15
  21              		.global	ff_uni2oem
  22              		.syntax unified
  23              		.thumb
  24              		.thumb_func
  25              		.type	ff_uni2oem, %function
  26              	ff_uni2oem:
  27              	.LVL0:
  28              	.LFB0:
  29              		.loc 1 15226 1 view -0
  30              		.cfi_startproc
  31              		@ args = 0, pretend = 0, frame = 0
  32              		@ frame_needed = 0, uses_anonymous_args = 0
  33              		@ link register save eliminated.
  34              		.loc 1 15227 2 view .LVU1
  35              		.loc 1 15228 2 view .LVU2
  36              		.loc 1 15231 2 view .LVU3
  37              		.loc 1 15231 5 is_stmt 0 view .LVU4
  38 0000 7F28     		cmp	r0, #127
  39 0002 01D8     		bhi	.L2
  40              		.loc 1 15232 3 is_stmt 1 view .LVU5
  41              		.loc 1 15232 5 is_stmt 0 view .LVU6
  42 0004 80B2     		uxth	r0, r0
  43              	.LVL1:
  44              		.loc 1 15232 5 view .LVU7
  45 0006 7047     		bx	lr
  46              	.LVL2:
  47              	.L2:
  48              		.loc 1 15235 3 is_stmt 1 view .LVU8
  49              		.loc 1 15235 6 is_stmt 0 view .LVU9
  50 0008 B0F5803F 		cmp	r0, #65536
  51 000c 03D2     		bcs	.L8
  52              		.loc 1 15235 21 discriminator 1 view .LVU10
  53 000e 40F26233 		movw	r3, #866
  54 0012 9942     		cmp	r1, r3
  55 0014 01D0     		beq	.L12
  56              	.LVL3:
  57              	.L8:
ARM GAS  C:\msys64\tmp\cco6gDZC.s 			page 2


  58              		.loc 1 15227 8 view .LVU11
  59 0016 0020     		movs	r0, #0
  60              	.LVL4:
  61              		.loc 1 15241 2 is_stmt 1 view .LVU12
  62              		.loc 1 15242 1 is_stmt 0 view .LVU13
  63 0018 7047     		bx	lr
  64              	.LVL5:
  65              	.L12:
  66              		.loc 1 15242 1 view .LVU14
  67 001a 064A     		ldr	r2, .L13
  68              		.loc 1 15235 21 discriminator 1 view .LVU15
  69 001c 0023     		movs	r3, #0
  70 001e 02E0     		b	.L4
  71              	.LVL6:
  72              	.L6:
  73              		.loc 1 15236 25 discriminator 1 view .LVU16
  74 0020 0133     		adds	r3, r3, #1
  75              	.LVL7:
  76              		.loc 1 15236 25 discriminator 1 view .LVU17
  77 0022 802B     		cmp	r3, #128
  78 0024 F7D0     		beq	.L8
  79              	.LVL8:
  80              	.L4:
  81              		.loc 1 15236 42 is_stmt 1 discriminator 4 view .LVU18
  82              		.loc 1 15236 25 discriminator 1 view .LVU19
  83              		.loc 1 15236 36 is_stmt 0 discriminator 3 view .LVU20
  84 0026 32F8021B 		ldrh	r1, [r2], #2
  85              		.loc 1 15236 25 discriminator 3 view .LVU21
  86 002a 8142     		cmp	r1, r0
  87 002c F8D1     		bne	.L6
  88              		.loc 1 15237 11 view .LVU22
  89 002e 8033     		adds	r3, r3, #128
  90              	.LVL9:
  91              		.loc 1 15237 11 view .LVU23
  92 0030 98B2     		uxth	r0, r3
  93              	.LVL10:
  94              		.loc 1 15237 11 view .LVU24
  95 0032 7047     		bx	lr
  96              	.L14:
  97              		.align	2
  98              	.L13:
  99 0034 00000000 		.word	uc866
 100              		.cfi_endproc
 101              	.LFE0:
 102              		.size	ff_uni2oem, .-ff_uni2oem
 103              		.section	.text.ff_oem2uni,"ax",%progbits
 104              		.align	1
 105              		.p2align 4,,15
 106              		.global	ff_oem2uni
 107              		.syntax unified
 108              		.thumb
 109              		.thumb_func
 110              		.type	ff_oem2uni, %function
 111              	ff_oem2uni:
 112              	.LVL11:
 113              	.LFB1:
 114              		.loc 1 15248 1 is_stmt 1 view -0
ARM GAS  C:\msys64\tmp\cco6gDZC.s 			page 3


 115              		.cfi_startproc
 116              		@ args = 0, pretend = 0, frame = 0
 117              		@ frame_needed = 0, uses_anonymous_args = 0
 118              		@ link register save eliminated.
 119              		.loc 1 15249 2 view .LVU26
 120              		.loc 1 15250 2 view .LVU27
 121              		.loc 1 15253 2 view .LVU28
 122              		.loc 1 15253 5 is_stmt 0 view .LVU29
 123 0000 7F28     		cmp	r0, #127
 124 0002 04D9     		bls	.L16
 125              		.loc 1 15257 3 is_stmt 1 view .LVU30
 126              		.loc 1 15257 6 is_stmt 0 view .LVU31
 127 0004 40F26233 		movw	r3, #866
 128 0008 9942     		cmp	r1, r3
 129 000a 01D0     		beq	.L19
 130              	.L18:
 131              		.loc 1 15249 8 view .LVU32
 132 000c 0020     		movs	r0, #0
 133              	.LVL12:
 134              	.L16:
 135              		.loc 1 15262 2 is_stmt 1 view .LVU33
 136              		.loc 1 15263 1 is_stmt 0 view .LVU34
 137 000e 7047     		bx	lr
 138              	.LVL13:
 139              	.L19:
 140              		.loc 1 15258 4 is_stmt 1 view .LVU35
 141              		.loc 1 15258 7 is_stmt 0 view .LVU36
 142 0010 FF28     		cmp	r0, #255
 143 0012 FBD8     		bhi	.L18
 144              		.loc 1 15258 21 is_stmt 1 discriminator 1 view .LVU37
 145              		.loc 1 15258 26 is_stmt 0 discriminator 1 view .LVU38
 146 0014 00F10040 		add	r0, r0, #-2147483648
 147              	.LVL14:
 148              		.loc 1 15258 23 discriminator 1 view .LVU39
 149 0018 024B     		ldr	r3, .L20
 150              		.loc 1 15258 26 discriminator 1 view .LVU40
 151 001a 8038     		subs	r0, r0, #128
 152              		.loc 1 15258 23 discriminator 1 view .LVU41
 153 001c 33F81000 		ldrh	r0, [r3, r0, lsl #1]
 154              	.LVL15:
 155              		.loc 1 15258 23 discriminator 1 view .LVU42
 156 0020 7047     		bx	lr
 157              	.L21:
 158 0022 00BF     		.align	2
 159              	.L20:
 160 0024 00000000 		.word	uc866
 161              		.cfi_endproc
 162              	.LFE1:
 163              		.size	ff_oem2uni, .-ff_oem2uni
 164              		.section	.text.ff_wtoupper,"ax",%progbits
 165              		.align	1
 166              		.p2align 4,,15
 167              		.global	ff_wtoupper
 168              		.syntax unified
 169              		.thumb
 170              		.thumb_func
 171              		.type	ff_wtoupper, %function
ARM GAS  C:\msys64\tmp\cco6gDZC.s 			page 4


 172              	ff_wtoupper:
 173              	.LVL16:
 174              	.LFB2:
 175              		.loc 1 15467 1 is_stmt 1 view -0
 176              		.cfi_startproc
 177              		@ args = 0, pretend = 0, frame = 0
 178              		@ frame_needed = 0, uses_anonymous_args = 0
 179              		.loc 1 15468 2 view .LVU44
 180              		.loc 1 15469 2 view .LVU45
 181              		.loc 1 15470 2 view .LVU46
 182              		.loc 1 15517 2 view .LVU47
 183              		.loc 1 15563 2 view .LVU48
 184              		.loc 1 15563 5 is_stmt 0 view .LVU49
 185 0000 B0F5803F 		cmp	r0, #65536
 186 0004 1DD2     		bcs	.L46
 187              		.loc 1 15564 3 is_stmt 1 view .LVU50
 188              		.loc 1 15467 1 is_stmt 0 view .LVU51
 189 0006 30B5     		push	{r4, r5, lr}
 190              		.cfi_def_cfa_offset 12
 191              		.cfi_offset 4, -12
 192              		.cfi_offset 5, -8
 193              		.cfi_offset 14, -4
 194              		.loc 1 15564 6 view .LVU52
 195 0008 84B2     		uxth	r4, r0
 196              	.LVL17:
 197              		.loc 1 15565 3 is_stmt 1 view .LVU53
 198              		.loc 1 15565 26 is_stmt 0 view .LVU54
 199 000a B4F5805F 		cmp	r4, #4096
 200              		.loc 1 15565 26 discriminator 1 view .LVU55
 201 000e 34BF     		ite	cc
 202 0010 224B     		ldrcc	r3, .L52
 203              		.loc 1 15565 26 discriminator 2 view .LVU56
 204 0012 234B     		ldrcs	r3, .L52+4
 205              	.L38:
 206 0014 0433     		adds	r3, r3, #4
 207 0016 0DE0     		b	.L37
 208              	.LVL18:
 209              	.L51:
 210              		.loc 1 15568 16 discriminator 1 view .LVU57
 211 0018 8C42     		cmp	r4, r1
 212 001a 10D3     		bcc	.L25
 213              		.loc 1 15569 7 view .LVU58
 214 001c 33F8022C 		ldrh	r2, [r3, #-2]
 215              	.LVL19:
 216              		.loc 1 15569 15 is_stmt 1 view .LVU59
 217              		.loc 1 15569 33 is_stmt 0 view .LVU60
 218 0020 5FFA82FC 		uxtb	ip, r2
 219              		.loc 1 15570 16 view .LVU61
 220 0024 0CEB010E 		add	lr, ip, r1
 221              		.loc 1 15570 7 view .LVU62
 222 0028 7045     		cmp	r0, lr
 223              		.loc 1 15569 19 view .LVU63
 224 002a 4FEA1222 		lsr	r2, r2, #8
 225              	.LVL20:
 226              		.loc 1 15569 30 is_stmt 1 view .LVU64
 227              		.loc 1 15570 4 view .LVU65
 228              		.loc 1 15570 7 is_stmt 0 view .LVU66
ARM GAS  C:\msys64\tmp\cco6gDZC.s 			page 5


 229 002e 09DB     		blt	.L49
 230              		.loc 1 15584 7 view .LVU67
 231 0030 0433     		adds	r3, r3, #4
 232              	.LVL21:
 233              		.loc 1 15584 7 view .LVU68
 234 0032 82B1     		cbz	r2, .L50
 235              	.LVL22:
 236              	.L37:
 237              		.loc 1 15566 3 is_stmt 1 view .LVU69
 238              		.loc 1 15567 4 view .LVU70
 239              		.loc 1 15569 4 view .LVU71
 240              		.loc 1 15584 4 view .LVU72
 241              		.loc 1 15567 7 is_stmt 0 view .LVU73
 242 0034 33F8041C 		ldrh	r1, [r3, #-4]
 243              	.LVL23:
 244              		.loc 1 15568 4 is_stmt 1 view .LVU74
 245 0038 1D46     		mov	r5, r3
 246              		.loc 1 15568 7 is_stmt 0 view .LVU75
 247 003a 0029     		cmp	r1, #0
 248 003c ECD1     		bne	.L51
 249              	.LVL24:
 250              	.L25:
 251              		.loc 1 15586 3 is_stmt 1 view .LVU76
 252              		.loc 1 15586 7 is_stmt 0 view .LVU77
 253 003e 2046     		mov	r0, r4
 254              	.LVL25:
 255              		.loc 1 15589 2 is_stmt 1 view .LVU78
 256              		.loc 1 15590 1 is_stmt 0 view .LVU79
 257 0040 30BD     		pop	{r4, r5, pc}
 258              	.LVL26:
 259              	.L46:
 260              		.cfi_def_cfa_offset 0
 261              		.cfi_restore 4
 262              		.cfi_restore 5
 263              		.cfi_restore 14
 264              		.loc 1 15589 2 is_stmt 1 view .LVU80
 265              		.loc 1 15590 1 is_stmt 0 view .LVU81
 266 0042 7047     		bx	lr
 267              	.LVL27:
 268              	.L49:
 269              		.cfi_def_cfa_offset 12
 270              		.cfi_offset 4, -12
 271              		.cfi_offset 5, -8
 272              		.cfi_offset 14, -4
 273              		.loc 1 15571 5 is_stmt 1 view .LVU82
 274 0044 082A     		cmp	r2, #8
 275 0046 FAD8     		bhi	.L25
 276 0048 DFE802F0 		tbb	[pc, r2]
 277              	.L28:
 278 004c 24       		.byte	(.L36-.L28)/2
 279 004d 1E       		.byte	(.L35-.L28)/2
 280 004e 1B       		.byte	(.L34-.L28)/2
 281 004f 18       		.byte	(.L33-.L28)/2
 282 0050 15       		.byte	(.L32-.L28)/2
 283 0051 12       		.byte	(.L31-.L28)/2
 284 0052 0F       		.byte	(.L30-.L28)/2
 285 0053 0C       		.byte	(.L29-.L28)/2
ARM GAS  C:\msys64\tmp\cco6gDZC.s 			page 6


 286 0054 08       		.byte	(.L27-.L28)/2
 287              	.LVL28:
 288 0055 00       		.p2align 1
 289              	.L50:
 290              		.loc 1 15584 18 discriminator 1 view .LVU83
 291              		.loc 1 15584 20 is_stmt 0 discriminator 1 view .LVU84
 292 0056 05EB4C03 		add	r3, r5, ip, lsl #1
 293              	.LVL29:
 294              		.loc 1 15584 20 discriminator 1 view .LVU85
 295 005a DBE7     		b	.L38
 296              	.L27:
 297              		.loc 1 15580 13 is_stmt 1 view .LVU86
 298              		.loc 1 15580 16 is_stmt 0 view .LVU87
 299 005c A4F5E354 		sub	r4, r4, #7264
 300              	.LVL30:
 301              		.loc 1 15580 16 view .LVU88
 302 0060 A4B2     		uxth	r4, r4
 303              	.LVL31:
 304              		.loc 1 15580 27 is_stmt 1 view .LVU89
 305 0062 ECE7     		b	.L25
 306              	.L29:
 307              		.loc 1 15579 13 view .LVU90
 308              		.loc 1 15579 16 is_stmt 0 view .LVU91
 309 0064 503C     		subs	r4, r4, #80
 310              	.LVL32:
 311              		.loc 1 15579 16 view .LVU92
 312 0066 A4B2     		uxth	r4, r4
 313              	.LVL33:
 314              		.loc 1 15579 23 is_stmt 1 view .LVU93
 315 0068 E9E7     		b	.L25
 316              	.L30:
 317              		.loc 1 15578 13 view .LVU94
 318              		.loc 1 15578 16 is_stmt 0 view .LVU95
 319 006a 0834     		adds	r4, r4, #8
 320              	.LVL34:
 321              		.loc 1 15578 16 view .LVU96
 322 006c A4B2     		uxth	r4, r4
 323              	.LVL35:
 324              		.loc 1 15578 22 is_stmt 1 view .LVU97
 325 006e E6E7     		b	.L25
 326              	.L31:
 327              		.loc 1 15577 13 view .LVU98
 328              		.loc 1 15577 16 is_stmt 0 view .LVU99
 329 0070 1A3C     		subs	r4, r4, #26
 330              	.LVL36:
 331              		.loc 1 15577 16 view .LVU100
 332 0072 A4B2     		uxth	r4, r4
 333              	.LVL37:
 334              		.loc 1 15577 23 is_stmt 1 view .LVU101
 335 0074 E3E7     		b	.L25
 336              	.L32:
 337              		.loc 1 15576 13 view .LVU102
 338              		.loc 1 15576 16 is_stmt 0 view .LVU103
 339 0076 303C     		subs	r4, r4, #48
 340              	.LVL38:
 341              		.loc 1 15576 16 view .LVU104
 342 0078 A4B2     		uxth	r4, r4
ARM GAS  C:\msys64\tmp\cco6gDZC.s 			page 7


 343              	.LVL39:
 344              		.loc 1 15576 23 is_stmt 1 view .LVU105
 345 007a E0E7     		b	.L25
 346              	.L33:
 347              		.loc 1 15575 13 view .LVU106
 348              		.loc 1 15575 16 is_stmt 0 view .LVU107
 349 007c 203C     		subs	r4, r4, #32
 350              	.LVL40:
 351              		.loc 1 15575 16 view .LVU108
 352 007e A4B2     		uxth	r4, r4
 353              	.LVL41:
 354              		.loc 1 15575 23 is_stmt 1 view .LVU109
 355 0080 DDE7     		b	.L25
 356              	.L34:
 357              		.loc 1 15574 13 view .LVU110
 358              		.loc 1 15574 16 is_stmt 0 view .LVU111
 359 0082 103C     		subs	r4, r4, #16
 360              	.LVL42:
 361              		.loc 1 15574 16 view .LVU112
 362 0084 A4B2     		uxth	r4, r4
 363              	.LVL43:
 364              		.loc 1 15574 23 is_stmt 1 view .LVU113
 365 0086 DAE7     		b	.L25
 366              	.L35:
 367              		.loc 1 15573 13 view .LVU114
 368              		.loc 1 15573 29 is_stmt 0 view .LVU115
 369 0088 631A     		subs	r3, r4, r1
 370              	.LVL44:
 371              		.loc 1 15573 29 view .LVU116
 372 008a 03F00103 		and	r3, r3, #1
 373              		.loc 1 15573 16 view .LVU117
 374 008e E41A     		subs	r4, r4, r3
 375              	.LVL45:
 376              		.loc 1 15573 16 view .LVU118
 377 0090 A4B2     		uxth	r4, r4
 378              	.LVL46:
 379              		.loc 1 15573 34 is_stmt 1 view .LVU119
 380 0092 D4E7     		b	.L25
 381              	.LVL47:
 382              	.L36:
 383              		.loc 1 15572 13 view .LVU120
 384              		.loc 1 15572 23 is_stmt 0 view .LVU121
 385 0094 401A     		subs	r0, r0, r1
 386              	.LVL48:
 387              		.loc 1 15572 16 view .LVU122
 388 0096 33F81040 		ldrh	r4, [r3, r0, lsl #1]
 389              	.LVL49:
 390              		.loc 1 15572 30 is_stmt 1 view .LVU123
 391 009a D0E7     		b	.L25
 392              	.L53:
 393              		.align	2
 394              	.L52:
 395 009c 00000000 		.word	cvt1.1
 396 00a0 00000000 		.word	cvt2.0
 397              		.cfi_endproc
 398              	.LFE2:
 399              		.size	ff_wtoupper, .-ff_wtoupper
ARM GAS  C:\msys64\tmp\cco6gDZC.s 			page 8


 400              		.section	.rodata.cvt2.0,"a"
 401              		.align	2
 402              		.type	cvt2.0, %object
 403              		.size	cvt2.0, 188
 404              	cvt2.0:
 405 0000 7D1D     		.short	7549
 406 0002 0100     		.short	1
 407 0004 632C     		.short	11363
 408 0006 001E     		.short	7680
 409 0008 9601     		.short	406
 410 000a A01E     		.short	7840
 411 000c 5A01     		.short	346
 412 000e 001F     		.short	7936
 413 0010 0806     		.short	1544
 414 0012 101F     		.short	7952
 415 0014 0606     		.short	1542
 416 0016 201F     		.short	7968
 417 0018 0806     		.short	1544
 418 001a 301F     		.short	7984
 419 001c 0806     		.short	1544
 420 001e 401F     		.short	8000
 421 0020 0606     		.short	1542
 422 0022 511F     		.short	8017
 423 0024 0700     		.short	7
 424 0026 591F     		.short	8025
 425 0028 521F     		.short	8018
 426 002a 5B1F     		.short	8027
 427 002c 541F     		.short	8020
 428 002e 5D1F     		.short	8029
 429 0030 561F     		.short	8022
 430 0032 5F1F     		.short	8031
 431 0034 601F     		.short	8032
 432 0036 0806     		.short	1544
 433 0038 701F     		.short	8048
 434 003a 0E00     		.short	14
 435 003c BA1F     		.short	8122
 436 003e BB1F     		.short	8123
 437 0040 C81F     		.short	8136
 438 0042 C91F     		.short	8137
 439 0044 CA1F     		.short	8138
 440 0046 CB1F     		.short	8139
 441 0048 DA1F     		.short	8154
 442 004a DB1F     		.short	8155
 443 004c F81F     		.short	8184
 444 004e F91F     		.short	8185
 445 0050 EA1F     		.short	8170
 446 0052 EB1F     		.short	8171
 447 0054 FA1F     		.short	8186
 448 0056 FB1F     		.short	8187
 449 0058 801F     		.short	8064
 450 005a 0806     		.short	1544
 451 005c 901F     		.short	8080
 452 005e 0806     		.short	1544
 453 0060 A01F     		.short	8096
 454 0062 0806     		.short	1544
 455 0064 B01F     		.short	8112
 456 0066 0400     		.short	4
ARM GAS  C:\msys64\tmp\cco6gDZC.s 			page 9


 457 0068 B81F     		.short	8120
 458 006a B91F     		.short	8121
 459 006c B21F     		.short	8114
 460 006e BC1F     		.short	8124
 461 0070 CC1F     		.short	8140
 462 0072 0100     		.short	1
 463 0074 C31F     		.short	8131
 464 0076 D01F     		.short	8144
 465 0078 0206     		.short	1538
 466 007a E01F     		.short	8160
 467 007c 0206     		.short	1538
 468 007e E51F     		.short	8165
 469 0080 0100     		.short	1
 470 0082 EC1F     		.short	8172
 471 0084 F31F     		.short	8179
 472 0086 0100     		.short	1
 473 0088 FC1F     		.short	8188
 474 008a 4E21     		.short	8526
 475 008c 0100     		.short	1
 476 008e 3221     		.short	8498
 477 0090 7021     		.short	8560
 478 0092 1002     		.short	528
 479 0094 8421     		.short	8580
 480 0096 0100     		.short	1
 481 0098 8321     		.short	8579
 482 009a D024     		.short	9424
 483 009c 1A05     		.short	1306
 484 009e 302C     		.short	11312
 485 00a0 2F04     		.short	1071
 486 00a2 602C     		.short	11360
 487 00a4 0201     		.short	258
 488 00a6 672C     		.short	11367
 489 00a8 0601     		.short	262
 490 00aa 752C     		.short	11381
 491 00ac 0201     		.short	258
 492 00ae 802C     		.short	11392
 493 00b0 6401     		.short	356
 494 00b2 002D     		.short	11520
 495 00b4 2608     		.short	2086
 496 00b6 41FF     		.short	-191
 497 00b8 1A03     		.short	794
 498 00ba 0000     		.short	0
 499              		.section	.rodata.cvt1.1,"a"
 500              		.align	2
 501              		.type	cvt1.1, %object
 502              		.size	cvt1.1, 498
 503              	cvt1.1:
 504 0000 6100     		.short	97
 505 0002 1A03     		.short	794
 506 0004 E000     		.short	224
 507 0006 1703     		.short	791
 508 0008 F800     		.short	248
 509 000a 0703     		.short	775
 510 000c FF00     		.short	255
 511 000e 0100     		.short	1
 512 0010 7801     		.short	376
 513 0012 0001     		.short	256
ARM GAS  C:\msys64\tmp\cco6gDZC.s 			page 10


 514 0014 3001     		.short	304
 515 0016 3201     		.short	306
 516 0018 0601     		.short	262
 517 001a 3901     		.short	313
 518 001c 1001     		.short	272
 519 001e 4A01     		.short	330
 520 0020 2E01     		.short	302
 521 0022 7901     		.short	377
 522 0024 0601     		.short	262
 523 0026 8001     		.short	384
 524 0028 4D00     		.short	77
 525 002a 4302     		.short	579
 526 002c 8101     		.short	385
 527 002e 8201     		.short	386
 528 0030 8201     		.short	386
 529 0032 8401     		.short	388
 530 0034 8401     		.short	388
 531 0036 8601     		.short	390
 532 0038 8701     		.short	391
 533 003a 8701     		.short	391
 534 003c 8901     		.short	393
 535 003e 8A01     		.short	394
 536 0040 8B01     		.short	395
 537 0042 8B01     		.short	395
 538 0044 8D01     		.short	397
 539 0046 8E01     		.short	398
 540 0048 8F01     		.short	399
 541 004a 9001     		.short	400
 542 004c 9101     		.short	401
 543 004e 9101     		.short	401
 544 0050 9301     		.short	403
 545 0052 9401     		.short	404
 546 0054 F601     		.short	502
 547 0056 9601     		.short	406
 548 0058 9701     		.short	407
 549 005a 9801     		.short	408
 550 005c 9801     		.short	408
 551 005e 3D02     		.short	573
 552 0060 9B01     		.short	411
 553 0062 9C01     		.short	412
 554 0064 9D01     		.short	413
 555 0066 2002     		.short	544
 556 0068 9F01     		.short	415
 557 006a A001     		.short	416
 558 006c A001     		.short	416
 559 006e A201     		.short	418
 560 0070 A201     		.short	418
 561 0072 A401     		.short	420
 562 0074 A401     		.short	420
 563 0076 A601     		.short	422
 564 0078 A701     		.short	423
 565 007a A701     		.short	423
 566 007c A901     		.short	425
 567 007e AA01     		.short	426
 568 0080 AB01     		.short	427
 569 0082 AC01     		.short	428
 570 0084 AC01     		.short	428
ARM GAS  C:\msys64\tmp\cco6gDZC.s 			page 11


 571 0086 AE01     		.short	430
 572 0088 AF01     		.short	431
 573 008a AF01     		.short	431
 574 008c B101     		.short	433
 575 008e B201     		.short	434
 576 0090 B301     		.short	435
 577 0092 B301     		.short	435
 578 0094 B501     		.short	437
 579 0096 B501     		.short	437
 580 0098 B701     		.short	439
 581 009a B801     		.short	440
 582 009c B801     		.short	440
 583 009e BA01     		.short	442
 584 00a0 BB01     		.short	443
 585 00a2 BC01     		.short	444
 586 00a4 BC01     		.short	444
 587 00a6 BE01     		.short	446
 588 00a8 F701     		.short	503
 589 00aa C001     		.short	448
 590 00ac C101     		.short	449
 591 00ae C201     		.short	450
 592 00b0 C301     		.short	451
 593 00b2 C401     		.short	452
 594 00b4 C501     		.short	453
 595 00b6 C401     		.short	452
 596 00b8 C701     		.short	455
 597 00ba C801     		.short	456
 598 00bc C701     		.short	455
 599 00be CA01     		.short	458
 600 00c0 CB01     		.short	459
 601 00c2 CA01     		.short	458
 602 00c4 CD01     		.short	461
 603 00c6 1001     		.short	272
 604 00c8 DD01     		.short	477
 605 00ca 0100     		.short	1
 606 00cc 8E01     		.short	398
 607 00ce DE01     		.short	478
 608 00d0 1201     		.short	274
 609 00d2 F301     		.short	499
 610 00d4 0300     		.short	3
 611 00d6 F101     		.short	497
 612 00d8 F401     		.short	500
 613 00da F401     		.short	500
 614 00dc F801     		.short	504
 615 00de 2801     		.short	296
 616 00e0 2202     		.short	546
 617 00e2 1201     		.short	274
 618 00e4 3A02     		.short	570
 619 00e6 0900     		.short	9
 620 00e8 652C     		.short	11365
 621 00ea 3B02     		.short	571
 622 00ec 3B02     		.short	571
 623 00ee 3D02     		.short	573
 624 00f0 662C     		.short	11366
 625 00f2 3F02     		.short	575
 626 00f4 4002     		.short	576
 627 00f6 4102     		.short	577
ARM GAS  C:\msys64\tmp\cco6gDZC.s 			page 12


 628 00f8 4102     		.short	577
 629 00fa 4602     		.short	582
 630 00fc 0A01     		.short	266
 631 00fe 5302     		.short	595
 632 0100 4000     		.short	64
 633 0102 8101     		.short	385
 634 0104 8601     		.short	390
 635 0106 5502     		.short	597
 636 0108 8901     		.short	393
 637 010a 8A01     		.short	394
 638 010c 5802     		.short	600
 639 010e 8F01     		.short	399
 640 0110 5A02     		.short	602
 641 0112 9001     		.short	400
 642 0114 5C02     		.short	604
 643 0116 5D02     		.short	605
 644 0118 5E02     		.short	606
 645 011a 5F02     		.short	607
 646 011c 9301     		.short	403
 647 011e 6102     		.short	609
 648 0120 6202     		.short	610
 649 0122 9401     		.short	404
 650 0124 6402     		.short	612
 651 0126 6502     		.short	613
 652 0128 6602     		.short	614
 653 012a 6702     		.short	615
 654 012c 9701     		.short	407
 655 012e 9601     		.short	406
 656 0130 6A02     		.short	618
 657 0132 622C     		.short	11362
 658 0134 6C02     		.short	620
 659 0136 6D02     		.short	621
 660 0138 6E02     		.short	622
 661 013a 9C01     		.short	412
 662 013c 7002     		.short	624
 663 013e 7102     		.short	625
 664 0140 9D01     		.short	413
 665 0142 7302     		.short	627
 666 0144 7402     		.short	628
 667 0146 9F01     		.short	415
 668 0148 7602     		.short	630
 669 014a 7702     		.short	631
 670 014c 7802     		.short	632
 671 014e 7902     		.short	633
 672 0150 7A02     		.short	634
 673 0152 7B02     		.short	635
 674 0154 7C02     		.short	636
 675 0156 642C     		.short	11364
 676 0158 7E02     		.short	638
 677 015a 7F02     		.short	639
 678 015c A601     		.short	422
 679 015e 8102     		.short	641
 680 0160 8202     		.short	642
 681 0162 A901     		.short	425
 682 0164 8402     		.short	644
 683 0166 8502     		.short	645
 684 0168 8602     		.short	646
ARM GAS  C:\msys64\tmp\cco6gDZC.s 			page 13


 685 016a 8702     		.short	647
 686 016c AE01     		.short	430
 687 016e 4402     		.short	580
 688 0170 B101     		.short	433
 689 0172 B201     		.short	434
 690 0174 4502     		.short	581
 691 0176 8D02     		.short	653
 692 0178 8E02     		.short	654
 693 017a 8F02     		.short	655
 694 017c 9002     		.short	656
 695 017e 9102     		.short	657
 696 0180 B701     		.short	439
 697 0182 7B03     		.short	891
 698 0184 0300     		.short	3
 699 0186 FD03     		.short	1021
 700 0188 FE03     		.short	1022
 701 018a FF03     		.short	1023
 702 018c AC03     		.short	940
 703 018e 0400     		.short	4
 704 0190 8603     		.short	902
 705 0192 8803     		.short	904
 706 0194 8903     		.short	905
 707 0196 8A03     		.short	906
 708 0198 B103     		.short	945
 709 019a 1103     		.short	785
 710 019c C203     		.short	962
 711 019e 0200     		.short	2
 712 01a0 A303     		.short	931
 713 01a2 A303     		.short	931
 714 01a4 C403     		.short	964
 715 01a6 0803     		.short	776
 716 01a8 CC03     		.short	972
 717 01aa 0300     		.short	3
 718 01ac 8C03     		.short	908
 719 01ae 8E03     		.short	910
 720 01b0 8F03     		.short	911
 721 01b2 D803     		.short	984
 722 01b4 1801     		.short	280
 723 01b6 F203     		.short	1010
 724 01b8 0A00     		.short	10
 725 01ba F903     		.short	1017
 726 01bc F303     		.short	1011
 727 01be F403     		.short	1012
 728 01c0 F503     		.short	1013
 729 01c2 F603     		.short	1014
 730 01c4 F703     		.short	1015
 731 01c6 F703     		.short	1015
 732 01c8 F903     		.short	1017
 733 01ca FA03     		.short	1018
 734 01cc FA03     		.short	1018
 735 01ce 3004     		.short	1072
 736 01d0 2003     		.short	800
 737 01d2 5004     		.short	1104
 738 01d4 1007     		.short	1808
 739 01d6 6004     		.short	1120
 740 01d8 2201     		.short	290
 741 01da 8A04     		.short	1162
ARM GAS  C:\msys64\tmp\cco6gDZC.s 			page 14


 742 01dc 3601     		.short	310
 743 01de C104     		.short	1217
 744 01e0 0E01     		.short	270
 745 01e2 CF04     		.short	1231
 746 01e4 0100     		.short	1
 747 01e6 C004     		.short	1216
 748 01e8 D004     		.short	1232
 749 01ea 4401     		.short	324
 750 01ec 6105     		.short	1377
 751 01ee 2604     		.short	1062
 752 01f0 0000     		.short	0
 753              		.section	.rodata.uc866,"a"
 754              		.align	2
 755              		.type	uc866, %object
 756              		.size	uc866, 256
 757              	uc866:
 758 0000 1004     		.short	1040
 759 0002 1104     		.short	1041
 760 0004 1204     		.short	1042
 761 0006 1304     		.short	1043
 762 0008 1404     		.short	1044
 763 000a 1504     		.short	1045
 764 000c 1604     		.short	1046
 765 000e 1704     		.short	1047
 766 0010 1804     		.short	1048
 767 0012 1904     		.short	1049
 768 0014 1A04     		.short	1050
 769 0016 1B04     		.short	1051
 770 0018 1C04     		.short	1052
 771 001a 1D04     		.short	1053
 772 001c 1E04     		.short	1054
 773 001e 1F04     		.short	1055
 774 0020 2004     		.short	1056
 775 0022 2104     		.short	1057
 776 0024 2204     		.short	1058
 777 0026 2304     		.short	1059
 778 0028 2404     		.short	1060
 779 002a 2504     		.short	1061
 780 002c 2604     		.short	1062
 781 002e 2704     		.short	1063
 782 0030 2804     		.short	1064
 783 0032 2904     		.short	1065
 784 0034 2A04     		.short	1066
 785 0036 2B04     		.short	1067
 786 0038 2C04     		.short	1068
 787 003a 2D04     		.short	1069
 788 003c 2E04     		.short	1070
 789 003e 2F04     		.short	1071
 790 0040 3004     		.short	1072
 791 0042 3104     		.short	1073
 792 0044 3204     		.short	1074
 793 0046 3304     		.short	1075
 794 0048 3404     		.short	1076
 795 004a 3504     		.short	1077
 796 004c 3604     		.short	1078
 797 004e 3704     		.short	1079
 798 0050 3804     		.short	1080
ARM GAS  C:\msys64\tmp\cco6gDZC.s 			page 15


 799 0052 3904     		.short	1081
 800 0054 3A04     		.short	1082
 801 0056 3B04     		.short	1083
 802 0058 3C04     		.short	1084
 803 005a 3D04     		.short	1085
 804 005c 3E04     		.short	1086
 805 005e 3F04     		.short	1087
 806 0060 9125     		.short	9617
 807 0062 9225     		.short	9618
 808 0064 9325     		.short	9619
 809 0066 0225     		.short	9474
 810 0068 2425     		.short	9508
 811 006a 6125     		.short	9569
 812 006c 6225     		.short	9570
 813 006e 5625     		.short	9558
 814 0070 5525     		.short	9557
 815 0072 6325     		.short	9571
 816 0074 5125     		.short	9553
 817 0076 5725     		.short	9559
 818 0078 5D25     		.short	9565
 819 007a 5C25     		.short	9564
 820 007c 5B25     		.short	9563
 821 007e 1025     		.short	9488
 822 0080 1425     		.short	9492
 823 0082 3425     		.short	9524
 824 0084 2C25     		.short	9516
 825 0086 1C25     		.short	9500
 826 0088 0025     		.short	9472
 827 008a 3C25     		.short	9532
 828 008c 5E25     		.short	9566
 829 008e 5F25     		.short	9567
 830 0090 5A25     		.short	9562
 831 0092 5425     		.short	9556
 832 0094 6925     		.short	9577
 833 0096 6625     		.short	9574
 834 0098 6025     		.short	9568
 835 009a 5025     		.short	9552
 836 009c 6C25     		.short	9580
 837 009e 6725     		.short	9575
 838 00a0 6825     		.short	9576
 839 00a2 6425     		.short	9572
 840 00a4 6525     		.short	9573
 841 00a6 5925     		.short	9561
 842 00a8 5825     		.short	9560
 843 00aa 5225     		.short	9554
 844 00ac 5325     		.short	9555
 845 00ae 6B25     		.short	9579
 846 00b0 6A25     		.short	9578
 847 00b2 1825     		.short	9496
 848 00b4 0C25     		.short	9484
 849 00b6 8825     		.short	9608
 850 00b8 8425     		.short	9604
 851 00ba 8C25     		.short	9612
 852 00bc 9025     		.short	9616
 853 00be 8025     		.short	9600
 854 00c0 4004     		.short	1088
 855 00c2 4104     		.short	1089
ARM GAS  C:\msys64\tmp\cco6gDZC.s 			page 16


 856 00c4 4204     		.short	1090
 857 00c6 4304     		.short	1091
 858 00c8 4404     		.short	1092
 859 00ca 4504     		.short	1093
 860 00cc 4604     		.short	1094
 861 00ce 4704     		.short	1095
 862 00d0 4804     		.short	1096
 863 00d2 4904     		.short	1097
 864 00d4 4A04     		.short	1098
 865 00d6 4B04     		.short	1099
 866 00d8 4C04     		.short	1100
 867 00da 4D04     		.short	1101
 868 00dc 4E04     		.short	1102
 869 00de 4F04     		.short	1103
 870 00e0 0104     		.short	1025
 871 00e2 5104     		.short	1105
 872 00e4 0404     		.short	1028
 873 00e6 5404     		.short	1108
 874 00e8 0704     		.short	1031
 875 00ea 5704     		.short	1111
 876 00ec 0E04     		.short	1038
 877 00ee 5E04     		.short	1118
 878 00f0 B000     		.short	176
 879 00f2 1922     		.short	8729
 880 00f4 B700     		.short	183
 881 00f6 1A22     		.short	8730
 882 00f8 1621     		.short	8470
 883 00fa A400     		.short	164
 884 00fc A025     		.short	9632
 885 00fe A000     		.short	160
 886              		.text
 887              	.Letext0:
 888              		.file 2 "C:/Program Files (x86)/Arm GNU Toolchain arm-none-eabi/14.3 rel1/arm-none-eabi/include/ma
 889              		.file 3 "C:/Program Files (x86)/Arm GNU Toolchain arm-none-eabi/14.3 rel1/arm-none-eabi/include/sy
 890              		.file 4 "FatFs/ff.h"
 891              		.section	.debug_info,"",%progbits
 892              	.Ldebug_info0:
 893 0000 96020000 		.4byte	0x296
 894 0004 0500     		.2byte	0x5
 895 0006 01       		.byte	0x1
 896 0007 04       		.byte	0x4
 897 0008 00000000 		.4byte	.Ldebug_abbrev0
 898 000c 0C       		.uleb128 0xc
 899 000d C8000000 		.4byte	.LASF22
 900 0011 1D       		.byte	0x1d
 901 0012 B0000000 		.4byte	.LASF23
 902 0016 00000000 		.4byte	.LASF24
 903 001a 0C000000 		.4byte	.LLRL11
 904 001e 00000000 		.4byte	0
 905 0022 00000000 		.4byte	.Ldebug_line0
 906 0026 01       		.uleb128 0x1
 907 0027 08       		.byte	0x8
 908 0028 07       		.byte	0x7
 909 0029 22020000 		.4byte	.LASF0
 910 002d 01       		.uleb128 0x1
 911 002e 04       		.byte	0x4
 912 002f 07       		.byte	0x7
ARM GAS  C:\msys64\tmp\cco6gDZC.s 			page 17


 913 0030 42020000 		.4byte	.LASF1
 914 0034 01       		.uleb128 0x1
 915 0035 02       		.byte	0x2
 916 0036 07       		.byte	0x7
 917 0037 63020000 		.4byte	.LASF2
 918 003b 01       		.uleb128 0x1
 919 003c 01       		.byte	0x1
 920 003d 06       		.byte	0x6
 921 003e 16020000 		.4byte	.LASF3
 922 0042 01       		.uleb128 0x1
 923 0043 01       		.byte	0x1
 924 0044 08       		.byte	0x8
 925 0045 08020000 		.4byte	.LASF4
 926 0049 01       		.uleb128 0x1
 927 004a 02       		.byte	0x2
 928 004b 05       		.byte	0x5
 929 004c 62000000 		.4byte	.LASF5
 930 0050 02       		.uleb128 0x2
 931 0051 77000000 		.4byte	.LASF7
 932 0055 02       		.byte	0x2
 933 0056 39       		.byte	0x39
 934 0057 19       		.byte	0x19
 935 0058 34000000 		.4byte	0x34
 936 005c 01       		.uleb128 0x1
 937 005d 04       		.byte	0x4
 938 005e 05       		.byte	0x5
 939 005f A7000000 		.4byte	.LASF6
 940 0063 02       		.uleb128 0x2
 941 0064 6C000000 		.4byte	.LASF8
 942 0068 02       		.byte	0x2
 943 0069 4F       		.byte	0x4f
 944 006a 19       		.byte	0x19
 945 006b 6F000000 		.4byte	0x6f
 946 006f 01       		.uleb128 0x1
 947 0070 04       		.byte	0x4
 948 0071 07       		.byte	0x7
 949 0072 7B020000 		.4byte	.LASF9
 950 0076 01       		.uleb128 0x1
 951 0077 08       		.byte	0x8
 952 0078 05       		.byte	0x5
 953 0079 99000000 		.4byte	.LASF10
 954 007d 0D       		.uleb128 0xd
 955 007e 04       		.byte	0x4
 956 007f 05       		.byte	0x5
 957 0080 696E7400 		.ascii	"int\000"
 958 0084 02       		.uleb128 0x2
 959 0085 4F020000 		.4byte	.LASF11
 960 0089 03       		.byte	0x3
 961 008a 24       		.byte	0x24
 962 008b 14       		.byte	0x14
 963 008c 50000000 		.4byte	0x50
 964 0090 02       		.uleb128 0x2
 965 0091 39020000 		.4byte	.LASF12
 966 0095 03       		.byte	0x3
 967 0096 30       		.byte	0x30
 968 0097 14       		.byte	0x14
 969 0098 63000000 		.4byte	0x63
ARM GAS  C:\msys64\tmp\cco6gDZC.s 			page 18


 970 009c 02       		.uleb128 0x2
 971 009d 82000000 		.4byte	.LASF13
 972 00a1 04       		.byte	0x4
 973 00a2 37       		.byte	0x37
 974 00a3 13       		.byte	0x13
 975 00a4 84000000 		.4byte	0x84
 976 00a8 04       		.uleb128 0x4
 977 00a9 9C000000 		.4byte	0x9c
 978 00ad 02       		.uleb128 0x2
 979 00ae 02020000 		.4byte	.LASF14
 980 00b2 04       		.byte	0x4
 981 00b3 38       		.byte	0x38
 982 00b4 13       		.byte	0x13
 983 00b5 90000000 		.4byte	0x90
 984 00b9 02       		.uleb128 0x2
 985 00ba 93000000 		.4byte	.LASF15
 986 00be 04       		.byte	0x4
 987 00bf 3A       		.byte	0x3a
 988 00c0 10       		.byte	0x10
 989 00c1 9C000000 		.4byte	0x9c
 990 00c5 04       		.uleb128 0x4
 991 00c6 B9000000 		.4byte	0xb9
 992 00ca 01       		.uleb128 0x1
 993 00cb 01       		.byte	0x1
 994 00cc 08       		.byte	0x8
 995 00cd 76020000 		.4byte	.LASF16
 996 00d1 06       		.uleb128 0x6
 997 00d2 C5000000 		.4byte	0xc5
 998 00d6 E1000000 		.4byte	0xe1
 999 00da 07       		.uleb128 0x7
 1000 00db 2D000000 		.4byte	0x2d
 1001 00df 7F       		.byte	0x7f
 1002 00e0 00       		.byte	0
 1003 00e1 04       		.uleb128 0x4
 1004 00e2 D1000000 		.4byte	0xd1
 1005 00e6 08       		.uleb128 0x8
 1006 00e7 C2000000 		.4byte	.LASF17
 1007 00eb 553B     		.2byte	0x3b55
 1008 00ed E1000000 		.4byte	0xe1
 1009 00f1 05       		.uleb128 0x5
 1010 00f2 03       		.byte	0x3
 1011 00f3 00000000 		.4byte	uc866
 1012 00f7 09       		.uleb128 0x9
 1013 00f8 87000000 		.4byte	.LASF20
 1014 00fc 683C     		.2byte	0x3c68
 1015 00fe AD000000 		.4byte	0xad
 1016 0102 00000000 		.4byte	.LFB2
 1017 0106 A4000000 		.4byte	.LFE2-.LFB2
 1018 010a 01       		.uleb128 0x1
 1019 010b 9C       		.byte	0x9c
 1020 010c A6010000 		.4byte	0x1a6
 1021 0110 05       		.uleb128 0x5
 1022 0111 756E6900 		.ascii	"uni\000"
 1023 0115 693C     		.2byte	0x3c69
 1024 0117 08       		.byte	0x8
 1025 0118 AD000000 		.4byte	0xad
 1026 011c 14000000 		.4byte	.LLST5
ARM GAS  C:\msys64\tmp\cco6gDZC.s 			page 19


 1027 0120 0C000000 		.4byte	.LVUS5
 1028 0124 03       		.uleb128 0x3
 1029 0125 7000     		.ascii	"p\000"
 1030 0127 6C3C     		.2byte	0x3c6c
 1031 0129 0E       		.byte	0xe
 1032 012a A6010000 		.4byte	0x1a6
 1033 012e 55000000 		.4byte	.LLST6
 1034 0132 43000000 		.4byte	.LVUS6
 1035 0136 03       		.uleb128 0x3
 1036 0137 756300   		.ascii	"uc\000"
 1037 013a 6D3C     		.2byte	0x3c6d
 1038 013c 07       		.byte	0x7
 1039 013d 9C000000 		.4byte	0x9c
 1040 0141 B1000000 		.4byte	.LLST7
 1041 0145 8D000000 		.4byte	.LVUS7
 1042 0149 03       		.uleb128 0x3
 1043 014a 626300   		.ascii	"bc\000"
 1044 014d 6D3C     		.2byte	0x3c6d
 1045 014f 0B       		.byte	0xb
 1046 0150 9C000000 		.4byte	0x9c
 1047 0154 2C010000 		.4byte	.LLST8
 1048 0158 26010000 		.4byte	.LVUS8
 1049 015c 03       		.uleb128 0x3
 1050 015d 6E6300   		.ascii	"nc\000"
 1051 0160 6D3C     		.2byte	0x3c6d
 1052 0162 0F       		.byte	0xf
 1053 0163 9C000000 		.4byte	0x9c
 1054 0167 4A010000 		.4byte	.LLST9
 1055 016b 42010000 		.4byte	.LVUS9
 1056 016f 03       		.uleb128 0x3
 1057 0170 636D6400 		.ascii	"cmd\000"
 1058 0174 6D3C     		.2byte	0x3c6d
 1059 0176 13       		.byte	0x13
 1060 0177 9C000000 		.4byte	0x9c
 1061 017b 6A010000 		.4byte	.LLST10
 1062 017f 66010000 		.4byte	.LVUS10
 1063 0183 08       		.uleb128 0x8
 1064 0184 8D020000 		.4byte	.LASF18
 1065 0188 6E3C     		.2byte	0x3c6e
 1066 018a BB010000 		.4byte	0x1bb
 1067 018e 05       		.uleb128 0x5
 1068 018f 03       		.byte	0x3
 1069 0190 00000000 		.4byte	cvt1.1
 1070 0194 08       		.uleb128 0x8
 1071 0195 92020000 		.4byte	.LASF19
 1072 0199 9D3C     		.2byte	0x3c9d
 1073 019b D0010000 		.4byte	0x1d0
 1074 019f 05       		.uleb128 0x5
 1075 01a0 03       		.byte	0x3
 1076 01a1 00000000 		.4byte	cvt2.0
 1077 01a5 00       		.byte	0
 1078 01a6 0A       		.uleb128 0xa
 1079 01a7 A8000000 		.4byte	0xa8
 1080 01ab 06       		.uleb128 0x6
 1081 01ac A8000000 		.4byte	0xa8
 1082 01b0 BB010000 		.4byte	0x1bb
 1083 01b4 07       		.uleb128 0x7
ARM GAS  C:\msys64\tmp\cco6gDZC.s 			page 20


 1084 01b5 2D000000 		.4byte	0x2d
 1085 01b9 F8       		.byte	0xf8
 1086 01ba 00       		.byte	0
 1087 01bb 04       		.uleb128 0x4
 1088 01bc AB010000 		.4byte	0x1ab
 1089 01c0 06       		.uleb128 0x6
 1090 01c1 A8000000 		.4byte	0xa8
 1091 01c5 D0010000 		.4byte	0x1d0
 1092 01c9 07       		.uleb128 0x7
 1093 01ca 2D000000 		.4byte	0x2d
 1094 01ce 5D       		.byte	0x5d
 1095 01cf 00       		.byte	0
 1096 01d0 04       		.uleb128 0x4
 1097 01d1 C0010000 		.4byte	0x1c0
 1098 01d5 09       		.uleb128 0x9
 1099 01d6 97020000 		.4byte	.LASF21
 1100 01da 8C3B     		.2byte	0x3b8c
 1101 01dc B9000000 		.4byte	0xb9
 1102 01e0 00000000 		.4byte	.LFB1
 1103 01e4 28000000 		.4byte	.LFE1-.LFB1
 1104 01e8 01       		.uleb128 0x1
 1105 01e9 9C       		.byte	0x9c
 1106 01ea 33020000 		.4byte	0x233
 1107 01ee 05       		.uleb128 0x5
 1108 01ef 6F656D00 		.ascii	"oem\000"
 1109 01f3 8D3B     		.2byte	0x3b8d
 1110 01f5 08       		.byte	0x8
 1111 01f6 B9000000 		.4byte	0xb9
 1112 01fa 82010000 		.4byte	.LLST3
 1113 01fe 7A010000 		.4byte	.LVUS3
 1114 0202 0E       		.uleb128 0xe
 1115 0203 637000   		.ascii	"cp\000"
 1116 0206 01       		.byte	0x1
 1117 0207 8E3B     		.2byte	0x3b8e
 1118 0209 07       		.byte	0x7
 1119 020a 9C000000 		.4byte	0x9c
 1120 020e 01       		.uleb128 0x1
 1121 020f 51       		.byte	0x51
 1122 0210 03       		.uleb128 0x3
 1123 0211 6300     		.ascii	"c\000"
 1124 0213 913B     		.2byte	0x3b91
 1125 0215 08       		.byte	0x8
 1126 0216 B9000000 		.4byte	0xb9
 1127 021a B6010000 		.4byte	.LLST4
 1128 021e AE010000 		.4byte	.LVUS4
 1129 0222 0B       		.uleb128 0xb
 1130 0223 7000     		.ascii	"p\000"
 1131 0225 923B     		.2byte	0x3b92
 1132 0227 33020000 		.4byte	0x233
 1133 022b 06       		.uleb128 0x6
 1134 022c 03       		.byte	0x3
 1135 022d 00000000 		.4byte	uc866
 1136 0231 9F       		.byte	0x9f
 1137 0232 00       		.byte	0
 1138 0233 0A       		.uleb128 0xa
 1139 0234 C5000000 		.4byte	0xc5
 1140 0238 0F       		.uleb128 0xf
ARM GAS  C:\msys64\tmp\cco6gDZC.s 			page 21


 1141 0239 58020000 		.4byte	.LASF25
 1142 023d 01       		.byte	0x1
 1143 023e 763B     		.2byte	0x3b76
 1144 0240 07       		.byte	0x7
 1145 0241 B9000000 		.4byte	0xb9
 1146 0245 00000000 		.4byte	.LFB0
 1147 0249 38000000 		.4byte	.LFE0-.LFB0
 1148 024d 01       		.uleb128 0x1
 1149 024e 9C       		.byte	0x9c
 1150 024f 05       		.uleb128 0x5
 1151 0250 756E6900 		.ascii	"uni\000"
 1152 0254 773B     		.2byte	0x3b77
 1153 0256 08       		.byte	0x8
 1154 0257 AD000000 		.4byte	0xad
 1155 025b DE010000 		.4byte	.LLST0
 1156 025f D2010000 		.4byte	.LVUS0
 1157 0263 05       		.uleb128 0x5
 1158 0264 637000   		.ascii	"cp\000"
 1159 0267 783B     		.2byte	0x3b78
 1160 0269 07       		.byte	0x7
 1161 026a 9C000000 		.4byte	0x9c
 1162 026e 25020000 		.4byte	.LLST1
 1163 0272 1D020000 		.4byte	.LVUS1
 1164 0276 03       		.uleb128 0x3
 1165 0277 6300     		.ascii	"c\000"
 1166 0279 7B3B     		.2byte	0x3b7b
 1167 027b 08       		.byte	0x8
 1168 027c B9000000 		.4byte	0xb9
 1169 0280 63020000 		.4byte	.LLST2
 1170 0284 51020000 		.4byte	.LVUS2
 1171 0288 0B       		.uleb128 0xb
 1172 0289 7000     		.ascii	"p\000"
 1173 028b 7C3B     		.2byte	0x3b7c
 1174 028d 33020000 		.4byte	0x233
 1175 0291 06       		.uleb128 0x6
 1176 0292 03       		.byte	0x3
 1177 0293 00000000 		.4byte	uc866
 1178 0297 9F       		.byte	0x9f
 1179 0298 00       		.byte	0
 1180 0299 00       		.byte	0
 1181              		.section	.debug_abbrev,"",%progbits
 1182              	.Ldebug_abbrev0:
 1183 0000 01       		.uleb128 0x1
 1184 0001 24       		.uleb128 0x24
 1185 0002 00       		.byte	0
 1186 0003 0B       		.uleb128 0xb
 1187 0004 0B       		.uleb128 0xb
 1188 0005 3E       		.uleb128 0x3e
 1189 0006 0B       		.uleb128 0xb
 1190 0007 03       		.uleb128 0x3
 1191 0008 0E       		.uleb128 0xe
 1192 0009 00       		.byte	0
 1193 000a 00       		.byte	0
 1194 000b 02       		.uleb128 0x2
 1195 000c 16       		.uleb128 0x16
 1196 000d 00       		.byte	0
 1197 000e 03       		.uleb128 0x3
ARM GAS  C:\msys64\tmp\cco6gDZC.s 			page 22


 1198 000f 0E       		.uleb128 0xe
 1199 0010 3A       		.uleb128 0x3a
 1200 0011 0B       		.uleb128 0xb
 1201 0012 3B       		.uleb128 0x3b
 1202 0013 0B       		.uleb128 0xb
 1203 0014 39       		.uleb128 0x39
 1204 0015 0B       		.uleb128 0xb
 1205 0016 49       		.uleb128 0x49
 1206 0017 13       		.uleb128 0x13
 1207 0018 00       		.byte	0
 1208 0019 00       		.byte	0
 1209 001a 03       		.uleb128 0x3
 1210 001b 34       		.uleb128 0x34
 1211 001c 00       		.byte	0
 1212 001d 03       		.uleb128 0x3
 1213 001e 08       		.uleb128 0x8
 1214 001f 3A       		.uleb128 0x3a
 1215 0020 21       		.uleb128 0x21
 1216 0021 01       		.sleb128 1
 1217 0022 3B       		.uleb128 0x3b
 1218 0023 05       		.uleb128 0x5
 1219 0024 39       		.uleb128 0x39
 1220 0025 0B       		.uleb128 0xb
 1221 0026 49       		.uleb128 0x49
 1222 0027 13       		.uleb128 0x13
 1223 0028 02       		.uleb128 0x2
 1224 0029 17       		.uleb128 0x17
 1225 002a B742     		.uleb128 0x2137
 1226 002c 17       		.uleb128 0x17
 1227 002d 00       		.byte	0
 1228 002e 00       		.byte	0
 1229 002f 04       		.uleb128 0x4
 1230 0030 26       		.uleb128 0x26
 1231 0031 00       		.byte	0
 1232 0032 49       		.uleb128 0x49
 1233 0033 13       		.uleb128 0x13
 1234 0034 00       		.byte	0
 1235 0035 00       		.byte	0
 1236 0036 05       		.uleb128 0x5
 1237 0037 05       		.uleb128 0x5
 1238 0038 00       		.byte	0
 1239 0039 03       		.uleb128 0x3
 1240 003a 08       		.uleb128 0x8
 1241 003b 3A       		.uleb128 0x3a
 1242 003c 21       		.uleb128 0x21
 1243 003d 01       		.sleb128 1
 1244 003e 3B       		.uleb128 0x3b
 1245 003f 05       		.uleb128 0x5
 1246 0040 39       		.uleb128 0x39
 1247 0041 0B       		.uleb128 0xb
 1248 0042 49       		.uleb128 0x49
 1249 0043 13       		.uleb128 0x13
 1250 0044 02       		.uleb128 0x2
 1251 0045 17       		.uleb128 0x17
 1252 0046 B742     		.uleb128 0x2137
 1253 0048 17       		.uleb128 0x17
 1254 0049 00       		.byte	0
ARM GAS  C:\msys64\tmp\cco6gDZC.s 			page 23


 1255 004a 00       		.byte	0
 1256 004b 06       		.uleb128 0x6
 1257 004c 01       		.uleb128 0x1
 1258 004d 01       		.byte	0x1
 1259 004e 49       		.uleb128 0x49
 1260 004f 13       		.uleb128 0x13
 1261 0050 01       		.uleb128 0x1
 1262 0051 13       		.uleb128 0x13
 1263 0052 00       		.byte	0
 1264 0053 00       		.byte	0
 1265 0054 07       		.uleb128 0x7
 1266 0055 21       		.uleb128 0x21
 1267 0056 00       		.byte	0
 1268 0057 49       		.uleb128 0x49
 1269 0058 13       		.uleb128 0x13
 1270 0059 2F       		.uleb128 0x2f
 1271 005a 0B       		.uleb128 0xb
 1272 005b 00       		.byte	0
 1273 005c 00       		.byte	0
 1274 005d 08       		.uleb128 0x8
 1275 005e 34       		.uleb128 0x34
 1276 005f 00       		.byte	0
 1277 0060 03       		.uleb128 0x3
 1278 0061 0E       		.uleb128 0xe
 1279 0062 3A       		.uleb128 0x3a
 1280 0063 21       		.uleb128 0x21
 1281 0064 01       		.sleb128 1
 1282 0065 3B       		.uleb128 0x3b
 1283 0066 05       		.uleb128 0x5
 1284 0067 39       		.uleb128 0x39
 1285 0068 21       		.uleb128 0x21
 1286 0069 14       		.sleb128 20
 1287 006a 49       		.uleb128 0x49
 1288 006b 13       		.uleb128 0x13
 1289 006c 02       		.uleb128 0x2
 1290 006d 18       		.uleb128 0x18
 1291 006e 00       		.byte	0
 1292 006f 00       		.byte	0
 1293 0070 09       		.uleb128 0x9
 1294 0071 2E       		.uleb128 0x2e
 1295 0072 01       		.byte	0x1
 1296 0073 3F       		.uleb128 0x3f
 1297 0074 19       		.uleb128 0x19
 1298 0075 03       		.uleb128 0x3
 1299 0076 0E       		.uleb128 0xe
 1300 0077 3A       		.uleb128 0x3a
 1301 0078 21       		.uleb128 0x21
 1302 0079 01       		.sleb128 1
 1303 007a 3B       		.uleb128 0x3b
 1304 007b 05       		.uleb128 0x5
 1305 007c 39       		.uleb128 0x39
 1306 007d 21       		.uleb128 0x21
 1307 007e 07       		.sleb128 7
 1308 007f 27       		.uleb128 0x27
 1309 0080 19       		.uleb128 0x19
 1310 0081 49       		.uleb128 0x49
 1311 0082 13       		.uleb128 0x13
ARM GAS  C:\msys64\tmp\cco6gDZC.s 			page 24


 1312 0083 11       		.uleb128 0x11
 1313 0084 01       		.uleb128 0x1
 1314 0085 12       		.uleb128 0x12
 1315 0086 06       		.uleb128 0x6
 1316 0087 40       		.uleb128 0x40
 1317 0088 18       		.uleb128 0x18
 1318 0089 7A       		.uleb128 0x7a
 1319 008a 19       		.uleb128 0x19
 1320 008b 01       		.uleb128 0x1
 1321 008c 13       		.uleb128 0x13
 1322 008d 00       		.byte	0
 1323 008e 00       		.byte	0
 1324 008f 0A       		.uleb128 0xa
 1325 0090 0F       		.uleb128 0xf
 1326 0091 00       		.byte	0
 1327 0092 0B       		.uleb128 0xb
 1328 0093 21       		.uleb128 0x21
 1329 0094 04       		.sleb128 4
 1330 0095 49       		.uleb128 0x49
 1331 0096 13       		.uleb128 0x13
 1332 0097 00       		.byte	0
 1333 0098 00       		.byte	0
 1334 0099 0B       		.uleb128 0xb
 1335 009a 34       		.uleb128 0x34
 1336 009b 00       		.byte	0
 1337 009c 03       		.uleb128 0x3
 1338 009d 08       		.uleb128 0x8
 1339 009e 3A       		.uleb128 0x3a
 1340 009f 21       		.uleb128 0x21
 1341 00a0 01       		.sleb128 1
 1342 00a1 3B       		.uleb128 0x3b
 1343 00a2 05       		.uleb128 0x5
 1344 00a3 39       		.uleb128 0x39
 1345 00a4 21       		.uleb128 0x21
 1346 00a5 0F       		.sleb128 15
 1347 00a6 49       		.uleb128 0x49
 1348 00a7 13       		.uleb128 0x13
 1349 00a8 02       		.uleb128 0x2
 1350 00a9 18       		.uleb128 0x18
 1351 00aa 00       		.byte	0
 1352 00ab 00       		.byte	0
 1353 00ac 0C       		.uleb128 0xc
 1354 00ad 11       		.uleb128 0x11
 1355 00ae 01       		.byte	0x1
 1356 00af 25       		.uleb128 0x25
 1357 00b0 0E       		.uleb128 0xe
 1358 00b1 13       		.uleb128 0x13
 1359 00b2 0B       		.uleb128 0xb
 1360 00b3 03       		.uleb128 0x3
 1361 00b4 0E       		.uleb128 0xe
 1362 00b5 1B       		.uleb128 0x1b
 1363 00b6 0E       		.uleb128 0xe
 1364 00b7 55       		.uleb128 0x55
 1365 00b8 17       		.uleb128 0x17
 1366 00b9 11       		.uleb128 0x11
 1367 00ba 01       		.uleb128 0x1
 1368 00bb 10       		.uleb128 0x10
ARM GAS  C:\msys64\tmp\cco6gDZC.s 			page 25


 1369 00bc 17       		.uleb128 0x17
 1370 00bd 00       		.byte	0
 1371 00be 00       		.byte	0
 1372 00bf 0D       		.uleb128 0xd
 1373 00c0 24       		.uleb128 0x24
 1374 00c1 00       		.byte	0
 1375 00c2 0B       		.uleb128 0xb
 1376 00c3 0B       		.uleb128 0xb
 1377 00c4 3E       		.uleb128 0x3e
 1378 00c5 0B       		.uleb128 0xb
 1379 00c6 03       		.uleb128 0x3
 1380 00c7 08       		.uleb128 0x8
 1381 00c8 00       		.byte	0
 1382 00c9 00       		.byte	0
 1383 00ca 0E       		.uleb128 0xe
 1384 00cb 05       		.uleb128 0x5
 1385 00cc 00       		.byte	0
 1386 00cd 03       		.uleb128 0x3
 1387 00ce 08       		.uleb128 0x8
 1388 00cf 3A       		.uleb128 0x3a
 1389 00d0 0B       		.uleb128 0xb
 1390 00d1 3B       		.uleb128 0x3b
 1391 00d2 05       		.uleb128 0x5
 1392 00d3 39       		.uleb128 0x39
 1393 00d4 0B       		.uleb128 0xb
 1394 00d5 49       		.uleb128 0x49
 1395 00d6 13       		.uleb128 0x13
 1396 00d7 02       		.uleb128 0x2
 1397 00d8 18       		.uleb128 0x18
 1398 00d9 00       		.byte	0
 1399 00da 00       		.byte	0
 1400 00db 0F       		.uleb128 0xf
 1401 00dc 2E       		.uleb128 0x2e
 1402 00dd 01       		.byte	0x1
 1403 00de 3F       		.uleb128 0x3f
 1404 00df 19       		.uleb128 0x19
 1405 00e0 03       		.uleb128 0x3
 1406 00e1 0E       		.uleb128 0xe
 1407 00e2 3A       		.uleb128 0x3a
 1408 00e3 0B       		.uleb128 0xb
 1409 00e4 3B       		.uleb128 0x3b
 1410 00e5 05       		.uleb128 0x5
 1411 00e6 39       		.uleb128 0x39
 1412 00e7 0B       		.uleb128 0xb
 1413 00e8 27       		.uleb128 0x27
 1414 00e9 19       		.uleb128 0x19
 1415 00ea 49       		.uleb128 0x49
 1416 00eb 13       		.uleb128 0x13
 1417 00ec 11       		.uleb128 0x11
 1418 00ed 01       		.uleb128 0x1
 1419 00ee 12       		.uleb128 0x12
 1420 00ef 06       		.uleb128 0x6
 1421 00f0 40       		.uleb128 0x40
 1422 00f1 18       		.uleb128 0x18
 1423 00f2 7A       		.uleb128 0x7a
 1424 00f3 19       		.uleb128 0x19
 1425 00f4 00       		.byte	0
ARM GAS  C:\msys64\tmp\cco6gDZC.s 			page 26


 1426 00f5 00       		.byte	0
 1427 00f6 00       		.byte	0
 1428              		.section	.debug_loclists,"",%progbits
 1429 0000 9A020000 		.4byte	.Ldebug_loc3-.Ldebug_loc2
 1430              	.Ldebug_loc2:
 1431 0004 0500     		.2byte	0x5
 1432 0006 04       		.byte	0x4
 1433 0007 00       		.byte	0
 1434 0008 00000000 		.4byte	0
 1435              	.Ldebug_loc0:
 1436              	.LVUS5:
 1437 000c 00       		.uleb128 0
 1438 000d 00       		.uleb128 .LVU76
 1439 000e 00       		.uleb128 .LVU76
 1440 000f 00       		.uleb128 .LVU78
 1441 0010 00       		.uleb128 .LVU78
 1442 0011 00       		.uleb128 .LVU122
 1443 0012 00       		.uleb128 .LVU122
 1444 0013 00       		.uleb128 0
 1445              	.LLST5:
 1446 0014 06       		.byte	0x6
 1447 0015 00000000 		.4byte	.LVL16
 1448 0019 04       		.byte	0x4
 1449 001a 00       		.uleb128 .LVL16-.LVL16
 1450 001b 3E       		.uleb128 .LVL24-.LVL16
 1451 001c 01       		.uleb128 0x1
 1452 001d 50       		.byte	0x50
 1453 001e 04       		.byte	0x4
 1454 001f 3E       		.uleb128 .LVL24-.LVL16
 1455 0020 40       		.uleb128 .LVL25-.LVL16
 1456 0021 0A       		.uleb128 0xa
 1457 0022 A3       		.byte	0xa3
 1458 0023 03       		.uleb128 0x3
 1459 0024 A5       		.byte	0xa5
 1460 0025 00       		.uleb128 0
 1461 0026 26       		.uleb128 0x26
 1462 0027 A8       		.byte	0xa8
 1463 0028 2D       		.uleb128 0x2d
 1464 0029 A8       		.byte	0xa8
 1465 002a 00       		.uleb128 0
 1466 002b 9F       		.byte	0x9f
 1467 002c 04       		.byte	0x4
 1468 002d 40       		.uleb128 .LVL25-.LVL16
 1469 002e 9601     		.uleb128 .LVL48-.LVL16
 1470 0030 01       		.uleb128 0x1
 1471 0031 50       		.byte	0x50
 1472 0032 04       		.byte	0x4
 1473 0033 9601     		.uleb128 .LVL48-.LVL16
 1474 0035 A401     		.uleb128 .LFE2-.LVL16
 1475 0037 0A       		.uleb128 0xa
 1476 0038 A3       		.byte	0xa3
 1477 0039 03       		.uleb128 0x3
 1478 003a A5       		.byte	0xa5
 1479 003b 00       		.uleb128 0
 1480 003c 26       		.uleb128 0x26
 1481 003d A8       		.byte	0xa8
 1482 003e 2D       		.uleb128 0x2d
ARM GAS  C:\msys64\tmp\cco6gDZC.s 			page 27


 1483 003f A8       		.byte	0xa8
 1484 0040 00       		.uleb128 0
 1485 0041 9F       		.byte	0x9f
 1486 0042 00       		.byte	0
 1487              	.LVUS6:
 1488 0043 00       		.uleb128 .LVU57
 1489 0044 00       		.uleb128 .LVU68
 1490 0045 00       		.uleb128 .LVU68
 1491 0046 00       		.uleb128 .LVU69
 1492 0047 00       		.uleb128 .LVU69
 1493 0048 02       		.uleb128 .LVU71
 1494 0049 02       		.uleb128 .LVU71
 1495 004a 03       		.uleb128 .LVU72
 1496 004b 03       		.uleb128 .LVU72
 1497 004c 00       		.uleb128 .LVU76
 1498 004d 00       		.uleb128 .LVU82
 1499 004e 00       		.uleb128 .LVU83
 1500 004f 00       		.uleb128 .LVU83
 1501 0050 00       		.uleb128 .LVU85
 1502 0051 00       		.uleb128 .LVU85
 1503 0052 00       		.uleb128 .LVU116
 1504 0053 00       		.uleb128 .LVU120
 1505 0054 00       		.uleb128 0
 1506              	.LLST6:
 1507 0055 06       		.byte	0x6
 1508 0056 18000000 		.4byte	.LVL18
 1509 005a 04       		.byte	0x4
 1510 005b 00       		.uleb128 .LVL18-.LVL18
 1511 005c 1A       		.uleb128 .LVL21-.LVL18
 1512 005d 01       		.uleb128 0x1
 1513 005e 53       		.byte	0x53
 1514 005f 04       		.byte	0x4
 1515 0060 1A       		.uleb128 .LVL21-.LVL18
 1516 0061 1C       		.uleb128 .LVL22-.LVL18
 1517 0062 01       		.uleb128 0x1
 1518 0063 55       		.byte	0x55
 1519 0064 04       		.byte	0x4
 1520 0065 1C       		.uleb128 .LVL22-.LVL18
 1521 0066 1C       		.uleb128 .LVL22-.LVL18
 1522 0067 03       		.uleb128 0x3
 1523 0068 73       		.byte	0x73
 1524 0069 7C       		.sleb128 -4
 1525 006a 9F       		.byte	0x9f
 1526 006b 04       		.byte	0x4
 1527 006c 1C       		.uleb128 .LVL22-.LVL18
 1528 006d 1C       		.uleb128 .LVL22-.LVL18
 1529 006e 03       		.uleb128 0x3
 1530 006f 73       		.byte	0x73
 1531 0070 7E       		.sleb128 -2
 1532 0071 9F       		.byte	0x9f
 1533 0072 04       		.byte	0x4
 1534 0073 1C       		.uleb128 .LVL22-.LVL18
 1535 0074 26       		.uleb128 .LVL24-.LVL18
 1536 0075 01       		.uleb128 0x1
 1537 0076 53       		.byte	0x53
 1538 0077 04       		.byte	0x4
 1539 0078 2C       		.uleb128 .LVL27-.LVL18
ARM GAS  C:\msys64\tmp\cco6gDZC.s 			page 28


 1540 0079 3D       		.uleb128 .LVL28-.LVL18
 1541 007a 01       		.uleb128 0x1
 1542 007b 53       		.byte	0x53
 1543 007c 04       		.byte	0x4
 1544 007d 3D       		.uleb128 .LVL28-.LVL18
 1545 007e 42       		.uleb128 .LVL29-.LVL18
 1546 007f 01       		.uleb128 0x1
 1547 0080 55       		.byte	0x55
 1548 0081 04       		.byte	0x4
 1549 0082 42       		.uleb128 .LVL29-.LVL18
 1550 0083 72       		.uleb128 .LVL44-.LVL18
 1551 0084 01       		.uleb128 0x1
 1552 0085 53       		.byte	0x53
 1553 0086 04       		.byte	0x4
 1554 0087 7C       		.uleb128 .LVL47-.LVL18
 1555 0088 8C01     		.uleb128 .LFE2-.LVL18
 1556 008a 01       		.uleb128 0x1
 1557 008b 53       		.byte	0x53
 1558 008c 00       		.byte	0
 1559              	.LVUS7:
 1560 008d 00       		.uleb128 .LVU53
 1561 008e 00       		.uleb128 .LVU80
 1562 008f 00       		.uleb128 .LVU82
 1563 0090 00       		.uleb128 .LVU88
 1564 0091 00       		.uleb128 .LVU88
 1565 0092 00       		.uleb128 .LVU89
 1566 0093 00       		.uleb128 .LVU89
 1567 0094 00       		.uleb128 .LVU92
 1568 0095 00       		.uleb128 .LVU92
 1569 0096 00       		.uleb128 .LVU93
 1570 0097 00       		.uleb128 .LVU93
 1571 0098 00       		.uleb128 .LVU96
 1572 0099 00       		.uleb128 .LVU96
 1573 009a 00       		.uleb128 .LVU97
 1574 009b 00       		.uleb128 .LVU97
 1575 009c 00       		.uleb128 .LVU100
 1576 009d 00       		.uleb128 .LVU100
 1577 009e 00       		.uleb128 .LVU101
 1578 009f 00       		.uleb128 .LVU101
 1579 00a0 00       		.uleb128 .LVU104
 1580 00a1 00       		.uleb128 .LVU104
 1581 00a2 00       		.uleb128 .LVU105
 1582 00a3 00       		.uleb128 .LVU105
 1583 00a4 00       		.uleb128 .LVU108
 1584 00a5 00       		.uleb128 .LVU108
 1585 00a6 00       		.uleb128 .LVU109
 1586 00a7 00       		.uleb128 .LVU109
 1587 00a8 00       		.uleb128 .LVU112
 1588 00a9 00       		.uleb128 .LVU112
 1589 00aa 00       		.uleb128 .LVU113
 1590 00ab 00       		.uleb128 .LVU113
 1591 00ac 00       		.uleb128 .LVU118
 1592 00ad 00       		.uleb128 .LVU118
 1593 00ae 00       		.uleb128 .LVU119
 1594 00af 00       		.uleb128 .LVU119
 1595 00b0 00       		.uleb128 0
 1596              	.LLST7:
ARM GAS  C:\msys64\tmp\cco6gDZC.s 			page 29


 1597 00b1 06       		.byte	0x6
 1598 00b2 0A000000 		.4byte	.LVL17
 1599 00b6 04       		.byte	0x4
 1600 00b7 00       		.uleb128 .LVL17-.LVL17
 1601 00b8 38       		.uleb128 .LVL26-.LVL17
 1602 00b9 01       		.uleb128 0x1
 1603 00ba 54       		.byte	0x54
 1604 00bb 04       		.byte	0x4
 1605 00bc 3A       		.uleb128 .LVL27-.LVL17
 1606 00bd 56       		.uleb128 .LVL30-.LVL17
 1607 00be 01       		.uleb128 0x1
 1608 00bf 54       		.byte	0x54
 1609 00c0 04       		.byte	0x4
 1610 00c1 56       		.uleb128 .LVL30-.LVL17
 1611 00c2 58       		.uleb128 .LVL31-.LVL17
 1612 00c3 04       		.uleb128 0x4
 1613 00c4 74       		.byte	0x74
 1614 00c5 E038     		.sleb128 7264
 1615 00c7 9F       		.byte	0x9f
 1616 00c8 04       		.byte	0x4
 1617 00c9 58       		.uleb128 .LVL31-.LVL17
 1618 00ca 5C       		.uleb128 .LVL32-.LVL17
 1619 00cb 01       		.uleb128 0x1
 1620 00cc 54       		.byte	0x54
 1621 00cd 04       		.byte	0x4
 1622 00ce 5C       		.uleb128 .LVL32-.LVL17
 1623 00cf 5E       		.uleb128 .LVL33-.LVL17
 1624 00d0 04       		.uleb128 0x4
 1625 00d1 74       		.byte	0x74
 1626 00d2 D000     		.sleb128 80
 1627 00d4 9F       		.byte	0x9f
 1628 00d5 04       		.byte	0x4
 1629 00d6 5E       		.uleb128 .LVL33-.LVL17
 1630 00d7 62       		.uleb128 .LVL34-.LVL17
 1631 00d8 01       		.uleb128 0x1
 1632 00d9 54       		.byte	0x54
 1633 00da 04       		.byte	0x4
 1634 00db 62       		.uleb128 .LVL34-.LVL17
 1635 00dc 64       		.uleb128 .LVL35-.LVL17
 1636 00dd 03       		.uleb128 0x3
 1637 00de 74       		.byte	0x74
 1638 00df 78       		.sleb128 -8
 1639 00e0 9F       		.byte	0x9f
 1640 00e1 04       		.byte	0x4
 1641 00e2 64       		.uleb128 .LVL35-.LVL17
 1642 00e3 68       		.uleb128 .LVL36-.LVL17
 1643 00e4 01       		.uleb128 0x1
 1644 00e5 54       		.byte	0x54
 1645 00e6 04       		.byte	0x4
 1646 00e7 68       		.uleb128 .LVL36-.LVL17
 1647 00e8 6A       		.uleb128 .LVL37-.LVL17
 1648 00e9 03       		.uleb128 0x3
 1649 00ea 74       		.byte	0x74
 1650 00eb 1A       		.sleb128 26
 1651 00ec 9F       		.byte	0x9f
 1652 00ed 04       		.byte	0x4
 1653 00ee 6A       		.uleb128 .LVL37-.LVL17
ARM GAS  C:\msys64\tmp\cco6gDZC.s 			page 30


 1654 00ef 6E       		.uleb128 .LVL38-.LVL17
 1655 00f0 01       		.uleb128 0x1
 1656 00f1 54       		.byte	0x54
 1657 00f2 04       		.byte	0x4
 1658 00f3 6E       		.uleb128 .LVL38-.LVL17
 1659 00f4 70       		.uleb128 .LVL39-.LVL17
 1660 00f5 03       		.uleb128 0x3
 1661 00f6 74       		.byte	0x74
 1662 00f7 30       		.sleb128 48
 1663 00f8 9F       		.byte	0x9f
 1664 00f9 04       		.byte	0x4
 1665 00fa 70       		.uleb128 .LVL39-.LVL17
 1666 00fb 74       		.uleb128 .LVL40-.LVL17
 1667 00fc 01       		.uleb128 0x1
 1668 00fd 54       		.byte	0x54
 1669 00fe 04       		.byte	0x4
 1670 00ff 74       		.uleb128 .LVL40-.LVL17
 1671 0100 76       		.uleb128 .LVL41-.LVL17
 1672 0101 03       		.uleb128 0x3
 1673 0102 74       		.byte	0x74
 1674 0103 20       		.sleb128 32
 1675 0104 9F       		.byte	0x9f
 1676 0105 04       		.byte	0x4
 1677 0106 76       		.uleb128 .LVL41-.LVL17
 1678 0107 7A       		.uleb128 .LVL42-.LVL17
 1679 0108 01       		.uleb128 0x1
 1680 0109 54       		.byte	0x54
 1681 010a 04       		.byte	0x4
 1682 010b 7A       		.uleb128 .LVL42-.LVL17
 1683 010c 7C       		.uleb128 .LVL43-.LVL17
 1684 010d 03       		.uleb128 0x3
 1685 010e 74       		.byte	0x74
 1686 010f 10       		.sleb128 16
 1687 0110 9F       		.byte	0x9f
 1688 0111 04       		.byte	0x4
 1689 0112 7C       		.uleb128 .LVL43-.LVL17
 1690 0113 8601     		.uleb128 .LVL45-.LVL17
 1691 0115 01       		.uleb128 0x1
 1692 0116 54       		.byte	0x54
 1693 0117 04       		.byte	0x4
 1694 0118 8601     		.uleb128 .LVL45-.LVL17
 1695 011a 8801     		.uleb128 .LVL46-.LVL17
 1696 011c 01       		.uleb128 0x1
 1697 011d 50       		.byte	0x50
 1698 011e 04       		.byte	0x4
 1699 011f 8801     		.uleb128 .LVL46-.LVL17
 1700 0121 9A01     		.uleb128 .LFE2-.LVL17
 1701 0123 01       		.uleb128 0x1
 1702 0124 54       		.byte	0x54
 1703 0125 00       		.byte	0
 1704              	.LVUS8:
 1705 0126 00       		.uleb128 .LVU57
 1706 0127 00       		.uleb128 .LVU69
 1707 0128 00       		.uleb128 .LVU74
 1708 0129 00       		.uleb128 .LVU80
 1709 012a 00       		.uleb128 .LVU82
 1710 012b 00       		.uleb128 0
ARM GAS  C:\msys64\tmp\cco6gDZC.s 			page 31


 1711              	.LLST8:
 1712 012c 06       		.byte	0x6
 1713 012d 18000000 		.4byte	.LVL18
 1714 0131 04       		.byte	0x4
 1715 0132 00       		.uleb128 .LVL18-.LVL18
 1716 0133 1C       		.uleb128 .LVL22-.LVL18
 1717 0134 01       		.uleb128 0x1
 1718 0135 51       		.byte	0x51
 1719 0136 04       		.byte	0x4
 1720 0137 20       		.uleb128 .LVL23-.LVL18
 1721 0138 2A       		.uleb128 .LVL26-.LVL18
 1722 0139 01       		.uleb128 0x1
 1723 013a 51       		.byte	0x51
 1724 013b 04       		.byte	0x4
 1725 013c 2C       		.uleb128 .LVL27-.LVL18
 1726 013d 8C01     		.uleb128 .LFE2-.LVL18
 1727 013f 01       		.uleb128 0x1
 1728 0140 51       		.byte	0x51
 1729 0141 00       		.byte	0
 1730              	.LVUS9:
 1731 0142 00       		.uleb128 .LVU59
 1732 0143 00       		.uleb128 .LVU64
 1733 0144 00       		.uleb128 .LVU64
 1734 0145 01       		.uleb128 .LVU65
 1735 0146 01       		.uleb128 .LVU65
 1736 0147 00       		.uleb128 .LVU69
 1737 0148 00       		.uleb128 .LVU82
 1738 0149 00       		.uleb128 0
 1739              	.LLST9:
 1740 014a 06       		.byte	0x6
 1741 014b 20000000 		.4byte	.LVL19
 1742 014f 04       		.byte	0x4
 1743 0150 00       		.uleb128 .LVL19-.LVL19
 1744 0151 0E       		.uleb128 .LVL20-.LVL19
 1745 0152 01       		.uleb128 0x1
 1746 0153 52       		.byte	0x52
 1747 0154 04       		.byte	0x4
 1748 0155 0E       		.uleb128 .LVL20-.LVL19
 1749 0156 0E       		.uleb128 .LVL20-.LVL19
 1750 0157 02       		.uleb128 0x2
 1751 0158 73       		.byte	0x73
 1752 0159 7E       		.sleb128 -2
 1753 015a 04       		.byte	0x4
 1754 015b 0E       		.uleb128 .LVL20-.LVL19
 1755 015c 14       		.uleb128 .LVL22-.LVL19
 1756 015d 01       		.uleb128 0x1
 1757 015e 5C       		.byte	0x5c
 1758 015f 04       		.byte	0x4
 1759 0160 24       		.uleb128 .LVL27-.LVL19
 1760 0161 8401     		.uleb128 .LFE2-.LVL19
 1761 0163 01       		.uleb128 0x1
 1762 0164 5C       		.byte	0x5c
 1763 0165 00       		.byte	0
 1764              	.LVUS10:
 1765 0166 00       		.uleb128 .LVU64
 1766 0167 00       		.uleb128 .LVU69
 1767 0168 00       		.uleb128 .LVU82
ARM GAS  C:\msys64\tmp\cco6gDZC.s 			page 32


 1768 0169 00       		.uleb128 0
 1769              	.LLST10:
 1770 016a 06       		.byte	0x6
 1771 016b 2E000000 		.4byte	.LVL20
 1772 016f 04       		.byte	0x4
 1773 0170 00       		.uleb128 .LVL20-.LVL20
 1774 0171 06       		.uleb128 .LVL22-.LVL20
 1775 0172 01       		.uleb128 0x1
 1776 0173 52       		.byte	0x52
 1777 0174 04       		.byte	0x4
 1778 0175 16       		.uleb128 .LVL27-.LVL20
 1779 0176 76       		.uleb128 .LFE2-.LVL20
 1780 0177 01       		.uleb128 0x1
 1781 0178 52       		.byte	0x52
 1782 0179 00       		.byte	0
 1783              	.LVUS3:
 1784 017a 00       		.uleb128 0
 1785 017b 00       		.uleb128 .LVU33
 1786 017c 00       		.uleb128 .LVU33
 1787 017d 00       		.uleb128 .LVU35
 1788 017e 00       		.uleb128 .LVU35
 1789 017f 00       		.uleb128 .LVU39
 1790 0180 00       		.uleb128 .LVU39
 1791 0181 00       		.uleb128 0
 1792              	.LLST3:
 1793 0182 06       		.byte	0x6
 1794 0183 00000000 		.4byte	.LVL11
 1795 0187 04       		.byte	0x4
 1796 0188 00       		.uleb128 .LVL11-.LVL11
 1797 0189 0E       		.uleb128 .LVL12-.LVL11
 1798 018a 01       		.uleb128 0x1
 1799 018b 50       		.byte	0x50
 1800 018c 04       		.byte	0x4
 1801 018d 0E       		.uleb128 .LVL12-.LVL11
 1802 018e 10       		.uleb128 .LVL13-.LVL11
 1803 018f 0A       		.uleb128 0xa
 1804 0190 A3       		.byte	0xa3
 1805 0191 03       		.uleb128 0x3
 1806 0192 A5       		.byte	0xa5
 1807 0193 00       		.uleb128 0
 1808 0194 26       		.uleb128 0x26
 1809 0195 A8       		.byte	0xa8
 1810 0196 34       		.uleb128 0x34
 1811 0197 A8       		.byte	0xa8
 1812 0198 00       		.uleb128 0
 1813 0199 9F       		.byte	0x9f
 1814 019a 04       		.byte	0x4
 1815 019b 10       		.uleb128 .LVL13-.LVL11
 1816 019c 18       		.uleb128 .LVL14-.LVL11
 1817 019d 01       		.uleb128 0x1
 1818 019e 50       		.byte	0x50
 1819 019f 04       		.byte	0x4
 1820 01a0 18       		.uleb128 .LVL14-.LVL11
 1821 01a1 28       		.uleb128 .LFE1-.LVL11
 1822 01a2 0A       		.uleb128 0xa
 1823 01a3 A3       		.byte	0xa3
 1824 01a4 03       		.uleb128 0x3
ARM GAS  C:\msys64\tmp\cco6gDZC.s 			page 33


 1825 01a5 A5       		.byte	0xa5
 1826 01a6 00       		.uleb128 0
 1827 01a7 26       		.uleb128 0x26
 1828 01a8 A8       		.byte	0xa8
 1829 01a9 34       		.uleb128 0x34
 1830 01aa A8       		.byte	0xa8
 1831 01ab 00       		.uleb128 0
 1832 01ac 9F       		.byte	0x9f
 1833 01ad 00       		.byte	0
 1834              	.LVUS4:
 1835 01ae 02       		.uleb128 .LVU27
 1836 01af 00       		.uleb128 .LVU33
 1837 01b0 00       		.uleb128 .LVU33
 1838 01b1 00       		.uleb128 .LVU35
 1839 01b2 00       		.uleb128 .LVU35
 1840 01b3 00       		.uleb128 .LVU42
 1841 01b4 00       		.uleb128 .LVU42
 1842 01b5 00       		.uleb128 0
 1843              	.LLST4:
 1844 01b6 06       		.byte	0x6
 1845 01b7 00000000 		.4byte	.LVL11
 1846 01bb 04       		.byte	0x4
 1847 01bc 00       		.uleb128 .LVL11-.LVL11
 1848 01bd 0E       		.uleb128 .LVL12-.LVL11
 1849 01be 02       		.uleb128 0x2
 1850 01bf 30       		.byte	0x30
 1851 01c0 9F       		.byte	0x9f
 1852 01c1 04       		.byte	0x4
 1853 01c2 0E       		.uleb128 .LVL12-.LVL11
 1854 01c3 10       		.uleb128 .LVL13-.LVL11
 1855 01c4 01       		.uleb128 0x1
 1856 01c5 50       		.byte	0x50
 1857 01c6 04       		.byte	0x4
 1858 01c7 10       		.uleb128 .LVL13-.LVL11
 1859 01c8 20       		.uleb128 .LVL15-.LVL11
 1860 01c9 02       		.uleb128 0x2
 1861 01ca 30       		.byte	0x30
 1862 01cb 9F       		.byte	0x9f
 1863 01cc 04       		.byte	0x4
 1864 01cd 20       		.uleb128 .LVL15-.LVL11
 1865 01ce 28       		.uleb128 .LFE1-.LVL11
 1866 01cf 01       		.uleb128 0x1
 1867 01d0 50       		.byte	0x50
 1868 01d1 00       		.byte	0
 1869              	.LVUS0:
 1870 01d2 00       		.uleb128 0
 1871 01d3 00       		.uleb128 .LVU7
 1872 01d4 00       		.uleb128 .LVU7
 1873 01d5 00       		.uleb128 .LVU8
 1874 01d6 00       		.uleb128 .LVU8
 1875 01d7 00       		.uleb128 .LVU12
 1876 01d8 00       		.uleb128 .LVU12
 1877 01d9 00       		.uleb128 .LVU14
 1878 01da 00       		.uleb128 .LVU14
 1879 01db 00       		.uleb128 .LVU24
 1880 01dc 00       		.uleb128 .LVU24
 1881 01dd 00       		.uleb128 0
ARM GAS  C:\msys64\tmp\cco6gDZC.s 			page 34


 1882              	.LLST0:
 1883 01de 06       		.byte	0x6
 1884 01df 00000000 		.4byte	.LVL0
 1885 01e3 04       		.byte	0x4
 1886 01e4 00       		.uleb128 .LVL0-.LVL0
 1887 01e5 06       		.uleb128 .LVL1-.LVL0
 1888 01e6 01       		.uleb128 0x1
 1889 01e7 50       		.byte	0x50
 1890 01e8 04       		.byte	0x4
 1891 01e9 06       		.uleb128 .LVL1-.LVL0
 1892 01ea 08       		.uleb128 .LVL2-.LVL0
 1893 01eb 0A       		.uleb128 0xa
 1894 01ec A3       		.byte	0xa3
 1895 01ed 03       		.uleb128 0x3
 1896 01ee A5       		.byte	0xa5
 1897 01ef 00       		.uleb128 0
 1898 01f0 26       		.uleb128 0x26
 1899 01f1 A8       		.byte	0xa8
 1900 01f2 2D       		.uleb128 0x2d
 1901 01f3 A8       		.byte	0xa8
 1902 01f4 00       		.uleb128 0
 1903 01f5 9F       		.byte	0x9f
 1904 01f6 04       		.byte	0x4
 1905 01f7 08       		.uleb128 .LVL2-.LVL0
 1906 01f8 18       		.uleb128 .LVL4-.LVL0
 1907 01f9 01       		.uleb128 0x1
 1908 01fa 50       		.byte	0x50
 1909 01fb 04       		.byte	0x4
 1910 01fc 18       		.uleb128 .LVL4-.LVL0
 1911 01fd 1A       		.uleb128 .LVL5-.LVL0
 1912 01fe 0A       		.uleb128 0xa
 1913 01ff A3       		.byte	0xa3
 1914 0200 03       		.uleb128 0x3
 1915 0201 A5       		.byte	0xa5
 1916 0202 00       		.uleb128 0
 1917 0203 26       		.uleb128 0x26
 1918 0204 A8       		.byte	0xa8
 1919 0205 2D       		.uleb128 0x2d
 1920 0206 A8       		.byte	0xa8
 1921 0207 00       		.uleb128 0
 1922 0208 9F       		.byte	0x9f
 1923 0209 04       		.byte	0x4
 1924 020a 1A       		.uleb128 .LVL5-.LVL0
 1925 020b 32       		.uleb128 .LVL10-.LVL0
 1926 020c 01       		.uleb128 0x1
 1927 020d 50       		.byte	0x50
 1928 020e 04       		.byte	0x4
 1929 020f 32       		.uleb128 .LVL10-.LVL0
 1930 0210 38       		.uleb128 .LFE0-.LVL0
 1931 0211 0A       		.uleb128 0xa
 1932 0212 A3       		.byte	0xa3
 1933 0213 03       		.uleb128 0x3
 1934 0214 A5       		.byte	0xa5
 1935 0215 00       		.uleb128 0
 1936 0216 26       		.uleb128 0x26
 1937 0217 A8       		.byte	0xa8
 1938 0218 2D       		.uleb128 0x2d
ARM GAS  C:\msys64\tmp\cco6gDZC.s 			page 35


 1939 0219 A8       		.byte	0xa8
 1940 021a 00       		.uleb128 0
 1941 021b 9F       		.byte	0x9f
 1942 021c 00       		.byte	0
 1943              	.LVUS1:
 1944 021d 00       		.uleb128 0
 1945 021e 00       		.uleb128 .LVU11
 1946 021f 00       		.uleb128 .LVU11
 1947 0220 00       		.uleb128 .LVU14
 1948 0221 00       		.uleb128 .LVU14
 1949 0222 00       		.uleb128 .LVU16
 1950 0223 00       		.uleb128 .LVU16
 1951 0224 00       		.uleb128 0
 1952              	.LLST1:
 1953 0225 06       		.byte	0x6
 1954 0226 00000000 		.4byte	.LVL0
 1955 022a 04       		.byte	0x4
 1956 022b 00       		.uleb128 .LVL0-.LVL0
 1957 022c 16       		.uleb128 .LVL3-.LVL0
 1958 022d 01       		.uleb128 0x1
 1959 022e 51       		.byte	0x51
 1960 022f 04       		.byte	0x4
 1961 0230 16       		.uleb128 .LVL3-.LVL0
 1962 0231 1A       		.uleb128 .LVL5-.LVL0
 1963 0232 0A       		.uleb128 0xa
 1964 0233 A3       		.byte	0xa3
 1965 0234 03       		.uleb128 0x3
 1966 0235 A5       		.byte	0xa5
 1967 0236 01       		.uleb128 0x1
 1968 0237 26       		.uleb128 0x26
 1969 0238 A8       		.byte	0xa8
 1970 0239 34       		.uleb128 0x34
 1971 023a A8       		.byte	0xa8
 1972 023b 00       		.uleb128 0
 1973 023c 9F       		.byte	0x9f
 1974 023d 04       		.byte	0x4
 1975 023e 1A       		.uleb128 .LVL5-.LVL0
 1976 023f 20       		.uleb128 .LVL6-.LVL0
 1977 0240 01       		.uleb128 0x1
 1978 0241 51       		.byte	0x51
 1979 0242 04       		.byte	0x4
 1980 0243 20       		.uleb128 .LVL6-.LVL0
 1981 0244 38       		.uleb128 .LFE0-.LVL0
 1982 0245 0A       		.uleb128 0xa
 1983 0246 A3       		.byte	0xa3
 1984 0247 03       		.uleb128 0x3
 1985 0248 A5       		.byte	0xa5
 1986 0249 01       		.uleb128 0x1
 1987 024a 26       		.uleb128 0x26
 1988 024b A8       		.byte	0xa8
 1989 024c 34       		.uleb128 0x34
 1990 024d A8       		.byte	0xa8
 1991 024e 00       		.uleb128 0
 1992 024f 9F       		.byte	0x9f
 1993 0250 00       		.byte	0
 1994              	.LVUS2:
 1995 0251 02       		.uleb128 .LVU2
ARM GAS  C:\msys64\tmp\cco6gDZC.s 			page 36


 1996 0252 00       		.uleb128 .LVU7
 1997 0253 00       		.uleb128 .LVU7
 1998 0254 00       		.uleb128 .LVU8
 1999 0255 00       		.uleb128 .LVU8
 2000 0256 00       		.uleb128 .LVU11
 2001 0257 00       		.uleb128 .LVU12
 2002 0258 00       		.uleb128 .LVU14
 2003 0259 00       		.uleb128 .LVU14
 2004 025a 00       		.uleb128 .LVU16
 2005 025b 00       		.uleb128 .LVU16
 2006 025c 00       		.uleb128 .LVU17
 2007 025d 01       		.uleb128 .LVU19
 2008 025e 02       		.uleb128 .LVU20
 2009 025f 02       		.uleb128 .LVU20
 2010 0260 00       		.uleb128 .LVU23
 2011 0261 00       		.uleb128 .LVU23
 2012 0262 00       		.uleb128 0
 2013              	.LLST2:
 2014 0263 06       		.byte	0x6
 2015 0264 00000000 		.4byte	.LVL0
 2016 0268 04       		.byte	0x4
 2017 0269 00       		.uleb128 .LVL0-.LVL0
 2018 026a 06       		.uleb128 .LVL1-.LVL0
 2019 026b 02       		.uleb128 0x2
 2020 026c 30       		.byte	0x30
 2021 026d 9F       		.byte	0x9f
 2022 026e 04       		.byte	0x4
 2023 026f 06       		.uleb128 .LVL1-.LVL0
 2024 0270 08       		.uleb128 .LVL2-.LVL0
 2025 0271 01       		.uleb128 0x1
 2026 0272 50       		.byte	0x50
 2027 0273 04       		.byte	0x4
 2028 0274 08       		.uleb128 .LVL2-.LVL0
 2029 0275 16       		.uleb128 .LVL3-.LVL0
 2030 0276 02       		.uleb128 0x2
 2031 0277 30       		.byte	0x30
 2032 0278 9F       		.byte	0x9f
 2033 0279 04       		.byte	0x4
 2034 027a 18       		.uleb128 .LVL4-.LVL0
 2035 027b 1A       		.uleb128 .LVL5-.LVL0
 2036 027c 01       		.uleb128 0x1
 2037 027d 50       		.byte	0x50
 2038 027e 04       		.byte	0x4
 2039 027f 1A       		.uleb128 .LVL5-.LVL0
 2040 0280 20       		.uleb128 .LVL6-.LVL0
 2041 0281 02       		.uleb128 0x2
 2042 0282 30       		.byte	0x30
 2043 0283 9F       		.byte	0x9f
 2044 0284 04       		.byte	0x4
 2045 0285 20       		.uleb128 .LVL6-.LVL0
 2046 0286 22       		.uleb128 .LVL7-.LVL0
 2047 0287 01       		.uleb128 0x1
 2048 0288 53       		.byte	0x53
 2049 0289 04       		.byte	0x4
 2050 028a 26       		.uleb128 .LVL8-.LVL0
 2051 028b 26       		.uleb128 .LVL8-.LVL0
 2052 028c 03       		.uleb128 0x3
ARM GAS  C:\msys64\tmp\cco6gDZC.s 			page 37


 2053 028d 73       		.byte	0x73
 2054 028e 01       		.sleb128 1
 2055 028f 9F       		.byte	0x9f
 2056 0290 04       		.byte	0x4
 2057 0291 26       		.uleb128 .LVL8-.LVL0
 2058 0292 30       		.uleb128 .LVL9-.LVL0
 2059 0293 01       		.uleb128 0x1
 2060 0294 53       		.byte	0x53
 2061 0295 04       		.byte	0x4
 2062 0296 30       		.uleb128 .LVL9-.LVL0
 2063 0297 38       		.uleb128 .LFE0-.LVL0
 2064 0298 04       		.uleb128 0x4
 2065 0299 73       		.byte	0x73
 2066 029a 807F     		.sleb128 -128
 2067 029c 9F       		.byte	0x9f
 2068 029d 00       		.byte	0
 2069              	.Ldebug_loc3:
 2070              		.section	.debug_aranges,"",%progbits
 2071 0000 2C000000 		.4byte	0x2c
 2072 0004 0200     		.2byte	0x2
 2073 0006 00000000 		.4byte	.Ldebug_info0
 2074 000a 04       		.byte	0x4
 2075 000b 00       		.byte	0
 2076 000c 0000     		.2byte	0
 2077 000e 0000     		.2byte	0
 2078 0010 00000000 		.4byte	.LFB0
 2079 0014 38000000 		.4byte	.LFE0-.LFB0
 2080 0018 00000000 		.4byte	.LFB1
 2081 001c 28000000 		.4byte	.LFE1-.LFB1
 2082 0020 00000000 		.4byte	.LFB2
 2083 0024 A4000000 		.4byte	.LFE2-.LFB2
 2084 0028 00000000 		.4byte	0
 2085 002c 00000000 		.4byte	0
 2086              		.section	.debug_rnglists,"",%progbits
 2087              	.Ldebug_ranges0:
 2088 0000 1C000000 		.4byte	.Ldebug_ranges3-.Ldebug_ranges2
 2089              	.Ldebug_ranges2:
 2090 0004 0500     		.2byte	0x5
 2091 0006 04       		.byte	0x4
 2092 0007 00       		.byte	0
 2093 0008 00000000 		.4byte	0
 2094              	.LLRL11:
 2095 000c 07       		.byte	0x7
 2096 000d 00000000 		.4byte	.LFB0
 2097 0011 38       		.uleb128 .LFE0-.LFB0
 2098 0012 07       		.byte	0x7
 2099 0013 00000000 		.4byte	.LFB1
 2100 0017 28       		.uleb128 .LFE1-.LFB1
 2101 0018 07       		.byte	0x7
 2102 0019 00000000 		.4byte	.LFB2
 2103 001d A401     		.uleb128 .LFE2-.LFB2
 2104 001f 00       		.byte	0
 2105              	.Ldebug_ranges3:
 2106              		.section	.debug_line,"",%progbits
 2107              	.Ldebug_line0:
 2108 0000 25030000 		.section	.debug_str,"MS",%progbits,1
 2108      03000B01 
ARM GAS  C:\msys64\tmp\cco6gDZC.s 			page 38


 2108      00000201 
 2108      FB0E0D00 
 2108      01010101 
 2109              	.LASF24:
 2110 0000 433A5C55 		.ascii	"C:\\Users\\danie\\SynologyDrive\\ZZ_GITHUB_PROJECTS"
 2110      73657273 
 2110      5C64616E 
 2110      69655C53 
 2110      796E6F6C 
 2111 002f 5F4F4E5F 		.ascii	"_ON_WINDOWS\\NanoVNA-H4-Stand_Alone_Custom_Firmware"
 2111      57494E44 
 2111      4F57535C 
 2111      4E616E6F 
 2111      564E412D 
 2112 0061 00       		.ascii	"\000"
 2113              	.LASF5:
 2114 0062 73686F72 		.ascii	"short int\000"
 2114      7420696E 
 2114      7400
 2115              	.LASF8:
 2116 006c 5F5F7569 		.ascii	"__uint32_t\000"
 2116      6E743332 
 2116      5F7400
 2117              	.LASF7:
 2118 0077 5F5F7569 		.ascii	"__uint16_t\000"
 2118      6E743136 
 2118      5F7400
 2119              	.LASF13:
 2120 0082 574F5244 		.ascii	"WORD\000"
 2120      00
 2121              	.LASF20:
 2122 0087 66665F77 		.ascii	"ff_wtoupper\000"
 2122      746F7570 
 2122      70657200 
 2123              	.LASF15:
 2124 0093 57434841 		.ascii	"WCHAR\000"
 2124      5200
 2125              	.LASF10:
 2126 0099 6C6F6E67 		.ascii	"long long int\000"
 2126      206C6F6E 
 2126      6720696E 
 2126      7400
 2127              	.LASF6:
 2128 00a7 6C6F6E67 		.ascii	"long int\000"
 2128      20696E74 
 2128      00
 2129              	.LASF23:
 2130 00b0 46617446 		.ascii	"FatFs/ffunicode.c\000"
 2130      732F6666 
 2130      756E6963 
 2130      6F64652E 
 2130      6300
 2131              	.LASF17:
 2132 00c2 75633836 		.ascii	"uc866\000"
 2132      3600
 2133              	.LASF22:
 2134 00c8 474E5520 		.ascii	"GNU C11 14.3.1 20250623 -mcpu=cortex-m4 -mfloat-abi"
ARM GAS  C:\msys64\tmp\cco6gDZC.s 			page 39


 2134      43313120 
 2134      31342E33 
 2134      2E312032 
 2134      30323530 
 2135 00fb 3D686172 		.ascii	"=hard -mfpu=fpv4-sp-d16 -mno-thumb-interwork -mthum"
 2135      64202D6D 
 2135      6670753D 
 2135      66707634 
 2135      2D73702D 
 2136 012e 62202D6D 		.ascii	"b -march=armv7e-m+fp -ggdb -O2 -std=c11 -fno-inline"
 2136      61726368 
 2136      3D61726D 
 2136      7637652D 
 2136      6D2B6670 
 2137 0161 2D736D61 		.ascii	"-small-functions -fomit-frame-pointer -falign-funct"
 2137      6C6C2D66 
 2137      756E6374 
 2137      696F6E73 
 2137      202D666F 
 2138 0194 696F6E73 		.ascii	"ions=16 -fstack-usage -ffast-math -ffunction-sectio"
 2138      3D313620 
 2138      2D667374 
 2138      61636B2D 
 2138      75736167 
 2139 01c7 6E73202D 		.ascii	"ns -fdata-sections -fno-common -fsingle-precision-c"
 2139      66646174 
 2139      612D7365 
 2139      6374696F 
 2139      6E73202D 
 2140 01fa 6F6E7374 		.ascii	"onstant\000"
 2140      616E7400 
 2141              	.LASF14:
 2142 0202 44574F52 		.ascii	"DWORD\000"
 2142      4400
 2143              	.LASF4:
 2144 0208 756E7369 		.ascii	"unsigned char\000"
 2144      676E6564 
 2144      20636861 
 2144      7200
 2145              	.LASF3:
 2146 0216 7369676E 		.ascii	"signed char\000"
 2146      65642063 
 2146      68617200 
 2147              	.LASF0:
 2148 0222 6C6F6E67 		.ascii	"long long unsigned int\000"
 2148      206C6F6E 
 2148      6720756E 
 2148      7369676E 
 2148      65642069 
 2149              	.LASF12:
 2150 0239 75696E74 		.ascii	"uint32_t\000"
 2150      33325F74 
 2150      00
 2151              	.LASF1:
 2152 0242 756E7369 		.ascii	"unsigned int\000"
 2152      676E6564 
 2152      20696E74 
ARM GAS  C:\msys64\tmp\cco6gDZC.s 			page 40


 2152      00
 2153              	.LASF11:
 2154 024f 75696E74 		.ascii	"uint16_t\000"
 2154      31365F74 
 2154      00
 2155              	.LASF25:
 2156 0258 66665F75 		.ascii	"ff_uni2oem\000"
 2156      6E69326F 
 2156      656D00
 2157              	.LASF2:
 2158 0263 73686F72 		.ascii	"short unsigned int\000"
 2158      7420756E 
 2158      7369676E 
 2158      65642069 
 2158      6E7400
 2159              	.LASF16:
 2160 0276 63686172 		.ascii	"char\000"
 2160      00
 2161              	.LASF9:
 2162 027b 6C6F6E67 		.ascii	"long unsigned int\000"
 2162      20756E73 
 2162      69676E65 
 2162      6420696E 
 2162      7400
 2163              	.LASF18:
 2164 028d 63767431 		.ascii	"cvt1\000"
 2164      00
 2165              	.LASF19:
 2166 0292 63767432 		.ascii	"cvt2\000"
 2166      00
 2167              	.LASF21:
 2168 0297 66665F6F 		.ascii	"ff_oem2uni\000"
 2168      656D3275 
 2168      6E6900
 2169              		.ident	"GCC: (Arm GNU Toolchain 14.3.Rel1 (Build arm-14.174)) 14.3.1 20250623"
ARM GAS  C:\msys64\tmp\cco6gDZC.s 			page 41


DEFINED SYMBOLS
                            *ABS*:00000000 ffunicode.c
C:\msys64\tmp\cco6gDZC.s:19     .text.ff_uni2oem:00000000 $t
C:\msys64\tmp\cco6gDZC.s:26     .text.ff_uni2oem:00000000 ff_uni2oem
C:\msys64\tmp\cco6gDZC.s:99     .text.ff_uni2oem:00000034 $d
C:\msys64\tmp\cco6gDZC.s:757    .rodata.uc866:00000000 uc866
C:\msys64\tmp\cco6gDZC.s:104    .text.ff_oem2uni:00000000 $t
C:\msys64\tmp\cco6gDZC.s:111    .text.ff_oem2uni:00000000 ff_oem2uni
C:\msys64\tmp\cco6gDZC.s:160    .text.ff_oem2uni:00000024 $d
C:\msys64\tmp\cco6gDZC.s:165    .text.ff_wtoupper:00000000 $t
C:\msys64\tmp\cco6gDZC.s:172    .text.ff_wtoupper:00000000 ff_wtoupper
C:\msys64\tmp\cco6gDZC.s:278    .text.ff_wtoupper:0000004c $d
C:\msys64\tmp\cco6gDZC.s:395    .text.ff_wtoupper:0000009c $d
C:\msys64\tmp\cco6gDZC.s:503    .rodata.cvt1.1:00000000 cvt1.1
C:\msys64\tmp\cco6gDZC.s:404    .rodata.cvt2.0:00000000 cvt2.0
C:\msys64\tmp\cco6gDZC.s:401    .rodata.cvt2.0:00000000 $d
C:\msys64\tmp\cco6gDZC.s:500    .rodata.cvt1.1:00000000 $d
C:\msys64\tmp\cco6gDZC.s:754    .rodata.uc866:00000000 $d
C:\msys64\tmp\cco6gDZC.s:288    .text.ff_wtoupper:00000055 $d
C:\msys64\tmp\cco6gDZC.s:288    .text.ff_wtoupper:00000056 $t

NO UNDEFINED SYMBOLS
