ARM GAS  C:\msys64\tmp\ccXDlwlc.s 			page 1


   1              		.cpu cortex-m4
   2              		.arch armv7e-m
   3              		.fpu fpv4-sp-d16
   4              		.eabi_attribute 27, 1
   5              		.eabi_attribute 28, 1
   6              		.eabi_attribute 23, 1
   7              		.eabi_attribute 24, 1
   8              		.eabi_attribute 25, 1
   9              		.eabi_attribute 26, 1
  10              		.eabi_attribute 30, 2
  11              		.eabi_attribute 34, 1
  12              		.eabi_attribute 18, 4
  13              		.file	"Font6x10.c"
  14              		.text
  15              	.Ltext0:
  16              		.cfi_sections	.debug_frame
  17              		.file 1 "fonts/Font6x10.c"
  18              		.global	x6x10_bits
  19              		.section	.rodata.x6x10_bits,"a"
  20              		.align	2
  21              		.type	x6x10_bits, %object
  22              		.size	x6x10_bits, 1050
  23              	x6x10_bits:
  24 0000 00060606 		.ascii	"\000\006\006\006&f\376\376` \002\000  PP\210\210\370"
  24      2666FEFE 
  24      60200200 
  24      20205050 
  24      8888F8
  25 0013 0083C0E0 		.ascii	"\000\203\300\340\360\370\360\340\300\200\000\000n\333"
  25      F0F8F0E0 
  25      C0800000 
  25      6EDB
  26 0021 919989DB 		.ascii	"\221\231\211\333v\000\000\000\0200`\376\376`0\020\000"
  26      76000000 
  26      103060FE 
  26      FE603010 
  26      00
  27 0032 0110180C 		.ascii	"\001\020\030\014~~\014\030\020\000\001\000\000|(((\250"
  27      7E7E0C18 
  27      10000100 
  27      007C2828 
  27      28A8
  28 0044 C8000100 		.ascii	"\310\000\001\000\000\204\204\204\214\324\244\200r\210"
  28      00848484 
  28      8CD4A480 
  28      7288
  29 0052 88888888 		.ascii	"\210\210\210\210PP\330\000c\220\220`\000\000\000\000"
  29      5050D800 
  29      63909060 
  29      00000000 
  30 0062 00000400 		.ascii	"\000\000\004\000\000\000\000\000\000\000\000\000D@@"
  30      00000000 
  30      00000000 
  30      444040
  31 0071 40404040 		.ascii	"@@@@\000@\000\223\220\220\000\000\000\000\000\000\000"
  31      00400093 
  31      90900000 
ARM GAS  C:\msys64\tmp\ccXDlwlc.s 			page 2


  31      00000000 
  31      00
  32 0082 025050F8 		.ascii	"\002PP\370PP\370PP\000!x\240\240p((\360 \000a\220\224"
  32      5050F850 
  32      50002178 
  32      A0A07028 
  32      28F02000 
  33 0099 68102058 		.ascii	"h\020 X\244$\030\0000HP\"T\210\224b\000d`\300\000\000"
  33      A4241800 
  33      30485022 
  33      54889462 
  33      006460C0 
  34 00af 00000000 		.ascii	"\000\000\000\000\000$@@\200\200\200@@ \000\204@@   "
  34      00244040 
  34      80808040 
  34      40200084 
  34      40402020 
  35 00c4 40408000 		.ascii	"@@\200\000\001\000 \250p\250 \000\000\000\001\000  "
  35      010020A8 
  35      70A82000 
  35      00000100 
  35      2020
  36 00d6 F8202000 		.ascii	"\370  \000\000\000\003\000\000\000\000\000\000` @\002"
  36      00000300 
  36      00000000 
  36      00602040 
  36      02
  37 00e7 000000F8 		.ascii	"\000\000\000\370\000\000\000\000\000\003\000\000\000"
  37      00000000 
  37      00030000 
  37      00
  38 00f4 00000060 		.ascii	"\000\000\000``\000\012\010\020\020 @@\200\200\000r\210"
  38      60000A08 
  38      10102040 
  38      40808000 
  38      7288
  39 0106 8898A8C8 		.ascii	"\210\230\250\310\210\210p\000\0220P\020\020\020\020"
  39      88887000 
  39      12305010 
  39      101010
  40 0115 10380072 		.ascii	"\0208\000r\210\210\010\020 @\200\370\000r\210\210\010"
  40      88880810 
  40      204080F8 
  40      00728888 
  40      08
  41 0126 30088888 		.ascii	"0\010\210\210p\000\0220P\220\220\220\370\020\020\000"
  41      70001230 
  41      50909090 
  41      F8101000 
  42 0136 FA8080F0 		.ascii	"\372\200\200\360\210\010\010\210p\000r\210\200\360\210"
  42      88080888 
  42      70007288 
  42      80F088
  43 0145 88888870 		.ascii	"\210\210\210p\000\372\010\010\020\020    \000r\210\210"
  43      00FA0808 
  43      10102020 
  43      20200072 
ARM GAS  C:\msys64\tmp\ccXDlwlc.s 			page 3


  43      8888
  44 0157 88708888 		.ascii	"\210p\210\210\210p\000r\210\210\210\210x\010\210p\000"
  44      88700072 
  44      88888888 
  44      78088870 
  44      00
  45 0168 0400C0C0 		.ascii	"\004\000\300\300\000\000\300\300\000\000\004\000\300"
  45      0000C0C0 
  45      00000400 
  45      C0
  46 0175 C00000C0 		.ascii	"\300\000\000\300@\200\000\003\020 @\200@ \020\000\000"
  46      40800003 
  46      10204080 
  46      40201000 
  46      00
  47 0186 020000F8 		.ascii	"\002\000\000\370\000\000\370\000\000\000\003\200@ \020"
  47      0000F800 
  47      00000380 
  47      402010
  48 0195 20408000 		.ascii	" @\200\000\000r\210\210\010\020  \000 \000r\210\210"
  48      00728888 
  48      08102020 
  48      00200072 
  48      8888
  49 01a7 98A89080 		.ascii	"\230\250\220\200\210p\000z\210\210\210\370\210\210\210"
  49      8870007A 
  49      888888F8 
  49      888888
  50 01b6 8800F288 		.ascii	"\210\000\362\210\210\210\360\210\210\210\360\000r\210"
  50      8888F088 
  50      8888F000 
  50      7288
  51 01c4 88808080 		.ascii	"\210\200\200\200\210\210p\000\362\210\210\210\210\210"
  51      88887000 
  51      F2888888 
  51      8888
  52 01d2 8888F000 		.ascii	"\210\210\360\000\372\200\200\200\360\200\200\200\370"
  52      FA808080 
  52      F0808080 
  52      F8
  53 01df 00FA8080 		.ascii	"\000\372\200\200\200\360\200\200\200\200\000r\210\210"
  53      80F08080 
  53      80800072 
  53      8888
  54 01ed 80809888 		.ascii	"\200\200\230\210\230h\000\212\210\210\210\370\210\210"
  54      9868008A 
  54      888888F8 
  54      8888
  55 01fb 888800E4 		.ascii	"\210\210\000\344@@@@@@@\340\000\012\010\010\010\010"
  55      40404040 
  55      404040E0 
  55      000A0808 
  55      0808
  56 020d 08088870 		.ascii	"\010\010\210p\000\212\210\210\220\340\220\210\210\210"
  56      008A8888 
  56      90E09088 
  56      8888
ARM GAS  C:\msys64\tmp\ccXDlwlc.s 			page 4


  57 021b 00828080 		.ascii	"\000\202\200\200\200\200\200\200\200\370\000\212\210"
  57      80808080 
  57      80F8008A 
  57      88
  58 0228 D8D8A8A8 		.ascii	"\330\330\250\250\250\210\210\000\212\310\310\250\250"
  58      A8888800 
  58      8AC8C8A8 
  58      A8
  59 0235 98988888 		.ascii	"\230\230\210\210\000r\210\210\210\210\210\210\210p\000"
  59      00728888 
  59      88888888 
  59      887000
  60 0244 F2888888 		.ascii	"\362\210\210\210\360\200\200\200\200\000r\210\210\210"
  60      F0808080 
  60      80007288 
  60      8888
  61 0252 8888A890 		.ascii	"\210\210\250\220h\000\362\210\210\210\360\210\210\210"
  61      6800F288 
  61      8888F088 
  61      8888
  62 0260 88007288 		.ascii	"\210\000r\210\210@ \020\210\210p\000\372\250       "
  62      88402010 
  62      88887000 
  62      FAA82020 
  62      20202020 
  63 0275 008A8888 		.ascii	"\000\212\210\210\210\210\210\210\210p\000\212\210\210"
  63      88888888 
  63      8870008A 
  63      8888
  64 0283 50505020 		.ascii	"PPP   \000\212\210\210\250\250\250\250\250P\000\212"
  64      2020008A 
  64      8888A8A8 
  64      A8A8A850 
  64      008A
  65 0295 88885020 		.ascii	"\210\210P P\210\210\210\000\212\210\210\210p    \000"
  65      50888888 
  65      008A8888 
  65      88702020 
  65      202000
  66 02a8 FA080810 		.ascii	"\372\010\010\020 @\200\200\370\000\344\200\200\200\200"
  66      20408080 
  66      F800E480 
  66      808080
  67 02b7 808080E0 		.ascii	"\200\200\200\340\000\202\200@@ \020\020\010\010\000"
  67      00828040 
  67      40201010 
  67      080800
  68 02c6 E4202020 		.ascii	"\344       \340\000\"P\210\000\000\000\000\000\000\000"
  68      20202020 
  68      E0002250 
  68      88000000 
  68      00000000 
  69 02da 01000000 		.ascii	"\001\000\000\000\000\000\000\000\374\374\303`0\000\000"
  69      00000000 
  69      FCFCC360 
  69      300000
  70 02e9 00000000 		.ascii	"\000\000\000\000\000\002\000\000p\010x\210\210x\000"
ARM GAS  C:\msys64\tmp\ccXDlwlc.s 			page 5


  70      00020000 
  70      70087888 
  70      887800
  71 02f8 828080B0 		.ascii	"\202\200\200\260\310\210\210\310\260\000\002\000\000"
  71      C88888C8 
  71      B0000200 
  71      00
  72 0305 70888080 		.ascii	"p\210\200\200\210p\000\012\010\010h\230\210\210\230"
  72      8870000A 
  72      08086898 
  72      888898
  73 0314 68000200 		.ascii	"h\000\002\000\000p\210\370\200\210p\0002H@@\340@@@@"
  73      007088F8 
  73      80887000 
  73      32484040 
  73      E0404040 
  74 0329 00020000 		.ascii	"\000\002\000\000h\230\210\210x\010p\202\200\200\260"
  74      68988888 
  74      78087082 
  74      8080B0
  75 0338 C8888888 		.ascii	"\310\210\210\210\210\000\004@\000\300@@@@\340\000\002"
  75      88000440 
  75      00C04040 
  75      4040E000 
  75      02
  76 0349 08000808 		.ascii	"\010\000\010\010\010\010\010\210p\202\200\200\210\220"
  76      08080888 
  76      70828080 
  76      8890
  77 0357 A0E09088 		.ascii	"\240\340\220\210\000b       \370\000\002\000\000\320"
  77      00622020 
  77      20202020 
  77      20F80002 
  77      0000D0
  78 036a A8A8A8A8 		.ascii	"\250\250\250\250\250\000\002\000\000\260\310\210\210"
  78      A8000200 
  78      00B0C888 
  78      88
  79 0377 88880002 		.ascii	"\210\210\000\002\000\000p\210\210\210\210p\000\002\000"
  79      00007088 
  79      88888870 
  79      000200
  80 0386 00B0C888 		.ascii	"\000\260\310\210\210\360\200\200\002\000\000h\230\210"
  80      88F08080 
  80      02000068 
  80      9888
  81 0394 88780808 		.ascii	"\210x\010\010\002\000\000\260\310\200\200\200\200\000"
  81      020000B0 
  81      C8808080 
  81      8000
  82 03a2 02000070 		.ascii	"\002\000\000p\210`0\210p\000\003@@\340@@@@0\000\002"
  82      88603088 
  82      70000340 
  82      40E04040 
  82      40403000 
  83 03b7 00008888 		.ascii	"\000\000\210\210\210\210\230h\000\002\000\000\210\210"
  83      88889868 
ARM GAS  C:\msys64\tmp\ccXDlwlc.s 			page 6


  83      00020000 
  83      8888
  84 03c5 50502020 		.ascii	"PP  \000\002\000\000\210\210\250\250\250P\000\002\000"
  84      00020000 
  84      8888A8A8 
  84      A8500002 
  84      00
  85 03d6 00885020 		.ascii	"\000\210P  P\210\000\002\000\000\210\210\210x\010\210"
  85      20508800 
  85      02000088 
  85      88887808 
  85      88
  86 03e7 70020000 		.ascii	"p\002\000\000\370\0100`\200\370\0003@@@\200@@@0\000"
  86      F8083060 
  86      80F80033 
  86      40404080 
  86      40404030 
  87 03fc 44404040 		.ascii	"D@@@@@@@@\000\303   \020   \300\000J\250\220\000\000"
  87      40404040 
  87      4000C320 
  87      20201020 
  87      2020C000 
  88 0415 00000000 		.ascii	"\000\000\000\000\000"
  88      00
  89              		.text
  90              	.Letext0:
  91              		.file 2 "C:/Program Files (x86)/Arm GNU Toolchain arm-none-eabi/14.3 rel1/arm-none-eabi/include/ma
  92              		.file 3 "C:/Program Files (x86)/Arm GNU Toolchain arm-none-eabi/14.3 rel1/arm-none-eabi/include/sy
  93              		.file 4 "fonts/../nanovna.h"
  94              		.section	.debug_info,"",%progbits
  95              	.Ldebug_info0:
  96 0000 2D010000 		.4byte	0x12d
  97 0004 0500     		.2byte	0x5
  98 0006 01       		.byte	0x1
  99 0007 04       		.byte	0x4
 100 0008 00000000 		.4byte	.Ldebug_abbrev0
 101 000c 05       		.uleb128 0x5
 102 000d D7000000 		.4byte	.LASF30
 103 0011 1D       		.byte	0x1d
 104 0012 1E020000 		.4byte	.LASF31
 105 0016 7E020000 		.4byte	.LASF32
 106 001a 00000000 		.4byte	.Ldebug_line0
 107 001e 01       		.uleb128 0x1
 108 001f 01       		.byte	0x1
 109 0020 06       		.byte	0x6
 110 0021 72020000 		.4byte	.LASF0
 111 0025 03       		.uleb128 0x3
 112 0026 00000000 		.4byte	.LASF9
 113 002a 02       		.byte	0x2
 114 002b 2B       		.byte	0x2b
 115 002c 18       		.byte	0x18
 116 002d 31000000 		.4byte	0x31
 117 0031 01       		.uleb128 0x1
 118 0032 01       		.byte	0x1
 119 0033 08       		.byte	0x8
 120 0034 67000000 		.4byte	.LASF1
 121 0038 01       		.uleb128 0x1
ARM GAS  C:\msys64\tmp\ccXDlwlc.s 			page 7


 122 0039 02       		.byte	0x2
 123 003a 05       		.byte	0x5
 124 003b 4B020000 		.4byte	.LASF2
 125 003f 01       		.uleb128 0x1
 126 0040 02       		.byte	0x2
 127 0041 07       		.byte	0x7
 128 0042 8E000000 		.4byte	.LASF3
 129 0046 01       		.uleb128 0x1
 130 0047 04       		.byte	0x4
 131 0048 05       		.byte	0x5
 132 0049 5D020000 		.4byte	.LASF4
 133 004d 01       		.uleb128 0x1
 134 004e 04       		.byte	0x4
 135 004f 07       		.byte	0x7
 136 0050 75000000 		.4byte	.LASF5
 137 0054 01       		.uleb128 0x1
 138 0055 08       		.byte	0x8
 139 0056 05       		.byte	0x5
 140 0057 2F020000 		.4byte	.LASF6
 141 005b 01       		.uleb128 0x1
 142 005c 08       		.byte	0x8
 143 005d 07       		.byte	0x7
 144 005e 45000000 		.4byte	.LASF7
 145 0062 06       		.uleb128 0x6
 146 0063 04       		.byte	0x4
 147 0064 05       		.byte	0x5
 148 0065 696E7400 		.ascii	"int\000"
 149 0069 01       		.uleb128 0x1
 150 006a 04       		.byte	0x4
 151 006b 07       		.byte	0x7
 152 006c CA000000 		.4byte	.LASF8
 153 0070 03       		.uleb128 0x3
 154 0071 16020000 		.4byte	.LASF10
 155 0075 03       		.byte	0x3
 156 0076 18       		.byte	0x18
 157 0077 13       		.byte	0x13
 158 0078 25000000 		.4byte	0x25
 159 007c 04       		.uleb128 0x4
 160 007d 70000000 		.4byte	0x70
 161 0081 01       		.uleb128 0x1
 162 0082 08       		.byte	0x8
 163 0083 04       		.byte	0x4
 164 0084 66020000 		.4byte	.LASF11
 165 0088 01       		.uleb128 0x1
 166 0089 01       		.byte	0x1
 167 008a 08       		.byte	0x8
 168 008b 11020000 		.4byte	.LASF12
 169 008f 01       		.uleb128 0x1
 170 0090 01       		.byte	0x1
 171 0091 02       		.byte	0x2
 172 0092 E0020000 		.4byte	.LASF13
 173 0096 01       		.uleb128 0x1
 174 0097 04       		.byte	0x4
 175 0098 04       		.byte	0x4
 176 0099 17000000 		.4byte	.LASF14
 177 009d 01       		.uleb128 0x1
 178 009e 08       		.byte	0x8
ARM GAS  C:\msys64\tmp\ccXDlwlc.s 			page 8


 179 009f 04       		.byte	0x4
 180 00a0 B5000000 		.4byte	.LASF15
 181 00a4 07       		.uleb128 0x7
 182 00a5 07       		.byte	0x7
 183 00a6 01       		.byte	0x1
 184 00a7 31000000 		.4byte	0x31
 185 00ab 04       		.byte	0x4
 186 00ac 7903     		.2byte	0x379
 187 00ae 06       		.byte	0x6
 188 00af 08010000 		.4byte	0x108
 189 00b3 02       		.uleb128 0x2
 190 00b4 AE000000 		.4byte	.LASF16
 191 00b8 00       		.byte	0
 192 00b9 02       		.uleb128 0x2
 193 00ba BC000000 		.4byte	.LASF17
 194 00be 01       		.byte	0x1
 195 00bf 02       		.uleb128 0x2
 196 00c0 55020000 		.4byte	.LASF18
 197 00c4 02       		.byte	0x2
 198 00c5 02       		.uleb128 0x2
 199 00c6 29000000 		.4byte	.LASF19
 200 00ca 03       		.byte	0x3
 201 00cb 02       		.uleb128 0x2
 202 00cc E6020000 		.4byte	.LASF20
 203 00d0 04       		.byte	0x4
 204 00d1 02       		.uleb128 0x2
 205 00d2 2F000000 		.4byte	.LASF21
 206 00d6 05       		.byte	0x5
 207 00d7 02       		.uleb128 0x2
 208 00d8 87000000 		.4byte	.LASF22
 209 00dc 06       		.byte	0x6
 210 00dd 02       		.uleb128 0x2
 211 00de 35000000 		.4byte	.LASF23
 212 00e2 07       		.byte	0x7
 213 00e3 02       		.uleb128 0x2
 214 00e4 3D000000 		.4byte	.LASF24
 215 00e8 08       		.byte	0x8
 216 00e9 02       		.uleb128 0x2
 217 00ea 1D000000 		.4byte	.LASF25
 218 00ee 09       		.byte	0x9
 219 00ef 02       		.uleb128 0x2
 220 00f0 0A000000 		.4byte	.LASF26
 221 00f4 0A       		.byte	0xa
 222 00f5 02       		.uleb128 0x2
 223 00f6 A1000000 		.4byte	.LASF27
 224 00fa 0B       		.byte	0xb
 225 00fb 02       		.uleb128 0x2
 226 00fc 3D020000 		.4byte	.LASF28
 227 0100 0C       		.byte	0xc
 228 0101 02       		.uleb128 0x2
 229 0102 C3000000 		.4byte	.LASF29
 230 0106 0D       		.byte	0xd
 231 0107 00       		.byte	0
 232 0108 08       		.uleb128 0x8
 233 0109 7C000000 		.4byte	0x7c
 234 010d 19010000 		.4byte	0x119
 235 0111 09       		.uleb128 0x9
ARM GAS  C:\msys64\tmp\ccXDlwlc.s 			page 9


 236 0112 69000000 		.4byte	0x69
 237 0116 1904     		.2byte	0x419
 238 0118 00       		.byte	0
 239 0119 04       		.uleb128 0x4
 240 011a 08010000 		.4byte	0x108
 241 011e 0A       		.uleb128 0xa
 242 011f 5C000000 		.4byte	.LASF33
 243 0123 01       		.byte	0x1
 244 0124 36       		.byte	0x36
 245 0125 0F       		.byte	0xf
 246 0126 19010000 		.4byte	0x119
 247 012a 05       		.uleb128 0x5
 248 012b 03       		.byte	0x3
 249 012c 00000000 		.4byte	x6x10_bits
 250 0130 00       		.byte	0
 251              		.section	.debug_abbrev,"",%progbits
 252              	.Ldebug_abbrev0:
 253 0000 01       		.uleb128 0x1
 254 0001 24       		.uleb128 0x24
 255 0002 00       		.byte	0
 256 0003 0B       		.uleb128 0xb
 257 0004 0B       		.uleb128 0xb
 258 0005 3E       		.uleb128 0x3e
 259 0006 0B       		.uleb128 0xb
 260 0007 03       		.uleb128 0x3
 261 0008 0E       		.uleb128 0xe
 262 0009 00       		.byte	0
 263 000a 00       		.byte	0
 264 000b 02       		.uleb128 0x2
 265 000c 28       		.uleb128 0x28
 266 000d 00       		.byte	0
 267 000e 03       		.uleb128 0x3
 268 000f 0E       		.uleb128 0xe
 269 0010 1C       		.uleb128 0x1c
 270 0011 0B       		.uleb128 0xb
 271 0012 00       		.byte	0
 272 0013 00       		.byte	0
 273 0014 03       		.uleb128 0x3
 274 0015 16       		.uleb128 0x16
 275 0016 00       		.byte	0
 276 0017 03       		.uleb128 0x3
 277 0018 0E       		.uleb128 0xe
 278 0019 3A       		.uleb128 0x3a
 279 001a 0B       		.uleb128 0xb
 280 001b 3B       		.uleb128 0x3b
 281 001c 0B       		.uleb128 0xb
 282 001d 39       		.uleb128 0x39
 283 001e 0B       		.uleb128 0xb
 284 001f 49       		.uleb128 0x49
 285 0020 13       		.uleb128 0x13
 286 0021 00       		.byte	0
 287 0022 00       		.byte	0
 288 0023 04       		.uleb128 0x4
 289 0024 26       		.uleb128 0x26
 290 0025 00       		.byte	0
 291 0026 49       		.uleb128 0x49
 292 0027 13       		.uleb128 0x13
ARM GAS  C:\msys64\tmp\ccXDlwlc.s 			page 10


 293 0028 00       		.byte	0
 294 0029 00       		.byte	0
 295 002a 05       		.uleb128 0x5
 296 002b 11       		.uleb128 0x11
 297 002c 01       		.byte	0x1
 298 002d 25       		.uleb128 0x25
 299 002e 0E       		.uleb128 0xe
 300 002f 13       		.uleb128 0x13
 301 0030 0B       		.uleb128 0xb
 302 0031 03       		.uleb128 0x3
 303 0032 0E       		.uleb128 0xe
 304 0033 1B       		.uleb128 0x1b
 305 0034 0E       		.uleb128 0xe
 306 0035 10       		.uleb128 0x10
 307 0036 17       		.uleb128 0x17
 308 0037 00       		.byte	0
 309 0038 00       		.byte	0
 310 0039 06       		.uleb128 0x6
 311 003a 24       		.uleb128 0x24
 312 003b 00       		.byte	0
 313 003c 0B       		.uleb128 0xb
 314 003d 0B       		.uleb128 0xb
 315 003e 3E       		.uleb128 0x3e
 316 003f 0B       		.uleb128 0xb
 317 0040 03       		.uleb128 0x3
 318 0041 08       		.uleb128 0x8
 319 0042 00       		.byte	0
 320 0043 00       		.byte	0
 321 0044 07       		.uleb128 0x7
 322 0045 04       		.uleb128 0x4
 323 0046 01       		.byte	0x1
 324 0047 3E       		.uleb128 0x3e
 325 0048 0B       		.uleb128 0xb
 326 0049 0B       		.uleb128 0xb
 327 004a 0B       		.uleb128 0xb
 328 004b 49       		.uleb128 0x49
 329 004c 13       		.uleb128 0x13
 330 004d 3A       		.uleb128 0x3a
 331 004e 0B       		.uleb128 0xb
 332 004f 3B       		.uleb128 0x3b
 333 0050 05       		.uleb128 0x5
 334 0051 39       		.uleb128 0x39
 335 0052 0B       		.uleb128 0xb
 336 0053 01       		.uleb128 0x1
 337 0054 13       		.uleb128 0x13
 338 0055 00       		.byte	0
 339 0056 00       		.byte	0
 340 0057 08       		.uleb128 0x8
 341 0058 01       		.uleb128 0x1
 342 0059 01       		.byte	0x1
 343 005a 49       		.uleb128 0x49
 344 005b 13       		.uleb128 0x13
 345 005c 01       		.uleb128 0x1
 346 005d 13       		.uleb128 0x13
 347 005e 00       		.byte	0
 348 005f 00       		.byte	0
 349 0060 09       		.uleb128 0x9
ARM GAS  C:\msys64\tmp\ccXDlwlc.s 			page 11


 350 0061 21       		.uleb128 0x21
 351 0062 00       		.byte	0
 352 0063 49       		.uleb128 0x49
 353 0064 13       		.uleb128 0x13
 354 0065 2F       		.uleb128 0x2f
 355 0066 05       		.uleb128 0x5
 356 0067 00       		.byte	0
 357 0068 00       		.byte	0
 358 0069 0A       		.uleb128 0xa
 359 006a 34       		.uleb128 0x34
 360 006b 00       		.byte	0
 361 006c 03       		.uleb128 0x3
 362 006d 0E       		.uleb128 0xe
 363 006e 3A       		.uleb128 0x3a
 364 006f 0B       		.uleb128 0xb
 365 0070 3B       		.uleb128 0x3b
 366 0071 0B       		.uleb128 0xb
 367 0072 39       		.uleb128 0x39
 368 0073 0B       		.uleb128 0xb
 369 0074 49       		.uleb128 0x49
 370 0075 13       		.uleb128 0x13
 371 0076 3F       		.uleb128 0x3f
 372 0077 19       		.uleb128 0x19
 373 0078 02       		.uleb128 0x2
 374 0079 18       		.uleb128 0x18
 375 007a 00       		.byte	0
 376 007b 00       		.byte	0
 377 007c 00       		.byte	0
 378              		.section	.debug_aranges,"",%progbits
 379 0000 14000000 		.4byte	0x14
 380 0004 0200     		.2byte	0x2
 381 0006 00000000 		.4byte	.Ldebug_info0
 382 000a 04       		.byte	0x4
 383 000b 00       		.byte	0
 384 000c 0000     		.2byte	0
 385 000e 0000     		.2byte	0
 386 0010 00000000 		.4byte	0
 387 0014 00000000 		.4byte	0
 388              		.section	.debug_line,"",%progbits
 389              	.Ldebug_line0:
 390 0000 1E010000 		.section	.debug_str,"MS",%progbits,1
 390      03001801 
 390      00000201 
 390      FB0E0D00 
 390      01010101 
 391              	.LASF9:
 392 0000 5F5F7569 		.ascii	"__uint8_t\000"
 392      6E74385F 
 392      7400
 393              	.LASF26:
 394 000a 4D535F53 		.ascii	"MS_SHUNT_RLC\000"
 394      48554E54 
 394      5F524C43 
 394      00
 395              	.LASF14:
 396 0017 666C6F61 		.ascii	"float\000"
 396      7400
ARM GAS  C:\msys64\tmp\ccXDlwlc.s 			page 12


 397              	.LASF25:
 398 001d 4D535F53 		.ascii	"MS_SHUNT_RX\000"
 398      48554E54 
 398      5F525800 
 399              	.LASF19:
 400 0029 4D535F52 		.ascii	"MS_RX\000"
 400      5800
 401              	.LASF21:
 402 002f 4D535F47 		.ascii	"MS_GB\000"
 402      4200
 403              	.LASF23:
 404 0035 4D535F52 		.ascii	"MS_RpXp\000"
 404      70587000 
 405              	.LASF24:
 406 003d 4D535F52 		.ascii	"MS_RpLC\000"
 406      704C4300 
 407              	.LASF7:
 408 0045 6C6F6E67 		.ascii	"long long unsigned int\000"
 408      206C6F6E 
 408      6720756E 
 408      7369676E 
 408      65642069 
 409              	.LASF33:
 410 005c 78367831 		.ascii	"x6x10_bits\000"
 410      305F6269 
 410      747300
 411              	.LASF1:
 412 0067 756E7369 		.ascii	"unsigned char\000"
 412      676E6564 
 412      20636861 
 412      7200
 413              	.LASF5:
 414 0075 6C6F6E67 		.ascii	"long unsigned int\000"
 414      20756E73 
 414      69676E65 
 414      6420696E 
 414      7400
 415              	.LASF22:
 416 0087 4D535F47 		.ascii	"MS_GLC\000"
 416      4C4300
 417              	.LASF3:
 418 008e 73686F72 		.ascii	"short unsigned int\000"
 418      7420756E 
 418      7369676E 
 418      65642069 
 418      6E7400
 419              	.LASF27:
 420 00a1 4D535F53 		.ascii	"MS_SERIES_RX\000"
 420      45524945 
 420      535F5258 
 420      00
 421              	.LASF16:
 422 00ae 4D535F4C 		.ascii	"MS_LIN\000"
 422      494E00
 423              	.LASF15:
 424 00b5 646F7562 		.ascii	"double\000"
 424      6C6500
ARM GAS  C:\msys64\tmp\ccXDlwlc.s 			page 13


 425              	.LASF17:
 426 00bc 4D535F4C 		.ascii	"MS_LOG\000"
 426      4F4700
 427              	.LASF29:
 428 00c3 4D535F45 		.ascii	"MS_END\000"
 428      4E4400
 429              	.LASF8:
 430 00ca 756E7369 		.ascii	"unsigned int\000"
 430      676E6564 
 430      20696E74 
 430      00
 431              	.LASF30:
 432 00d7 474E5520 		.ascii	"GNU C11 14.3.1 20250623 -mcpu=cortex-m4 -mfloat-abi"
 432      43313120 
 432      31342E33 
 432      2E312032 
 432      30323530 
 433 010a 3D686172 		.ascii	"=hard -mfpu=fpv4-sp-d16 -mno-thumb-interwork -mthum"
 433      64202D6D 
 433      6670753D 
 433      66707634 
 433      2D73702D 
 434 013d 62202D6D 		.ascii	"b -march=armv7e-m+fp -ggdb -O2 -std=c11 -fno-inline"
 434      61726368 
 434      3D61726D 
 434      7637652D 
 434      6D2B6670 
 435 0170 2D736D61 		.ascii	"-small-functions -fomit-frame-pointer -falign-funct"
 435      6C6C2D66 
 435      756E6374 
 435      696F6E73 
 435      202D666F 
 436 01a3 696F6E73 		.ascii	"ions=16 -fstack-usage -ffast-math -ffunction-sectio"
 436      3D313620 
 436      2D667374 
 436      61636B2D 
 436      75736167 
 437 01d6 6E73202D 		.ascii	"ns -fdata-sections -fno-common -fsingle-precision-c"
 437      66646174 
 437      612D7365 
 437      6374696F 
 437      6E73202D 
 438 0209 6F6E7374 		.ascii	"onstant\000"
 438      616E7400 
 439              	.LASF12:
 440 0211 63686172 		.ascii	"char\000"
 440      00
 441              	.LASF10:
 442 0216 75696E74 		.ascii	"uint8_t\000"
 442      385F7400 
 443              	.LASF31:
 444 021e 666F6E74 		.ascii	"fonts/Font6x10.c\000"
 444      732F466F 
 444      6E743678 
 444      31302E63 
 444      00
 445              	.LASF6:
ARM GAS  C:\msys64\tmp\ccXDlwlc.s 			page 14


 446 022f 6C6F6E67 		.ascii	"long long int\000"
 446      206C6F6E 
 446      6720696E 
 446      7400
 447              	.LASF28:
 448 023d 4D535F53 		.ascii	"MS_SERIES_RLC\000"
 448      45524945 
 448      535F524C 
 448      4300
 449              	.LASF2:
 450 024b 73686F72 		.ascii	"short int\000"
 450      7420696E 
 450      7400
 451              	.LASF18:
 452 0255 4D535F52 		.ascii	"MS_REIM\000"
 452      45494D00 
 453              	.LASF4:
 454 025d 6C6F6E67 		.ascii	"long int\000"
 454      20696E74 
 454      00
 455              	.LASF11:
 456 0266 6C6F6E67 		.ascii	"long double\000"
 456      20646F75 
 456      626C6500 
 457              	.LASF0:
 458 0272 7369676E 		.ascii	"signed char\000"
 458      65642063 
 458      68617200 
 459              	.LASF32:
 460 027e 433A5C55 		.ascii	"C:\\Users\\danie\\SynologyDrive\\ZZ_GITHUB_PROJECTS"
 460      73657273 
 460      5C64616E 
 460      69655C53 
 460      796E6F6C 
 461 02ad 5F4F4E5F 		.ascii	"_ON_WINDOWS\\NanoVNA-H4-Stand_Alone_Custom_Firmware"
 461      57494E44 
 461      4F57535C 
 461      4E616E6F 
 461      564E412D 
 462 02df 00       		.ascii	"\000"
 463              	.LASF13:
 464 02e0 5F426F6F 		.ascii	"_Bool\000"
 464      6C00
 465              	.LASF20:
 466 02e6 4D535F52 		.ascii	"MS_RLC\000"
 466      4C4300
 467              		.ident	"GCC: (Arm GNU Toolchain 14.3.Rel1 (Build arm-14.174)) 14.3.1 20250623"
ARM GAS  C:\msys64\tmp\ccXDlwlc.s 			page 15


DEFINED SYMBOLS
                            *ABS*:00000000 Font6x10.c
C:\msys64\tmp\ccXDlwlc.s:23     .rodata.x6x10_bits:00000000 x6x10_bits
C:\msys64\tmp\ccXDlwlc.s:20     .rodata.x6x10_bits:00000000 $d

NO UNDEFINED SYMBOLS
