ARM GAS  C:\msys64\tmp\ccwgzjo8.s 			page 1


   1              		.cpu cortex-m4
   2              		.arch armv7e-m
   3              		.fpu fpv4-sp-d16
   4              		.eabi_attribute 27, 1
   5              		.eabi_attribute 28, 1
   6              		.eabi_attribute 23, 1
   7              		.eabi_attribute 24, 1
   8              		.eabi_attribute 25, 1
   9              		.eabi_attribute 26, 1
  10              		.eabi_attribute 30, 2
  11              		.eabi_attribute 34, 1
  12              		.eabi_attribute 18, 4
  13              		.file	"Font11x14.c"
  14              		.text
  15              	.Ltext0:
  16              		.cfi_sections	.debug_frame
  17              		.file 1 "fonts/Font11x14.c"
  18              		.global	x11x14_bits
  19              		.section	.rodata.x11x14_bits,"a"
  20              		.align	2
  21              		.type	x11x14_bits, %object
  22              		.size	x11x14_bits, 2940
  23              	x11x14_bits:
  24 0000 00000070 		.ascii	"\000\000\000p\000p\000p\000p\000p\000p\020p0p\177\360"
  24      00700070 
  24      00700070 
  24      00701070 
  24      30707FF0 
  25 0014 FFF07FF0 		.ascii	"\377\360\177\3600\000\020\000\000\000\006\000\006\000"
  25      30001000 
  25      00000600 
  25      0600
  26 0022 0F000F00 		.ascii	"\017\000\017\000\017\000\033\200\033\2001\3001\300`"
  26      0F001B80 
  26      1B8031C0 
  26      31C060
  27 0031 E060E060 		.ascii	"\340`\340`\340\377\360\000\005\200\000\300\000\340\000"
  27      E0FFF000 
  27      058000C0 
  27      00E000
  28 0040 F000F800 		.ascii	"\360\000\370\000\374\000\376\000\374\000\370\000\360"
  28      FC00FE00 
  28      FC00F800 
  28      F0
  29 004d 00E000C0 		.ascii	"\000\340\000\300\000\200\000\000\000\000\0009\300\177"
  29      00800000 
  29      00000039 
  29      C07F
  30 005b E0EE70CE 		.ascii	"\340\356p\3160\3060\3070\347p\177\3409\300\000\000\000"
  30      30C630C7 
  30      30E7707F 
  30      E039C000 
  30      0000
  31 006d 00000000 		.ascii	"\000\000\000\000\004\000\000\000\000\000\000\020\000"
  31      04000000 
  31      00000010 
  31      00
ARM GAS  C:\msys64\tmp\ccwgzjo8.s 			page 2


  32 007a 30007000 		.ascii	"0\000p\000\377\000\377\000p\0000\000\020\000\000\000"
  32      FF00FF00 
  32      70003000 
  32      10000000 
  33 008a 00000004 		.ascii	"\000\000\000\004\000\000\000\000\000\000\010\000\014"
  33      00000000 
  33      00000800 
  33      0C
  34 0097 000E00FF 		.ascii	"\000\016\000\377\000\377\000\016\000\014\000\010\000"
  34      00FF000E 
  34      000C0008 
  34      00
  35 00a4 00000000 		.ascii	"\000\000\000\000\000\001\000\000\000\000\000\000\177"
  35      00010000 
  35      00000000 
  35      7F
  36 00b1 E0FFE0B1 		.ascii	"\340\377\340\261\2001\2001\2001\2001\2001\200\341\360"
  36      80318031 
  36      80318031 
  36      803180E1 
  36      F0
  37 00c2 E1E00000 		.ascii	"\341\340\000\000\000\000\000\000\000\000q\300q\300q"
  37      00000000 
  37      000071C0 
  37      71C071
  38 00d1 C071C071 		.ascii	"\300q\300q\300s\320~\340`\000\340\000\340\000\017\000"
  38      C073D07E 
  38      E06000E0 
  38      00E0000F 
  38      00
  39 00e2 3FC070E0 		.ascii	"?\300p\340\340p\340p\340p\340p\340p\340pp\3409\300\231"
  39      E070E070 
  39      E070E070 
  39      E070E070 
  39      70E039C0 
  40 00f7 90F9F0F9 		.ascii	"\220\371\360\371\360\034\004>\000c\000c\000c\000>\000"
  40      F01C043E 
  40      00630063 
  40      0063003E 
  40      00
  41 0108 1C000000 		.ascii	"\034\000\000\000\000\000\000\000\000\000\000\000\000"
  41      00000000 
  41      00000000 
  41      00
  42 0115 00000000 		.ascii	"\000\000\000\000\007\000\000\000\000\000\000\000\000"
  42      07000000 
  42      00000000 
  42      00
  43 0122 00000000 		.ascii	"\000\000\000\000\000\000\000\000\000\000\000\000\000"
  43      00000000 
  43      00000000 
  43      00
  44 012f 00000000 		.ascii	"\000\000\000\000\0000\0070\000x\000x\000x\000x\0000"
  44      00300730 
  44      00780078 
  44      00780078 
  44      0030
ARM GAS  C:\msys64\tmp\ccwgzjo8.s 			page 3


  45 0141 00300030 		.ascii	"\0000\0000\0000\000\000\0000\000x\0000\000f\005f\000"
  45      00300000 
  45      00300078 
  45      00300066 
  45      056600
  46 0154 66006600 		.ascii	"f\000f\000D\000\000\000\000\000\000\000\000\000\000"
  46      44000000 
  46      00000000 
  46      000000
  47 0163 00000000 		.ascii	"\000\000\000\000\000\000\000\000\000\000\0023\0003\000"
  47      00000000 
  47      00000233 
  47      003300
  48 0172 3300FFC0 		.ascii	"3\000\377\300\377\3003\0003\000\377\300\377\3003\000"
  48      FFC03300 
  48      3300FFC0 
  48      FFC03300 
  49 0182 33003300 		.ascii	"3\0003\000\000\000>\003k\000\311\000\311\000\350\000"
  49      00003E03 
  49      6B00C900 
  49      C900E800 
  50 0192 78003C00 		.ascii	"x\000<\000\016\000\013\000\011\200\211\200\211\200\313"
  50      0E000B00 
  50      09808980 
  50      8980CB
  51 01a1 007E0070 		.ascii	"\000~\000p\020\2100\210`\210\300\211\200s\000\006\000"
  51      10883088 
  51      6088C089 
  51      80730006 
  51      00
  52 01b2 0CE01910 		.ascii	"\014\340\031\0201\020a\020\301\020\200\340\000\000\036"
  52      31106110 
  52      C11080E0 
  52      00001E
  53 01c1 00310031 		.ascii	"\0001\0001\0001\0002\000\034\360\030`,@N\200\307\000"
  53      00310032 
  53      001CF018 
  53      602C404E 
  53      80C700
  54 01d4 C300C390 		.ascii	"\303\000\303\220\345\360x`8\0078\0008\0008\000\000\000"
  54      E5F07860 
  54      38073800 
  54      38003800 
  54      0000
  55 01e6 00000000 		.ascii	"\000\000\000\000\000\000\000\000\000\000\000\000\000"
  55      00000000 
  55      00000000 
  55      00
  56 01f3 00000000 		.ascii	"\000\000\000\000\000\000\007\000\000\030\0000\000`\000"
  56      00000700 
  56      00180030 
  56      006000
  57 0202 C000C000 		.ascii	"\300\000\300\000\300\000\300\000\300\000`\0000\000\030"
  57      C000C000 
  57      C0006000 
  57      300018
  58 0211 00000000 		.ascii	"\000\000\000\000\007\000\000\300\000`\0000\000\030\000"
ARM GAS  C:\msys64\tmp\ccwgzjo8.s 			page 4


  58      070000C0 
  58      00600030 
  58      001800
  59 0220 18001800 		.ascii	"\030\000\030\000\030\000\030\0000\000`\000\300\000\000"
  59      18001800 
  59      30006000 
  59      C00000
  60 022f 00000400 		.ascii	"\000\000\004\000\000\000\000\020\000\326\000\326\000"
  60      00000010 
  60      00D600D6 
  60      00
  61 023c 3800D600 		.ascii	"8\000\326\000\326\000\020\000\000\000\000\000\000\000"
  61      D6001000 
  61      00000000 
  61      0000
  62 024a 00000004 		.ascii	"\000\000\000\004\000\000\000\000\030\000\030\000\030"
  62      00000000 
  62      18001800 
  62      18
  63 0257 00FF00FF 		.ascii	"\000\377\000\377\000\030\000\030\000\030\000\000\000"
  63      00180018 
  63      00180000 
  63      00
  64 0264 00000000 		.ascii	"\000\000\000\000\000\007\000\000\000\000\000\000\000"
  64      00070000 
  64      00000000 
  64      00
  65 0271 00000000 		.ascii	"\000\000\000\000\000\000\000\000\000\000\000`\000\360"
  65      00000000 
  65      00000060 
  65      00F0
  66 027f 007000E0 		.ascii	"\000p\000\340\000\000\004\000\000\000\000\000\000\000"
  66      00000400 
  66      00000000 
  66      0000
  67 028d 000000FF 		.ascii	"\000\000\000\377\000\377\000\000\000\000\000\000\000"
  67      00FF0000 
  67      00000000 
  67      00
  68 029a 00000000 		.ascii	"\000\000\000\000\000\000\000\007\000\000\000\000\000"
  68      00000007 
  68      00000000 
  68      00
  69 02a7 00000000 		.ascii	"\000\000\000\000\000\000\000\000\000\000\000\000\000"
  69      00000000 
  69      00000000 
  69      00
  70 02b4 00006000 		.ascii	"\000\000`\000\360\000`\000\000\004\000\000\000\000\001"
  70      F0006000 
  70      00040000 
  70      000001
  71 02c3 00030006 		.ascii	"\000\003\000\006\000\030\000\030\0000\000`\000\300\000"
  71      00180018 
  71      00300060 
  71      00C000
  72 02d2 80000000 		.ascii	"\200\000\000\000\000\000?\002\177\200\363\300\341\300"
  72      00003F02 
ARM GAS  C:\msys64\tmp\ccwgzjo8.s 			page 5


  72      7F80F3C0 
  72      E1C0
  73 02e0 E3C0E7C0 		.ascii	"\343\300\347\300\355\300\355\300\371\300\361\300\341"
  73      EDC0EDC0 
  73      F9C0F1C0 
  73      E1
  74 02ed C0F3C07F 		.ascii	"\300\363\300\177\200?\0008\005x\000\370\000\370\000"
  74      803F0038 
  74      057800F8 
  74      00F800
  75 02fc 38003800 		.ascii	"8\0008\0008\0008\0008\0008\0008\0008\000\376\000\376"
  75      38003800 
  75      38003800 
  75      38003800 
  75      FE00FE
  76 030f 003F027F 		.ascii	"\000?\002\177\200\363\300\341\300\001\300\003\300\007"
  76      80F3C0E1 
  76      C001C003 
  76      C007
  77 031d 800F003C 		.ascii	"\200\017\000<\000x\000\360\000\360\000\377\300\377\300"
  77      007800F0 
  77      00F000FF 
  77      C0FFC0
  78 032c 3F027F80 		.ascii	"?\002\177\200\363\300\341\300\001\300\003\300\037\200"
  78      F3C0E1C0 
  78      01C003C0 
  78      1F80
  79 033a 1F8003C0 		.ascii	"\037\200\003\300\001\300\341\300\363\300\177\200?\000"
  79      01C0E1C0 
  79      F3C07F80 
  79      3F00
  80 0348 E382E380 		.ascii	"\343\202\343\200\343\200\343\200\343\200\343\200\343"
  80      E380E380 
  80      E380E380 
  80      E3
  81 0355 80E380E3 		.ascii	"\200\343\200\343\200\377\300\377\300\003\200\003\200"
  81      80FFC0FF 
  81      C0038003 
  81      80
  82 0362 0380FFC2 		.ascii	"\003\200\377\302\377\300\340\000\340\000\340\000\377"
  82      FFC0E000 
  82      E000E000 
  82      FF
  83 036f 00FF80E3 		.ascii	"\000\377\200\343\300\001\300\001\300\341\300\363\300"
  83      C001C001 
  83      C0E1C0F3 
  83      C0
  84 037c 7F803F00 		.ascii	"\177\200?\000?\002\177\200\363\300\341\300\340\000\357"
  84      3F027F80 
  84      F3C0E1C0 
  84      E000EF
  85 038b 00FF80F3 		.ascii	"\000\377\200\363\300\341\300\341\300\341\300\363\300"
  85      C0E1C0E1 
  85      C0E1C0F3 
  85      C0
  86 0398 7F803F00 		.ascii	"\177\200?\000\377\302\377\300\341\300\001\300\001\300"
  86      FFC2FFC0 
ARM GAS  C:\msys64\tmp\ccwgzjo8.s 			page 6


  86      E1C001C0 
  86      01C0
  87 03a6 03C00780 		.ascii	"\003\300\007\200\017\000\036\000\034\000\034\000\034"
  87      0F001E00 
  87      1C001C00 
  87      1C
  88 03b3 001C001C 		.ascii	"\000\034\000\034\000?\002\177\200\363\300\341\300\341"
  88      003F027F 
  88      80F3C0E1 
  88      C0E1
  89 03c1 C0F3C07F 		.ascii	"\300\363\300\177\200\177\200\363\300\341\300\341\300"
  89      807F80F3 
  89      C0E1C0E1 
  89      C0
  90 03ce F3C07F80 		.ascii	"\363\300\177\200?\000?\002\177\200\363\300\341\300\341"
  90      3F003F02 
  90      7F80F3C0 
  90      E1C0E1
  91 03dd C0E1C0F3 		.ascii	"\300\341\300\363\300\177\300=\300\001\300\341\300\363"
  91      C07FC03D 
  91      C001C0E1 
  91      C0F3
  92 03eb C07F803F 		.ascii	"\300\177\200?\000\000\007\000\000`\000\360\000`\000"
  92      00000700 
  92      006000F0 
  92      006000
  93 03fa 00000000 		.ascii	"\000\000\000\000\000\000\000\000`\000\360\000`\000\000"
  93      00000000 
  93      6000F000 
  93      600000
  94 0409 00000000 		.ascii	"\000\000\000\000\007\000\000`\000\360\000`\000\000\000"
  94      07000060 
  94      00F00060 
  94      000000
  95 0418 00000000 		.ascii	"\000\000\000\000\000\000`\000\360\0000\000`\000\000"
  95      00006000 
  95      F0003000 
  95      600000
  96 0427 00000200 		.ascii	"\000\000\002\000\000\000\300\003\200\016\0008\000\340"
  96      0000C003 
  96      800E0038 
  96      00E0
  97 0435 00E00038 		.ascii	"\000\340\0008\000\016\000\003\200\000\300\000\000\000"
  97      000E0003 
  97      8000C000 
  97      0000
  98 0443 00000200 		.ascii	"\000\000\002\000\000\000\000\000\000\377\300\377\300"
  98      00000000 
  98      00FFC0FF 
  98      C0
  99 0450 00000000 		.ascii	"\000\000\000\000\377\300\377\300\000\000\000\000\000"
  99      FFC0FFC0 
  99      00000000 
  99      00
 100 045d 00000000 		.ascii	"\000\000\000\000\002\000\000\300\000p\000\034\000\007"
 100      020000C0 
 100      0070001C 
ARM GAS  C:\msys64\tmp\ccwgzjo8.s 			page 7


 100      0007
 101 046b 0001C001 		.ascii	"\000\001\300\001\300\007\000\034\000p\000\300\000\000"
 101      C007001C 
 101      007000C0 
 101      0000
 102 0479 0000003F 		.ascii	"\000\000\000?\002\177\200\363\300\341\300\001\300\001"
 102      027F80F3 
 102      C0E1C001 
 102      C001
 103 0487 C0038007 		.ascii	"\300\003\200\007\000\016\000\034\000\034\000\000\000"
 103      000E001C 
 103      001C0000 
 103      00
 104 0494 1C001C00 		.ascii	"\034\000\034\000\017\0000\300@ \206\220\211\220\220"
 104      0F0030C0 
 104      40208690 
 104      899090
 105 04a3 90909090 		.ascii	"\220\220\220\220\220\220\220\211\220\206\340@\0000\000"
 105      90909089 
 105      9086E040 
 105      003000
 106 04b2 0F000C02 		.ascii	"\017\000\014\002\036\000?\000\177\200\363\300\341\300"
 106      1E003F00 
 106      7F80F3C0 
 106      E1C0
 107 04c0 E1C0E1C0 		.ascii	"\341\300\341\300\377\300\377\300\341\300\341\300\341"
 107      FFC0FFC0 
 107      E1C0E1C0 
 107      E1
 108 04cd C0E1C0FF 		.ascii	"\300\341\300\377\002\377\200\343\300\341\300\341\300"
 108      02FF80E3 
 108      C0E1C0E1 
 108      C0
 109 04da E3C0FF80 		.ascii	"\343\300\377\200\377\200\343\300\341\300\341\300\343"
 109      FF80E3C0 
 109      E1C0E1C0 
 109      E3
 110 04e7 C0FF80FF 		.ascii	"\300\377\200\377\000?\002\177\200\363\300\341\300\340"
 110      003F027F 
 110      80F3C0E1 
 110      C0E0
 111 04f5 00E000E0 		.ascii	"\000\340\000\340\000\340\000\340\000\340\000\341\300"
 111      00E000E0 
 111      00E000E1 
 111      C0
 112 0502 F3C07F80 		.ascii	"\363\300\177\200?\000\377\002\377\200\343\300\341\300"
 112      3F00FF02 
 112      FF80E3C0 
 112      E1C0
 113 0510 E1C0E1C0 		.ascii	"\341\300\341\300\341\300\341\300\341\300\341\300\341"
 113      E1C0E1C0 
 113      E1C0E1C0 
 113      E1
 114 051d C0E3C0FF 		.ascii	"\300\343\300\377\200\377\000\377\302\377\300\340\000"
 114      80FF00FF 
 114      C2FFC0E0 
 114      00
ARM GAS  C:\msys64\tmp\ccwgzjo8.s 			page 8


 115 052a E000E000 		.ascii	"\340\000\340\000\340\000\377\000\377\000\340\000\340"
 115      E000FF00 
 115      FF00E000 
 115      E0
 116 0537 00E000E0 		.ascii	"\000\340\000\340\000\377\300\377\300\377\302\377\300"
 116      00FFC0FF 
 116      C0FFC2FF 
 116      C0
 117 0544 E000E000 		.ascii	"\340\000\340\000\340\000\340\000\377\000\377\000\340"
 117      E000E000 
 117      FF00FF00 
 117      E0
 118 0551 00E000E0 		.ascii	"\000\340\000\340\000\340\000\340\000\340\000?\002\177"
 118      00E000E0 
 118      00E0003F 
 118      027F
 119 055f 80F3C0E1 		.ascii	"\200\363\300\341\300\340\000\340\000\347\300\347\300"
 119      C0E000E0 
 119      00E7C0E7 
 119      C0
 120 056c E1C0E1C0 		.ascii	"\341\300\341\300\343\300\367\300~\300<\300\341\302\341"
 120      E3C0F7C0 
 120      7EC03CC0 
 120      E1C2E1
 121 057b C0E1C0E1 		.ascii	"\300\341\300\341\300\341\300\341\300\377\300\377\300"
 121      C0E1C0E1 
 121      C0FFC0FF 
 121      C0
 122 0588 E1C0E1C0 		.ascii	"\341\300\341\300\341\300\341\300\341\300\341\300\376"
 122      E1C0E1C0 
 122      E1C0E1C0 
 122      FE
 123 0595 05380038 		.ascii	"\0058\0008\0008\0008\0008\0008\0008\0008\0008\0008\000"
 123      00380038 
 123      00380038 
 123      00380038 
 123      00380038 
 124 05aa 38003800 		.ascii	"8\0008\000\376\000\037\302\037\300\003\200\003\200\003"
 124      FE001FC2 
 124      1FC00380 
 124      038003
 125 05b9 80038003 		.ascii	"\200\003\200\003\200\003\200\003\200\343\200\343\200"
 125      80038003 
 125      80E380E3 
 125      80
 126 05c6 F7807F00 		.ascii	"\367\200\177\000>\000\340\341\341\340\343\300\347\200"
 126      3E00E0E1 
 126      E1E0E3C0 
 126      E780
 127 05d4 EF00FE00 		.ascii	"\357\000\376\000\374\000\374\000\376\000\357\000\347"
 127      FC00FC00 
 127      FE00EF00 
 127      E7
 128 05e1 80E3C0E1 		.ascii	"\200\343\300\341\340\340\340\340\002\340\000\340\000"
 128      E0E0E0E0 
 128      02E000E0 
 128      00
ARM GAS  C:\msys64\tmp\ccwgzjo8.s 			page 9


 129 05ee E000E000 		.ascii	"\340\000\340\000\340\000\340\000\340\000\340\000\340"
 129      E000E000 
 129      E000E000 
 129      E0
 130 05fb 00E000E0 		.ascii	"\000\340\000\340\000\377\300\377\300\340\341\340\340"
 130      00FFC0FF 
 130      C0E0E1E0 
 130      E0
 131 0608 F1E0FBE0 		.ascii	"\361\340\373\340\377\340\377\340\377\340\356\340\356"
 131      FFE0FFE0 
 131      FFE0EEE0 
 131      EE
 132 0615 E0E4E0E0 		.ascii	"\340\344\340\340\340\340\340\340\340\340\340\341\302"
 132      E0E0E0E0 
 132      E0E0E0E1 
 132      C2
 133 0622 E1C0E1C0 		.ascii	"\341\300\341\300\361\300\371\300\375\300\377\300\357"
 133      F1C0F9C0 
 133      FDC0FFC0 
 133      EF
 134 062f C0E7C0E3 		.ascii	"\300\347\300\343\300\341\300\341\300\341\300\341\300"
 134      C0E1C0E1 
 134      C0E1C0E1 
 134      C0
 135 063c 3F027F80 		.ascii	"?\002\177\200\363\300\341\300\341\300\341\300\341\300"
 135      F3C0E1C0 
 135      E1C0E1C0 
 135      E1C0
 136 064a E1C0E1C0 		.ascii	"\341\300\341\300\341\300\341\300\363\300\177\200?\000"
 136      E1C0E1C0 
 136      F3C07F80 
 136      3F00
 137 0658 FF02FF80 		.ascii	"\377\002\377\200\343\300\341\300\341\300\343\300\377"
 137      E3C0E1C0 
 137      E1C0E3C0 
 137      FF
 138 0665 80FF00E0 		.ascii	"\200\377\000\340\000\340\000\340\000\340\000\340\000"
 138      00E000E0 
 138      00E000E0 
 138      00
 139 0672 E0003F81 		.ascii	"\340\000?\201\177\300\361\340\340\340\340\340\340\340"
 139      7FC0F1E0 
 139      E0E0E0E0 
 139      E0E0
 140 0680 E0E0E0E0 		.ascii	"\340\340\340\340\356\340\357\340\347\200\363\300\177"
 140      EEE0EFE0 
 140      E780F3C0 
 140      7F
 141 068d E03EE0FF 		.ascii	"\340>\340\377\002\377\200\343\300\341\300\341\300\343"
 141      02FF80E3 
 141      C0E1C0E1 
 141      C0E3
 142 069b C0FF80FF 		.ascii	"\300\377\200\377\000\377\200\343\300\341\300\341\300"
 142      00FF80E3 
 142      C0E1C0E1 
 142      C0
 143 06a8 E1C0E1C0 		.ascii	"\341\300\341\300?\002\177\200\363\300\341\300\340\000"
ARM GAS  C:\msys64\tmp\ccwgzjo8.s 			page 10


 143      3F027F80 
 143      F3C0E1C0 
 143      E000
 144 06b6 F0007F00 		.ascii	"\360\000\177\000?\200\003\300\001\300\341\300\363\300"
 144      3F8003C0 
 144      01C0E1C0 
 144      F3C0
 145 06c4 7F803F00 		.ascii	"\177\200?\000\377\341\377\340\216 \016\000\016\000\016"
 145      FFE1FFE0 
 145      8E200E00 
 145      0E000E
 146 06d3 000E000E 		.ascii	"\000\016\000\016\000\016\000\016\000\016\000\016\000"
 146      000E000E 
 146      000E000E 
 146      00
 147 06e0 0E000E00 		.ascii	"\016\000\016\000\341\302\341\300\341\300\341\300\341"
 147      E1C2E1C0 
 147      E1C0E1C0 
 147      E1
 148 06ed C0E1C0E1 		.ascii	"\300\341\300\341\300\341\300\341\300\341\300\341\300"
 148      C0E1C0E1 
 148      C0E1C0E1 
 148      C0
 149 06fa F3C07F80 		.ascii	"\363\300\177\200?\000\341\302\341\300\341\300\341\300"
 149      3F00E1C2 
 149      E1C0E1C0 
 149      E1C0
 150 0708 E1C0E1C0 		.ascii	"\341\300\341\300\341\300\341\300\341\300\363\300\177"
 150      E1C0E1C0 
 150      E1C0F3C0 
 150      7F
 151 0715 803F001E 		.ascii	"\200?\000\036\000\014\000\340\341\340\340\340\340\340"
 151      000C00E0 
 151      E1E0E0E0 
 151      E0E0
 152 0723 E0E0E0EE 		.ascii	"\340\340\340\356\340\356\340\356\340\356\340\356\340"
 152      E0EEE0EE 
 152      E0EEE0EE 
 152      E0
 153 0730 FFE0FFE0 		.ascii	"\377\340\377\340{\3001\200\340\341\340\340\340\340\361"
 153      7BC03180 
 153      E0E1E0E0 
 153      E0E0F1
 154 073f E07BC03F 		.ascii	"\340{\300?\200\037\000\037\000?\200{\300\361\340\340"
 154      801F001F 
 154      003F807B 
 154      C0F1E0E0 
 155 074f E0E0E0E0 		.ascii	"\340\340\340\340\340\340\341\340\340\340\340\361\340"
 155      E0E0E1E0 
 155      E0E0E0F1 
 155      E0
 156 075c 7BC03F80 		.ascii	"{\300?\200\037\000\016\000\016\000\016\000\016\000\016"
 156      1F000E00 
 156      0E000E00 
 156      0E000E
 157 076b 000E000E 		.ascii	"\000\016\000\016\000\377\341\377\340\000\340\001\340"
 157      00FFE1FF 
ARM GAS  C:\msys64\tmp\ccwgzjo8.s 			page 11


 157      E000E001 
 157      E0
 158 0778 03C00780 		.ascii	"\003\300\007\200\017\000\036\000<\000x\000\360\000\340"
 158      0F001E00 
 158      3C007800 
 158      F000E0
 159 0787 00FFE0FF 		.ascii	"\000\377\340\377\340\370\007\370\000\340\000\340\000"
 159      E0F807F8 
 159      00E000E0 
 159      00
 160 0794 E000E000 		.ascii	"\340\000\340\000\340\000\340\000\340\000\340\000\340"
 160      E000E000 
 160      E000E000 
 160      E0
 161 07a1 00E000F8 		.ascii	"\000\340\000\370\000\370\000\000\004\000\000\000\000"
 161      00F80000 
 161      04000000 
 161      00
 162 07ae 8000C000 		.ascii	"\200\000\300\000`\000`\000\030\000\014\000\006\000\003"
 162      60006000 
 162      18000C00 
 162      060003
 163 07bd 00010000 		.ascii	"\000\001\000\000\000\000\000\370\007\370\0008\0008\000"
 163      000000F8 
 163      07F80038 
 163      003800
 164 07cc 38003800 		.ascii	"8\0008\000"
 165 07d0 38003800 		.ascii	"8\0008\0008\0008\0008\0008\000\370\000\370\000\010\003"
 165      38003800 
 165      38003800 
 165      F800F800 
 165      0803
 166 07e2 1C003600 		.ascii	"\034\0006\000c\000\301\200\000\000\000\000\000\000\000"
 166      6300C180 
 166      00000000 
 166      000000
 167 07f1 00000000 		.ascii	"\000\000\000\000\000\000\000\000\000\000\000\000\001"
 167      00000000 
 167      00000000 
 167      01
 168 07fe 00000000 		.ascii	"\000\000\000\000\000\000\000\000\000\000\000\000\000"
 168      00000000 
 168      00000000 
 168      00
 169 080b 00000000 		.ascii	"\000\000\000\000\000\000\000\000\000\377\340\377\340"
 169      00000000 
 169      00FFE0FF 
 169      E0
 170 0818 60073000 		.ascii	"`\0070\000\030\000\000\000\000\000\000\000\000\000\000"
 170      18000000 
 170      00000000 
 170      000000
 171 0827 00000000 		.ascii	"\000\000\000\000\000\000\000\000\000\000\000\000\000"
 171      00000000 
 171      00000000 
 171      00
 172 0834 00010000 		.ascii	"\000\001\000\000\000\000\000\000\177\200\377\300\341"
ARM GAS  C:\msys64\tmp\ccwgzjo8.s 			page 12


 172      00000000 
 172      7F80FFC0 
 172      E1
 173 0841 C001C07F 		.ascii	"\300\001\300\177\300\377\300\341\300\341\300\377\340"
 173      C0FFC0E1 
 173      C0E1C0FF 
 173      E0
 174 084e 7F60E002 		.ascii	"\177`\340\002\340\000\340\000\340\000\357\000\377\200"
 174      E000E000 
 174      E000EF00 
 174      FF80
 175 085c F3C0E1C0 		.ascii	"\363\300\341\300\341\300\341\300\341\300\363\300\377"
 175      E1C0E1C0 
 175      E1C0F3C0 
 175      FF
 176 0869 80DF0000 		.ascii	"\200\337\000\000\002\000\000\000\000\000\000?\000\177"
 176      02000000 
 176      0000003F 
 176      007F
 177 0877 80F3C0E1 		.ascii	"\200\363\300\341\300\340\000\340\000\341\300\363\300"
 177      C0E000E0 
 177      00E1C0F3 
 177      C0
 178 0884 7F803F00 		.ascii	"\177\200?\000\001\302\001\300\001\300\001\300=\300\177"
 178      01C201C0 
 178      01C001C0 
 178      3DC07F
 179 0893 C0F3C0E1 		.ascii	"\300\363\300\341\300\341\300\341\300\341\300\361\300"
 179      C0E1C0E1 
 179      C0E1C0F1 
 179      C0
 180 08a0 7FC03EC0 		.ascii	"\177\300>\300\000\002\000\000\000\000\000\000?\000\177"
 180      00020000 
 180      00000000 
 180      3F007F
 181 08af 80F3C0E1 		.ascii	"\200\363\300\341\300\377\300\377\300\340\000\360\300"
 181      C0FFC0FF 
 181      C0E000F0 
 181      C0
 182 08bc 7FC03F80 		.ascii	"\177\300?\200\017\302\037\300\034\000\034\000\377\200"
 182      0FC21FC0 
 182      1C001C00 
 182      FF80
 183 08ca FF801C00 		.ascii	"\377\200\034\000\034\000\034\000\034\000\034\000\034"
 183      1C001C00 
 183      1C001C00 
 183      1C
 184 08d7 001C001C 		.ascii	"\000\034\000\034\000\000\002\000\000\000\000\000\000"
 184      00000200 
 184      00000000 
 184      00
 185 08e4 3EC07FC0 		.ascii	">\300\177\300\361\300\341\300\341\300\363\300\177\300"
 185      F1C0E1C0 
 185      E1C0F3C0 
 185      7FC0
 186 08f2 3FC001C0 		.ascii	"?\300\001\300\177\200\340\002\340\000\340\000\340\000"
 186      7F80E002 
ARM GAS  C:\msys64\tmp\ccwgzjo8.s 			page 13


 186      E000E000 
 186      E000
 187 0900 EF00FF80 		.ascii	"\357\000\377\200\363\300\341\300\341\300\341\300\341"
 187      F3C0E1C0 
 187      E1C0E1C0 
 187      E1
 188 090d C0E1C0E1 		.ascii	"\300\341\300\341\300\341\3008\0058\000\000\000\000\000"
 188      C0E1C038 
 188      05380000 
 188      000000
 189 091c F8003800 		.ascii	"\370\0008\0008\0008\0008\0008\0008\0008\0008\000\376"
 189      38003800 
 189      38003800 
 189      38003800 
 189      3800FE
 190 092f 00070407 		.ascii	"\000\007\004\007\000\000\000\000\000\037\000\007\000"
 190      00000000 
 190      001F0007 
 190      00
 191 093c 07000700 		.ascii	"\007\000\007\000\007\000\007\000\007\000\007\000\347"
 191      07000700 
 191      07000700 
 191      E7
 192 0949 007E00E0 		.ascii	"\000~\000\340\001\340\000\340\000\340\000\340\340\341"
 192      01E000E0 
 192      00E000E0 
 192      E0E1
 193 0957 E0E3C0E7 		.ascii	"\340\343\300\347\200\377\000\377\000\347\200\343\300"
 193      80FF00FF 
 193      00E780E3 
 193      C0
 194 0964 E1E0E0E0 		.ascii	"\341\340\340\340\370\0058\0008\0008\0008\0008\0008\000"
 194      F8053800 
 194      38003800 
 194      38003800 
 194      3800
 195 0976 38003800 		.ascii	"8\0008\0008\0008\0008\0008\000\376\000\000\001\000\000"
 195      38003800 
 195      38003800 
 195      FE000001 
 195      0000
 196 0988 00000000 		.ascii	"\000\000\000\000\333\200\377\300\377\340\356\340\356"
 196      DB80FFC0 
 196      FFE0EEE0 
 196      EE
 197 0995 E0EEE0EE 		.ascii	"\340\356\340\356\340\356\340\356\340\356\340\000\002"
 197      E0EEE0EE 
 197      E0EEE000 
 197      02
 198 09a2 00000000 		.ascii	"\000\000\000\000\000\000\337\000\377\200\363\300\341"
 198      0000DF00 
 198      FF80F3C0 
 198      E1
 199 09af C0E1C0E1 		.ascii	"\300\341\300\341\300\341\300\341\300\341\300\341\300"
 199      C0E1C0E1 
 199      C0E1C0E1 
 199      C0
ARM GAS  C:\msys64\tmp\ccwgzjo8.s 			page 14


 200 09bc 00020000 		.ascii	"\000\002\000\000\000\000\000\000?\000\177\200\363\300"
 200      00000000 
 200      3F007F80 
 200      F3C0
 201 09ca E1C0E1C0 		.ascii	"\341\300\341\300\341\300\341\300\363\300\177\200?\000"
 201      E1C0E1C0 
 201      F3C07F80 
 201      3F00
 202 09d8 00020000 		.ascii	"\000\002\000\000\000\000\000\000\337\200\377\300\341"
 202      00000000 
 202      DF80FFC0 
 202      E1
 203 09e5 C0E1C0E1 		.ascii	"\300\341\300\341\300\341\300\341\300\377\300\377\200"
 203      C0E1C0E1 
 203      C0FFC0FF 
 203      80
 204 09f2 E0000001 		.ascii	"\340\000\000\001\000\000\000\000\000\000>\340\177\300"
 204      00000000 
 204      00003EE0 
 204      7FC0
 205 0a00 E1C0E1C0 		.ascii	"\341\300\341\300\341\300\341\300\341\300\177\300?\300"
 205      E1C0E1C0 
 205      E1C07FC0 
 205      3FC0
 206 0a0e 01C00002 		.ascii	"\001\300\000\002\000\000\000\000\000\000\337\200\377"
 206      00000000 
 206      0000DF80 
 206      FF
 207 0a1b C0F1C0E1 		.ascii	"\300\361\300\341\300\340\000\340\000\340\000\340\000"
 207      C0E000E0 
 207      00E000E0 
 207      00
 208 0a28 E000E000 		.ascii	"\340\000\340\000\000\002\000\000\000\000\000\000\177"
 208      00020000 
 208      00000000 
 208      7F
 209 0a35 80FFC0E1 		.ascii	"\200\377\300\341\300\340\000\377\200\177\300\001\300"
 209      C0E000FF 
 209      807FC001 
 209      C0
 210 0a42 E1C0FFC0 		.ascii	"\341\300\377\300\177\200\034\002\034\000\034\000\034"
 210      7F801C02 
 210      1C001C00 
 210      1C
 211 0a4f 00FF80FF 		.ascii	"\000\377\200\377\200\034\000\034\000\034\000\034\000"
 211      801C001C 
 211      001C001C 
 211      00
 212 0a5c 1C001DC0 		.ascii	"\034\000\035\300\037\300\017\200\000\002\000\000\000"
 212      1FC00F80 
 212      00020000 
 212      00
 213 0a69 000000E1 		.ascii	"\000\000\000\341\300\341\300\341\300\341\300\341\300"
 213      C0E1C0E1 
 213      C0E1C0E1 
 213      C0
 214 0a76 E1C0E1C0 		.ascii	"\341\300\341\300\363\300\177\300>\300\000\002\000\000"
ARM GAS  C:\msys64\tmp\ccwgzjo8.s 			page 15


 214      F3C07FC0 
 214      3EC00002 
 214      0000
 215 0a84 00000000 		.ascii	"\000\000\000\000\341\300\341\300\341\300\341\300\341"
 215      E1C0E1C0 
 215      E1C0E1C0 
 215      E1
 216 0a91 C0F3C07F 		.ascii	"\300\363\300\177\200?\000\036\000\014\000\000\001\000"
 216      803F001E 
 216      000C0000 
 216      0100
 217 0a9f 00000000 		.ascii	"\000\000\000\000\000\340\340\340\340\356\340\356\340"
 217      00E0E0E0 
 217      E0EEE0EE 
 217      E0
 218 0aac EEE0EEE0 		.ascii	"\356\340\356\340\356\340\377\340\177\300;\200\000\001"
 218      EEE0FFE0 
 218      7FC03B80 
 218      0001
 219 0aba 00000000 		.ascii	"\000\000\000\000\000\000\340\340\361\340{\300?\200\037"
 219      0000E0E0 
 219      F1E07BC0 
 219      3F801F
 220 0ac9 001F003F 		.ascii	"\000\037\000?\200{\300\361\340\340\340\000\002\000\000"
 220      807BC0F1 
 220      E0E0E000 
 220      020000
 221 0ad8 00000000 		.ascii	"\000\000\000\000\341\300\341\300\341\300\341\300\361"
 221      E1C0E1C0 
 221      E1C0E1C0 
 221      F1
 222 0ae5 C07FC01D 		.ascii	"\300\177\300\035\300\001\300\341\300\177\200\000\002"
 222      C001C0E1 
 222      C07F8000 
 222      02
 223 0af2 00000000 		.ascii	"\000\000\000\000\000\000\377\300\377\300\003\200\007"
 223      0000FFC0 
 223      FFC00380 
 223      07
 224 0aff 000E001C 		.ascii	"\000\016\000\034\0008\000p\000\377\300\377\300\000\007"
 224      00380070 
 224      00FFC0FF 
 224      C00007
 225 0b0e 00003800 		.ascii	"\000\0008\000`\000`\000`\000`\000\300\000`\000`\000"
 225      60006000 
 225      60006000 
 225      C0006000 
 225      6000
 226 0b20 60006000 		.ascii	"`\000`\0008\000\000\0000\0070\0000\0000\0000\0000\000"
 226      38000000 
 226      30073000 
 226      30003000 
 226      30003000 
 227 0b34 30003000 		.ascii	"0\0000\0000\0000\0000\0000\0000\0000\000\000\007\000"
 227      30003000 
 227      30003000 
 227      30003000 
ARM GAS  C:\msys64\tmp\ccwgzjo8.s 			page 16


 227      000700
 228 0b47 00E00030 		.ascii	"\000\340\0000\0000\0000\0000\000\030\0000\0000\0000"
 228      00300030 
 228      00300018 
 228      00300030 
 228      0030
 229 0b59 003000E0 		.ascii	"\0000\000\340\000\000\000\000\003\000\000\000\000\000"
 229      00000000 
 229      03000000 
 229      0000
 230 0b67 0038C06D 		.ascii	"\0008\300m\200\307\000\000\000\000\000\000\000\000\000"
 230      80C70000 
 230      00000000 
 230      000000
 231 0b76 00000000 		.ascii	"\000\000\000\000\000\000"
 231      0000
 232              		.text
 233              	.Letext0:
 234              		.file 2 "C:/Program Files (x86)/Arm GNU Toolchain arm-none-eabi/14.3 rel1/arm-none-eabi/include/ma
 235              		.file 3 "C:/Program Files (x86)/Arm GNU Toolchain arm-none-eabi/14.3 rel1/arm-none-eabi/include/sy
 236              		.file 4 "fonts/../nanovna.h"
 237              		.section	.debug_info,"",%progbits
 238              	.Ldebug_info0:
 239 0000 2D010000 		.4byte	0x12d
 240 0004 0500     		.2byte	0x5
 241 0006 01       		.byte	0x1
 242 0007 04       		.byte	0x4
 243 0008 00000000 		.4byte	.Ldebug_abbrev0
 244 000c 05       		.uleb128 0x5
 245 000d CC000000 		.4byte	.LASF30
 246 0011 1D       		.byte	0x1d
 247 0012 13020000 		.4byte	.LASF31
 248 0016 80020000 		.4byte	.LASF32
 249 001a 00000000 		.4byte	.Ldebug_line0
 250 001e 01       		.uleb128 0x1
 251 001f 01       		.byte	0x1
 252 0020 06       		.byte	0x6
 253 0021 74020000 		.4byte	.LASF0
 254 0025 03       		.uleb128 0x3
 255 0026 00000000 		.4byte	.LASF9
 256 002a 02       		.byte	0x2
 257 002b 2B       		.byte	0x2b
 258 002c 18       		.byte	0x18
 259 002d 31000000 		.4byte	0x31
 260 0031 01       		.uleb128 0x1
 261 0032 01       		.byte	0x1
 262 0033 08       		.byte	0x8
 263 0034 5C000000 		.4byte	.LASF1
 264 0038 01       		.uleb128 0x1
 265 0039 02       		.byte	0x2
 266 003a 05       		.byte	0x5
 267 003b 4D020000 		.4byte	.LASF2
 268 003f 01       		.uleb128 0x1
 269 0040 02       		.byte	0x2
 270 0041 07       		.byte	0x7
 271 0042 83000000 		.4byte	.LASF3
 272 0046 01       		.uleb128 0x1
ARM GAS  C:\msys64\tmp\ccwgzjo8.s 			page 17


 273 0047 04       		.byte	0x4
 274 0048 05       		.byte	0x5
 275 0049 5F020000 		.4byte	.LASF4
 276 004d 01       		.uleb128 0x1
 277 004e 04       		.byte	0x4
 278 004f 07       		.byte	0x7
 279 0050 6A000000 		.4byte	.LASF5
 280 0054 01       		.uleb128 0x1
 281 0055 08       		.byte	0x8
 282 0056 05       		.byte	0x5
 283 0057 25020000 		.4byte	.LASF6
 284 005b 01       		.uleb128 0x1
 285 005c 08       		.byte	0x8
 286 005d 07       		.byte	0x7
 287 005e 45000000 		.4byte	.LASF7
 288 0062 06       		.uleb128 0x6
 289 0063 04       		.byte	0x4
 290 0064 05       		.byte	0x5
 291 0065 696E7400 		.ascii	"int\000"
 292 0069 01       		.uleb128 0x1
 293 006a 04       		.byte	0x4
 294 006b 07       		.byte	0x7
 295 006c BF000000 		.4byte	.LASF8
 296 0070 03       		.uleb128 0x3
 297 0071 0B020000 		.4byte	.LASF10
 298 0075 03       		.byte	0x3
 299 0076 18       		.byte	0x18
 300 0077 13       		.byte	0x13
 301 0078 25000000 		.4byte	0x25
 302 007c 04       		.uleb128 0x4
 303 007d 70000000 		.4byte	0x70
 304 0081 01       		.uleb128 0x1
 305 0082 08       		.byte	0x8
 306 0083 04       		.byte	0x4
 307 0084 68020000 		.4byte	.LASF11
 308 0088 01       		.uleb128 0x1
 309 0089 01       		.byte	0x1
 310 008a 08       		.byte	0x8
 311 008b 06020000 		.4byte	.LASF12
 312 008f 01       		.uleb128 0x1
 313 0090 01       		.byte	0x1
 314 0091 02       		.byte	0x2
 315 0092 E2020000 		.4byte	.LASF13
 316 0096 01       		.uleb128 0x1
 317 0097 04       		.byte	0x4
 318 0098 04       		.byte	0x4
 319 0099 17000000 		.4byte	.LASF14
 320 009d 01       		.uleb128 0x1
 321 009e 08       		.byte	0x8
 322 009f 04       		.byte	0x4
 323 00a0 AA000000 		.4byte	.LASF15
 324 00a4 07       		.uleb128 0x7
 325 00a5 07       		.byte	0x7
 326 00a6 01       		.byte	0x1
 327 00a7 31000000 		.4byte	0x31
 328 00ab 04       		.byte	0x4
 329 00ac 7903     		.2byte	0x379
ARM GAS  C:\msys64\tmp\ccwgzjo8.s 			page 18


 330 00ae 06       		.byte	0x6
 331 00af 08010000 		.4byte	0x108
 332 00b3 02       		.uleb128 0x2
 333 00b4 A3000000 		.4byte	.LASF16
 334 00b8 00       		.byte	0
 335 00b9 02       		.uleb128 0x2
 336 00ba B1000000 		.4byte	.LASF17
 337 00be 01       		.byte	0x1
 338 00bf 02       		.uleb128 0x2
 339 00c0 57020000 		.4byte	.LASF18
 340 00c4 02       		.byte	0x2
 341 00c5 02       		.uleb128 0x2
 342 00c6 29000000 		.4byte	.LASF19
 343 00ca 03       		.byte	0x3
 344 00cb 02       		.uleb128 0x2
 345 00cc E8020000 		.4byte	.LASF20
 346 00d0 04       		.byte	0x4
 347 00d1 02       		.uleb128 0x2
 348 00d2 2F000000 		.4byte	.LASF21
 349 00d6 05       		.byte	0x5
 350 00d7 02       		.uleb128 0x2
 351 00d8 7C000000 		.4byte	.LASF22
 352 00dc 06       		.byte	0x6
 353 00dd 02       		.uleb128 0x2
 354 00de 35000000 		.4byte	.LASF23
 355 00e2 07       		.byte	0x7
 356 00e3 02       		.uleb128 0x2
 357 00e4 3D000000 		.4byte	.LASF24
 358 00e8 08       		.byte	0x8
 359 00e9 02       		.uleb128 0x2
 360 00ea 1D000000 		.4byte	.LASF25
 361 00ee 09       		.byte	0x9
 362 00ef 02       		.uleb128 0x2
 363 00f0 0A000000 		.4byte	.LASF26
 364 00f4 0A       		.byte	0xa
 365 00f5 02       		.uleb128 0x2
 366 00f6 96000000 		.4byte	.LASF27
 367 00fa 0B       		.byte	0xb
 368 00fb 02       		.uleb128 0x2
 369 00fc 33020000 		.4byte	.LASF28
 370 0100 0C       		.byte	0xc
 371 0101 02       		.uleb128 0x2
 372 0102 B8000000 		.4byte	.LASF29
 373 0106 0D       		.byte	0xd
 374 0107 00       		.byte	0
 375 0108 08       		.uleb128 0x8
 376 0109 7C000000 		.4byte	0x7c
 377 010d 19010000 		.4byte	0x119
 378 0111 09       		.uleb128 0x9
 379 0112 69000000 		.4byte	0x69
 380 0116 7B0B     		.2byte	0xb7b
 381 0118 00       		.byte	0
 382 0119 04       		.uleb128 0x4
 383 011a 08010000 		.4byte	0x108
 384 011e 0A       		.uleb128 0xa
 385 011f 41020000 		.4byte	.LASF33
 386 0123 01       		.byte	0x1
ARM GAS  C:\msys64\tmp\ccwgzjo8.s 			page 19


 387 0124 31       		.byte	0x31
 388 0125 0F       		.byte	0xf
 389 0126 19010000 		.4byte	0x119
 390 012a 05       		.uleb128 0x5
 391 012b 03       		.byte	0x3
 392 012c 00000000 		.4byte	x11x14_bits
 393 0130 00       		.byte	0
 394              		.section	.debug_abbrev,"",%progbits
 395              	.Ldebug_abbrev0:
 396 0000 01       		.uleb128 0x1
 397 0001 24       		.uleb128 0x24
 398 0002 00       		.byte	0
 399 0003 0B       		.uleb128 0xb
 400 0004 0B       		.uleb128 0xb
 401 0005 3E       		.uleb128 0x3e
 402 0006 0B       		.uleb128 0xb
 403 0007 03       		.uleb128 0x3
 404 0008 0E       		.uleb128 0xe
 405 0009 00       		.byte	0
 406 000a 00       		.byte	0
 407 000b 02       		.uleb128 0x2
 408 000c 28       		.uleb128 0x28
 409 000d 00       		.byte	0
 410 000e 03       		.uleb128 0x3
 411 000f 0E       		.uleb128 0xe
 412 0010 1C       		.uleb128 0x1c
 413 0011 0B       		.uleb128 0xb
 414 0012 00       		.byte	0
 415 0013 00       		.byte	0
 416 0014 03       		.uleb128 0x3
 417 0015 16       		.uleb128 0x16
 418 0016 00       		.byte	0
 419 0017 03       		.uleb128 0x3
 420 0018 0E       		.uleb128 0xe
 421 0019 3A       		.uleb128 0x3a
 422 001a 0B       		.uleb128 0xb
 423 001b 3B       		.uleb128 0x3b
 424 001c 0B       		.uleb128 0xb
 425 001d 39       		.uleb128 0x39
 426 001e 0B       		.uleb128 0xb
 427 001f 49       		.uleb128 0x49
 428 0020 13       		.uleb128 0x13
 429 0021 00       		.byte	0
 430 0022 00       		.byte	0
 431 0023 04       		.uleb128 0x4
 432 0024 26       		.uleb128 0x26
 433 0025 00       		.byte	0
 434 0026 49       		.uleb128 0x49
 435 0027 13       		.uleb128 0x13
 436 0028 00       		.byte	0
 437 0029 00       		.byte	0
 438 002a 05       		.uleb128 0x5
 439 002b 11       		.uleb128 0x11
 440 002c 01       		.byte	0x1
 441 002d 25       		.uleb128 0x25
 442 002e 0E       		.uleb128 0xe
 443 002f 13       		.uleb128 0x13
ARM GAS  C:\msys64\tmp\ccwgzjo8.s 			page 20


 444 0030 0B       		.uleb128 0xb
 445 0031 03       		.uleb128 0x3
 446 0032 0E       		.uleb128 0xe
 447 0033 1B       		.uleb128 0x1b
 448 0034 0E       		.uleb128 0xe
 449 0035 10       		.uleb128 0x10
 450 0036 17       		.uleb128 0x17
 451 0037 00       		.byte	0
 452 0038 00       		.byte	0
 453 0039 06       		.uleb128 0x6
 454 003a 24       		.uleb128 0x24
 455 003b 00       		.byte	0
 456 003c 0B       		.uleb128 0xb
 457 003d 0B       		.uleb128 0xb
 458 003e 3E       		.uleb128 0x3e
 459 003f 0B       		.uleb128 0xb
 460 0040 03       		.uleb128 0x3
 461 0041 08       		.uleb128 0x8
 462 0042 00       		.byte	0
 463 0043 00       		.byte	0
 464 0044 07       		.uleb128 0x7
 465 0045 04       		.uleb128 0x4
 466 0046 01       		.byte	0x1
 467 0047 3E       		.uleb128 0x3e
 468 0048 0B       		.uleb128 0xb
 469 0049 0B       		.uleb128 0xb
 470 004a 0B       		.uleb128 0xb
 471 004b 49       		.uleb128 0x49
 472 004c 13       		.uleb128 0x13
 473 004d 3A       		.uleb128 0x3a
 474 004e 0B       		.uleb128 0xb
 475 004f 3B       		.uleb128 0x3b
 476 0050 05       		.uleb128 0x5
 477 0051 39       		.uleb128 0x39
 478 0052 0B       		.uleb128 0xb
 479 0053 01       		.uleb128 0x1
 480 0054 13       		.uleb128 0x13
 481 0055 00       		.byte	0
 482 0056 00       		.byte	0
 483 0057 08       		.uleb128 0x8
 484 0058 01       		.uleb128 0x1
 485 0059 01       		.byte	0x1
 486 005a 49       		.uleb128 0x49
 487 005b 13       		.uleb128 0x13
 488 005c 01       		.uleb128 0x1
 489 005d 13       		.uleb128 0x13
 490 005e 00       		.byte	0
 491 005f 00       		.byte	0
 492 0060 09       		.uleb128 0x9
 493 0061 21       		.uleb128 0x21
 494 0062 00       		.byte	0
 495 0063 49       		.uleb128 0x49
 496 0064 13       		.uleb128 0x13
 497 0065 2F       		.uleb128 0x2f
 498 0066 05       		.uleb128 0x5
 499 0067 00       		.byte	0
 500 0068 00       		.byte	0
ARM GAS  C:\msys64\tmp\ccwgzjo8.s 			page 21


 501 0069 0A       		.uleb128 0xa
 502 006a 34       		.uleb128 0x34
 503 006b 00       		.byte	0
 504 006c 03       		.uleb128 0x3
 505 006d 0E       		.uleb128 0xe
 506 006e 3A       		.uleb128 0x3a
 507 006f 0B       		.uleb128 0xb
 508 0070 3B       		.uleb128 0x3b
 509 0071 0B       		.uleb128 0xb
 510 0072 39       		.uleb128 0x39
 511 0073 0B       		.uleb128 0xb
 512 0074 49       		.uleb128 0x49
 513 0075 13       		.uleb128 0x13
 514 0076 3F       		.uleb128 0x3f
 515 0077 19       		.uleb128 0x19
 516 0078 02       		.uleb128 0x2
 517 0079 18       		.uleb128 0x18
 518 007a 00       		.byte	0
 519 007b 00       		.byte	0
 520 007c 00       		.byte	0
 521              		.section	.debug_aranges,"",%progbits
 522 0000 14000000 		.4byte	0x14
 523 0004 0200     		.2byte	0x2
 524 0006 00000000 		.4byte	.Ldebug_info0
 525 000a 04       		.byte	0x4
 526 000b 00       		.byte	0
 527 000c 0000     		.2byte	0
 528 000e 0000     		.2byte	0
 529 0010 00000000 		.4byte	0
 530 0014 00000000 		.4byte	0
 531              		.section	.debug_line,"",%progbits
 532              	.Ldebug_line0:
 533 0000 1F010000 		.section	.debug_str,"MS",%progbits,1
 533      03001901 
 533      00000201 
 533      FB0E0D00 
 533      01010101 
 534              	.LASF9:
 535 0000 5F5F7569 		.ascii	"__uint8_t\000"
 535      6E74385F 
 535      7400
 536              	.LASF26:
 537 000a 4D535F53 		.ascii	"MS_SHUNT_RLC\000"
 537      48554E54 
 537      5F524C43 
 537      00
 538              	.LASF14:
 539 0017 666C6F61 		.ascii	"float\000"
 539      7400
 540              	.LASF25:
 541 001d 4D535F53 		.ascii	"MS_SHUNT_RX\000"
 541      48554E54 
 541      5F525800 
 542              	.LASF19:
 543 0029 4D535F52 		.ascii	"MS_RX\000"
 543      5800
 544              	.LASF21:
ARM GAS  C:\msys64\tmp\ccwgzjo8.s 			page 22


 545 002f 4D535F47 		.ascii	"MS_GB\000"
 545      4200
 546              	.LASF23:
 547 0035 4D535F52 		.ascii	"MS_RpXp\000"
 547      70587000 
 548              	.LASF24:
 549 003d 4D535F52 		.ascii	"MS_RpLC\000"
 549      704C4300 
 550              	.LASF7:
 551 0045 6C6F6E67 		.ascii	"long long unsigned int\000"
 551      206C6F6E 
 551      6720756E 
 551      7369676E 
 551      65642069 
 552              	.LASF1:
 553 005c 756E7369 		.ascii	"unsigned char\000"
 553      676E6564 
 553      20636861 
 553      7200
 554              	.LASF5:
 555 006a 6C6F6E67 		.ascii	"long unsigned int\000"
 555      20756E73 
 555      69676E65 
 555      6420696E 
 555      7400
 556              	.LASF22:
 557 007c 4D535F47 		.ascii	"MS_GLC\000"
 557      4C4300
 558              	.LASF3:
 559 0083 73686F72 		.ascii	"short unsigned int\000"
 559      7420756E 
 559      7369676E 
 559      65642069 
 559      6E7400
 560              	.LASF27:
 561 0096 4D535F53 		.ascii	"MS_SERIES_RX\000"
 561      45524945 
 561      535F5258 
 561      00
 562              	.LASF16:
 563 00a3 4D535F4C 		.ascii	"MS_LIN\000"
 563      494E00
 564              	.LASF15:
 565 00aa 646F7562 		.ascii	"double\000"
 565      6C6500
 566              	.LASF17:
 567 00b1 4D535F4C 		.ascii	"MS_LOG\000"
 567      4F4700
 568              	.LASF29:
 569 00b8 4D535F45 		.ascii	"MS_END\000"
 569      4E4400
 570              	.LASF8:
 571 00bf 756E7369 		.ascii	"unsigned int\000"
 571      676E6564 
 571      20696E74 
 571      00
 572              	.LASF30:
ARM GAS  C:\msys64\tmp\ccwgzjo8.s 			page 23


 573 00cc 474E5520 		.ascii	"GNU C11 14.3.1 20250623 -mcpu=cortex-m4 -mfloat-abi"
 573      43313120 
 573      31342E33 
 573      2E312032 
 573      30323530 
 574 00ff 3D686172 		.ascii	"=hard -mfpu=fpv4-sp-d16 -mno-thumb-interwork -mthum"
 574      64202D6D 
 574      6670753D 
 574      66707634 
 574      2D73702D 
 575 0132 62202D6D 		.ascii	"b -march=armv7e-m+fp -ggdb -O2 -std=c11 -fno-inline"
 575      61726368 
 575      3D61726D 
 575      7637652D 
 575      6D2B6670 
 576 0165 2D736D61 		.ascii	"-small-functions -fomit-frame-pointer -falign-funct"
 576      6C6C2D66 
 576      756E6374 
 576      696F6E73 
 576      202D666F 
 577 0198 696F6E73 		.ascii	"ions=16 -fstack-usage -ffast-math -ffunction-sectio"
 577      3D313620 
 577      2D667374 
 577      61636B2D 
 577      75736167 
 578 01cb 6E73202D 		.ascii	"ns -fdata-sections -fno-common -fsingle-precision-c"
 578      66646174 
 578      612D7365 
 578      6374696F 
 578      6E73202D 
 579 01fe 6F6E7374 		.ascii	"onstant\000"
 579      616E7400 
 580              	.LASF12:
 581 0206 63686172 		.ascii	"char\000"
 581      00
 582              	.LASF10:
 583 020b 75696E74 		.ascii	"uint8_t\000"
 583      385F7400 
 584              	.LASF31:
 585 0213 666F6E74 		.ascii	"fonts/Font11x14.c\000"
 585      732F466F 
 585      6E743131 
 585      7831342E 
 585      6300
 586              	.LASF6:
 587 0225 6C6F6E67 		.ascii	"long long int\000"
 587      206C6F6E 
 587      6720696E 
 587      7400
 588              	.LASF28:
 589 0233 4D535F53 		.ascii	"MS_SERIES_RLC\000"
 589      45524945 
 589      535F524C 
 589      4300
 590              	.LASF33:
 591 0241 78313178 		.ascii	"x11x14_bits\000"
 591      31345F62 
ARM GAS  C:\msys64\tmp\ccwgzjo8.s 			page 24


 591      69747300 
 592              	.LASF2:
 593 024d 73686F72 		.ascii	"short int\000"
 593      7420696E 
 593      7400
 594              	.LASF18:
 595 0257 4D535F52 		.ascii	"MS_REIM\000"
 595      45494D00 
 596              	.LASF4:
 597 025f 6C6F6E67 		.ascii	"long int\000"
 597      20696E74 
 597      00
 598              	.LASF11:
 599 0268 6C6F6E67 		.ascii	"long double\000"
 599      20646F75 
 599      626C6500 
 600              	.LASF0:
 601 0274 7369676E 		.ascii	"signed char\000"
 601      65642063 
 601      68617200 
 602              	.LASF32:
 603 0280 433A5C55 		.ascii	"C:\\Users\\danie\\SynologyDrive\\ZZ_GITHUB_PROJECTS"
 603      73657273 
 603      5C64616E 
 603      69655C53 
 603      796E6F6C 
 604 02af 5F4F4E5F 		.ascii	"_ON_WINDOWS\\NanoVNA-H4-Stand_Alone_Custom_Firmware"
 604      57494E44 
 604      4F57535C 
 604      4E616E6F 
 604      564E412D 
 605 02e1 00       		.ascii	"\000"
 606              	.LASF13:
 607 02e2 5F426F6F 		.ascii	"_Bool\000"
 607      6C00
 608              	.LASF20:
 609 02e8 4D535F52 		.ascii	"MS_RLC\000"
 609      4C4300
 610              		.ident	"GCC: (Arm GNU Toolchain 14.3.Rel1 (Build arm-14.174)) 14.3.1 20250623"
ARM GAS  C:\msys64\tmp\ccwgzjo8.s 			page 25


DEFINED SYMBOLS
                            *ABS*:00000000 Font11x14.c
C:\msys64\tmp\ccwgzjo8.s:23     .rodata.x11x14_bits:00000000 x11x14_bits
C:\msys64\tmp\ccwgzjo8.s:20     .rodata.x11x14_bits:00000000 $d

NO UNDEFINED SYMBOLS
