ARM GAS  C:\msys64\tmp\cczt9o2p.s 			page 1


   1              		.cpu cortex-m4
   2              		.arch armv7e-m
   3              		.fpu fpv4-sp-d16
   4              		.eabi_attribute 27, 1
   5              		.eabi_attribute 28, 1
   6              		.eabi_attribute 23, 1
   7              		.eabi_attribute 24, 1
   8              		.eabi_attribute 25, 1
   9              		.eabi_attribute 26, 1
  10              		.eabi_attribute 30, 2
  11              		.eabi_attribute 34, 1
  12              		.eabi_attribute 18, 4
  13              		.file	"Font7x11b.c"
  14              		.text
  15              	.Ltext0:
  16              		.cfi_sections	.debug_frame
  17              		.file 1 "fonts/Font7x11b.c"
  18              		.global	x7x11b_bits
  19              		.section	.rodata.x7x11b_bits,"a"
  20              		.align	2
  21              		.type	x7x11b_bits, %object
  22              		.size	x7x11b_bits, 1155
  23              	x7x11b_bits:
  24 0000 00060606 		.ascii	"\000\006\006\006&f\376\376` \000\000\020\02088ll\306"
  24      2666FEFE 
  24      60200000 
  24      10103838 
  24      6C6CC6
  25 0013 C6FE0002 		.ascii	"\306\376\000\002\200\300\340\360\370\360\340\300\200"
  25      80C0E0F0 
  25      F8F0E0C0 
  25      80
  26 0020 0000006E 		.ascii	"\000\000\000n\333\221\231\211\333v\000\000\000\000\020"
  26      DB919989 
  26      DB760000 
  26      000010
  27 002f 3060FEFE 		.ascii	"0`\376\376`0\020\000\000\000\020\030\014\376\376\014"
  27      60301000 
  27      00001018 
  27      0CFEFE0C 
  28 003f 18100001 		.ascii	"\030\020\000\001\000\000\000\374lll\354\314\000\000"
  28      000000FC 
  28      6C6C6CEC 
  28      CC0000
  29 004e 000000C6 		.ascii	"\000\000\000\306\306\306\306\356\326\300\000|\306\306"
  29      C6C6C6EE 
  29      D6C0007C 
  29      C6C6
  30 005c C6C6C66C 		.ascii	"\306\306\306ll\356\000\002p\330\330p\000\000\000\000"
  30      6CEE0002 
  30      70D8D870 
  30      00000000 
  31 006c 00000400 		.ascii	"\000\000\004\000\000\000\000\000\000\000\000\000\000"
  31      00000000 
  31      00000000 
  31      00
  32 0079 04606060 		.ascii	"\004``````\000``\000\002\330\330\330\000\000\000\000"
ARM GAS  C:\msys64\tmp\cczt9o2p.s 			page 2


  32      60606000 
  32      60600002 
  32      D8D8D800 
  32      000000
  33 008c 00000002 		.ascii	"\000\000\000\002PP\370\370P\370\370PP\000\0000|\260"
  33      5050F8F8 
  33      50F8F850 
  33      50000030 
  33      7CB0
  34 009e B0783434 		.ascii	"\260x44\3700\000`\222\226l\0300l\322\222\014\000\000"
  34      F8300060 
  34      92966C18 
  34      306CD292 
  34      0C0000
  35 00b1 70D8D870 		.ascii	"p\330\330pr\334\314\334r\000\003\340\340`\300\000\000"
  35      72DCCCDC 
  35      720003E0 
  35      E060C000 
  35      00
  36 00c2 00000000 		.ascii	"\000\000\000\000\0030``\300\300\300``0\000\003\300`"
  36      03306060 
  36      C0C0C060 
  36      60300003 
  36      C060
  37 00d4 60303030 		.ascii	"`000``\300\000\001\000\000 \250p\250 \000\000\000\001"
  37      6060C000 
  37      01000020 
  37      A870A820 
  37      00000001 
  38 00e8 00003030 		.ascii	"\000\00000\374\37400\000\000\004\000\000\000\000\000"
  38      FCFC3030 
  38      00000400 
  38      00000000 
  39 00f8 0040E060 		.ascii	"\000@\340`\300\001\000\000\000\000\374\374\000\000\000"
  39      C0010000 
  39      0000FCFC 
  39      000000
  40 0107 00040000 		.ascii	"\000\004\000\000\000\000\000\000@\340@\000\001\014\014"
  40      00000000 
  40      40E04000 
  40      010C0C
  41 0116 18183060 		.ascii	"\030\0300``\300\300\000\001x\314\314\334\354\314\314"
  41      60C0C000 
  41      0178CCCC 
  41      DCECCCCC 
  42 0126 CC780001 		.ascii	"\314x\000\0010p\26000000\374\000\001x\314\314\0148`"
  42      3070B030 
  42      30303030 
  42      FC000178 
  42      CCCC0C38 
  43 013b C0C0FC00 		.ascii	"\300\300\374\000\001x\314\314\0148\014\314\314x\000"
  43      0178CCCC 
  43      0C380CCC 
  43      CC7800
  44 014a 010C1C3C 		.ascii	"\001\014\034<l\314\314\374\014\014\000\001\374\300\300"
  44      6CCCCCFC 
  44      0C0C0001 
ARM GAS  C:\msys64\tmp\cczt9o2p.s 			page 3


  44      FCC0C0
  45 0159 F8CC0C0C 		.ascii	"\370\314\014\014\314x\000\001x\314\300\300\370\314\314"
  45      CC780001 
  45      78CCC0C0 
  45      F8CCCC
  46 0168 CC780001 		.ascii	"\314x\000\001\374\014\014\030\03000``\000\001x\314\314"
  46      FC0C0C18 
  46      18303060 
  46      60000178 
  46      CCCC
  47 017a CC78CCCC 		.ascii	"\314x\314\314\314x\000\001x\314\314\314|\014\014\314"
  47      CC780001 
  47      78CCCCCC 
  47      7C0C0CCC 
  48 018a 78000400 		.ascii	"x\000\004\000@\340@\000@\340@\000\000\004\000@\340@"
  48      40E04000 
  48      40E04000 
  48      00040040 
  48      E040
  49 019c 0040E040 		.ascii	"\000@\340@\200\000\001\014\0300`\300`0\030\014\000\001"
  49      8000010C 
  49      183060C0 
  49      6030180C 
  49      0001
  50 01ae 000000FC 		.ascii	"\000\000\000\374\000\000\374\000\000\000\001\300`0\030"
  50      0000FC00 
  50      000001C0 
  50      603018
  51 01bd 0C183060 		.ascii	"\014\0300`\300\000\001x\314\314\014\0300\00000\000\001"
  51      C0000178 
  51      CCCC0C18 
  51      30003030 
  51      0001
  52 01cf 788C8CBC 		.ascii	"x\214\214\274\254\270\200\214x\000\001x\314\314\314"
  52      ACB8808C 
  52      78000178 
  52      CCCCCC
  53 01de FCCCCCCC 		.ascii	"\374\314\314\314\314\000\001\370\314\314\314\370\314"
  53      CC0001F8 
  53      CCCCCCF8 
  53      CC
  54 01eb CCCCF800 		.ascii	"\314\314\370\000\001x\314\314\300\300\300\314\314x\000"
  54      0178CCCC 
  54      C0C0C0CC 
  54      CC7800
  55 01fa 01F8CCCC 		.ascii	"\001\370\314\314\314\314\314\314\314\370\000\001\374"
  55      CCCCCCCC 
  55      CCF80001 
  55      FC
  56 0207 C0C0C0F8 		.ascii	"\300\300\300\370\300\300\300\374\000\001\374\300\300"
  56      C0C0C0FC 
  56      0001FCC0 
  56      C0
  57 0214 C0F8C0C0 		.ascii	"\300\370\300\300\300\300\000\001x\314\314\300\300\334"
  57      C0C00001 
  57      78CCCCC0 
  57      C0DC
ARM GAS  C:\msys64\tmp\cczt9o2p.s 			page 4


  58 0222 CCDC6C00 		.ascii	"\314\334l\000\001\314\314\314\314\374\314\314\314\314"
  58      01CCCCCC 
  58      CCFCCCCC 
  58      CCCC
  59 0230 0003F060 		.ascii	"\000\003\360```````\360\000\001\014\014\014\014\014"
  59      60606060 
  59      6060F000 
  59      010C0C0C 
  59      0C0C
  60 0242 0C0CCC78 		.ascii	"\014\014\314x\000\001\314\314\314\330\360\330\314\314"
  60      0001CCCC 
  60      CCD8F0D8 
  60      CCCC
  61 0250 CC0001C0 		.ascii	"\314\000\001\300\300\300\300\300\300\300\300\374\000"
  61      C0C0C0C0 
  61      C0C0C0FC 
  61      00
  62 025d 00C6C6EE 		.ascii	"\000\306\306\356\356\326\326\326\306\306\000\001\314"
  62      EED6D6D6 
  62      C6C60001 
  62      CC
  63 026a CCECECFC 		.ascii	"\314\354\354\374\334\334\314\314\000\001x\314\314\314"
  63      DCDCCCCC 
  63      000178CC 
  63      CCCC
  64 0278 CCCCCCCC 		.ascii	"\314\314\314\314x\000\001\370\314\314\314\370\300\300"
  64      780001F8 
  64      CCCCCCF8 
  64      C0C0
  65 0286 C0C00001 		.ascii	"\300\300\000\001x\314\314\314\314\314\354\334x\014\001"
  65      78CCCCCC 
  65      CCCCECDC 
  65      780C01
  66 0295 F8CCCCCC 		.ascii	"\370\314\314\314\370\330\314\314\314\000\001x\314\314"
  66      F8D8CCCC 
  66      CC000178 
  66      CCCC
  67 02a3 603018CC 		.ascii	"`0\030\314\314x\000\001\374\2640000000\000\001\314\314"
  67      CC780001 
  67      FCB43030 
  67      30303030 
  67      300001CC 
  68 02b8 CCCCCCCC 		.ascii	"\314\314\314\314\314\314x\000\000\306\306\306lll88\020"
  68      CCCC7800 
  68      00C6C6C6 
  68      6C6C6C38 
  68      3810
  69 02ca 0000C6C6 		.ascii	"\000\000\306\306\306\326\326\326\326\376l\000\001\314"
  69      C6D6D6D6 
  69      D6FE6C00 
  69      01CC
  70 02d8 CCCC4830 		.ascii	"\314\314H0H\314\314\314\000\001\314\314\314\314x000"
  70      48CCCCCC 
  70      0001CCCC 
  70      CCCC7830 
  70      3030
  71 02ea 300001FC 		.ascii	"0\000\001\374\014\014\0300`\300\300\374\000\003\360"
ARM GAS  C:\msys64\tmp\cczt9o2p.s 			page 5


  71      0C0C1830 
  71      60C0C0FC 
  71      0003F0
  72 02f9 C0C0C0C0 		.ascii	"\300\300\300\300\300\300\300\360\000\001\300\300``0"
  72      C0C0C0F0 
  72      0001C0C0 
  72      606030
  73 0308 18180C0C 		.ascii	"\030\030\014\014\000\003\3600000000\360\000\0010x\314"
  73      0003F030 
  73      30303030 
  73      3030F000 
  73      013078CC 
  74 031c 84000000 		.ascii	"\204\000\000\000\000\000\000\001\000\000\000\000\000"
  74      00000001 
  74      00000000 
  74      00
  75 0329 000000FC 		.ascii	"\000\000\000\374\374\003\300`0\000\000\000\000\000\000"
  75      FC03C060 
  75      30000000 
  75      000000
  76 0338 00010000 		.ascii	"\000\001\000\000\000x\014|\314\314|\000\001\300\300"
  76      00780C7C 
  76      CCCC7C00 
  76      01C0C0
  77 0347 C0D8ECCC 		.ascii	"\300\330\354\314\314\354\330\000\001\000\000\000x\314"
  77      CCECD800 
  77      01000000 
  77      78CC
  78 0355 C0C0CC78 		.ascii	"\300\300\314x\000\001\014\014\014l\334\314\314\334l"
  78      00010C0C 
  78      0C6CDCCC 
  78      CCDC6C
  79 0364 00010000 		.ascii	"\000\001\000\000\000x\314\374\300\314x\000\0018l``\360"
  79      0078CCFC 
  79      C0CC7800 
  79      01386C60 
  79      60F0
  80 0376 60606060 		.ascii	"````\000\001\000\000\000t\314\314\314|\014x\001\300"
  80      00010000 
  80      0074CCCC 
  80      CC7C0C78 
  80      01C0
  81 0388 C0C0D8EC 		.ascii	"\300\300\330\354\314\314\314\314\000\003``\000\340`"
  81      CCCCCCCC 
  81      00036060 
  81      00E060
  82 0397 606060F0 		.ascii	"```\360\000\001\014\014\000\014\014\014\014\014\314"
  82      00010C0C 
  82      000C0C0C 
  82      0C0CCC
  83 03a6 7801C0C0 		.ascii	"x\001\300\300\300\314\330\360\360\330\314\000\001p0"
  83      C0CCD8F0 
  83      F0D8CC00 
  83      017030
  84 03b5 30303030 		.ascii	"000000\374\000\000\000\000\000\354\376\326\326\326\326"
  84      3030FC00 
  84      00000000 
ARM GAS  C:\msys64\tmp\cczt9o2p.s 			page 6


  84      ECFED6D6 
  84      D6D6
  85 03c7 00010000 		.ascii	"\000\001\000\000\000\330\354\314\314\314\314\000\001"
  85      00D8ECCC 
  85      CCCCCC00 
  85      01
  86 03d4 00000078 		.ascii	"\000\000\000x\314\314\314\314x\000\001\000\000\000\330"
  86      CCCCCCCC 
  86      78000100 
  86      0000D8
  87 03e3 ECCCCCF8 		.ascii	"\354\314\314\370\300\300\001\000\000\000l\334\314\314"
  87      C0C00100 
  87      00006CDC 
  87      CCCC
  88 03f1 7C0C0C01 		.ascii	"|\014\014\001\000\000\000\330\354\300\300\300\300\000"
  88      000000D8 
  88      ECC0C0C0 
  88      C000
  89 03ff 01000000 		.ascii	"\001\000\000\000x\314`\030\314x\000\001\000``\370``"
  89      78CC6018 
  89      CC780001 
  89      006060F8 
  89      6060
  90 0411 606C3800 		.ascii	"`l8\000\001\000\000\000\314\314\314\314\334l\000\001"
  90      01000000 
  90      CCCCCCCC 
  90      DC6C0001 
  91 0421 000000CC 		.ascii	"\000\000\000\314\314HH00\000\000\000\000\000\306\306"
  91      CC484830 
  91      30000000 
  91      0000C6C6 
  92 0431 D6D6FE6C 		.ascii	"\326\326\376l\000\001\000\000\000\314H00H\314\000\001"
  92      00010000 
  92      00CC4830 
  92      3048CC00 
  92      01
  93 0442 000000CC 		.ascii	"\000\000\000\314\314\314|\014\314x\001\000\000\000\374"
  93      CCCC7C0C 
  93      CC780100 
  93      0000FC
  94 0451 0C1860C0 		.ascii	"\014\030`\300\374\000\0028```\300```8\000\003``````"
  94      FC000238 
  94      606060C0 
  94      60606038 
  94      00036060 
  95 0469 60606000 		.ascii	"```\000\002\340000\030000\340\000\001d\374\230\000\000"
  95      02E03030 
  95      30183030 
  95      30E00001 
  95      64FC9800 
  96 047e 00000000 		.ascii	"\000\000\000\000\000"
  96      00
  97              		.text
  98              	.Letext0:
  99              		.file 2 "C:/Program Files (x86)/Arm GNU Toolchain arm-none-eabi/14.3 rel1/arm-none-eabi/include/ma
 100              		.file 3 "C:/Program Files (x86)/Arm GNU Toolchain arm-none-eabi/14.3 rel1/arm-none-eabi/include/sy
 101              		.file 4 "fonts/../nanovna.h"
ARM GAS  C:\msys64\tmp\cczt9o2p.s 			page 7


 102              		.section	.debug_info,"",%progbits
 103              	.Ldebug_info0:
 104 0000 4A010000 		.4byte	0x14a
 105 0004 0500     		.2byte	0x5
 106 0006 01       		.byte	0x1
 107 0007 04       		.byte	0x4
 108 0008 00000000 		.4byte	.Ldebug_abbrev0
 109 000c 06       		.uleb128 0x6
 110 000d DE000000 		.4byte	.LASF30
 111 0011 1D       		.byte	0x1d
 112 0012 17000000 		.4byte	.LASF31
 113 0016 80020000 		.4byte	.LASF32
 114 001a 00000000 		.4byte	.Ldebug_line0
 115 001e 01       		.uleb128 0x1
 116 001f 01       		.byte	0x1
 117 0020 06       		.byte	0x6
 118 0021 74020000 		.4byte	.LASF0
 119 0025 04       		.uleb128 0x4
 120 0026 00000000 		.4byte	.LASF9
 121 002a 02       		.byte	0x2
 122 002b 2B       		.byte	0x2b
 123 002c 18       		.byte	0x18
 124 002d 31000000 		.4byte	0x31
 125 0031 01       		.uleb128 0x1
 126 0032 01       		.byte	0x1
 127 0033 08       		.byte	0x8
 128 0034 6E000000 		.4byte	.LASF1
 129 0038 01       		.uleb128 0x1
 130 0039 02       		.byte	0x2
 131 003a 05       		.byte	0x5
 132 003b 4D020000 		.4byte	.LASF2
 133 003f 01       		.uleb128 0x1
 134 0040 02       		.byte	0x2
 135 0041 07       		.byte	0x7
 136 0042 95000000 		.4byte	.LASF3
 137 0046 01       		.uleb128 0x1
 138 0047 04       		.byte	0x4
 139 0048 05       		.byte	0x5
 140 0049 5F020000 		.4byte	.LASF4
 141 004d 01       		.uleb128 0x1
 142 004e 04       		.byte	0x4
 143 004f 07       		.byte	0x7
 144 0050 7C000000 		.4byte	.LASF5
 145 0054 01       		.uleb128 0x1
 146 0055 08       		.byte	0x8
 147 0056 05       		.byte	0x5
 148 0057 25020000 		.4byte	.LASF6
 149 005b 01       		.uleb128 0x1
 150 005c 08       		.byte	0x8
 151 005d 07       		.byte	0x7
 152 005e 57000000 		.4byte	.LASF7
 153 0062 07       		.uleb128 0x7
 154 0063 04       		.byte	0x4
 155 0064 05       		.byte	0x5
 156 0065 696E7400 		.ascii	"int\000"
 157 0069 01       		.uleb128 0x1
 158 006a 04       		.byte	0x4
ARM GAS  C:\msys64\tmp\cczt9o2p.s 			page 8


 159 006b 07       		.byte	0x7
 160 006c D1000000 		.4byte	.LASF8
 161 0070 04       		.uleb128 0x4
 162 0071 1D020000 		.4byte	.LASF10
 163 0075 03       		.byte	0x3
 164 0076 18       		.byte	0x18
 165 0077 13       		.byte	0x13
 166 0078 25000000 		.4byte	0x25
 167 007c 03       		.uleb128 0x3
 168 007d 70000000 		.4byte	0x70
 169 0081 01       		.uleb128 0x1
 170 0082 08       		.byte	0x8
 171 0083 04       		.byte	0x4
 172 0084 68020000 		.4byte	.LASF11
 173 0088 01       		.uleb128 0x1
 174 0089 01       		.byte	0x1
 175 008a 08       		.byte	0x8
 176 008b 18020000 		.4byte	.LASF12
 177 008f 01       		.uleb128 0x1
 178 0090 01       		.byte	0x1
 179 0091 02       		.byte	0x2
 180 0092 E2020000 		.4byte	.LASF13
 181 0096 01       		.uleb128 0x1
 182 0097 04       		.byte	0x4
 183 0098 04       		.byte	0x4
 184 0099 29000000 		.4byte	.LASF14
 185 009d 01       		.uleb128 0x1
 186 009e 08       		.byte	0x8
 187 009f 04       		.byte	0x4
 188 00a0 BC000000 		.4byte	.LASF15
 189 00a4 05       		.uleb128 0x5
 190 00a5 7C000000 		.4byte	0x7c
 191 00a9 AF000000 		.4byte	0xaf
 192 00ad 08       		.uleb128 0x8
 193 00ae 00       		.byte	0
 194 00af 03       		.uleb128 0x3
 195 00b0 A4000000 		.4byte	0xa4
 196 00b4 09       		.uleb128 0x9
 197 00b5 33020000 		.4byte	.LASF33
 198 00b9 04       		.byte	0x4
 199 00ba B602     		.2byte	0x2b6
 200 00bc 16       		.byte	0x16
 201 00bd AF000000 		.4byte	0xaf
 202 00c1 0A       		.uleb128 0xa
 203 00c2 07       		.byte	0x7
 204 00c3 01       		.byte	0x1
 205 00c4 31000000 		.4byte	0x31
 206 00c8 04       		.byte	0x4
 207 00c9 7903     		.2byte	0x379
 208 00cb 06       		.byte	0x6
 209 00cc 25010000 		.4byte	0x125
 210 00d0 02       		.uleb128 0x2
 211 00d1 B5000000 		.4byte	.LASF16
 212 00d5 00       		.byte	0
 213 00d6 02       		.uleb128 0x2
 214 00d7 C3000000 		.4byte	.LASF17
 215 00db 01       		.byte	0x1
ARM GAS  C:\msys64\tmp\cczt9o2p.s 			page 9


 216 00dc 02       		.uleb128 0x2
 217 00dd 57020000 		.4byte	.LASF18
 218 00e1 02       		.byte	0x2
 219 00e2 02       		.uleb128 0x2
 220 00e3 3B000000 		.4byte	.LASF19
 221 00e7 03       		.byte	0x3
 222 00e8 02       		.uleb128 0x2
 223 00e9 E8020000 		.4byte	.LASF20
 224 00ed 04       		.byte	0x4
 225 00ee 02       		.uleb128 0x2
 226 00ef 41000000 		.4byte	.LASF21
 227 00f3 05       		.byte	0x5
 228 00f4 02       		.uleb128 0x2
 229 00f5 8E000000 		.4byte	.LASF22
 230 00f9 06       		.byte	0x6
 231 00fa 02       		.uleb128 0x2
 232 00fb 47000000 		.4byte	.LASF23
 233 00ff 07       		.byte	0x7
 234 0100 02       		.uleb128 0x2
 235 0101 4F000000 		.4byte	.LASF24
 236 0105 08       		.byte	0x8
 237 0106 02       		.uleb128 0x2
 238 0107 2F000000 		.4byte	.LASF25
 239 010b 09       		.byte	0x9
 240 010c 02       		.uleb128 0x2
 241 010d 0A000000 		.4byte	.LASF26
 242 0111 0A       		.byte	0xa
 243 0112 02       		.uleb128 0x2
 244 0113 A8000000 		.4byte	.LASF27
 245 0117 0B       		.byte	0xb
 246 0118 02       		.uleb128 0x2
 247 0119 3F020000 		.4byte	.LASF28
 248 011d 0C       		.byte	0xc
 249 011e 02       		.uleb128 0x2
 250 011f CA000000 		.4byte	.LASF29
 251 0123 0D       		.byte	0xd
 252 0124 00       		.byte	0
 253 0125 05       		.uleb128 0x5
 254 0126 7C000000 		.4byte	0x7c
 255 012a 36010000 		.4byte	0x136
 256 012e 0B       		.uleb128 0xb
 257 012f 69000000 		.4byte	0x69
 258 0133 8204     		.2byte	0x482
 259 0135 00       		.byte	0
 260 0136 03       		.uleb128 0x3
 261 0137 25010000 		.4byte	0x125
 262 013b 0C       		.uleb128 0xc
 263 013c B4000000 		.4byte	0xb4
 264 0140 01       		.byte	0x1
 265 0141 36       		.byte	0x36
 266 0142 0F       		.byte	0xf
 267 0143 36010000 		.4byte	0x136
 268 0147 05       		.uleb128 0x5
 269 0148 03       		.byte	0x3
 270 0149 00000000 		.4byte	x7x11b_bits
 271 014d 00       		.byte	0
 272              		.section	.debug_abbrev,"",%progbits
ARM GAS  C:\msys64\tmp\cczt9o2p.s 			page 10


 273              	.Ldebug_abbrev0:
 274 0000 01       		.uleb128 0x1
 275 0001 24       		.uleb128 0x24
 276 0002 00       		.byte	0
 277 0003 0B       		.uleb128 0xb
 278 0004 0B       		.uleb128 0xb
 279 0005 3E       		.uleb128 0x3e
 280 0006 0B       		.uleb128 0xb
 281 0007 03       		.uleb128 0x3
 282 0008 0E       		.uleb128 0xe
 283 0009 00       		.byte	0
 284 000a 00       		.byte	0
 285 000b 02       		.uleb128 0x2
 286 000c 28       		.uleb128 0x28
 287 000d 00       		.byte	0
 288 000e 03       		.uleb128 0x3
 289 000f 0E       		.uleb128 0xe
 290 0010 1C       		.uleb128 0x1c
 291 0011 0B       		.uleb128 0xb
 292 0012 00       		.byte	0
 293 0013 00       		.byte	0
 294 0014 03       		.uleb128 0x3
 295 0015 26       		.uleb128 0x26
 296 0016 00       		.byte	0
 297 0017 49       		.uleb128 0x49
 298 0018 13       		.uleb128 0x13
 299 0019 00       		.byte	0
 300 001a 00       		.byte	0
 301 001b 04       		.uleb128 0x4
 302 001c 16       		.uleb128 0x16
 303 001d 00       		.byte	0
 304 001e 03       		.uleb128 0x3
 305 001f 0E       		.uleb128 0xe
 306 0020 3A       		.uleb128 0x3a
 307 0021 0B       		.uleb128 0xb
 308 0022 3B       		.uleb128 0x3b
 309 0023 0B       		.uleb128 0xb
 310 0024 39       		.uleb128 0x39
 311 0025 0B       		.uleb128 0xb
 312 0026 49       		.uleb128 0x49
 313 0027 13       		.uleb128 0x13
 314 0028 00       		.byte	0
 315 0029 00       		.byte	0
 316 002a 05       		.uleb128 0x5
 317 002b 01       		.uleb128 0x1
 318 002c 01       		.byte	0x1
 319 002d 49       		.uleb128 0x49
 320 002e 13       		.uleb128 0x13
 321 002f 01       		.uleb128 0x1
 322 0030 13       		.uleb128 0x13
 323 0031 00       		.byte	0
 324 0032 00       		.byte	0
 325 0033 06       		.uleb128 0x6
 326 0034 11       		.uleb128 0x11
 327 0035 01       		.byte	0x1
 328 0036 25       		.uleb128 0x25
 329 0037 0E       		.uleb128 0xe
ARM GAS  C:\msys64\tmp\cczt9o2p.s 			page 11


 330 0038 13       		.uleb128 0x13
 331 0039 0B       		.uleb128 0xb
 332 003a 03       		.uleb128 0x3
 333 003b 0E       		.uleb128 0xe
 334 003c 1B       		.uleb128 0x1b
 335 003d 0E       		.uleb128 0xe
 336 003e 10       		.uleb128 0x10
 337 003f 17       		.uleb128 0x17
 338 0040 00       		.byte	0
 339 0041 00       		.byte	0
 340 0042 07       		.uleb128 0x7
 341 0043 24       		.uleb128 0x24
 342 0044 00       		.byte	0
 343 0045 0B       		.uleb128 0xb
 344 0046 0B       		.uleb128 0xb
 345 0047 3E       		.uleb128 0x3e
 346 0048 0B       		.uleb128 0xb
 347 0049 03       		.uleb128 0x3
 348 004a 08       		.uleb128 0x8
 349 004b 00       		.byte	0
 350 004c 00       		.byte	0
 351 004d 08       		.uleb128 0x8
 352 004e 21       		.uleb128 0x21
 353 004f 00       		.byte	0
 354 0050 00       		.byte	0
 355 0051 00       		.byte	0
 356 0052 09       		.uleb128 0x9
 357 0053 34       		.uleb128 0x34
 358 0054 00       		.byte	0
 359 0055 03       		.uleb128 0x3
 360 0056 0E       		.uleb128 0xe
 361 0057 3A       		.uleb128 0x3a
 362 0058 0B       		.uleb128 0xb
 363 0059 3B       		.uleb128 0x3b
 364 005a 05       		.uleb128 0x5
 365 005b 39       		.uleb128 0x39
 366 005c 0B       		.uleb128 0xb
 367 005d 49       		.uleb128 0x49
 368 005e 13       		.uleb128 0x13
 369 005f 3F       		.uleb128 0x3f
 370 0060 19       		.uleb128 0x19
 371 0061 3C       		.uleb128 0x3c
 372 0062 19       		.uleb128 0x19
 373 0063 00       		.byte	0
 374 0064 00       		.byte	0
 375 0065 0A       		.uleb128 0xa
 376 0066 04       		.uleb128 0x4
 377 0067 01       		.byte	0x1
 378 0068 3E       		.uleb128 0x3e
 379 0069 0B       		.uleb128 0xb
 380 006a 0B       		.uleb128 0xb
 381 006b 0B       		.uleb128 0xb
 382 006c 49       		.uleb128 0x49
 383 006d 13       		.uleb128 0x13
 384 006e 3A       		.uleb128 0x3a
 385 006f 0B       		.uleb128 0xb
 386 0070 3B       		.uleb128 0x3b
ARM GAS  C:\msys64\tmp\cczt9o2p.s 			page 12


 387 0071 05       		.uleb128 0x5
 388 0072 39       		.uleb128 0x39
 389 0073 0B       		.uleb128 0xb
 390 0074 01       		.uleb128 0x1
 391 0075 13       		.uleb128 0x13
 392 0076 00       		.byte	0
 393 0077 00       		.byte	0
 394 0078 0B       		.uleb128 0xb
 395 0079 21       		.uleb128 0x21
 396 007a 00       		.byte	0
 397 007b 49       		.uleb128 0x49
 398 007c 13       		.uleb128 0x13
 399 007d 2F       		.uleb128 0x2f
 400 007e 05       		.uleb128 0x5
 401 007f 00       		.byte	0
 402 0080 00       		.byte	0
 403 0081 0C       		.uleb128 0xc
 404 0082 34       		.uleb128 0x34
 405 0083 00       		.byte	0
 406 0084 47       		.uleb128 0x47
 407 0085 13       		.uleb128 0x13
 408 0086 3A       		.uleb128 0x3a
 409 0087 0B       		.uleb128 0xb
 410 0088 3B       		.uleb128 0x3b
 411 0089 0B       		.uleb128 0xb
 412 008a 39       		.uleb128 0x39
 413 008b 0B       		.uleb128 0xb
 414 008c 49       		.uleb128 0x49
 415 008d 13       		.uleb128 0x13
 416 008e 02       		.uleb128 0x2
 417 008f 18       		.uleb128 0x18
 418 0090 00       		.byte	0
 419 0091 00       		.byte	0
 420 0092 00       		.byte	0
 421              		.section	.debug_aranges,"",%progbits
 422 0000 14000000 		.4byte	0x14
 423 0004 0200     		.2byte	0x2
 424 0006 00000000 		.4byte	.Ldebug_info0
 425 000a 04       		.byte	0x4
 426 000b 00       		.byte	0
 427 000c 0000     		.2byte	0
 428 000e 0000     		.2byte	0
 429 0010 00000000 		.4byte	0
 430 0014 00000000 		.4byte	0
 431              		.section	.debug_line,"",%progbits
 432              	.Ldebug_line0:
 433 0000 1F010000 		.section	.debug_str,"MS",%progbits,1
 433      03001901 
 433      00000201 
 433      FB0E0D00 
 433      01010101 
 434              	.LASF9:
 435 0000 5F5F7569 		.ascii	"__uint8_t\000"
 435      6E74385F 
 435      7400
 436              	.LASF26:
 437 000a 4D535F53 		.ascii	"MS_SHUNT_RLC\000"
ARM GAS  C:\msys64\tmp\cczt9o2p.s 			page 13


 437      48554E54 
 437      5F524C43 
 437      00
 438              	.LASF31:
 439 0017 666F6E74 		.ascii	"fonts/Font7x11b.c\000"
 439      732F466F 
 439      6E743778 
 439      3131622E 
 439      6300
 440              	.LASF14:
 441 0029 666C6F61 		.ascii	"float\000"
 441      7400
 442              	.LASF25:
 443 002f 4D535F53 		.ascii	"MS_SHUNT_RX\000"
 443      48554E54 
 443      5F525800 
 444              	.LASF19:
 445 003b 4D535F52 		.ascii	"MS_RX\000"
 445      5800
 446              	.LASF21:
 447 0041 4D535F47 		.ascii	"MS_GB\000"
 447      4200
 448              	.LASF23:
 449 0047 4D535F52 		.ascii	"MS_RpXp\000"
 449      70587000 
 450              	.LASF24:
 451 004f 4D535F52 		.ascii	"MS_RpLC\000"
 451      704C4300 
 452              	.LASF7:
 453 0057 6C6F6E67 		.ascii	"long long unsigned int\000"
 453      206C6F6E 
 453      6720756E 
 453      7369676E 
 453      65642069 
 454              	.LASF1:
 455 006e 756E7369 		.ascii	"unsigned char\000"
 455      676E6564 
 455      20636861 
 455      7200
 456              	.LASF5:
 457 007c 6C6F6E67 		.ascii	"long unsigned int\000"
 457      20756E73 
 457      69676E65 
 457      6420696E 
 457      7400
 458              	.LASF22:
 459 008e 4D535F47 		.ascii	"MS_GLC\000"
 459      4C4300
 460              	.LASF3:
 461 0095 73686F72 		.ascii	"short unsigned int\000"
 461      7420756E 
 461      7369676E 
 461      65642069 
 461      6E7400
 462              	.LASF27:
 463 00a8 4D535F53 		.ascii	"MS_SERIES_RX\000"
 463      45524945 
ARM GAS  C:\msys64\tmp\cczt9o2p.s 			page 14


 463      535F5258 
 463      00
 464              	.LASF16:
 465 00b5 4D535F4C 		.ascii	"MS_LIN\000"
 465      494E00
 466              	.LASF15:
 467 00bc 646F7562 		.ascii	"double\000"
 467      6C6500
 468              	.LASF17:
 469 00c3 4D535F4C 		.ascii	"MS_LOG\000"
 469      4F4700
 470              	.LASF29:
 471 00ca 4D535F45 		.ascii	"MS_END\000"
 471      4E4400
 472              	.LASF8:
 473 00d1 756E7369 		.ascii	"unsigned int\000"
 473      676E6564 
 473      20696E74 
 473      00
 474              	.LASF30:
 475 00de 474E5520 		.ascii	"GNU C11 14.3.1 20250623 -mcpu=cortex-m4 -mfloat-abi"
 475      43313120 
 475      31342E33 
 475      2E312032 
 475      30323530 
 476 0111 3D686172 		.ascii	"=hard -mfpu=fpv4-sp-d16 -mno-thumb-interwork -mthum"
 476      64202D6D 
 476      6670753D 
 476      66707634 
 476      2D73702D 
 477 0144 62202D6D 		.ascii	"b -march=armv7e-m+fp -ggdb -O2 -std=c11 -fno-inline"
 477      61726368 
 477      3D61726D 
 477      7637652D 
 477      6D2B6670 
 478 0177 2D736D61 		.ascii	"-small-functions -fomit-frame-pointer -falign-funct"
 478      6C6C2D66 
 478      756E6374 
 478      696F6E73 
 478      202D666F 
 479 01aa 696F6E73 		.ascii	"ions=16 -fstack-usage -ffast-math -ffunction-sectio"
 479      3D313620 
 479      2D667374 
 479      61636B2D 
 479      75736167 
 480 01dd 6E73202D 		.ascii	"ns -fdata-sections -fno-common -fsingle-precision-c"
 480      66646174 
 480      612D7365 
 480      6374696F 
 480      6E73202D 
 481 0210 6F6E7374 		.ascii	"onstant\000"
 481      616E7400 
 482              	.LASF12:
 483 0218 63686172 		.ascii	"char\000"
 483      00
 484              	.LASF10:
 485 021d 75696E74 		.ascii	"uint8_t\000"
ARM GAS  C:\msys64\tmp\cczt9o2p.s 			page 15


 485      385F7400 
 486              	.LASF6:
 487 0225 6C6F6E67 		.ascii	"long long int\000"
 487      206C6F6E 
 487      6720696E 
 487      7400
 488              	.LASF33:
 489 0233 78377831 		.ascii	"x7x11b_bits\000"
 489      31625F62 
 489      69747300 
 490              	.LASF28:
 491 023f 4D535F53 		.ascii	"MS_SERIES_RLC\000"
 491      45524945 
 491      535F524C 
 491      4300
 492              	.LASF2:
 493 024d 73686F72 		.ascii	"short int\000"
 493      7420696E 
 493      7400
 494              	.LASF18:
 495 0257 4D535F52 		.ascii	"MS_REIM\000"
 495      45494D00 
 496              	.LASF4:
 497 025f 6C6F6E67 		.ascii	"long int\000"
 497      20696E74 
 497      00
 498              	.LASF11:
 499 0268 6C6F6E67 		.ascii	"long double\000"
 499      20646F75 
 499      626C6500 
 500              	.LASF0:
 501 0274 7369676E 		.ascii	"signed char\000"
 501      65642063 
 501      68617200 
 502              	.LASF32:
 503 0280 433A5C55 		.ascii	"C:\\Users\\danie\\SynologyDrive\\ZZ_GITHUB_PROJECTS"
 503      73657273 
 503      5C64616E 
 503      69655C53 
 503      796E6F6C 
 504 02af 5F4F4E5F 		.ascii	"_ON_WINDOWS\\NanoVNA-H4-Stand_Alone_Custom_Firmware"
 504      57494E44 
 504      4F57535C 
 504      4E616E6F 
 504      564E412D 
 505 02e1 00       		.ascii	"\000"
 506              	.LASF13:
 507 02e2 5F426F6F 		.ascii	"_Bool\000"
 507      6C00
 508              	.LASF20:
 509 02e8 4D535F52 		.ascii	"MS_RLC\000"
 509      4C4300
 510              		.ident	"GCC: (Arm GNU Toolchain 14.3.Rel1 (Build arm-14.174)) 14.3.1 20250623"
ARM GAS  C:\msys64\tmp\cczt9o2p.s 			page 16


DEFINED SYMBOLS
                            *ABS*:00000000 Font7x11b.c
C:\msys64\tmp\cczt9o2p.s:23     .rodata.x7x11b_bits:00000000 x7x11b_bits
C:\msys64\tmp\cczt9o2p.s:20     .rodata.x7x11b_bits:00000000 $d

NO UNDEFINED SYMBOLS
