ARM GAS  C:\msys64\tmp\ccSRND14.s 			page 1


   1              		.cpu cortex-m4
   2              		.arch armv7e-m
   3              		.fpu fpv4-sp-d16
   4              		.eabi_attribute 27, 1
   5              		.eabi_attribute 28, 1
   6              		.eabi_attribute 23, 1
   7              		.eabi_attribute 24, 1
   8              		.eabi_attribute 25, 1
   9              		.eabi_attribute 26, 1
  10              		.eabi_attribute 30, 2
  11              		.eabi_attribute 34, 1
  12              		.eabi_attribute 18, 4
  13              		.file	"Font5x7.c"
  14              		.text
  15              	.Ltext0:
  16              		.cfi_sections	.debug_frame
  17              		.file 1 "fonts/Font5x7.c"
  18              		.global	x5x7_bits
  19              		.section	.rodata.x5x7_bits,"a"
  20              		.align	2
  21              		.type	x5x7_bits, %object
  22              		.size	x5x7_bits, 735
  23              	x5x7_bits:
  24 0000 00060646 		.ascii	"\000\006\006F\376\376@\002  PP\210\370\204\300\340\360"
  24      FEFE4002 
  24      20205050 
  24      88F884C0 
  24      E0F0
  25 0012 E0C08000 		.ascii	"\340\300\200\000l\262\222\232l\000\002 @\370@ \000\002"
  25      6CB2929A 
  25      6C000220 
  25      40F84020 
  25      0002
  26 0024 2010F810 		.ascii	" \020\370\020 \000\002\370PPPP\230\002\000\210\210\330"
  26      200002F8 
  26      50505050 
  26      98020088 
  26      88D8
  27 0036 A8807288 		.ascii	"\250\200r\210\210\210PP\330c\220\220`\000\000\000\004"
  27      88885050 
  27      D8639090 
  27      60000000 
  27      04
  28 0047 00000000 		.ascii	"\000\000\000\000\000\000E@@@@\000@PPP\000\000\000\000"
  28      00004540 
  28      40404000 
  28      40505050 
  28      00000000 
  29 005b 5250F850 		.ascii	"RP\370P\370PP\"x\240p(\360 \302\310\020 @\230\030\002"
  29      F8505022 
  29      78A07028 
  29      F020C2C8 
  29      10204098 
  30 0071 205060A8 		.ascii	" P`\250\220hd@\200\000\000\000\000$@\200\200\200@ \204"
  30      90686440 
  30      80000000 
  30      00244080 
ARM GAS  C:\msys64\tmp\ccSRND14.s 			page 2


  30      80804020 
  31 0086 40202020 		.ascii	"@   @\200\002 \250p\250 \000\002  \370  \000\005\000"
  31      40800220 
  31      A870A820 
  31      00022020 
  31      F8202000 
  32 009c 0000C040 		.ascii	"\000\000\300@\200\003\000\000\360\000\000\000\005\000"
  32      80030000 
  32      F0000000 
  32      0500
  33 00aa 000000C0 		.ascii	"\000\000\000\300\300$ @@@\200\200c\220\220\220\220\220"
  33      C0242040 
  33      40408080 
  33      63909090 
  33      9090
  34 00bc 60236020 		.ascii	"`#`    pc\220\020 @\200\360c\220\020`\020\220`\223\220"
  34      20202070 
  34      63901020 
  34      4080F063 
  34      90106010 
  35 00d4 9090F010 		.ascii	"\220\220\360\020\020\363\200\340\020\020\220`c\220\200"
  35      10F380E0 
  35      10109060 
  35      639080
  36 00e3 E0909060 		.ascii	"\340\220\220`\363\020  @@@c\220\220`\220\220`c\220\220"
  36      F3102020 
  36      40404063 
  36      90906090 
  36      90606390 
  37 00f8 70109060 		.ascii	"p\020\220`\004\300\300\000\300\300\000\004``\000`@\200"
  37      04C0C000 
  37      C0C00004 
  37      60600060 
  37      4080
  38 010a 03204080 		.ascii	"\003 @\200@ \000\003\000\360\000\360\000\000\003\200"
  38      40200003 
  38      00F000F0 
  38      00000380 
  39 011a 40204080 		.ascii	"@ @\200\000c\220\020 @\000@c\220\260\260\200\200pc\220"
  39      00639010 
  39      20400040 
  39      6390B0B0 
  39      80807063 
  40 012f 9090F090 		.ascii	"\220\220\360\220\220\343\220\220\340\220\220\340c\220"
  40      90E39090 
  40      E09090E0 
  40      6390
  41 013d 80808090 		.ascii	"\200\200\200\220`\343\220\220\220\220\220\340\363\200"
  41      60E39090 
  41      909090E0 
  41      F380
  42 014b 80E08080 		.ascii	"\200\340\200\200\360\363\200\200\340\200\200\200c\220"
  42      F0F38080 
  42      E0808080 
  42      6390
  43 0159 80B09090 		.ascii	"\200\260\220\220p\223\220\220\360\220\220\220\344@@"
  43      70939090 
ARM GAS  C:\msys64\tmp\ccSRND14.s 			page 3


  43      F0909090 
  43      E44040
  44 0168 404040E0 		.ascii	"@@@\340s\020\020\020\020\220`\223\220\220\340\220\220"
  44      73101010 
  44      10906093 
  44      9090E090 
  44      90
  45 0179 90838080 		.ascii	"\220\203\200\200\200\200\200\360\212\330\250\250\250"
  45      808080F0 
  45      8AD8A8A8 
  45      A8
  46 0186 88889390 		.ascii	"\210\210\223\220\320\260\220\220\220c\220\220\220\220"
  46      D0B09090 
  46      90639090 
  46      9090
  47 0194 9060E390 		.ascii	"\220`\343\220\220\340\200\200\200c\220\220\220\220\240"
  47      90E08080 
  47      80639090 
  47      9090A0
  48 01a3 50E39090 		.ascii	"P\343\220\220\340\220\220\220c\220\200`\020\220`\372"
  48      E0909090 
  48      63908060 
  48      109060FA 
  49 01b3 20202020 		.ascii	"      \223\220\220\220\220\220p\223\220\220\220\220"
  49      20209390 
  49      90909090 
  49      70939090 
  49      9090
  50 01c5 60608A88 		.ascii	"``\212\210\210\250\250\250P\212\210P P\210\210\212\210"
  50      88A8A8A8 
  50      508A8850 
  50      20508888 
  50      8A88
  51 01d7 88502020 		.ascii	"\210P   \363\020 @\200\200\360\344\200\200\200\200\200"
  51      20F31020 
  51      408080F0 
  51      E4808080 
  51      8080
  52 01e9 E0848040 		.ascii	"\340\204\200@@@  \344     \340D\240\000\000\000\000"
  52      40402020 
  52      E4202020 
  52      2020E044 
  52      A0000000 
  53 01fe 00030000 		.ascii	"\000\003\000\000\000\000\000\370\304@ \000\000\000\000"
  53      000000F8 
  53      C4402000 
  53      000000
  54 020d 03007090 		.ascii	"\003\000p\220\220\260P\203\200\240\320\220\220\340\003"
  54      90B05083 
  54      80A0D090 
  54      90E003
  55 021c 00708080 		.ascii	"\000p\200\200\200p\023\020P\260\220\220p\003\000`\220"
  55      80701310 
  55      50B09090 
  55      70030060 
  55      90
  56 022d F0807023 		.ascii	"\360\200p#P@\340@@@\003\000p\220p\020`\203\200\240\320"
ARM GAS  C:\msys64\tmp\ccSRND14.s 			page 4


  56      5040E040 
  56      40400300 
  56      70907010 
  56      608380A0 
  57 0242 90909044 		.ascii	"\220\220\220D\000\300@@@\340$\000   \240@\203\200\220"
  57      00C04040 
  57      40E02400 
  57      202020A0 
  57      40838090 
  58 0256 A0C0A090 		.ascii	"\240\300\240\220\304@@@@@\340\002\000\360\250\250\250"
  58      C4404040 
  58      4040E002 
  58      00F0A8A8 
  58      A8
  59 0267 A80300A0 		.ascii	"\250\003\000\240\320\220\220\220\003\000`\220\220\220"
  59      D0909090 
  59      03006090 
  59      9090
  60 0275 600300E0 		.ascii	"`\003\000\340\220\220\340\200\003\000p\220\220p\020"
  60      9090E080 
  60      03007090 
  60      907010
  61 0284 0300A0D0 		.ascii	"\003\000\240\320\200\200\200\003\000p\200`\020\340C"
  61      80808003 
  61      00708060 
  61      10E043
  62 0293 40E04040 		.ascii	"@\340@@@0\003\000\220\220\220\260P\003\000\220\220\220"
  62      40300300 
  62      909090B0 
  62      50030090 
  62      9090
  63 02a5 60600200 		.ascii	"``\002\000\210\210\250\250P\003\000\220\220`\220\220"
  63      8888A8A8 
  63      50030090 
  63      90609090 
  64 02b5 03009090 		.ascii	"\003\000\220\220p\020\340\003\000\360 @\200\360$@@\200"
  64      7010E003 
  64      00F02040 
  64      80F02440 
  64      4080
  65 02c7 40402024 		.ascii	"@@ $      \204@@ @@\200\003\000P\240\000\000\000"
  65      20202020 
  65      20208440 
  65      40204040 
  65      80030050 
  66              		.text
  67              	.Letext0:
  68              		.file 2 "C:/Program Files (x86)/Arm GNU Toolchain arm-none-eabi/14.3 rel1/arm-none-eabi/include/ma
  69              		.file 3 "C:/Program Files (x86)/Arm GNU Toolchain arm-none-eabi/14.3 rel1/arm-none-eabi/include/sy
  70              		.file 4 "fonts/../nanovna.h"
  71              		.section	.debug_info,"",%progbits
  72              	.Ldebug_info0:
  73 0000 2D010000 		.4byte	0x12d
  74 0004 0500     		.2byte	0x5
  75 0006 01       		.byte	0x1
  76 0007 04       		.byte	0x4
  77 0008 00000000 		.4byte	.Ldebug_abbrev0
ARM GAS  C:\msys64\tmp\ccSRND14.s 			page 5


  78 000c 05       		.uleb128 0x5
  79 000d CC000000 		.4byte	.LASF30
  80 0011 1D       		.byte	0x1d
  81 0012 13020000 		.4byte	.LASF31
  82 0016 7C020000 		.4byte	.LASF32
  83 001a 00000000 		.4byte	.Ldebug_line0
  84 001e 01       		.uleb128 0x1
  85 001f 01       		.byte	0x1
  86 0020 06       		.byte	0x6
  87 0021 70020000 		.4byte	.LASF0
  88 0025 03       		.uleb128 0x3
  89 0026 00000000 		.4byte	.LASF9
  90 002a 02       		.byte	0x2
  91 002b 2B       		.byte	0x2b
  92 002c 18       		.byte	0x18
  93 002d 31000000 		.4byte	0x31
  94 0031 01       		.uleb128 0x1
  95 0032 01       		.byte	0x1
  96 0033 08       		.byte	0x8
  97 0034 5C000000 		.4byte	.LASF1
  98 0038 01       		.uleb128 0x1
  99 0039 02       		.byte	0x2
 100 003a 05       		.byte	0x5
 101 003b 49020000 		.4byte	.LASF2
 102 003f 01       		.uleb128 0x1
 103 0040 02       		.byte	0x2
 104 0041 07       		.byte	0x7
 105 0042 83000000 		.4byte	.LASF3
 106 0046 01       		.uleb128 0x1
 107 0047 04       		.byte	0x4
 108 0048 05       		.byte	0x5
 109 0049 5B020000 		.4byte	.LASF4
 110 004d 01       		.uleb128 0x1
 111 004e 04       		.byte	0x4
 112 004f 07       		.byte	0x7
 113 0050 6A000000 		.4byte	.LASF5
 114 0054 01       		.uleb128 0x1
 115 0055 08       		.byte	0x8
 116 0056 05       		.byte	0x5
 117 0057 23020000 		.4byte	.LASF6
 118 005b 01       		.uleb128 0x1
 119 005c 08       		.byte	0x8
 120 005d 07       		.byte	0x7
 121 005e 45000000 		.4byte	.LASF7
 122 0062 06       		.uleb128 0x6
 123 0063 04       		.byte	0x4
 124 0064 05       		.byte	0x5
 125 0065 696E7400 		.ascii	"int\000"
 126 0069 01       		.uleb128 0x1
 127 006a 04       		.byte	0x4
 128 006b 07       		.byte	0x7
 129 006c BF000000 		.4byte	.LASF8
 130 0070 03       		.uleb128 0x3
 131 0071 0B020000 		.4byte	.LASF10
 132 0075 03       		.byte	0x3
 133 0076 18       		.byte	0x18
 134 0077 13       		.byte	0x13
ARM GAS  C:\msys64\tmp\ccSRND14.s 			page 6


 135 0078 25000000 		.4byte	0x25
 136 007c 04       		.uleb128 0x4
 137 007d 70000000 		.4byte	0x70
 138 0081 01       		.uleb128 0x1
 139 0082 08       		.byte	0x8
 140 0083 04       		.byte	0x4
 141 0084 64020000 		.4byte	.LASF11
 142 0088 01       		.uleb128 0x1
 143 0089 01       		.byte	0x1
 144 008a 08       		.byte	0x8
 145 008b 06020000 		.4byte	.LASF12
 146 008f 01       		.uleb128 0x1
 147 0090 01       		.byte	0x1
 148 0091 02       		.byte	0x2
 149 0092 DE020000 		.4byte	.LASF13
 150 0096 01       		.uleb128 0x1
 151 0097 04       		.byte	0x4
 152 0098 04       		.byte	0x4
 153 0099 17000000 		.4byte	.LASF14
 154 009d 01       		.uleb128 0x1
 155 009e 08       		.byte	0x8
 156 009f 04       		.byte	0x4
 157 00a0 AA000000 		.4byte	.LASF15
 158 00a4 07       		.uleb128 0x7
 159 00a5 07       		.byte	0x7
 160 00a6 01       		.byte	0x1
 161 00a7 31000000 		.4byte	0x31
 162 00ab 04       		.byte	0x4
 163 00ac 7903     		.2byte	0x379
 164 00ae 06       		.byte	0x6
 165 00af 08010000 		.4byte	0x108
 166 00b3 02       		.uleb128 0x2
 167 00b4 A3000000 		.4byte	.LASF16
 168 00b8 00       		.byte	0
 169 00b9 02       		.uleb128 0x2
 170 00ba B1000000 		.4byte	.LASF17
 171 00be 01       		.byte	0x1
 172 00bf 02       		.uleb128 0x2
 173 00c0 53020000 		.4byte	.LASF18
 174 00c4 02       		.byte	0x2
 175 00c5 02       		.uleb128 0x2
 176 00c6 29000000 		.4byte	.LASF19
 177 00ca 03       		.byte	0x3
 178 00cb 02       		.uleb128 0x2
 179 00cc E4020000 		.4byte	.LASF20
 180 00d0 04       		.byte	0x4
 181 00d1 02       		.uleb128 0x2
 182 00d2 2F000000 		.4byte	.LASF21
 183 00d6 05       		.byte	0x5
 184 00d7 02       		.uleb128 0x2
 185 00d8 7C000000 		.4byte	.LASF22
 186 00dc 06       		.byte	0x6
 187 00dd 02       		.uleb128 0x2
 188 00de 35000000 		.4byte	.LASF23
 189 00e2 07       		.byte	0x7
 190 00e3 02       		.uleb128 0x2
 191 00e4 3D000000 		.4byte	.LASF24
ARM GAS  C:\msys64\tmp\ccSRND14.s 			page 7


 192 00e8 08       		.byte	0x8
 193 00e9 02       		.uleb128 0x2
 194 00ea 1D000000 		.4byte	.LASF25
 195 00ee 09       		.byte	0x9
 196 00ef 02       		.uleb128 0x2
 197 00f0 0A000000 		.4byte	.LASF26
 198 00f4 0A       		.byte	0xa
 199 00f5 02       		.uleb128 0x2
 200 00f6 96000000 		.4byte	.LASF27
 201 00fa 0B       		.byte	0xb
 202 00fb 02       		.uleb128 0x2
 203 00fc 3B020000 		.4byte	.LASF28
 204 0100 0C       		.byte	0xc
 205 0101 02       		.uleb128 0x2
 206 0102 B8000000 		.4byte	.LASF29
 207 0106 0D       		.byte	0xd
 208 0107 00       		.byte	0
 209 0108 08       		.uleb128 0x8
 210 0109 7C000000 		.4byte	0x7c
 211 010d 19010000 		.4byte	0x119
 212 0111 09       		.uleb128 0x9
 213 0112 69000000 		.4byte	0x69
 214 0116 DE02     		.2byte	0x2de
 215 0118 00       		.byte	0
 216 0119 04       		.uleb128 0x4
 217 011a 08010000 		.4byte	0x108
 218 011e 0A       		.uleb128 0xa
 219 011f 31020000 		.4byte	.LASF33
 220 0123 01       		.byte	0x1
 221 0124 36       		.byte	0x36
 222 0125 0F       		.byte	0xf
 223 0126 19010000 		.4byte	0x119
 224 012a 05       		.uleb128 0x5
 225 012b 03       		.byte	0x3
 226 012c 00000000 		.4byte	x5x7_bits
 227 0130 00       		.byte	0
 228              		.section	.debug_abbrev,"",%progbits
 229              	.Ldebug_abbrev0:
 230 0000 01       		.uleb128 0x1
 231 0001 24       		.uleb128 0x24
 232 0002 00       		.byte	0
 233 0003 0B       		.uleb128 0xb
 234 0004 0B       		.uleb128 0xb
 235 0005 3E       		.uleb128 0x3e
 236 0006 0B       		.uleb128 0xb
 237 0007 03       		.uleb128 0x3
 238 0008 0E       		.uleb128 0xe
 239 0009 00       		.byte	0
 240 000a 00       		.byte	0
 241 000b 02       		.uleb128 0x2
 242 000c 28       		.uleb128 0x28
 243 000d 00       		.byte	0
 244 000e 03       		.uleb128 0x3
 245 000f 0E       		.uleb128 0xe
 246 0010 1C       		.uleb128 0x1c
 247 0011 0B       		.uleb128 0xb
 248 0012 00       		.byte	0
ARM GAS  C:\msys64\tmp\ccSRND14.s 			page 8


 249 0013 00       		.byte	0
 250 0014 03       		.uleb128 0x3
 251 0015 16       		.uleb128 0x16
 252 0016 00       		.byte	0
 253 0017 03       		.uleb128 0x3
 254 0018 0E       		.uleb128 0xe
 255 0019 3A       		.uleb128 0x3a
 256 001a 0B       		.uleb128 0xb
 257 001b 3B       		.uleb128 0x3b
 258 001c 0B       		.uleb128 0xb
 259 001d 39       		.uleb128 0x39
 260 001e 0B       		.uleb128 0xb
 261 001f 49       		.uleb128 0x49
 262 0020 13       		.uleb128 0x13
 263 0021 00       		.byte	0
 264 0022 00       		.byte	0
 265 0023 04       		.uleb128 0x4
 266 0024 26       		.uleb128 0x26
 267 0025 00       		.byte	0
 268 0026 49       		.uleb128 0x49
 269 0027 13       		.uleb128 0x13
 270 0028 00       		.byte	0
 271 0029 00       		.byte	0
 272 002a 05       		.uleb128 0x5
 273 002b 11       		.uleb128 0x11
 274 002c 01       		.byte	0x1
 275 002d 25       		.uleb128 0x25
 276 002e 0E       		.uleb128 0xe
 277 002f 13       		.uleb128 0x13
 278 0030 0B       		.uleb128 0xb
 279 0031 03       		.uleb128 0x3
 280 0032 0E       		.uleb128 0xe
 281 0033 1B       		.uleb128 0x1b
 282 0034 0E       		.uleb128 0xe
 283 0035 10       		.uleb128 0x10
 284 0036 17       		.uleb128 0x17
 285 0037 00       		.byte	0
 286 0038 00       		.byte	0
 287 0039 06       		.uleb128 0x6
 288 003a 24       		.uleb128 0x24
 289 003b 00       		.byte	0
 290 003c 0B       		.uleb128 0xb
 291 003d 0B       		.uleb128 0xb
 292 003e 3E       		.uleb128 0x3e
 293 003f 0B       		.uleb128 0xb
 294 0040 03       		.uleb128 0x3
 295 0041 08       		.uleb128 0x8
 296 0042 00       		.byte	0
 297 0043 00       		.byte	0
 298 0044 07       		.uleb128 0x7
 299 0045 04       		.uleb128 0x4
 300 0046 01       		.byte	0x1
 301 0047 3E       		.uleb128 0x3e
 302 0048 0B       		.uleb128 0xb
 303 0049 0B       		.uleb128 0xb
 304 004a 0B       		.uleb128 0xb
 305 004b 49       		.uleb128 0x49
ARM GAS  C:\msys64\tmp\ccSRND14.s 			page 9


 306 004c 13       		.uleb128 0x13
 307 004d 3A       		.uleb128 0x3a
 308 004e 0B       		.uleb128 0xb
 309 004f 3B       		.uleb128 0x3b
 310 0050 05       		.uleb128 0x5
 311 0051 39       		.uleb128 0x39
 312 0052 0B       		.uleb128 0xb
 313 0053 01       		.uleb128 0x1
 314 0054 13       		.uleb128 0x13
 315 0055 00       		.byte	0
 316 0056 00       		.byte	0
 317 0057 08       		.uleb128 0x8
 318 0058 01       		.uleb128 0x1
 319 0059 01       		.byte	0x1
 320 005a 49       		.uleb128 0x49
 321 005b 13       		.uleb128 0x13
 322 005c 01       		.uleb128 0x1
 323 005d 13       		.uleb128 0x13
 324 005e 00       		.byte	0
 325 005f 00       		.byte	0
 326 0060 09       		.uleb128 0x9
 327 0061 21       		.uleb128 0x21
 328 0062 00       		.byte	0
 329 0063 49       		.uleb128 0x49
 330 0064 13       		.uleb128 0x13
 331 0065 2F       		.uleb128 0x2f
 332 0066 05       		.uleb128 0x5
 333 0067 00       		.byte	0
 334 0068 00       		.byte	0
 335 0069 0A       		.uleb128 0xa
 336 006a 34       		.uleb128 0x34
 337 006b 00       		.byte	0
 338 006c 03       		.uleb128 0x3
 339 006d 0E       		.uleb128 0xe
 340 006e 3A       		.uleb128 0x3a
 341 006f 0B       		.uleb128 0xb
 342 0070 3B       		.uleb128 0x3b
 343 0071 0B       		.uleb128 0xb
 344 0072 39       		.uleb128 0x39
 345 0073 0B       		.uleb128 0xb
 346 0074 49       		.uleb128 0x49
 347 0075 13       		.uleb128 0x13
 348 0076 3F       		.uleb128 0x3f
 349 0077 19       		.uleb128 0x19
 350 0078 02       		.uleb128 0x2
 351 0079 18       		.uleb128 0x18
 352 007a 00       		.byte	0
 353 007b 00       		.byte	0
 354 007c 00       		.byte	0
 355              		.section	.debug_aranges,"",%progbits
 356 0000 14000000 		.4byte	0x14
 357 0004 0200     		.2byte	0x2
 358 0006 00000000 		.4byte	.Ldebug_info0
 359 000a 04       		.byte	0x4
 360 000b 00       		.byte	0
 361 000c 0000     		.2byte	0
 362 000e 0000     		.2byte	0
ARM GAS  C:\msys64\tmp\ccSRND14.s 			page 10


 363 0010 00000000 		.4byte	0
 364 0014 00000000 		.4byte	0
 365              		.section	.debug_line,"",%progbits
 366              	.Ldebug_line0:
 367 0000 1D010000 		.section	.debug_str,"MS",%progbits,1
 367      03001701 
 367      00000201 
 367      FB0E0D00 
 367      01010101 
 368              	.LASF9:
 369 0000 5F5F7569 		.ascii	"__uint8_t\000"
 369      6E74385F 
 369      7400
 370              	.LASF26:
 371 000a 4D535F53 		.ascii	"MS_SHUNT_RLC\000"
 371      48554E54 
 371      5F524C43 
 371      00
 372              	.LASF14:
 373 0017 666C6F61 		.ascii	"float\000"
 373      7400
 374              	.LASF25:
 375 001d 4D535F53 		.ascii	"MS_SHUNT_RX\000"
 375      48554E54 
 375      5F525800 
 376              	.LASF19:
 377 0029 4D535F52 		.ascii	"MS_RX\000"
 377      5800
 378              	.LASF21:
 379 002f 4D535F47 		.ascii	"MS_GB\000"
 379      4200
 380              	.LASF23:
 381 0035 4D535F52 		.ascii	"MS_RpXp\000"
 381      70587000 
 382              	.LASF24:
 383 003d 4D535F52 		.ascii	"MS_RpLC\000"
 383      704C4300 
 384              	.LASF7:
 385 0045 6C6F6E67 		.ascii	"long long unsigned int\000"
 385      206C6F6E 
 385      6720756E 
 385      7369676E 
 385      65642069 
 386              	.LASF1:
 387 005c 756E7369 		.ascii	"unsigned char\000"
 387      676E6564 
 387      20636861 
 387      7200
 388              	.LASF5:
 389 006a 6C6F6E67 		.ascii	"long unsigned int\000"
 389      20756E73 
 389      69676E65 
 389      6420696E 
 389      7400
 390              	.LASF22:
 391 007c 4D535F47 		.ascii	"MS_GLC\000"
 391      4C4300
ARM GAS  C:\msys64\tmp\ccSRND14.s 			page 11


 392              	.LASF3:
 393 0083 73686F72 		.ascii	"short unsigned int\000"
 393      7420756E 
 393      7369676E 
 393      65642069 
 393      6E7400
 394              	.LASF27:
 395 0096 4D535F53 		.ascii	"MS_SERIES_RX\000"
 395      45524945 
 395      535F5258 
 395      00
 396              	.LASF16:
 397 00a3 4D535F4C 		.ascii	"MS_LIN\000"
 397      494E00
 398              	.LASF15:
 399 00aa 646F7562 		.ascii	"double\000"
 399      6C6500
 400              	.LASF17:
 401 00b1 4D535F4C 		.ascii	"MS_LOG\000"
 401      4F4700
 402              	.LASF29:
 403 00b8 4D535F45 		.ascii	"MS_END\000"
 403      4E4400
 404              	.LASF8:
 405 00bf 756E7369 		.ascii	"unsigned int\000"
 405      676E6564 
 405      20696E74 
 405      00
 406              	.LASF30:
 407 00cc 474E5520 		.ascii	"GNU C11 14.3.1 20250623 -mcpu=cortex-m4 -mfloat-abi"
 407      43313120 
 407      31342E33 
 407      2E312032 
 407      30323530 
 408 00ff 3D686172 		.ascii	"=hard -mfpu=fpv4-sp-d16 -mno-thumb-interwork -mthum"
 408      64202D6D 
 408      6670753D 
 408      66707634 
 408      2D73702D 
 409 0132 62202D6D 		.ascii	"b -march=armv7e-m+fp -ggdb -O2 -std=c11 -fno-inline"
 409      61726368 
 409      3D61726D 
 409      7637652D 
 409      6D2B6670 
 410 0165 2D736D61 		.ascii	"-small-functions -fomit-frame-pointer -falign-funct"
 410      6C6C2D66 
 410      756E6374 
 410      696F6E73 
 410      202D666F 
 411 0198 696F6E73 		.ascii	"ions=16 -fstack-usage -ffast-math -ffunction-sectio"
 411      3D313620 
 411      2D667374 
 411      61636B2D 
 411      75736167 
 412 01cb 6E73202D 		.ascii	"ns -fdata-sections -fno-common -fsingle-precision-c"
 412      66646174 
 412      612D7365 
ARM GAS  C:\msys64\tmp\ccSRND14.s 			page 12


 412      6374696F 
 412      6E73202D 
 413 01fe 6F6E7374 		.ascii	"onstant\000"
 413      616E7400 
 414              	.LASF12:
 415 0206 63686172 		.ascii	"char\000"
 415      00
 416              	.LASF10:
 417 020b 75696E74 		.ascii	"uint8_t\000"
 417      385F7400 
 418              	.LASF31:
 419 0213 666F6E74 		.ascii	"fonts/Font5x7.c\000"
 419      732F466F 
 419      6E743578 
 419      372E6300 
 420              	.LASF6:
 421 0223 6C6F6E67 		.ascii	"long long int\000"
 421      206C6F6E 
 421      6720696E 
 421      7400
 422              	.LASF33:
 423 0231 78357837 		.ascii	"x5x7_bits\000"
 423      5F626974 
 423      7300
 424              	.LASF28:
 425 023b 4D535F53 		.ascii	"MS_SERIES_RLC\000"
 425      45524945 
 425      535F524C 
 425      4300
 426              	.LASF2:
 427 0249 73686F72 		.ascii	"short int\000"
 427      7420696E 
 427      7400
 428              	.LASF18:
 429 0253 4D535F52 		.ascii	"MS_REIM\000"
 429      45494D00 
 430              	.LASF4:
 431 025b 6C6F6E67 		.ascii	"long int\000"
 431      20696E74 
 431      00
 432              	.LASF11:
 433 0264 6C6F6E67 		.ascii	"long double\000"
 433      20646F75 
 433      626C6500 
 434              	.LASF0:
 435 0270 7369676E 		.ascii	"signed char\000"
 435      65642063 
 435      68617200 
 436              	.LASF32:
 437 027c 433A5C55 		.ascii	"C:\\Users\\danie\\SynologyDrive\\ZZ_GITHUB_PROJECTS"
 437      73657273 
 437      5C64616E 
 437      69655C53 
 437      796E6F6C 
 438 02ab 5F4F4E5F 		.ascii	"_ON_WINDOWS\\NanoVNA-H4-Stand_Alone_Custom_Firmware"
 438      57494E44 
 438      4F57535C 
ARM GAS  C:\msys64\tmp\ccSRND14.s 			page 13


 438      4E616E6F 
 438      564E412D 
 439 02dd 00       		.ascii	"\000"
 440              	.LASF13:
 441 02de 5F426F6F 		.ascii	"_Bool\000"
 441      6C00
 442              	.LASF20:
 443 02e4 4D535F52 		.ascii	"MS_RLC\000"
 443      4C4300
 444              		.ident	"GCC: (Arm GNU Toolchain 14.3.Rel1 (Build arm-14.174)) 14.3.1 20250623"
ARM GAS  C:\msys64\tmp\ccSRND14.s 			page 14


DEFINED SYMBOLS
                            *ABS*:00000000 Font5x7.c
C:\msys64\tmp\ccSRND14.s:23     .rodata.x5x7_bits:00000000 x5x7_bits
C:\msys64\tmp\ccSRND14.s:20     .rodata.x5x7_bits:00000000 $d

NO UNDEFINED SYMBOLS
