ARM GAS  C:\msys64\tmp\ccWYc80M.s 			page 1


   1              		.cpu cortex-m4
   2              		.arch armv7e-m
   3              		.fpu fpv4-sp-d16
   4              		.eabi_attribute 27, 1
   5              		.eabi_attribute 28, 1
   6              		.eabi_attribute 23, 1
   7              		.eabi_attribute 24, 1
   8              		.eabi_attribute 25, 1
   9              		.eabi_attribute 26, 1
  10              		.eabi_attribute 30, 2
  11              		.eabi_attribute 34, 1
  12              		.eabi_attribute 18, 4
  13              		.file	"hal_st_lld.c"
  14              		.text
  15              	.Ltext0:
  16              		.cfi_sections	.debug_frame
  17              		.file 1 "ChibiOS/os/hal/ports/STM32/LLD/TIMv1/hal_st_lld.c"
  18              		.section	.text.VectorB0,"ax",%progbits
  19              		.align	1
  20              		.p2align 4,,15
  21              		.global	VectorB0
  22              		.syntax unified
  23              		.thumb
  24              		.thumb_func
  25              		.type	VectorB0, %function
  26              	VectorB0:
  27              	.LFB233:
  28              		.loc 1 239 30 view -0
  29              		.cfi_startproc
  30              		@ args = 0, pretend = 0, frame = 0
  31              		@ frame_needed = 0, uses_anonymous_args = 0
  32              		.loc 1 241 3 view .LVU1
  33              		.loc 1 241 3 view .LVU2
  34              		.loc 1 241 3 view .LVU3
  35              		.loc 1 241 3 view .LVU4
  36              		.loc 1 241 3 view .LVU5
  37              		.loc 1 241 22 view .LVU6
  38              		.loc 1 246 3 view .LVU7
  39              		.loc 1 246 20 is_stmt 0 view .LVU8
  40 0000 4FF08043 		mov	r3, #1073741824
  41 0004 1A69     		ldr	r2, [r3, #16]
  42              		.loc 1 246 6 view .LVU9
  43 0006 9207     		lsls	r2, r2, #30
  44 0008 01D4     		bmi	.L11
  45              		.loc 1 254 3 is_stmt 1 view .LVU10
  46              		.loc 1 254 3 view .LVU11
  47              		.loc 1 254 3 view .LVU12
  48              		.loc 1 254 3 view .LVU13
  49              		.loc 1 254 3 view .LVU14
  50 000a FFF7FEBF 		b	_port_irq_epilogue
  51              	.LVL0:
  52              	.L11:
  53              		.loc 1 247 5 view .LVU15
  54              		.loc 1 239 30 is_stmt 0 view .LVU16
  55 000e 10B5     		push	{r4, lr}
  56              		.cfi_def_cfa_offset 8
  57              		.cfi_offset 4, -8
ARM GAS  C:\msys64\tmp\ccWYc80M.s 			page 2


  58              		.cfi_offset 14, -4
  59              		.loc 1 247 22 view .LVU17
  60 0010 0024     		movs	r4, #0
  61 0012 1C61     		str	r4, [r3, #16]
  62              		.loc 1 249 5 is_stmt 1 view .LVU18
  63              	.LBB52:
  64              	.LBI52:
  65              		.file 2 "ChibiOS/os/hal/osal/rt/osal.h"
  66              		.loc 2 513 20 view .LVU19
  67              		.loc 2 515 3 view .LVU20
  68              	.LBB53:
  69              	.LBI53:
  70              		.file 3 "ChibiOS/os/rt/include/chsys.h"
  71              		.loc 3 414 20 view .LVU21
  72              		.loc 3 416 3 view .LVU22
  73              	.LBB54:
  74              	.LBI54:
  75              		.file 4 "ChibiOS/os/common/ports/ARMCMx/chcore_v7m.h"
  76              		.loc 4 643 20 view .LVU23
  77              		.loc 4 645 3 view .LVU24
  78              	.LBB55:
  79              	.LBI55:
  80              		.loc 4 604 20 view .LVU25
  81              		.loc 4 612 3 view .LVU26
  82              	.LVL1:
  83              	.LBB56:
  84              	.LBI56:
  85              		.file 5 "ChibiOS/os/common/ext/CMSIS/include/core_cmFunc.h"
  86              		.loc 5 546 57 view .LVU27
  87              	.LBB57:
  88              		.loc 5 548 3 view .LVU28
  89 0014 2023     		movs	r3, #32
  90              		.syntax unified
  91              	@ 548 "ChibiOS/os/common/ext/CMSIS/include/core_cmFunc.h" 1
  92 0016 83F31188 		MSR basepri, r3
  93              	@ 0 "" 2
  94              	.LVL2:
  95              		.loc 5 548 3 is_stmt 0 view .LVU29
  96              		.thumb
  97              		.syntax unified
  98              	.LBE57:
  99              	.LBE56:
 100              	.LBE55:
 101              	.LBE54:
 102              		.loc 3 417 34 is_stmt 1 view .LVU30
 103              		.loc 3 418 29 view .LVU31
 104              	.LBE53:
 105              	.LBE52:
 106              		.loc 1 250 5 view .LVU32
 107              	.LBB58:
 108              	.LBI58:
 109              		.loc 2 583 20 view .LVU33
 110              	.LBB59:
 111              		.loc 2 585 3 view .LVU34
 112 001a FFF7FEFF 		bl	chSysTimerHandlerI
 113              	.LVL3:
 114              	.LBE59:
ARM GAS  C:\msys64\tmp\ccWYc80M.s 			page 3


 115              	.LBE58:
 116              		.loc 1 251 5 view .LVU35
 117              	.LBB60:
 118              	.LBI60:
 119              		.loc 2 524 20 view .LVU36
 120              	.LBB61:
 121              		.loc 2 526 3 view .LVU37
 122              	.LBB62:
 123              	.LBI62:
 124              		.loc 3 434 20 view .LVU38
 125              		.loc 3 436 31 view .LVU39
 126              		.loc 3 437 33 view .LVU40
 127              		.loc 3 438 3 view .LVU41
 128              	.LBB63:
 129              	.LBI63:
 130              		.loc 4 654 20 view .LVU42
 131              		.loc 4 656 3 view .LVU43
 132              	.LBB64:
 133              	.LBI64:
 134              		.loc 4 628 20 view .LVU44
 135              		.loc 4 631 3 view .LVU45
 136              	.LBB65:
 137              	.LBI65:
 138              		.loc 5 546 57 view .LVU46
 139              	.LBB66:
 140              		.loc 5 548 3 view .LVU47
 141              		.syntax unified
 142              	@ 548 "ChibiOS/os/common/ext/CMSIS/include/core_cmFunc.h" 1
 143 001e 84F31188 		MSR basepri, r4
 144              	@ 0 "" 2
 145              	.LVL4:
 146              		.loc 5 548 3 is_stmt 0 view .LVU48
 147              		.thumb
 148              		.syntax unified
 149              	.LBE66:
 150              	.LBE65:
 151              	.LBE64:
 152              	.LBE63:
 153              	.LBE62:
 154              	.LBE61:
 155              	.LBE60:
 156              		.loc 1 254 3 is_stmt 1 view .LVU49
 157              		.loc 1 254 3 view .LVU50
 158              		.loc 1 254 3 view .LVU51
 159              		.loc 1 254 3 view .LVU52
 160              		.loc 1 254 3 view .LVU53
 161              		.loc 1 255 1 is_stmt 0 view .LVU54
 162 0022 BDE81040 		pop	{r4, lr}
 163              		.cfi_restore 14
 164              		.cfi_restore 4
 165              		.cfi_def_cfa_offset 0
 166              		.loc 1 254 3 view .LVU55
 167 0026 FFF7FEBF 		b	_port_irq_epilogue
 168              	.LVL5:
 169              		.cfi_endproc
 170              	.LFE233:
 171              		.size	VectorB0, .-VectorB0
ARM GAS  C:\msys64\tmp\ccWYc80M.s 			page 4


 172 002a 00BF     		.section	.text.st_lld_init,"ax",%progbits
 173              		.align	1
 174              		.p2align 4,,15
 175              		.global	st_lld_init
 176              		.syntax unified
 177              		.thumb
 178              		.thumb_func
 179              		.type	st_lld_init, %function
 180              	st_lld_init:
 181              	.LFB234:
 182              		.loc 1 267 24 is_stmt 1 view -0
 183              		.cfi_startproc
 184              		@ args = 0, pretend = 0, frame = 0
 185              		@ frame_needed = 0, uses_anonymous_args = 0
 186              		@ link register save eliminated.
 187              		.loc 1 273 3 view .LVU57
 188 0000 0F49     		ldr	r1, .L14
 189              		.loc 1 276 3 is_stmt 0 view .LVU58
 190 0002 1048     		ldr	r0, .L14+4
 191              		.loc 1 273 3 view .LVU59
 192 0004 CA69     		ldr	r2, [r1, #28]
 193 0006 42F00102 		orr	r2, r2, #1
 194              		.loc 1 267 24 view .LVU60
 195 000a 30B4     		push	{r4, r5}
 196              		.cfi_def_cfa_offset 8
 197              		.cfi_offset 4, -8
 198              		.cfi_offset 5, -4
 199              		.loc 1 273 3 view .LVU61
 200 000c CA61     		str	r2, [r1, #28]
 201              		.loc 1 273 20 is_stmt 1 view .LVU62
 202              		.loc 1 276 3 view .LVU63
 203 000e 8168     		ldr	r1, [r0, #8]
 204              		.loc 1 279 24 is_stmt 0 view .LVU64
 205 0010 4FF08043 		mov	r3, #1073741824
 206 0014 40F2CF24 		movw	r4, #719
 207              		.loc 1 276 3 view .LVU65
 208 0018 41F00101 		orr	r1, r1, #1
 209 001c 8160     		str	r1, [r0, #8]
 210              		.loc 1 279 3 is_stmt 1 view .LVU66
 211              		.loc 1 281 24 is_stmt 0 view .LVU67
 212 001e 0022     		movs	r2, #0
 213              		.loc 1 279 24 view .LVU68
 214 0020 9C62     		str	r4, [r3, #40]
 215              		.loc 1 280 3 is_stmt 1 view .LVU69
 216              		.loc 1 280 24 is_stmt 0 view .LVU70
 217 0022 4FF0FF35 		mov	r5, #-1
 218              		.loc 1 285 24 view .LVU71
 219 0026 0124     		movs	r4, #1
 220              		.loc 1 280 24 view .LVU72
 221 0028 DD62     		str	r5, [r3, #44]
 222              		.loc 1 281 3 is_stmt 1 view .LVU73
 223              		.loc 1 289 3 is_stmt 0 view .LVU74
 224 002a 0221     		movs	r1, #2
 225              		.loc 1 281 24 view .LVU75
 226 002c 9A61     		str	r2, [r3, #24]
 227              		.loc 1 282 3 is_stmt 1 view .LVU76
 228              		.loc 1 289 3 is_stmt 0 view .LVU77
ARM GAS  C:\msys64\tmp\ccWYc80M.s 			page 5


 229 002e 1C20     		movs	r0, #28
 230              		.loc 1 282 24 view .LVU78
 231 0030 5A63     		str	r2, [r3, #52]
 232              		.loc 1 283 3 is_stmt 1 view .LVU79
 233              		.loc 1 283 24 is_stmt 0 view .LVU80
 234 0032 DA60     		str	r2, [r3, #12]
 235              		.loc 1 284 3 is_stmt 1 view .LVU81
 236              		.loc 1 284 24 is_stmt 0 view .LVU82
 237 0034 5A60     		str	r2, [r3, #4]
 238              		.loc 1 285 3 is_stmt 1 view .LVU83
 239              		.loc 1 285 24 is_stmt 0 view .LVU84
 240 0036 5C61     		str	r4, [r3, #20]
 241              		.loc 1 286 3 is_stmt 1 view .LVU85
 242              		.loc 1 286 24 is_stmt 0 view .LVU86
 243 0038 1C60     		str	r4, [r3]
 244              		.loc 1 289 3 is_stmt 1 view .LVU87
 245              		.loc 1 304 1 is_stmt 0 view .LVU88
 246 003a 30BC     		pop	{r4, r5}
 247              		.cfi_restore 5
 248              		.cfi_restore 4
 249              		.cfi_def_cfa_offset 0
 250              		.loc 1 289 3 view .LVU89
 251 003c FFF7FEBF 		b	nvicEnableVector
 252              	.LVL6:
 253              	.L15:
 254              		.align	2
 255              	.L14:
 256 0040 00100240 		.word	1073876992
 257 0044 002004E0 		.word	-536600576
 258              		.cfi_endproc
 259              	.LFE234:
 260              		.size	st_lld_init, .-st_lld_init
 261              		.text
 262              	.Letext0:
 263              		.file 6 "C:/Program Files (x86)/Arm GNU Toolchain arm-none-eabi/14.3 rel1/arm-none-eabi/include/ma
 264              		.file 7 "C:/Program Files (x86)/Arm GNU Toolchain arm-none-eabi/14.3 rel1/arm-none-eabi/include/sy
 265              		.file 8 "ChibiOS/os/common/ext/CMSIS/ST/STM32F3xx/stm32f303xc.h"
 266              		.file 9 "ChibiOS/os/hal/ports/STM32/LLD/TIMv1/stm32_tim.h"
 267              		.file 10 "ChibiOS/os/hal/ports/common/ARMCMx/nvic.h"
 268              		.section	.debug_info,"",%progbits
 269              	.Ldebug_info0:
 270 0000 03050000 		.4byte	0x503
 271 0004 0500     		.2byte	0x5
 272 0006 01       		.byte	0x1
 273 0007 04       		.byte	0x4
 274 0008 00000000 		.4byte	.Ldebug_abbrev0
 275 000c 12       		.uleb128 0x12
 276 000d 60010000 		.4byte	.LASF52
 277 0011 1D       		.byte	0x1d
 278 0012 FC030000 		.4byte	.LASF53
 279 0016 3A000000 		.4byte	.LASF54
 280 001a 0C000000 		.4byte	.LLRL2
 281 001e 00000000 		.4byte	0
 282 0022 00000000 		.4byte	.Ldebug_line0
 283 0026 13       		.uleb128 0x13
 284 0027 04       		.byte	0x4
 285 0028 05       		.byte	0x5
ARM GAS  C:\msys64\tmp\ccWYc80M.s 			page 6


 286 0029 696E7400 		.ascii	"int\000"
 287 002d 03       		.uleb128 0x3
 288 002e 04       		.byte	0x4
 289 002f 07       		.byte	0x7
 290 0030 26030000 		.4byte	.LASF0
 291 0034 03       		.uleb128 0x3
 292 0035 08       		.byte	0x8
 293 0036 05       		.byte	0x5
 294 0037 17010000 		.4byte	.LASF1
 295 003b 03       		.uleb128 0x3
 296 003c 08       		.byte	0x8
 297 003d 04       		.byte	0x4
 298 003e 9A020000 		.4byte	.LASF2
 299 0042 03       		.uleb128 0x3
 300 0043 01       		.byte	0x1
 301 0044 06       		.byte	0x6
 302 0045 FA020000 		.4byte	.LASF3
 303 0049 03       		.uleb128 0x3
 304 004a 01       		.byte	0x1
 305 004b 08       		.byte	0x8
 306 004c D3020000 		.4byte	.LASF4
 307 0050 03       		.uleb128 0x3
 308 0051 02       		.byte	0x2
 309 0052 05       		.byte	0x5
 310 0053 D8000000 		.4byte	.LASF5
 311 0057 03       		.uleb128 0x3
 312 0058 02       		.byte	0x2
 313 0059 07       		.byte	0x7
 314 005a 44030000 		.4byte	.LASF6
 315 005e 03       		.uleb128 0x3
 316 005f 04       		.byte	0x4
 317 0060 05       		.byte	0x5
 318 0061 25010000 		.4byte	.LASF7
 319 0065 0A       		.uleb128 0xa
 320 0066 CD000000 		.4byte	.LASF10
 321 006a 06       		.byte	0x6
 322 006b 4F       		.byte	0x4f
 323 006c 19       		.byte	0x19
 324 006d 71000000 		.4byte	0x71
 325 0071 03       		.uleb128 0x3
 326 0072 04       		.byte	0x4
 327 0073 07       		.byte	0x7
 328 0074 A1030000 		.4byte	.LASF8
 329 0078 03       		.uleb128 0x3
 330 0079 08       		.byte	0x8
 331 007a 07       		.byte	0x7
 332 007b 06030000 		.4byte	.LASF9
 333 007f 0A       		.uleb128 0xa
 334 0080 1D030000 		.4byte	.LASF11
 335 0084 07       		.byte	0x7
 336 0085 30       		.byte	0x30
 337 0086 14       		.byte	0x14
 338 0087 65000000 		.4byte	0x65
 339 008b 06       		.uleb128 0x6
 340 008c 7F000000 		.4byte	0x7f
 341 0090 07       		.uleb128 0x7
 342 0091 10       		.byte	0x10
ARM GAS  C:\msys64\tmp\ccWYc80M.s 			page 7


 343 0092 08       		.byte	0x8
 344 0093 5901     		.2byte	0x159
 345 0095 D1000000 		.4byte	0xd1
 346 0099 01       		.uleb128 0x1
 347 009a C1030000 		.4byte	.LASF12
 348 009e 08       		.byte	0x8
 349 009f 5B01     		.2byte	0x15b
 350 00a1 11       		.byte	0x11
 351 00a2 8B000000 		.4byte	0x8b
 352 00a6 00       		.byte	0
 353 00a7 02       		.uleb128 0x2
 354 00a8 435200   		.ascii	"CR\000"
 355 00ab 08       		.byte	0x8
 356 00ac 5C01     		.2byte	0x15c
 357 00ae 11       		.byte	0x11
 358 00af 8B000000 		.4byte	0x8b
 359 00b3 04       		.byte	0x4
 360 00b4 01       		.uleb128 0x1
 361 00b5 4A010000 		.4byte	.LASF13
 362 00b9 08       		.byte	0x8
 363 00ba 5D01     		.2byte	0x15d
 364 00bc 11       		.byte	0x11
 365 00bd 8B000000 		.4byte	0x8b
 366 00c1 08       		.byte	0x8
 367 00c2 01       		.uleb128 0x1
 368 00c3 ED000000 		.4byte	.LASF14
 369 00c7 08       		.byte	0x8
 370 00c8 5E01     		.2byte	0x15e
 371 00ca 11       		.byte	0x11
 372 00cb 8B000000 		.4byte	0x8b
 373 00cf 0C       		.byte	0xc
 374 00d0 00       		.byte	0
 375 00d1 08       		.uleb128 0x8
 376 00d2 80030000 		.4byte	.LASF15
 377 00d6 08       		.byte	0x8
 378 00d7 5F01     		.2byte	0x15f
 379 00d9 02       		.byte	0x2
 380 00da 90000000 		.4byte	0x90
 381 00de 0B       		.uleb128 0xb
 382 00df 8B000000 		.4byte	0x8b
 383 00e3 EE000000 		.4byte	0xee
 384 00e7 0C       		.uleb128 0xc
 385 00e8 2D000000 		.4byte	0x2d
 386 00ec 01       		.byte	0x1
 387 00ed 00       		.byte	0
 388 00ee 06       		.uleb128 0x6
 389 00ef DE000000 		.4byte	0xde
 390 00f3 0B       		.uleb128 0xb
 391 00f4 8B000000 		.4byte	0x8b
 392 00f8 03010000 		.4byte	0x103
 393 00fc 0C       		.uleb128 0xc
 394 00fd 2D000000 		.4byte	0x2d
 395 0101 03       		.byte	0x3
 396 0102 00       		.byte	0
 397 0103 06       		.uleb128 0x6
 398 0104 F3000000 		.4byte	0xf3
 399 0108 07       		.uleb128 0x7
ARM GAS  C:\msys64\tmp\ccWYc80M.s 			page 8


 400 0109 34       		.byte	0x34
 401 010a 08       		.byte	0x8
 402 010b FE01     		.2byte	0x1fe
 403 010d C7010000 		.4byte	0x1c7
 404 0111 02       		.uleb128 0x2
 405 0112 435200   		.ascii	"CR\000"
 406 0115 08       		.byte	0x8
 407 0116 0002     		.2byte	0x200
 408 0118 11       		.byte	0x11
 409 0119 8B000000 		.4byte	0x8b
 410 011d 00       		.byte	0
 411 011e 01       		.uleb128 0x1
 412 011f E8000000 		.4byte	.LASF16
 413 0123 08       		.byte	0x8
 414 0124 0102     		.2byte	0x201
 415 0126 11       		.byte	0x11
 416 0127 8B000000 		.4byte	0x8b
 417 012b 04       		.byte	0x4
 418 012c 02       		.uleb128 0x2
 419 012d 43495200 		.ascii	"CIR\000"
 420 0131 08       		.byte	0x8
 421 0132 0202     		.2byte	0x202
 422 0134 11       		.byte	0x11
 423 0135 8B000000 		.4byte	0x8b
 424 0139 08       		.byte	0x8
 425 013a 01       		.uleb128 0x1
 426 013b 41010000 		.4byte	.LASF17
 427 013f 08       		.byte	0x8
 428 0140 0302     		.2byte	0x203
 429 0142 11       		.byte	0x11
 430 0143 8B000000 		.4byte	0x8b
 431 0147 0C       		.byte	0xc
 432 0148 01       		.uleb128 0x1
 433 0149 2C000000 		.4byte	.LASF18
 434 014d 08       		.byte	0x8
 435 014e 0402     		.2byte	0x204
 436 0150 11       		.byte	0x11
 437 0151 8B000000 		.4byte	0x8b
 438 0155 10       		.byte	0x10
 439 0156 01       		.uleb128 0x1
 440 0157 3A010000 		.4byte	.LASF19
 441 015b 08       		.byte	0x8
 442 015c 0502     		.2byte	0x205
 443 015e 11       		.byte	0x11
 444 015f 8B000000 		.4byte	0x8b
 445 0163 14       		.byte	0x14
 446 0164 01       		.uleb128 0x1
 447 0165 E1020000 		.4byte	.LASF20
 448 0169 08       		.byte	0x8
 449 016a 0602     		.2byte	0x206
 450 016c 11       		.byte	0x11
 451 016d 8B000000 		.4byte	0x8b
 452 0171 18       		.byte	0x18
 453 0172 01       		.uleb128 0x1
 454 0173 F4000000 		.4byte	.LASF21
 455 0177 08       		.byte	0x8
 456 0178 0702     		.2byte	0x207
ARM GAS  C:\msys64\tmp\ccWYc80M.s 			page 9


 457 017a 11       		.byte	0x11
 458 017b 8B000000 		.4byte	0x8b
 459 017f 1C       		.byte	0x1c
 460 0180 01       		.uleb128 0x1
 461 0181 AD000000 		.4byte	.LASF22
 462 0185 08       		.byte	0x8
 463 0186 0802     		.2byte	0x208
 464 0188 11       		.byte	0x11
 465 0189 8B000000 		.4byte	0x8b
 466 018d 20       		.byte	0x20
 467 018e 02       		.uleb128 0x2
 468 018f 43535200 		.ascii	"CSR\000"
 469 0193 08       		.byte	0x8
 470 0194 0902     		.2byte	0x209
 471 0196 11       		.byte	0x11
 472 0197 8B000000 		.4byte	0x8b
 473 019b 24       		.byte	0x24
 474 019c 01       		.uleb128 0x1
 475 019d 0F010000 		.4byte	.LASF23
 476 01a1 08       		.byte	0x8
 477 01a2 0A02     		.2byte	0x20a
 478 01a4 11       		.byte	0x11
 479 01a5 8B000000 		.4byte	0x8b
 480 01a9 28       		.byte	0x28
 481 01aa 01       		.uleb128 0x1
 482 01ab 33030000 		.4byte	.LASF24
 483 01af 08       		.byte	0x8
 484 01b0 0B02     		.2byte	0x20b
 485 01b2 11       		.byte	0x11
 486 01b3 8B000000 		.4byte	0x8b
 487 01b7 2C       		.byte	0x2c
 488 01b8 01       		.uleb128 0x1
 489 01b9 39030000 		.4byte	.LASF25
 490 01bd 08       		.byte	0x8
 491 01be 0C02     		.2byte	0x20c
 492 01c0 11       		.byte	0x11
 493 01c1 8B000000 		.4byte	0x8b
 494 01c5 30       		.byte	0x30
 495 01c6 00       		.byte	0
 496 01c7 08       		.uleb128 0x8
 497 01c8 2E010000 		.4byte	.LASF26
 498 01cc 08       		.byte	0x8
 499 01cd 0D02     		.2byte	0x20d
 500 01cf 03       		.byte	0x3
 501 01d0 08010000 		.4byte	0x108
 502 01d4 07       		.uleb128 0x7
 503 01d5 60       		.byte	0x60
 504 01d6 09       		.byte	0x9
 505 01d7 A101     		.2byte	0x1a1
 506 01d9 F4020000 		.4byte	0x2f4
 507 01dd 02       		.uleb128 0x2
 508 01de 43523100 		.ascii	"CR1\000"
 509 01e2 09       		.byte	0x9
 510 01e3 A201     		.2byte	0x1a2
 511 01e5 19       		.byte	0x19
 512 01e6 8B000000 		.4byte	0x8b
 513 01ea 00       		.byte	0
ARM GAS  C:\msys64\tmp\ccWYc80M.s 			page 10


 514 01eb 02       		.uleb128 0x2
 515 01ec 43523200 		.ascii	"CR2\000"
 516 01f0 09       		.byte	0x9
 517 01f1 A301     		.2byte	0x1a3
 518 01f3 19       		.byte	0x19
 519 01f4 8B000000 		.4byte	0x8b
 520 01f8 04       		.byte	0x4
 521 01f9 01       		.uleb128 0x1
 522 01fa BB020000 		.4byte	.LASF27
 523 01fe 09       		.byte	0x9
 524 01ff A401     		.2byte	0x1a4
 525 0201 19       		.byte	0x19
 526 0202 8B000000 		.4byte	0x8b
 527 0206 08       		.byte	0x8
 528 0207 01       		.uleb128 0x1
 529 0208 3F030000 		.4byte	.LASF28
 530 020c 09       		.byte	0x9
 531 020d A501     		.2byte	0x1a5
 532 020f 19       		.byte	0x19
 533 0210 8B000000 		.4byte	0x8b
 534 0214 0C       		.byte	0xc
 535 0215 02       		.uleb128 0x2
 536 0216 535200   		.ascii	"SR\000"
 537 0219 09       		.byte	0x9
 538 021a A601     		.2byte	0x1a6
 539 021c 19       		.byte	0x19
 540 021d 8B000000 		.4byte	0x8b
 541 0221 10       		.byte	0x10
 542 0222 02       		.uleb128 0x2
 543 0223 45475200 		.ascii	"EGR\000"
 544 0227 09       		.byte	0x9
 545 0228 A701     		.2byte	0x1a7
 546 022a 19       		.byte	0x19
 547 022b 8B000000 		.4byte	0x8b
 548 022f 14       		.byte	0x14
 549 0230 01       		.uleb128 0x1
 550 0231 9C000000 		.4byte	.LASF29
 551 0235 09       		.byte	0x9
 552 0236 A801     		.2byte	0x1a8
 553 0238 19       		.byte	0x19
 554 0239 8B000000 		.4byte	0x8b
 555 023d 18       		.byte	0x18
 556 023e 01       		.uleb128 0x1
 557 023f A2000000 		.4byte	.LASF30
 558 0243 09       		.byte	0x9
 559 0244 A901     		.2byte	0x1a9
 560 0246 19       		.byte	0x19
 561 0247 8B000000 		.4byte	0x8b
 562 024b 1C       		.byte	0x1c
 563 024c 01       		.uleb128 0x1
 564 024d 13000000 		.4byte	.LASF31
 565 0251 09       		.byte	0x9
 566 0252 AA01     		.2byte	0x1aa
 567 0254 19       		.byte	0x19
 568 0255 8B000000 		.4byte	0x8b
 569 0259 20       		.byte	0x20
 570 025a 02       		.uleb128 0x2
ARM GAS  C:\msys64\tmp\ccWYc80M.s 			page 11


 571 025b 434E5400 		.ascii	"CNT\000"
 572 025f 09       		.byte	0x9
 573 0260 AB01     		.2byte	0x1ab
 574 0262 19       		.byte	0x19
 575 0263 8B000000 		.4byte	0x8b
 576 0267 24       		.byte	0x24
 577 0268 02       		.uleb128 0x2
 578 0269 50534300 		.ascii	"PSC\000"
 579 026d 09       		.byte	0x9
 580 026e AC01     		.2byte	0x1ac
 581 0270 19       		.byte	0x19
 582 0271 8B000000 		.4byte	0x8b
 583 0275 28       		.byte	0x28
 584 0276 02       		.uleb128 0x2
 585 0277 41525200 		.ascii	"ARR\000"
 586 027b 09       		.byte	0x9
 587 027c AD01     		.2byte	0x1ad
 588 027e 19       		.byte	0x19
 589 027f 8B000000 		.4byte	0x8b
 590 0283 2C       		.byte	0x2c
 591 0284 02       		.uleb128 0x2
 592 0285 52435200 		.ascii	"RCR\000"
 593 0289 09       		.byte	0x9
 594 028a AE01     		.2byte	0x1ae
 595 028c 19       		.byte	0x19
 596 028d 8B000000 		.4byte	0x8b
 597 0291 30       		.byte	0x30
 598 0292 02       		.uleb128 0x2
 599 0293 43435200 		.ascii	"CCR\000"
 600 0297 09       		.byte	0x9
 601 0298 AF01     		.2byte	0x1af
 602 029a 19       		.byte	0x19
 603 029b 03010000 		.4byte	0x103
 604 029f 34       		.byte	0x34
 605 02a0 01       		.uleb128 0x1
 606 02a1 68030000 		.4byte	.LASF32
 607 02a5 09       		.byte	0x9
 608 02a6 B001     		.2byte	0x1b0
 609 02a8 19       		.byte	0x19
 610 02a9 8B000000 		.4byte	0x8b
 611 02ad 44       		.byte	0x44
 612 02ae 02       		.uleb128 0x2
 613 02af 44435200 		.ascii	"DCR\000"
 614 02b3 09       		.byte	0x9
 615 02b4 B101     		.2byte	0x1b1
 616 02b6 19       		.byte	0x19
 617 02b7 8B000000 		.4byte	0x8b
 618 02bb 48       		.byte	0x48
 619 02bc 01       		.uleb128 0x1
 620 02bd 35000000 		.4byte	.LASF33
 621 02c1 09       		.byte	0x9
 622 02c2 B201     		.2byte	0x1b2
 623 02c4 19       		.byte	0x19
 624 02c5 8B000000 		.4byte	0x8b
 625 02c9 4C       		.byte	0x4c
 626 02ca 02       		.uleb128 0x2
 627 02cb 4F5200   		.ascii	"OR\000"
ARM GAS  C:\msys64\tmp\ccWYc80M.s 			page 12


 628 02ce 09       		.byte	0x9
 629 02cf B301     		.2byte	0x1b3
 630 02d1 19       		.byte	0x19
 631 02d2 8B000000 		.4byte	0x8b
 632 02d6 50       		.byte	0x50
 633 02d7 01       		.uleb128 0x1
 634 02d8 5A010000 		.4byte	.LASF34
 635 02dc 09       		.byte	0x9
 636 02dd B401     		.2byte	0x1b4
 637 02df 19       		.byte	0x19
 638 02e0 8B000000 		.4byte	0x8b
 639 02e4 54       		.byte	0x54
 640 02e5 01       		.uleb128 0x1
 641 02e6 A8000000 		.4byte	.LASF35
 642 02ea 09       		.byte	0x9
 643 02eb B501     		.2byte	0x1b5
 644 02ed 19       		.byte	0x19
 645 02ee EE000000 		.4byte	0xee
 646 02f2 58       		.byte	0x58
 647 02f3 00       		.byte	0
 648 02f4 08       		.uleb128 0x8
 649 02f5 5C030000 		.4byte	.LASF36
 650 02f9 09       		.byte	0x9
 651 02fa B601     		.2byte	0x1b6
 652 02fc 03       		.byte	0x3
 653 02fd D4010000 		.4byte	0x1d4
 654 0301 03       		.uleb128 0x3
 655 0302 01       		.byte	0x1
 656 0303 08       		.byte	0x8
 657 0304 57030000 		.4byte	.LASF37
 658 0308 03       		.uleb128 0x3
 659 0309 01       		.byte	0x1
 660 030a 02       		.byte	0x2
 661 030b 8F030000 		.4byte	.LASF38
 662 030f 14       		.uleb128 0x14
 663 0310 E9020000 		.4byte	.LASF55
 664 0314 0A       		.byte	0xa
 665 0315 4E       		.byte	0x4e
 666 0316 08       		.byte	0x8
 667 0317 26030000 		.4byte	0x326
 668 031b 0D       		.uleb128 0xd
 669 031c 7F000000 		.4byte	0x7f
 670 0320 0D       		.uleb128 0xd
 671 0321 7F000000 		.4byte	0x7f
 672 0325 00       		.byte	0
 673 0326 0E       		.uleb128 0xe
 674 0327 DD030000 		.4byte	.LASF39
 675 032b 03       		.byte	0x3
 676 032c 3401     		.2byte	0x134
 677 032e 0E       		.uleb128 0xe
 678 032f C0020000 		.4byte	.LASF40
 679 0333 04       		.byte	0x4
 680 0334 F101     		.2byte	0x1f1
 681 0336 15       		.uleb128 0x15
 682 0337 F0030000 		.4byte	.LASF41
 683 033b 01       		.byte	0x1
 684 033c 0B01     		.2byte	0x10b
ARM GAS  C:\msys64\tmp\ccWYc80M.s 			page 13


 685 033e 06       		.byte	0x6
 686 033f 00000000 		.4byte	.LFB234
 687 0343 48000000 		.4byte	.LFE234-.LFB234
 688 0347 01       		.uleb128 0x1
 689 0348 9C       		.byte	0x9c
 690 0349 62030000 		.4byte	0x362
 691 034d 16       		.uleb128 0x16
 692 034e 40000000 		.4byte	.LVL6
 693 0352 0F030000 		.4byte	0x30f
 694 0356 0F       		.uleb128 0xf
 695 0357 01       		.uleb128 0x1
 696 0358 50       		.byte	0x50
 697 0359 01       		.uleb128 0x1
 698 035a 4C       		.byte	0x4c
 699 035b 0F       		.uleb128 0xf
 700 035c 01       		.uleb128 0x1
 701 035d 51       		.byte	0x51
 702 035e 01       		.uleb128 0x1
 703 035f 32       		.byte	0x32
 704 0360 00       		.byte	0
 705 0361 00       		.byte	0
 706 0362 17       		.uleb128 0x17
 707 0363 51010000 		.4byte	.LASF42
 708 0367 01       		.byte	0x1
 709 0368 EF       		.byte	0xef
 710 0369 01       		.byte	0x1
 711 036a 00000000 		.4byte	.LFB233
 712 036e 2A000000 		.4byte	.LFE233-.LFB233
 713 0372 01       		.uleb128 0x1
 714 0373 9C       		.byte	0x9c
 715 0374 A6040000 		.4byte	0x4a6
 716 0378 09       		.uleb128 0x9
 717 0379 B6040000 		.4byte	0x4b6
 718 037d 14000000 		.4byte	.LBI52
 719 0381 01       		.byte	.LVU19
 720 0382 14000000 		.4byte	.LBB52
 721 0386 06000000 		.4byte	.LBE52-.LBB52
 722 038a F9       		.byte	0xf9
 723 038b F5030000 		.4byte	0x3f5
 724 038f 05       		.uleb128 0x5
 725 0390 C6040000 		.4byte	0x4c6
 726 0394 14000000 		.4byte	.LBI53
 727 0398 03       		.byte	.LVU21
 728 0399 14000000 		.4byte	.LBB53
 729 039d 06000000 		.4byte	.LBE53-.LBB53
 730 03a1 02       		.byte	0x2
 731 03a2 0302     		.2byte	0x203
 732 03a4 05       		.uleb128 0x5
 733 03a5 D6040000 		.4byte	0x4d6
 734 03a9 14000000 		.4byte	.LBI54
 735 03ad 05       		.byte	.LVU23
 736 03ae 14000000 		.4byte	.LBB54
 737 03b2 06000000 		.4byte	.LBE54-.LBB54
 738 03b6 03       		.byte	0x3
 739 03b7 A001     		.2byte	0x1a0
 740 03b9 05       		.uleb128 0x5
 741 03ba E6040000 		.4byte	0x4e6
ARM GAS  C:\msys64\tmp\ccWYc80M.s 			page 14


 742 03be 14000000 		.4byte	.LBI55
 743 03c2 07       		.byte	.LVU25
 744 03c3 14000000 		.4byte	.LBB55
 745 03c7 06000000 		.4byte	.LBE55-.LBB55
 746 03cb 04       		.byte	0x4
 747 03cc 8502     		.2byte	0x285
 748 03ce 05       		.uleb128 0x5
 749 03cf EE040000 		.4byte	0x4ee
 750 03d3 14000000 		.4byte	.LBI56
 751 03d7 09       		.byte	.LVU27
 752 03d8 14000000 		.4byte	.LBB56
 753 03dc 06000000 		.4byte	.LBE56-.LBB56
 754 03e0 04       		.byte	0x4
 755 03e1 6402     		.2byte	0x264
 756 03e3 10       		.uleb128 0x10
 757 03e4 F8040000 		.4byte	0x4f8
 758 03e8 0E000000 		.4byte	.LLST0
 759 03ec 0C000000 		.4byte	.LVUS0
 760 03f0 00       		.byte	0
 761 03f1 00       		.byte	0
 762 03f2 00       		.byte	0
 763 03f3 00       		.byte	0
 764 03f4 00       		.byte	0
 765 03f5 09       		.uleb128 0x9
 766 03f6 A6040000 		.4byte	0x4a6
 767 03fa 1A000000 		.4byte	.LBI58
 768 03fe 04       		.byte	.LVU33
 769 03ff 1A000000 		.4byte	.LBB58
 770 0403 04000000 		.4byte	.LBE58-.LBB58
 771 0407 FA       		.byte	0xfa
 772 0408 16040000 		.4byte	0x416
 773 040c 18       		.uleb128 0x18
 774 040d 1E000000 		.4byte	.LVL3
 775 0411 26030000 		.4byte	0x326
 776 0415 00       		.byte	0
 777 0416 09       		.uleb128 0x9
 778 0417 AE040000 		.4byte	0x4ae
 779 041b 1E000000 		.4byte	.LBI60
 780 041f 01       		.byte	.LVU36
 781 0420 1E000000 		.4byte	.LBB60
 782 0424 04000000 		.4byte	.LBE60-.LBB60
 783 0428 FB       		.byte	0xfb
 784 0429 93040000 		.4byte	0x493
 785 042d 05       		.uleb128 0x5
 786 042e BE040000 		.4byte	0x4be
 787 0432 1E000000 		.4byte	.LBI62
 788 0436 03       		.byte	.LVU38
 789 0437 1E000000 		.4byte	.LBB62
 790 043b 04000000 		.4byte	.LBE62-.LBB62
 791 043f 02       		.byte	0x2
 792 0440 0E02     		.2byte	0x20e
 793 0442 05       		.uleb128 0x5
 794 0443 CE040000 		.4byte	0x4ce
 795 0447 1E000000 		.4byte	.LBI63
 796 044b 07       		.byte	.LVU42
 797 044c 1E000000 		.4byte	.LBB63
 798 0450 04000000 		.4byte	.LBE63-.LBB63
ARM GAS  C:\msys64\tmp\ccWYc80M.s 			page 15


 799 0454 03       		.byte	0x3
 800 0455 B601     		.2byte	0x1b6
 801 0457 05       		.uleb128 0x5
 802 0458 DE040000 		.4byte	0x4de
 803 045c 1E000000 		.4byte	.LBI64
 804 0460 09       		.byte	.LVU44
 805 0461 1E000000 		.4byte	.LBB64
 806 0465 04000000 		.4byte	.LBE64-.LBB64
 807 0469 04       		.byte	0x4
 808 046a 9002     		.2byte	0x290
 809 046c 05       		.uleb128 0x5
 810 046d EE040000 		.4byte	0x4ee
 811 0471 1E000000 		.4byte	.LBI65
 812 0475 0B       		.byte	.LVU46
 813 0476 1E000000 		.4byte	.LBB65
 814 047a 04000000 		.4byte	.LBE65-.LBB65
 815 047e 04       		.byte	0x4
 816 047f 7702     		.2byte	0x277
 817 0481 10       		.uleb128 0x10
 818 0482 F8040000 		.4byte	0x4f8
 819 0486 1B000000 		.4byte	.LLST1
 820 048a 19000000 		.4byte	.LVUS1
 821 048e 00       		.byte	0
 822 048f 00       		.byte	0
 823 0490 00       		.byte	0
 824 0491 00       		.byte	0
 825 0492 00       		.byte	0
 826 0493 11       		.uleb128 0x11
 827 0494 0E000000 		.4byte	.LVL0
 828 0498 2E030000 		.4byte	0x32e
 829 049c 11       		.uleb128 0x11
 830 049d 2A000000 		.4byte	.LVL5
 831 04a1 2E030000 		.4byte	0x32e
 832 04a5 00       		.byte	0
 833 04a6 04       		.uleb128 0x4
 834 04a7 18000000 		.4byte	.LASF43
 835 04ab 02       		.byte	0x2
 836 04ac 4702     		.2byte	0x247
 837 04ae 04       		.uleb128 0x4
 838 04af A6020000 		.4byte	.LASF44
 839 04b3 02       		.byte	0x2
 840 04b4 0C02     		.2byte	0x20c
 841 04b6 04       		.uleb128 0x4
 842 04b7 6D030000 		.4byte	.LASF45
 843 04bb 02       		.byte	0x2
 844 04bc 0102     		.2byte	0x201
 845 04be 04       		.uleb128 0x4
 846 04bf FC000000 		.4byte	.LASF46
 847 04c3 03       		.byte	0x3
 848 04c4 B201     		.2byte	0x1b2
 849 04c6 04       		.uleb128 0x4
 850 04c7 B2000000 		.4byte	.LASF47
 851 04cb 03       		.byte	0x3
 852 04cc 9E01     		.2byte	0x19e
 853 04ce 04       		.uleb128 0x4
 854 04cf C8030000 		.4byte	.LASF48
 855 04d3 04       		.byte	0x4
ARM GAS  C:\msys64\tmp\ccWYc80M.s 			page 16


 856 04d4 8E02     		.2byte	0x28e
 857 04d6 04       		.uleb128 0x4
 858 04d7 00000000 		.4byte	.LASF49
 859 04db 04       		.byte	0x4
 860 04dc 8302     		.2byte	0x283
 861 04de 04       		.uleb128 0x4
 862 04df 95030000 		.4byte	.LASF50
 863 04e3 04       		.byte	0x4
 864 04e4 7402     		.2byte	0x274
 865 04e6 04       		.uleb128 0x4
 866 04e7 C3000000 		.4byte	.LASF51
 867 04eb 04       		.byte	0x4
 868 04ec 5C02     		.2byte	0x25c
 869 04ee 19       		.uleb128 0x19
 870 04ef B3030000 		.4byte	.LASF56
 871 04f3 05       		.byte	0x5
 872 04f4 2202     		.2byte	0x222
 873 04f6 39       		.byte	0x39
 874 04f7 03       		.byte	0x3
 875 04f8 1A       		.uleb128 0x1a
 876 04f9 E2000000 		.4byte	.LASF57
 877 04fd 05       		.byte	0x5
 878 04fe 2202     		.2byte	0x222
 879 0500 50       		.byte	0x50
 880 0501 7F000000 		.4byte	0x7f
 881 0505 00       		.byte	0
 882 0506 00       		.byte	0
 883              		.section	.debug_abbrev,"",%progbits
 884              	.Ldebug_abbrev0:
 885 0000 01       		.uleb128 0x1
 886 0001 0D       		.uleb128 0xd
 887 0002 00       		.byte	0
 888 0003 03       		.uleb128 0x3
 889 0004 0E       		.uleb128 0xe
 890 0005 3A       		.uleb128 0x3a
 891 0006 0B       		.uleb128 0xb
 892 0007 3B       		.uleb128 0x3b
 893 0008 05       		.uleb128 0x5
 894 0009 39       		.uleb128 0x39
 895 000a 0B       		.uleb128 0xb
 896 000b 49       		.uleb128 0x49
 897 000c 13       		.uleb128 0x13
 898 000d 38       		.uleb128 0x38
 899 000e 0B       		.uleb128 0xb
 900 000f 00       		.byte	0
 901 0010 00       		.byte	0
 902 0011 02       		.uleb128 0x2
 903 0012 0D       		.uleb128 0xd
 904 0013 00       		.byte	0
 905 0014 03       		.uleb128 0x3
 906 0015 08       		.uleb128 0x8
 907 0016 3A       		.uleb128 0x3a
 908 0017 0B       		.uleb128 0xb
 909 0018 3B       		.uleb128 0x3b
 910 0019 05       		.uleb128 0x5
 911 001a 39       		.uleb128 0x39
 912 001b 0B       		.uleb128 0xb
ARM GAS  C:\msys64\tmp\ccWYc80M.s 			page 17


 913 001c 49       		.uleb128 0x49
 914 001d 13       		.uleb128 0x13
 915 001e 38       		.uleb128 0x38
 916 001f 0B       		.uleb128 0xb
 917 0020 00       		.byte	0
 918 0021 00       		.byte	0
 919 0022 03       		.uleb128 0x3
 920 0023 24       		.uleb128 0x24
 921 0024 00       		.byte	0
 922 0025 0B       		.uleb128 0xb
 923 0026 0B       		.uleb128 0xb
 924 0027 3E       		.uleb128 0x3e
 925 0028 0B       		.uleb128 0xb
 926 0029 03       		.uleb128 0x3
 927 002a 0E       		.uleb128 0xe
 928 002b 00       		.byte	0
 929 002c 00       		.byte	0
 930 002d 04       		.uleb128 0x4
 931 002e 2E       		.uleb128 0x2e
 932 002f 00       		.byte	0
 933 0030 03       		.uleb128 0x3
 934 0031 0E       		.uleb128 0xe
 935 0032 3A       		.uleb128 0x3a
 936 0033 0B       		.uleb128 0xb
 937 0034 3B       		.uleb128 0x3b
 938 0035 05       		.uleb128 0x5
 939 0036 39       		.uleb128 0x39
 940 0037 21       		.uleb128 0x21
 941 0038 14       		.sleb128 20
 942 0039 27       		.uleb128 0x27
 943 003a 19       		.uleb128 0x19
 944 003b 20       		.uleb128 0x20
 945 003c 21       		.uleb128 0x21
 946 003d 03       		.sleb128 3
 947 003e 00       		.byte	0
 948 003f 00       		.byte	0
 949 0040 05       		.uleb128 0x5
 950 0041 1D       		.uleb128 0x1d
 951 0042 01       		.byte	0x1
 952 0043 31       		.uleb128 0x31
 953 0044 13       		.uleb128 0x13
 954 0045 52       		.uleb128 0x52
 955 0046 01       		.uleb128 0x1
 956 0047 B842     		.uleb128 0x2138
 957 0049 0B       		.uleb128 0xb
 958 004a 11       		.uleb128 0x11
 959 004b 01       		.uleb128 0x1
 960 004c 12       		.uleb128 0x12
 961 004d 06       		.uleb128 0x6
 962 004e 58       		.uleb128 0x58
 963 004f 0B       		.uleb128 0xb
 964 0050 59       		.uleb128 0x59
 965 0051 05       		.uleb128 0x5
 966 0052 57       		.uleb128 0x57
 967 0053 21       		.uleb128 0x21
 968 0054 03       		.sleb128 3
 969 0055 00       		.byte	0
ARM GAS  C:\msys64\tmp\ccWYc80M.s 			page 18


 970 0056 00       		.byte	0
 971 0057 06       		.uleb128 0x6
 972 0058 35       		.uleb128 0x35
 973 0059 00       		.byte	0
 974 005a 49       		.uleb128 0x49
 975 005b 13       		.uleb128 0x13
 976 005c 00       		.byte	0
 977 005d 00       		.byte	0
 978 005e 07       		.uleb128 0x7
 979 005f 13       		.uleb128 0x13
 980 0060 01       		.byte	0x1
 981 0061 0B       		.uleb128 0xb
 982 0062 0B       		.uleb128 0xb
 983 0063 3A       		.uleb128 0x3a
 984 0064 0B       		.uleb128 0xb
 985 0065 3B       		.uleb128 0x3b
 986 0066 05       		.uleb128 0x5
 987 0067 39       		.uleb128 0x39
 988 0068 21       		.uleb128 0x21
 989 0069 09       		.sleb128 9
 990 006a 01       		.uleb128 0x1
 991 006b 13       		.uleb128 0x13
 992 006c 00       		.byte	0
 993 006d 00       		.byte	0
 994 006e 08       		.uleb128 0x8
 995 006f 16       		.uleb128 0x16
 996 0070 00       		.byte	0
 997 0071 03       		.uleb128 0x3
 998 0072 0E       		.uleb128 0xe
 999 0073 3A       		.uleb128 0x3a
 1000 0074 0B       		.uleb128 0xb
 1001 0075 3B       		.uleb128 0x3b
 1002 0076 05       		.uleb128 0x5
 1003 0077 39       		.uleb128 0x39
 1004 0078 0B       		.uleb128 0xb
 1005 0079 49       		.uleb128 0x49
 1006 007a 13       		.uleb128 0x13
 1007 007b 00       		.byte	0
 1008 007c 00       		.byte	0
 1009 007d 09       		.uleb128 0x9
 1010 007e 1D       		.uleb128 0x1d
 1011 007f 01       		.byte	0x1
 1012 0080 31       		.uleb128 0x31
 1013 0081 13       		.uleb128 0x13
 1014 0082 52       		.uleb128 0x52
 1015 0083 01       		.uleb128 0x1
 1016 0084 B842     		.uleb128 0x2138
 1017 0086 0B       		.uleb128 0xb
 1018 0087 11       		.uleb128 0x11
 1019 0088 01       		.uleb128 0x1
 1020 0089 12       		.uleb128 0x12
 1021 008a 06       		.uleb128 0x6
 1022 008b 58       		.uleb128 0x58
 1023 008c 21       		.uleb128 0x21
 1024 008d 01       		.sleb128 1
 1025 008e 59       		.uleb128 0x59
 1026 008f 0B       		.uleb128 0xb
ARM GAS  C:\msys64\tmp\ccWYc80M.s 			page 19


 1027 0090 57       		.uleb128 0x57
 1028 0091 21       		.uleb128 0x21
 1029 0092 05       		.sleb128 5
 1030 0093 01       		.uleb128 0x1
 1031 0094 13       		.uleb128 0x13
 1032 0095 00       		.byte	0
 1033 0096 00       		.byte	0
 1034 0097 0A       		.uleb128 0xa
 1035 0098 16       		.uleb128 0x16
 1036 0099 00       		.byte	0
 1037 009a 03       		.uleb128 0x3
 1038 009b 0E       		.uleb128 0xe
 1039 009c 3A       		.uleb128 0x3a
 1040 009d 0B       		.uleb128 0xb
 1041 009e 3B       		.uleb128 0x3b
 1042 009f 0B       		.uleb128 0xb
 1043 00a0 39       		.uleb128 0x39
 1044 00a1 0B       		.uleb128 0xb
 1045 00a2 49       		.uleb128 0x49
 1046 00a3 13       		.uleb128 0x13
 1047 00a4 00       		.byte	0
 1048 00a5 00       		.byte	0
 1049 00a6 0B       		.uleb128 0xb
 1050 00a7 01       		.uleb128 0x1
 1051 00a8 01       		.byte	0x1
 1052 00a9 49       		.uleb128 0x49
 1053 00aa 13       		.uleb128 0x13
 1054 00ab 01       		.uleb128 0x1
 1055 00ac 13       		.uleb128 0x13
 1056 00ad 00       		.byte	0
 1057 00ae 00       		.byte	0
 1058 00af 0C       		.uleb128 0xc
 1059 00b0 21       		.uleb128 0x21
 1060 00b1 00       		.byte	0
 1061 00b2 49       		.uleb128 0x49
 1062 00b3 13       		.uleb128 0x13
 1063 00b4 2F       		.uleb128 0x2f
 1064 00b5 0B       		.uleb128 0xb
 1065 00b6 00       		.byte	0
 1066 00b7 00       		.byte	0
 1067 00b8 0D       		.uleb128 0xd
 1068 00b9 05       		.uleb128 0x5
 1069 00ba 00       		.byte	0
 1070 00bb 49       		.uleb128 0x49
 1071 00bc 13       		.uleb128 0x13
 1072 00bd 00       		.byte	0
 1073 00be 00       		.byte	0
 1074 00bf 0E       		.uleb128 0xe
 1075 00c0 2E       		.uleb128 0x2e
 1076 00c1 00       		.byte	0
 1077 00c2 3F       		.uleb128 0x3f
 1078 00c3 19       		.uleb128 0x19
 1079 00c4 03       		.uleb128 0x3
 1080 00c5 0E       		.uleb128 0xe
 1081 00c6 3A       		.uleb128 0x3a
 1082 00c7 0B       		.uleb128 0xb
 1083 00c8 3B       		.uleb128 0x3b
ARM GAS  C:\msys64\tmp\ccWYc80M.s 			page 20


 1084 00c9 05       		.uleb128 0x5
 1085 00ca 39       		.uleb128 0x39
 1086 00cb 21       		.uleb128 0x21
 1087 00cc 08       		.sleb128 8
 1088 00cd 27       		.uleb128 0x27
 1089 00ce 19       		.uleb128 0x19
 1090 00cf 3C       		.uleb128 0x3c
 1091 00d0 19       		.uleb128 0x19
 1092 00d1 00       		.byte	0
 1093 00d2 00       		.byte	0
 1094 00d3 0F       		.uleb128 0xf
 1095 00d4 49       		.uleb128 0x49
 1096 00d5 00       		.byte	0
 1097 00d6 02       		.uleb128 0x2
 1098 00d7 18       		.uleb128 0x18
 1099 00d8 7E       		.uleb128 0x7e
 1100 00d9 18       		.uleb128 0x18
 1101 00da 00       		.byte	0
 1102 00db 00       		.byte	0
 1103 00dc 10       		.uleb128 0x10
 1104 00dd 05       		.uleb128 0x5
 1105 00de 00       		.byte	0
 1106 00df 31       		.uleb128 0x31
 1107 00e0 13       		.uleb128 0x13
 1108 00e1 02       		.uleb128 0x2
 1109 00e2 17       		.uleb128 0x17
 1110 00e3 B742     		.uleb128 0x2137
 1111 00e5 17       		.uleb128 0x17
 1112 00e6 00       		.byte	0
 1113 00e7 00       		.byte	0
 1114 00e8 11       		.uleb128 0x11
 1115 00e9 48       		.uleb128 0x48
 1116 00ea 00       		.byte	0
 1117 00eb 7D       		.uleb128 0x7d
 1118 00ec 01       		.uleb128 0x1
 1119 00ed 8201     		.uleb128 0x82
 1120 00ef 19       		.uleb128 0x19
 1121 00f0 7F       		.uleb128 0x7f
 1122 00f1 13       		.uleb128 0x13
 1123 00f2 00       		.byte	0
 1124 00f3 00       		.byte	0
 1125 00f4 12       		.uleb128 0x12
 1126 00f5 11       		.uleb128 0x11
 1127 00f6 01       		.byte	0x1
 1128 00f7 25       		.uleb128 0x25
 1129 00f8 0E       		.uleb128 0xe
 1130 00f9 13       		.uleb128 0x13
 1131 00fa 0B       		.uleb128 0xb
 1132 00fb 03       		.uleb128 0x3
 1133 00fc 0E       		.uleb128 0xe
 1134 00fd 1B       		.uleb128 0x1b
 1135 00fe 0E       		.uleb128 0xe
 1136 00ff 55       		.uleb128 0x55
 1137 0100 17       		.uleb128 0x17
 1138 0101 11       		.uleb128 0x11
 1139 0102 01       		.uleb128 0x1
 1140 0103 10       		.uleb128 0x10
ARM GAS  C:\msys64\tmp\ccWYc80M.s 			page 21


 1141 0104 17       		.uleb128 0x17
 1142 0105 00       		.byte	0
 1143 0106 00       		.byte	0
 1144 0107 13       		.uleb128 0x13
 1145 0108 24       		.uleb128 0x24
 1146 0109 00       		.byte	0
 1147 010a 0B       		.uleb128 0xb
 1148 010b 0B       		.uleb128 0xb
 1149 010c 3E       		.uleb128 0x3e
 1150 010d 0B       		.uleb128 0xb
 1151 010e 03       		.uleb128 0x3
 1152 010f 08       		.uleb128 0x8
 1153 0110 00       		.byte	0
 1154 0111 00       		.byte	0
 1155 0112 14       		.uleb128 0x14
 1156 0113 2E       		.uleb128 0x2e
 1157 0114 01       		.byte	0x1
 1158 0115 3F       		.uleb128 0x3f
 1159 0116 19       		.uleb128 0x19
 1160 0117 03       		.uleb128 0x3
 1161 0118 0E       		.uleb128 0xe
 1162 0119 3A       		.uleb128 0x3a
 1163 011a 0B       		.uleb128 0xb
 1164 011b 3B       		.uleb128 0x3b
 1165 011c 0B       		.uleb128 0xb
 1166 011d 39       		.uleb128 0x39
 1167 011e 0B       		.uleb128 0xb
 1168 011f 27       		.uleb128 0x27
 1169 0120 19       		.uleb128 0x19
 1170 0121 3C       		.uleb128 0x3c
 1171 0122 19       		.uleb128 0x19
 1172 0123 01       		.uleb128 0x1
 1173 0124 13       		.uleb128 0x13
 1174 0125 00       		.byte	0
 1175 0126 00       		.byte	0
 1176 0127 15       		.uleb128 0x15
 1177 0128 2E       		.uleb128 0x2e
 1178 0129 01       		.byte	0x1
 1179 012a 3F       		.uleb128 0x3f
 1180 012b 19       		.uleb128 0x19
 1181 012c 03       		.uleb128 0x3
 1182 012d 0E       		.uleb128 0xe
 1183 012e 3A       		.uleb128 0x3a
 1184 012f 0B       		.uleb128 0xb
 1185 0130 3B       		.uleb128 0x3b
 1186 0131 05       		.uleb128 0x5
 1187 0132 39       		.uleb128 0x39
 1188 0133 0B       		.uleb128 0xb
 1189 0134 27       		.uleb128 0x27
 1190 0135 19       		.uleb128 0x19
 1191 0136 11       		.uleb128 0x11
 1192 0137 01       		.uleb128 0x1
 1193 0138 12       		.uleb128 0x12
 1194 0139 06       		.uleb128 0x6
 1195 013a 40       		.uleb128 0x40
 1196 013b 18       		.uleb128 0x18
 1197 013c 7A       		.uleb128 0x7a
ARM GAS  C:\msys64\tmp\ccWYc80M.s 			page 22


 1198 013d 19       		.uleb128 0x19
 1199 013e 01       		.uleb128 0x1
 1200 013f 13       		.uleb128 0x13
 1201 0140 00       		.byte	0
 1202 0141 00       		.byte	0
 1203 0142 16       		.uleb128 0x16
 1204 0143 48       		.uleb128 0x48
 1205 0144 01       		.byte	0x1
 1206 0145 7D       		.uleb128 0x7d
 1207 0146 01       		.uleb128 0x1
 1208 0147 8201     		.uleb128 0x82
 1209 0149 19       		.uleb128 0x19
 1210 014a 7F       		.uleb128 0x7f
 1211 014b 13       		.uleb128 0x13
 1212 014c 00       		.byte	0
 1213 014d 00       		.byte	0
 1214 014e 17       		.uleb128 0x17
 1215 014f 2E       		.uleb128 0x2e
 1216 0150 01       		.byte	0x1
 1217 0151 3F       		.uleb128 0x3f
 1218 0152 19       		.uleb128 0x19
 1219 0153 03       		.uleb128 0x3
 1220 0154 0E       		.uleb128 0xe
 1221 0155 3A       		.uleb128 0x3a
 1222 0156 0B       		.uleb128 0xb
 1223 0157 3B       		.uleb128 0x3b
 1224 0158 0B       		.uleb128 0xb
 1225 0159 39       		.uleb128 0x39
 1226 015a 0B       		.uleb128 0xb
 1227 015b 27       		.uleb128 0x27
 1228 015c 19       		.uleb128 0x19
 1229 015d 11       		.uleb128 0x11
 1230 015e 01       		.uleb128 0x1
 1231 015f 12       		.uleb128 0x12
 1232 0160 06       		.uleb128 0x6
 1233 0161 40       		.uleb128 0x40
 1234 0162 18       		.uleb128 0x18
 1235 0163 7A       		.uleb128 0x7a
 1236 0164 19       		.uleb128 0x19
 1237 0165 01       		.uleb128 0x1
 1238 0166 13       		.uleb128 0x13
 1239 0167 00       		.byte	0
 1240 0168 00       		.byte	0
 1241 0169 18       		.uleb128 0x18
 1242 016a 48       		.uleb128 0x48
 1243 016b 00       		.byte	0
 1244 016c 7D       		.uleb128 0x7d
 1245 016d 01       		.uleb128 0x1
 1246 016e 7F       		.uleb128 0x7f
 1247 016f 13       		.uleb128 0x13
 1248 0170 00       		.byte	0
 1249 0171 00       		.byte	0
 1250 0172 19       		.uleb128 0x19
 1251 0173 2E       		.uleb128 0x2e
 1252 0174 01       		.byte	0x1
 1253 0175 03       		.uleb128 0x3
 1254 0176 0E       		.uleb128 0xe
ARM GAS  C:\msys64\tmp\ccWYc80M.s 			page 23


 1255 0177 3A       		.uleb128 0x3a
 1256 0178 0B       		.uleb128 0xb
 1257 0179 3B       		.uleb128 0x3b
 1258 017a 05       		.uleb128 0x5
 1259 017b 39       		.uleb128 0x39
 1260 017c 0B       		.uleb128 0xb
 1261 017d 27       		.uleb128 0x27
 1262 017e 19       		.uleb128 0x19
 1263 017f 20       		.uleb128 0x20
 1264 0180 0B       		.uleb128 0xb
 1265 0181 00       		.byte	0
 1266 0182 00       		.byte	0
 1267 0183 1A       		.uleb128 0x1a
 1268 0184 05       		.uleb128 0x5
 1269 0185 00       		.byte	0
 1270 0186 03       		.uleb128 0x3
 1271 0187 0E       		.uleb128 0xe
 1272 0188 3A       		.uleb128 0x3a
 1273 0189 0B       		.uleb128 0xb
 1274 018a 3B       		.uleb128 0x3b
 1275 018b 05       		.uleb128 0x5
 1276 018c 39       		.uleb128 0x39
 1277 018d 0B       		.uleb128 0xb
 1278 018e 49       		.uleb128 0x49
 1279 018f 13       		.uleb128 0x13
 1280 0190 00       		.byte	0
 1281 0191 00       		.byte	0
 1282 0192 00       		.byte	0
 1283              		.section	.debug_loclists,"",%progbits
 1284 0000 21000000 		.4byte	.Ldebug_loc3-.Ldebug_loc2
 1285              	.Ldebug_loc2:
 1286 0004 0500     		.2byte	0x5
 1287 0006 04       		.byte	0x4
 1288 0007 00       		.byte	0
 1289 0008 00000000 		.4byte	0
 1290              	.Ldebug_loc0:
 1291              	.LVUS0:
 1292 000c 09       		.uleb128 .LVU27
 1293 000d 00       		.uleb128 .LVU29
 1294              	.LLST0:
 1295 000e 08       		.byte	0x8
 1296 000f 14000000 		.4byte	.LVL1
 1297 0013 06       		.uleb128 .LVL2-.LVL1
 1298 0014 03       		.uleb128 0x3
 1299 0015 08       		.byte	0x8
 1300 0016 20       		.byte	0x20
 1301 0017 9F       		.byte	0x9f
 1302 0018 00       		.byte	0
 1303              	.LVUS1:
 1304 0019 0B       		.uleb128 .LVU46
 1305 001a 00       		.uleb128 .LVU48
 1306              	.LLST1:
 1307 001b 08       		.byte	0x8
 1308 001c 1E000000 		.4byte	.LVL3
 1309 0020 04       		.uleb128 .LVL4-.LVL3
 1310 0021 02       		.uleb128 0x2
 1311 0022 30       		.byte	0x30
ARM GAS  C:\msys64\tmp\ccWYc80M.s 			page 24


 1312 0023 9F       		.byte	0x9f
 1313 0024 00       		.byte	0
 1314              	.Ldebug_loc3:
 1315              		.section	.debug_aranges,"",%progbits
 1316 0000 24000000 		.4byte	0x24
 1317 0004 0200     		.2byte	0x2
 1318 0006 00000000 		.4byte	.Ldebug_info0
 1319 000a 04       		.byte	0x4
 1320 000b 00       		.byte	0
 1321 000c 0000     		.2byte	0
 1322 000e 0000     		.2byte	0
 1323 0010 00000000 		.4byte	.LFB233
 1324 0014 2A000000 		.4byte	.LFE233-.LFB233
 1325 0018 00000000 		.4byte	.LFB234
 1326 001c 48000000 		.4byte	.LFE234-.LFB234
 1327 0020 00000000 		.4byte	0
 1328 0024 00000000 		.4byte	0
 1329              		.section	.debug_rnglists,"",%progbits
 1330              	.Ldebug_ranges0:
 1331 0000 15000000 		.4byte	.Ldebug_ranges3-.Ldebug_ranges2
 1332              	.Ldebug_ranges2:
 1333 0004 0500     		.2byte	0x5
 1334 0006 04       		.byte	0x4
 1335 0007 00       		.byte	0
 1336 0008 00000000 		.4byte	0
 1337              	.LLRL2:
 1338 000c 07       		.byte	0x7
 1339 000d 00000000 		.4byte	.LFB233
 1340 0011 2A       		.uleb128 .LFE233-.LFB233
 1341 0012 07       		.byte	0x7
 1342 0013 00000000 		.4byte	.LFB234
 1343 0017 48       		.uleb128 .LFE234-.LFB234
 1344 0018 00       		.byte	0
 1345              	.Ldebug_ranges3:
 1346              		.section	.debug_line,"",%progbits
 1347              	.Ldebug_line0:
 1348 0000 B4030000 		.section	.debug_str,"MS",%progbits,1
 1348      03003F02 
 1348      00000201 
 1348      FB0E0D00 
 1348      01010101 
 1349              	.LASF49:
 1350 0000 706F7274 		.ascii	"port_lock_from_isr\000"
 1350      5F6C6F63 
 1350      6B5F6672 
 1350      6F6D5F69 
 1350      737200
 1351              	.LASF31:
 1352 0013 43434552 		.ascii	"CCER\000"
 1352      00
 1353              	.LASF43:
 1354 0018 6F73616C 		.ascii	"osalOsTimerHandlerI\000"
 1354      4F735469 
 1354      6D657248 
 1354      616E646C 
 1354      65724900 
 1355              	.LASF18:
ARM GAS  C:\msys64\tmp\ccWYc80M.s 			page 25


 1356 002c 41504231 		.ascii	"APB1RSTR\000"
 1356      52535452 
 1356      00
 1357              	.LASF33:
 1358 0035 444D4152 		.ascii	"DMAR\000"
 1358      00
 1359              	.LASF54:
 1360 003a 433A5C55 		.ascii	"C:\\Users\\danie\\SynologyDrive\\ZZ_GITHUB_PROJECTS"
 1360      73657273 
 1360      5C64616E 
 1360      69655C53 
 1360      796E6F6C 
 1361 0069 5F4F4E5F 		.ascii	"_ON_WINDOWS\\NanoVNA-H4-Stand_Alone_Custom_Firmware"
 1361      57494E44 
 1361      4F57535C 
 1361      4E616E6F 
 1361      564E412D 
 1362 009b 00       		.ascii	"\000"
 1363              	.LASF29:
 1364 009c 43434D52 		.ascii	"CCMR1\000"
 1364      3100
 1365              	.LASF30:
 1366 00a2 43434D52 		.ascii	"CCMR2\000"
 1366      3200
 1367              	.LASF35:
 1368 00a8 43435852 		.ascii	"CCXR\000"
 1368      00
 1369              	.LASF22:
 1370 00ad 42444352 		.ascii	"BDCR\000"
 1370      00
 1371              	.LASF47:
 1372 00b2 63685379 		.ascii	"chSysLockFromISR\000"
 1372      734C6F63 
 1372      6B46726F 
 1372      6D495352 
 1372      00
 1373              	.LASF51:
 1374 00c3 706F7274 		.ascii	"port_lock\000"
 1374      5F6C6F63 
 1374      6B00
 1375              	.LASF10:
 1376 00cd 5F5F7569 		.ascii	"__uint32_t\000"
 1376      6E743332 
 1376      5F7400
 1377              	.LASF5:
 1378 00d8 73686F72 		.ascii	"short int\000"
 1378      7420696E 
 1378      7400
 1379              	.LASF57:
 1380 00e2 76616C75 		.ascii	"value\000"
 1380      6500
 1381              	.LASF16:
 1382 00e8 43464752 		.ascii	"CFGR\000"
 1382      00
 1383              	.LASF14:
 1384 00ed 41504232 		.ascii	"APB2FZ\000"
 1384      465A00
ARM GAS  C:\msys64\tmp\ccWYc80M.s 			page 26


 1385              	.LASF21:
 1386 00f4 41504231 		.ascii	"APB1ENR\000"
 1386      454E5200 
 1387              	.LASF46:
 1388 00fc 63685379 		.ascii	"chSysUnlockFromISR\000"
 1388      73556E6C 
 1388      6F636B46 
 1388      726F6D49 
 1388      535200
 1389              	.LASF23:
 1390 010f 41484252 		.ascii	"AHBRSTR\000"
 1390      53545200 
 1391              	.LASF1:
 1392 0117 6C6F6E67 		.ascii	"long long int\000"
 1392      206C6F6E 
 1392      6720696E 
 1392      7400
 1393              	.LASF7:
 1394 0125 6C6F6E67 		.ascii	"long int\000"
 1394      20696E74 
 1394      00
 1395              	.LASF26:
 1396 012e 5243435F 		.ascii	"RCC_TypeDef\000"
 1396      54797065 
 1396      44656600 
 1397              	.LASF19:
 1398 013a 41484245 		.ascii	"AHBENR\000"
 1398      4E5200
 1399              	.LASF17:
 1400 0141 41504232 		.ascii	"APB2RSTR\000"
 1400      52535452 
 1400      00
 1401              	.LASF13:
 1402 014a 41504231 		.ascii	"APB1FZ\000"
 1402      465A00
 1403              	.LASF42:
 1404 0151 56656374 		.ascii	"VectorB0\000"
 1404      6F724230 
 1404      00
 1405              	.LASF34:
 1406 015a 43434D52 		.ascii	"CCMR3\000"
 1406      3300
 1407              	.LASF52:
 1408 0160 474E5520 		.ascii	"GNU C11 14.3.1 20250623 -mcpu=cortex-m4 -mfloat-abi"
 1408      43313120 
 1408      31342E33 
 1408      2E312032 
 1408      30323530 
 1409 0193 3D686172 		.ascii	"=hard -mfpu=fpv4-sp-d16 -mno-thumb-interwork -mthum"
 1409      64202D6D 
 1409      6670753D 
 1409      66707634 
 1409      2D73702D 
 1410 01c6 62202D6D 		.ascii	"b -march=armv7e-m+fp -ggdb -O2 -std=c11 -fno-inline"
 1410      61726368 
 1410      3D61726D 
 1410      7637652D 
ARM GAS  C:\msys64\tmp\ccWYc80M.s 			page 27


 1410      6D2B6670 
 1411 01f9 2D736D61 		.ascii	"-small-functions -fomit-frame-pointer -falign-funct"
 1411      6C6C2D66 
 1411      756E6374 
 1411      696F6E73 
 1411      202D666F 
 1412 022c 696F6E73 		.ascii	"ions=16 -fstack-usage -ffast-math -ffunction-sectio"
 1412      3D313620 
 1412      2D667374 
 1412      61636B2D 
 1412      75736167 
 1413 025f 6E73202D 		.ascii	"ns -fdata-sections -fno-common -fsingle-precision-c"
 1413      66646174 
 1413      612D7365 
 1413      6374696F 
 1413      6E73202D 
 1414 0292 6F6E7374 		.ascii	"onstant\000"
 1414      616E7400 
 1415              	.LASF2:
 1416 029a 6C6F6E67 		.ascii	"long double\000"
 1416      20646F75 
 1416      626C6500 
 1417              	.LASF44:
 1418 02a6 6F73616C 		.ascii	"osalSysUnlockFromISR\000"
 1418      53797355 
 1418      6E6C6F63 
 1418      6B46726F 
 1418      6D495352 
 1419              	.LASF27:
 1420 02bb 534D4352 		.ascii	"SMCR\000"
 1420      00
 1421              	.LASF40:
 1422 02c0 5F706F72 		.ascii	"_port_irq_epilogue\000"
 1422      745F6972 
 1422      715F6570 
 1422      696C6F67 
 1422      756500
 1423              	.LASF4:
 1424 02d3 756E7369 		.ascii	"unsigned char\000"
 1424      676E6564 
 1424      20636861 
 1424      7200
 1425              	.LASF20:
 1426 02e1 41504232 		.ascii	"APB2ENR\000"
 1426      454E5200 
 1427              	.LASF55:
 1428 02e9 6E766963 		.ascii	"nvicEnableVector\000"
 1428      456E6162 
 1428      6C655665 
 1428      63746F72 
 1428      00
 1429              	.LASF3:
 1430 02fa 7369676E 		.ascii	"signed char\000"
 1430      65642063 
 1430      68617200 
 1431              	.LASF9:
 1432 0306 6C6F6E67 		.ascii	"long long unsigned int\000"
ARM GAS  C:\msys64\tmp\ccWYc80M.s 			page 28


 1432      206C6F6E 
 1432      6720756E 
 1432      7369676E 
 1432      65642069 
 1433              	.LASF11:
 1434 031d 75696E74 		.ascii	"uint32_t\000"
 1434      33325F74 
 1434      00
 1435              	.LASF0:
 1436 0326 756E7369 		.ascii	"unsigned int\000"
 1436      676E6564 
 1436      20696E74 
 1436      00
 1437              	.LASF24:
 1438 0333 43464752 		.ascii	"CFGR2\000"
 1438      3200
 1439              	.LASF25:
 1440 0339 43464752 		.ascii	"CFGR3\000"
 1440      3300
 1441              	.LASF28:
 1442 033f 44494552 		.ascii	"DIER\000"
 1442      00
 1443              	.LASF6:
 1444 0344 73686F72 		.ascii	"short unsigned int\000"
 1444      7420756E 
 1444      7369676E 
 1444      65642069 
 1444      6E7400
 1445              	.LASF37:
 1446 0357 63686172 		.ascii	"char\000"
 1446      00
 1447              	.LASF36:
 1448 035c 73746D33 		.ascii	"stm32_tim_t\000"
 1448      325F7469 
 1448      6D5F7400 
 1449              	.LASF32:
 1450 0368 42445452 		.ascii	"BDTR\000"
 1450      00
 1451              	.LASF45:
 1452 036d 6F73616C 		.ascii	"osalSysLockFromISR\000"
 1452      5379734C 
 1452      6F636B46 
 1452      726F6D49 
 1452      535200
 1453              	.LASF15:
 1454 0380 4442474D 		.ascii	"DBGMCU_TypeDef\000"
 1454      43555F54 
 1454      79706544 
 1454      656600
 1455              	.LASF38:
 1456 038f 5F426F6F 		.ascii	"_Bool\000"
 1456      6C00
 1457              	.LASF50:
 1458 0395 706F7274 		.ascii	"port_unlock\000"
 1458      5F756E6C 
 1458      6F636B00 
 1459              	.LASF8:
ARM GAS  C:\msys64\tmp\ccWYc80M.s 			page 29


 1460 03a1 6C6F6E67 		.ascii	"long unsigned int\000"
 1460      20756E73 
 1460      69676E65 
 1460      6420696E 
 1460      7400
 1461              	.LASF56:
 1462 03b3 5F5F7365 		.ascii	"__set_BASEPRI\000"
 1462      745F4241 
 1462      53455052 
 1462      4900
 1463              	.LASF12:
 1464 03c1 4944434F 		.ascii	"IDCODE\000"
 1464      444500
 1465              	.LASF48:
 1466 03c8 706F7274 		.ascii	"port_unlock_from_isr\000"
 1466      5F756E6C 
 1466      6F636B5F 
 1466      66726F6D 
 1466      5F697372 
 1467              	.LASF39:
 1468 03dd 63685379 		.ascii	"chSysTimerHandlerI\000"
 1468      7354696D 
 1468      65724861 
 1468      6E646C65 
 1468      724900
 1469              	.LASF41:
 1470 03f0 73745F6C 		.ascii	"st_lld_init\000"
 1470      6C645F69 
 1470      6E697400 
 1471              	.LASF53:
 1472 03fc 43686962 		.ascii	"ChibiOS/os/hal/ports/STM32/LLD/TIMv1/hal_st_lld.c\000"
 1472      694F532F 
 1472      6F732F68 
 1472      616C2F70 
 1472      6F727473 
 1473              		.ident	"GCC: (Arm GNU Toolchain 14.3.Rel1 (Build arm-14.174)) 14.3.1 20250623"
ARM GAS  C:\msys64\tmp\ccWYc80M.s 			page 30


DEFINED SYMBOLS
                            *ABS*:00000000 hal_st_lld.c
C:\msys64\tmp\ccWYc80M.s:19     .text.VectorB0:00000000 $t
C:\msys64\tmp\ccWYc80M.s:26     .text.VectorB0:00000000 VectorB0
C:\msys64\tmp\ccWYc80M.s:173    .text.st_lld_init:00000000 $t
C:\msys64\tmp\ccWYc80M.s:180    .text.st_lld_init:00000000 st_lld_init
C:\msys64\tmp\ccWYc80M.s:256    .text.st_lld_init:00000040 $d

UNDEFINED SYMBOLS
_port_irq_epilogue
chSysTimerHandlerI
nvicEnableVector
