ARM GAS  C:\msys64\tmp\ccv3MxwU.s 			page 1


   1              		.cpu cortex-m4
   2              		.arch armv7e-m
   3              		.fpu fpv4-sp-d16
   4              		.eabi_attribute 27, 1
   5              		.eabi_attribute 28, 1
   6              		.eabi_attribute 23, 1
   7              		.eabi_attribute 24, 1
   8              		.eabi_attribute 25, 1
   9              		.eabi_attribute 26, 1
  10              		.eabi_attribute 30, 2
  11              		.eabi_attribute 34, 1
  12              		.eabi_attribute 18, 4
  13              		.file	"numfont16x22.c"
  14              		.text
  15              	.Ltext0:
  16              		.cfi_sections	.debug_frame
  17              		.file 1 "fonts/numfont16x22.c"
  18              		.global	numfont16x22
  19              		.section	.rodata.numfont16x22,"a"
  20              		.align	2
  21              		.type	numfont16x22, %object
  22              		.size	numfont16x22, 1012
  23              	numfont16x22:
  24 0000 0FF03FFC 		.ascii	"\017\360?\374\177\376|>\370\037\360\017\360\017\360"
  24      7FFE7C3E 
  24      F81FF00F 
  24      F00FF0
  25 000f 0FF00FF0 		.ascii	"\017\360\017\360\017\360\017\360\017\360\017\360\017"
  25      0FF00FF0 
  25      0FF00FF0 
  25      0F
  26 001c F00FF00F 		.ascii	"\360\017\360\017\360\017\370\037|>\177\376?\374\017"
  26      F00FF81F 
  26      7C3E7FFE 
  26      3FFC0F
  27 002b F000F001 		.ascii	"\360\000\360\001\360\003\360\007\360\017\360\017\360"
  27      F003F007 
  27      F00FF00F 
  27      F0
  28 0038 0EF00CF0 		.ascii	"\016\360\014\360\000\360\000\360\000\360\000\360\000"
  28      00F000F0 
  28      00F000F0 
  28      00
  29 0045 F000F000 		.ascii	"\360\000\360\000\360\000\360\000\360\000\360\000\360"
  29      F000F000 
  29      F000F000 
  29      F0
  30 0052 03FC03FC 		.ascii	"\003\374\003\374\003\374\017\360?\374\177\376|>\370"
  30      03FC0FF0 
  30      3FFC7FFE 
  30      7C3EF8
  31 0061 1FF00FF0 		.ascii	"\037\360\017\360\017\000\037\000?\000~\000\374\001\370"
  31      0F001F00 
  31      3F007E00 
  31      FC01F8
  32 0070 03F007E0 		.ascii	"\003\360\007\340\017\300\037\200?\000~\000\374\000\377"
  32      0FC01F80 
ARM GAS  C:\msys64\tmp\ccv3MxwU.s 			page 2


  32      3F007E00 
  32      FC00FF
  33 007f FFFFFFFF 		.ascii	"\377\377\377\377\377\017\360?\374\177\376|>\370\037"
  33      FF0FF03F 
  33      FC7FFE7C 
  33      3EF81F
  34 008e F00FF00F 		.ascii	"\360\017\360\017\000\036\000>\001\374\001\370\001\374"
  34      001E003E 
  34      01FC01F8 
  34      01FC
  35 009c 007E001F 		.ascii	"\000~\000\037\000\017\360\017\360\017\370\037|>\177"
  35      000FF00F 
  35      F00FF81F 
  35      7C3E7F
  36 00ab FE3FFC0F 		.ascii	"\376?\374\017\360\001\370\001\370\003\370\003\370\007"
  36      F001F801 
  36      F803F803 
  36      F807
  37 00b9 F807F80F 		.ascii	"\370\007\370\017\370\017x\037x\036x>x<x|xxx\370x\377"
  37      F80F781F 
  37      781E783E 
  37      783C787C 
  37      787878F8 
  38 00cf FFFFFFFF 		.ascii	"\377\377\377\377\377\000x\000x\000x\000x\377\377\377"
  38      FF007800 
  38      78007800 
  38      78FFFFFF 
  39 00df FFFFFFF0 		.ascii	"\377\377\377\360\000\360\000\360\000\360\000\367\360"
  39      00F000F0 
  39      00F000F7 
  39      F0
  40 00ec FFFCFFFE 		.ascii	"\377\374\377\376\374>\370\037\000\017\000\017\000\017"
  40      FC3EF81F 
  40      000F000F 
  40      000F
  41 00fa 000FF00F 		.ascii	"\000\017\360\017\370\037|>\177\376?\374\017\360\017"
  41      F81F7C3E 
  41      7FFE3FFC 
  41      0FF00F
  42 0109 F03FFC7F 		.ascii	"\360?\374\177\376|>\370\037\360\017\360\000\360\000"
  42      FE7C3EF8 
  42      1FF00FF0 
  42      00F000
  43 0118 F7F0FFFC 		.ascii	"\367\360\377\374\377\376\374>\370\037\360\017\360\017"
  43      FFFEFC3E 
  43      F81FF00F 
  43      F00F
  44 0126 F00FF00F 		.ascii	"\360\017\360\017\370\037|>\177\376?\374\017\360\377"
  44      F81F7C3E 
  44      7FFE3FFC 
  44      0FF0FF
  45 0135 FFFFFFFF 		.ascii	"\377\377\377\377\377\000\037\000>\000|\000\370\001\360"
  45      FF001F00 
  45      3E007C00 
  45      F801F0
  46 0144 01E003E0 		.ascii	"\001\340\003\340\003\300\007\300\007\200\007\200\017"
  46      03C007C0 
ARM GAS  C:\msys64\tmp\ccv3MxwU.s 			page 3


  46      07800780 
  46      0F
  47 0151 800F000F 		.ascii	"\200\017\000\017\000\017\000\017\000\017\000\017\000"
  47      000F000F 
  47      000F000F 
  47      00
  48 015e 0F0007E0 		.ascii	"\017\000\007\340\037\370?\374|>x\036x\036x\036<<\037"
  48      1FF83FFC 
  48      7C3E781E 
  48      781E781E 
  48      3C3C1F
  49 0171 F80FF03F 		.ascii	"\370\017\360?\374|>x\036\360\017\360\017\360\017\360"
  49      FC7C3E78 
  49      1EF00FF0 
  49      0FF00FF0 
  50 0181 0FF81F7C 		.ascii	"\017\370\037|>\177\376?\374\017\360\017\360?\374\177"
  50      3E7FFE3F 
  50      FC0FF00F 
  50      F03FFC7F 
  51 0191 FE7C3EF8 		.ascii	"\376|>\370\037\360\017\360\017\360\017\360\017\370\037"
  51      1FF00FF0 
  51      0FF00FF0 
  51      0FF81F
  52 01a0 7C3F7FFF 		.ascii	"|?\177\377?\377\017\377\000\017\000\017\360\017\370"
  52      3FFF0FFF 
  52      000F000F 
  52      F00FF8
  53 01af 1F7C3E7F 		.ascii	"\037|>\177\376?\374\017\360\000\000\000\000\000\000"
  53      FE3FFC0F 
  53      F0000000 
  53      000000
  54 01be 00000000 		.ascii	"\000\000\000\000\000\000\000\000\000\000\000\000\000"
  54      00000000 
  54      00000000 
  54      00
  55 01cb 00000000 		.ascii	"\000\000\000\000\000\000\000\000\000\000\000\000\000"
  55      00000000 
  55      00000000 
  55      00
  56 01d8 00000380 		.ascii	"\000\000\003\200\007\300\007\300\003\200\000\000\000"
  56      07C007C0 
  56      03800000 
  56      00
  57 01e5 00000000 		.ascii	"\000\000\000\000\000\000\000\000\000\000\000\000\000"
  57      00000000 
  57      00000000 
  57      00
  58 01f2 00000000 		.ascii	"\000\000\000\000\000\000?\374?\374?\374?\374\000\000"
  58      00003FFC 
  58      3FFC3FFC 
  58      3FFC0000 
  59 0202 00000000 		.ascii	"\000\000\000\000\000\000\000\000\000\000\000\000\000"
  59      00000000 
  59      00000000 
  59      00
  60 020f 00000000 		.ascii	"\000\000\000\000\000\000@\000\300\001\300\003\300\007"
  60      00004000 
ARM GAS  C:\msys64\tmp\ccv3MxwU.s 			page 4


  60      C001C003 
  60      C007
  61 021d C00FFF1F 		.ascii	"\300\017\377\037\377?\377\177\377\377\377\177\377?\377"
  61      FF3FFF7F 
  61      FFFFFF7F 
  61      FF3FFF
  62 022c 1FFF0FFF 		.ascii	"\037\377\017\377\007\300\003\300\001\300\000\300\000"
  62      07C003C0 
  62      01C000C0 
  62      00
  63 0239 400000F0 		.ascii	"@\000\000\360\000\360\000\360\000\360\000\360\000\360"
  63      00F000F0 
  63      00F000F0 
  63      00F0
  64 0247 00F03EF0 		.ascii	"\000\360>\360|\360\370\361\360\363\340\367\300\377\200"
  64      7CF0F8F1 
  64      F0F3E0F7 
  64      C0FF80
  65 0256 FF00FF00 		.ascii	"\377\000\377\000\377\200\367\300\363\340\361\360\360"
  65      FF80F7C0 
  65      F3E0F1F0 
  65      F0
  66 0263 F8F07CF0 		.ascii	"\370\360|\360>\360\017\360\017\370\037\370\037\374?"
  66      3EF00FF0 
  66      0FF81FF8 
  66      1FFC3F
  67 0272 FC3FFE7F 		.ascii	"\374?\376\177\376\177\377\377\377\377\377\377\377\377"
  67      FE7FFFFF 
  67      FFFFFFFF 
  67      FFFF
  68 0280 F7EFF7EF 		.ascii	"\367\357\367\357\363\317\363\317\361\217\361\217\360"
  68      F3CFF3CF 
  68      F18FF18F 
  68      F0
  69 028d 0FF00FF0 		.ascii	"\017\360\017\360\017\360\017\017\360?\374\177\376|>"
  69      0FF00F0F 
  69      F03FFC7F 
  69      FE7C3E
  70 029c F81FF00F 		.ascii	"\370\037\360\017\360\017\360\017\360\000\360\000\360"
  70      F00FF00F 
  70      F000F000 
  70      F0
  71 02a9 00F000F0 		.ascii	"\000\360\000\360?\360?\360?\360\007\360\017\370\037"
  71      3FF03FF0 
  71      3FF007F0 
  71      0FF81F
  72 02b8 7C3F7FFF 		.ascii	"|?\177\377?\367\017\347\000\000\000\000\000\000\000"
  72      3FF70FE7 
  72      00000000 
  72      000000
  73 02c7 00000000 		.ascii	"\000\000\000\000\000\000\000\000\000\356\034\377>\377"
  73      00000000 
  73      00EE1CFF 
  73      3EFF
  74 02d5 FFFFFFF3 		.ascii	"\377\377\377\363\317\363\317\363\317\363\317\363\317"
  74      CFF3CFF3 
  74      CFF3CFF3 
ARM GAS  C:\msys64\tmp\ccv3MxwU.s 			page 5


  74      CF
  75 02e2 F3CFF3CF 		.ascii	"\363\317\363\317\363\317\363\317\363\317\000\000\000"
  75      F3CFF3CF 
  75      F3CF0000 
  75      00
  76 02ef 00000000 		.ascii	"\000\000\000\000\000\000\000\000\000\360\036\360\036"
  76      00000000 
  76      00F01EF0 
  76      1E
  77 02fc F01EF01E 		.ascii	"\360\036\360\036\360\036\360\036\360\036\360\036\370"
  77      F01EF01E 
  77      F01EF01E 
  77      F8
  78 0309 3EFC7EFF 		.ascii	">\374~\377\376\377\377\367\317\363\207\360\000\360\000"
  78      FEFFFFF7 
  78      CFF387F0 
  78      00F000
  79 0318 00000000 		.ascii	"\000\000\000\000\000\000\000\000\000\000\000\000\000"
  79      00000000 
  79      00000000 
  79      00
  80 0325 000000F1 		.ascii	"\000\000\000\361\360\367\374\377\376\376>\374\037\370"
  80      F0F7FCFF 
  80      FEFE3EFC 
  80      1FF8
  81 0333 0FF00FF0 		.ascii	"\017\360\017\360\017\360\017\360\017\360\017\360\017"
  81      0FF00FF0 
  81      0FF00FF0 
  81      0F
  82 0340 F00FF00F 		.ascii	"\360\017\360\017\000\000\000\000\000\000\000\000\000"
  82      00000000 
  82      00000000 
  82      00
  83 034d 000000F3 		.ascii	"\000\000\000\363\360\367\374\377\376\376\037\374\017"
  83      F0F7FCFF 
  83      FEFE1FFC 
  83      0F
  84 035a F807F807 		.ascii	"\370\007\370\007\370\007\374\017\376\037\377\376\367"
  84      F807FC0F 
  84      FE1FFFFE 
  84      F7
  85 0367 FCF3F0F0 		.ascii	"\374\363\360\360\000\360\000\360\000\000\003\000\007"
  85      00F000F0 
  85      00000300 
  85      07
  86 0374 000F001F 		.ascii	"\000\017\000\037\000?\000\177\000\017\000\017\000\017"
  86      003F007F 
  86      000F000F 
  86      000F
  87 0382 60CFF1EF 		.ascii	"`\317\361\357{\317?\217\037\017\037\017?\217{\317\361"
  87      7BCF3F8F 
  87      1F0F1F0F 
  87      3F8F7BCF 
  87      F1
  88 0393 EF60CF00 		.ascii	"\357`\317\000\017\000\017\000\017\364_\206D\365D\204"
  88      0F000F00 
  88      0FF45F86 
ARM GAS  C:\msys64\tmp\ccv3MxwU.s 			page 6


  88      44F54484 
  89 03a3 C4F44400 		.ascii	"\304\364D\000\000\000\000\000\017\000\017\000\017\000"
  89      00000000 
  89      0F000F00 
  89      0F00
  90 03b1 0F000F00 		.ascii	"\017\000\017\000\017\000\017\030\0178\017\177\377\377"
  90      0F000F18 
  90      0F380F7F 
  90      FFFF
  91 03bf FFFFFF7F 		.ascii	"\377\377\377\177\3778\000\030\000\000\000<\000~\000"
  91      FF380018 
  91      0000003C 
  91      007E00
  92 03ce E703C307 		.ascii	"\347\003\303\007\303\017\347\036~<<x\000\360\001\340"
  92      C30FE71E 
  92      7E3C3C78 
  92      00F001E0 
  93 03de 03C00780 		.ascii	"\003\300\007\200\017\000\036<<~x\347\360\303\340\303"
  93      0F001E3C 
  93      3C7E78E7 
  93      F0C3E0C3 
  94 03ee C0E7007E 		.ascii	"\300\347\000~\000<"
  94      003C
  95              		.text
  96              	.Letext0:
  97              		.file 2 "C:/Program Files (x86)/Arm GNU Toolchain arm-none-eabi/14.3 rel1/arm-none-eabi/include/ma
  98              		.file 3 "C:/Program Files (x86)/Arm GNU Toolchain arm-none-eabi/14.3 rel1/arm-none-eabi/include/sy
  99              		.file 4 "fonts/../nanovna.h"
 100              		.section	.debug_info,"",%progbits
 101              	.Ldebug_info0:
 102 0000 4A010000 		.4byte	0x14a
 103 0004 0500     		.2byte	0x5
 104 0006 01       		.byte	0x1
 105 0007 04       		.byte	0x4
 106 0008 00000000 		.4byte	.Ldebug_abbrev0
 107 000c 06       		.uleb128 0x6
 108 000d EE000000 		.4byte	.LASF30
 109 0011 1D       		.byte	0x1d
 110 0012 A3000000 		.4byte	.LASF31
 111 0016 84020000 		.4byte	.LASF32
 112 001a 00000000 		.4byte	.Ldebug_line0
 113 001e 01       		.uleb128 0x1
 114 001f 01       		.byte	0x1
 115 0020 06       		.byte	0x6
 116 0021 78020000 		.4byte	.LASF0
 117 0025 04       		.uleb128 0x4
 118 0026 00000000 		.4byte	.LASF9
 119 002a 02       		.byte	0x2
 120 002b 2B       		.byte	0x2b
 121 002c 18       		.byte	0x18
 122 002d 31000000 		.4byte	0x31
 123 0031 01       		.uleb128 0x1
 124 0032 01       		.byte	0x1
 125 0033 08       		.byte	0x8
 126 0034 5C000000 		.4byte	.LASF1
 127 0038 01       		.uleb128 0x1
 128 0039 02       		.byte	0x2
ARM GAS  C:\msys64\tmp\ccv3MxwU.s 			page 7


 129 003a 05       		.byte	0x5
 130 003b 51020000 		.4byte	.LASF2
 131 003f 01       		.uleb128 0x1
 132 0040 02       		.byte	0x2
 133 0041 07       		.byte	0x7
 134 0042 83000000 		.4byte	.LASF3
 135 0046 01       		.uleb128 0x1
 136 0047 04       		.byte	0x4
 137 0048 05       		.byte	0x5
 138 0049 63020000 		.4byte	.LASF4
 139 004d 01       		.uleb128 0x1
 140 004e 04       		.byte	0x4
 141 004f 07       		.byte	0x7
 142 0050 6A000000 		.4byte	.LASF5
 143 0054 01       		.uleb128 0x1
 144 0055 08       		.byte	0x8
 145 0056 05       		.byte	0x5
 146 0057 35020000 		.4byte	.LASF6
 147 005b 01       		.uleb128 0x1
 148 005c 08       		.byte	0x8
 149 005d 07       		.byte	0x7
 150 005e 45000000 		.4byte	.LASF7
 151 0062 07       		.uleb128 0x7
 152 0063 04       		.byte	0x4
 153 0064 05       		.byte	0x5
 154 0065 696E7400 		.ascii	"int\000"
 155 0069 01       		.uleb128 0x1
 156 006a 04       		.byte	0x4
 157 006b 07       		.byte	0x7
 158 006c E1000000 		.4byte	.LASF8
 159 0070 04       		.uleb128 0x4
 160 0071 2D020000 		.4byte	.LASF10
 161 0075 03       		.byte	0x3
 162 0076 18       		.byte	0x18
 163 0077 13       		.byte	0x13
 164 0078 25000000 		.4byte	0x25
 165 007c 03       		.uleb128 0x3
 166 007d 70000000 		.4byte	0x70
 167 0081 01       		.uleb128 0x1
 168 0082 08       		.byte	0x8
 169 0083 04       		.byte	0x4
 170 0084 6C020000 		.4byte	.LASF11
 171 0088 01       		.uleb128 0x1
 172 0089 01       		.byte	0x1
 173 008a 08       		.byte	0x8
 174 008b 28020000 		.4byte	.LASF12
 175 008f 01       		.uleb128 0x1
 176 0090 01       		.byte	0x1
 177 0091 02       		.byte	0x2
 178 0092 E6020000 		.4byte	.LASF13
 179 0096 01       		.uleb128 0x1
 180 0097 04       		.byte	0x4
 181 0098 04       		.byte	0x4
 182 0099 17000000 		.4byte	.LASF14
 183 009d 01       		.uleb128 0x1
 184 009e 08       		.byte	0x8
 185 009f 04       		.byte	0x4
ARM GAS  C:\msys64\tmp\ccv3MxwU.s 			page 8


 186 00a0 CC000000 		.4byte	.LASF15
 187 00a4 05       		.uleb128 0x5
 188 00a5 7C000000 		.4byte	0x7c
 189 00a9 AF000000 		.4byte	0xaf
 190 00ad 08       		.uleb128 0x8
 191 00ae 00       		.byte	0
 192 00af 03       		.uleb128 0x3
 193 00b0 A4000000 		.4byte	0xa4
 194 00b4 09       		.uleb128 0x9
 195 00b5 BF000000 		.4byte	.LASF33
 196 00b9 04       		.byte	0x4
 197 00ba FB02     		.2byte	0x2fb
 198 00bc 16       		.byte	0x16
 199 00bd AF000000 		.4byte	0xaf
 200 00c1 0A       		.uleb128 0xa
 201 00c2 07       		.byte	0x7
 202 00c3 01       		.byte	0x1
 203 00c4 31000000 		.4byte	0x31
 204 00c8 04       		.byte	0x4
 205 00c9 7903     		.2byte	0x379
 206 00cb 06       		.byte	0x6
 207 00cc 25010000 		.4byte	0x125
 208 00d0 02       		.uleb128 0x2
 209 00d1 B8000000 		.4byte	.LASF16
 210 00d5 00       		.byte	0
 211 00d6 02       		.uleb128 0x2
 212 00d7 D3000000 		.4byte	.LASF17
 213 00db 01       		.byte	0x1
 214 00dc 02       		.uleb128 0x2
 215 00dd 5B020000 		.4byte	.LASF18
 216 00e1 02       		.byte	0x2
 217 00e2 02       		.uleb128 0x2
 218 00e3 29000000 		.4byte	.LASF19
 219 00e7 03       		.byte	0x3
 220 00e8 02       		.uleb128 0x2
 221 00e9 EC020000 		.4byte	.LASF20
 222 00ed 04       		.byte	0x4
 223 00ee 02       		.uleb128 0x2
 224 00ef 2F000000 		.4byte	.LASF21
 225 00f3 05       		.byte	0x5
 226 00f4 02       		.uleb128 0x2
 227 00f5 7C000000 		.4byte	.LASF22
 228 00f9 06       		.byte	0x6
 229 00fa 02       		.uleb128 0x2
 230 00fb 35000000 		.4byte	.LASF23
 231 00ff 07       		.byte	0x7
 232 0100 02       		.uleb128 0x2
 233 0101 3D000000 		.4byte	.LASF24
 234 0105 08       		.byte	0x8
 235 0106 02       		.uleb128 0x2
 236 0107 1D000000 		.4byte	.LASF25
 237 010b 09       		.byte	0x9
 238 010c 02       		.uleb128 0x2
 239 010d 0A000000 		.4byte	.LASF26
 240 0111 0A       		.byte	0xa
 241 0112 02       		.uleb128 0x2
 242 0113 96000000 		.4byte	.LASF27
ARM GAS  C:\msys64\tmp\ccv3MxwU.s 			page 9


 243 0117 0B       		.byte	0xb
 244 0118 02       		.uleb128 0x2
 245 0119 43020000 		.4byte	.LASF28
 246 011d 0C       		.byte	0xc
 247 011e 02       		.uleb128 0x2
 248 011f DA000000 		.4byte	.LASF29
 249 0123 0D       		.byte	0xd
 250 0124 00       		.byte	0
 251 0125 05       		.uleb128 0x5
 252 0126 7C000000 		.4byte	0x7c
 253 012a 36010000 		.4byte	0x136
 254 012e 0B       		.uleb128 0xb
 255 012f 69000000 		.4byte	0x69
 256 0133 F303     		.2byte	0x3f3
 257 0135 00       		.byte	0
 258 0136 03       		.uleb128 0x3
 259 0137 25010000 		.4byte	0x125
 260 013b 0C       		.uleb128 0xc
 261 013c B4000000 		.4byte	0xb4
 262 0140 01       		.byte	0x1
 263 0141 18       		.byte	0x18
 264 0142 0F       		.byte	0xf
 265 0143 36010000 		.4byte	0x136
 266 0147 05       		.uleb128 0x5
 267 0148 03       		.byte	0x3
 268 0149 00000000 		.4byte	numfont16x22
 269 014d 00       		.byte	0
 270              		.section	.debug_abbrev,"",%progbits
 271              	.Ldebug_abbrev0:
 272 0000 01       		.uleb128 0x1
 273 0001 24       		.uleb128 0x24
 274 0002 00       		.byte	0
 275 0003 0B       		.uleb128 0xb
 276 0004 0B       		.uleb128 0xb
 277 0005 3E       		.uleb128 0x3e
 278 0006 0B       		.uleb128 0xb
 279 0007 03       		.uleb128 0x3
 280 0008 0E       		.uleb128 0xe
 281 0009 00       		.byte	0
 282 000a 00       		.byte	0
 283 000b 02       		.uleb128 0x2
 284 000c 28       		.uleb128 0x28
 285 000d 00       		.byte	0
 286 000e 03       		.uleb128 0x3
 287 000f 0E       		.uleb128 0xe
 288 0010 1C       		.uleb128 0x1c
 289 0011 0B       		.uleb128 0xb
 290 0012 00       		.byte	0
 291 0013 00       		.byte	0
 292 0014 03       		.uleb128 0x3
 293 0015 26       		.uleb128 0x26
 294 0016 00       		.byte	0
 295 0017 49       		.uleb128 0x49
 296 0018 13       		.uleb128 0x13
 297 0019 00       		.byte	0
 298 001a 00       		.byte	0
 299 001b 04       		.uleb128 0x4
ARM GAS  C:\msys64\tmp\ccv3MxwU.s 			page 10


 300 001c 16       		.uleb128 0x16
 301 001d 00       		.byte	0
 302 001e 03       		.uleb128 0x3
 303 001f 0E       		.uleb128 0xe
 304 0020 3A       		.uleb128 0x3a
 305 0021 0B       		.uleb128 0xb
 306 0022 3B       		.uleb128 0x3b
 307 0023 0B       		.uleb128 0xb
 308 0024 39       		.uleb128 0x39
 309 0025 0B       		.uleb128 0xb
 310 0026 49       		.uleb128 0x49
 311 0027 13       		.uleb128 0x13
 312 0028 00       		.byte	0
 313 0029 00       		.byte	0
 314 002a 05       		.uleb128 0x5
 315 002b 01       		.uleb128 0x1
 316 002c 01       		.byte	0x1
 317 002d 49       		.uleb128 0x49
 318 002e 13       		.uleb128 0x13
 319 002f 01       		.uleb128 0x1
 320 0030 13       		.uleb128 0x13
 321 0031 00       		.byte	0
 322 0032 00       		.byte	0
 323 0033 06       		.uleb128 0x6
 324 0034 11       		.uleb128 0x11
 325 0035 01       		.byte	0x1
 326 0036 25       		.uleb128 0x25
 327 0037 0E       		.uleb128 0xe
 328 0038 13       		.uleb128 0x13
 329 0039 0B       		.uleb128 0xb
 330 003a 03       		.uleb128 0x3
 331 003b 0E       		.uleb128 0xe
 332 003c 1B       		.uleb128 0x1b
 333 003d 0E       		.uleb128 0xe
 334 003e 10       		.uleb128 0x10
 335 003f 17       		.uleb128 0x17
 336 0040 00       		.byte	0
 337 0041 00       		.byte	0
 338 0042 07       		.uleb128 0x7
 339 0043 24       		.uleb128 0x24
 340 0044 00       		.byte	0
 341 0045 0B       		.uleb128 0xb
 342 0046 0B       		.uleb128 0xb
 343 0047 3E       		.uleb128 0x3e
 344 0048 0B       		.uleb128 0xb
 345 0049 03       		.uleb128 0x3
 346 004a 08       		.uleb128 0x8
 347 004b 00       		.byte	0
 348 004c 00       		.byte	0
 349 004d 08       		.uleb128 0x8
 350 004e 21       		.uleb128 0x21
 351 004f 00       		.byte	0
 352 0050 00       		.byte	0
 353 0051 00       		.byte	0
 354 0052 09       		.uleb128 0x9
 355 0053 34       		.uleb128 0x34
 356 0054 00       		.byte	0
ARM GAS  C:\msys64\tmp\ccv3MxwU.s 			page 11


 357 0055 03       		.uleb128 0x3
 358 0056 0E       		.uleb128 0xe
 359 0057 3A       		.uleb128 0x3a
 360 0058 0B       		.uleb128 0xb
 361 0059 3B       		.uleb128 0x3b
 362 005a 05       		.uleb128 0x5
 363 005b 39       		.uleb128 0x39
 364 005c 0B       		.uleb128 0xb
 365 005d 49       		.uleb128 0x49
 366 005e 13       		.uleb128 0x13
 367 005f 3F       		.uleb128 0x3f
 368 0060 19       		.uleb128 0x19
 369 0061 3C       		.uleb128 0x3c
 370 0062 19       		.uleb128 0x19
 371 0063 00       		.byte	0
 372 0064 00       		.byte	0
 373 0065 0A       		.uleb128 0xa
 374 0066 04       		.uleb128 0x4
 375 0067 01       		.byte	0x1
 376 0068 3E       		.uleb128 0x3e
 377 0069 0B       		.uleb128 0xb
 378 006a 0B       		.uleb128 0xb
 379 006b 0B       		.uleb128 0xb
 380 006c 49       		.uleb128 0x49
 381 006d 13       		.uleb128 0x13
 382 006e 3A       		.uleb128 0x3a
 383 006f 0B       		.uleb128 0xb
 384 0070 3B       		.uleb128 0x3b
 385 0071 05       		.uleb128 0x5
 386 0072 39       		.uleb128 0x39
 387 0073 0B       		.uleb128 0xb
 388 0074 01       		.uleb128 0x1
 389 0075 13       		.uleb128 0x13
 390 0076 00       		.byte	0
 391 0077 00       		.byte	0
 392 0078 0B       		.uleb128 0xb
 393 0079 21       		.uleb128 0x21
 394 007a 00       		.byte	0
 395 007b 49       		.uleb128 0x49
 396 007c 13       		.uleb128 0x13
 397 007d 2F       		.uleb128 0x2f
 398 007e 05       		.uleb128 0x5
 399 007f 00       		.byte	0
 400 0080 00       		.byte	0
 401 0081 0C       		.uleb128 0xc
 402 0082 34       		.uleb128 0x34
 403 0083 00       		.byte	0
 404 0084 47       		.uleb128 0x47
 405 0085 13       		.uleb128 0x13
 406 0086 3A       		.uleb128 0x3a
 407 0087 0B       		.uleb128 0xb
 408 0088 3B       		.uleb128 0x3b
 409 0089 0B       		.uleb128 0xb
 410 008a 39       		.uleb128 0x39
 411 008b 0B       		.uleb128 0xb
 412 008c 49       		.uleb128 0x49
 413 008d 13       		.uleb128 0x13
ARM GAS  C:\msys64\tmp\ccv3MxwU.s 			page 12


 414 008e 02       		.uleb128 0x2
 415 008f 18       		.uleb128 0x18
 416 0090 00       		.byte	0
 417 0091 00       		.byte	0
 418 0092 00       		.byte	0
 419              		.section	.debug_aranges,"",%progbits
 420 0000 14000000 		.4byte	0x14
 421 0004 0200     		.2byte	0x2
 422 0006 00000000 		.4byte	.Ldebug_info0
 423 000a 04       		.byte	0x4
 424 000b 00       		.byte	0
 425 000c 0000     		.2byte	0
 426 000e 0000     		.2byte	0
 427 0010 00000000 		.4byte	0
 428 0014 00000000 		.4byte	0
 429              		.section	.debug_line,"",%progbits
 430              	.Ldebug_line0:
 431 0000 22010000 		.section	.debug_str,"MS",%progbits,1
 431      03001C01 
 431      00000201 
 431      FB0E0D00 
 431      01010101 
 432              	.LASF9:
 433 0000 5F5F7569 		.ascii	"__uint8_t\000"
 433      6E74385F 
 433      7400
 434              	.LASF26:
 435 000a 4D535F53 		.ascii	"MS_SHUNT_RLC\000"
 435      48554E54 
 435      5F524C43 
 435      00
 436              	.LASF14:
 437 0017 666C6F61 		.ascii	"float\000"
 437      7400
 438              	.LASF25:
 439 001d 4D535F53 		.ascii	"MS_SHUNT_RX\000"
 439      48554E54 
 439      5F525800 
 440              	.LASF19:
 441 0029 4D535F52 		.ascii	"MS_RX\000"
 441      5800
 442              	.LASF21:
 443 002f 4D535F47 		.ascii	"MS_GB\000"
 443      4200
 444              	.LASF23:
 445 0035 4D535F52 		.ascii	"MS_RpXp\000"
 445      70587000 
 446              	.LASF24:
 447 003d 4D535F52 		.ascii	"MS_RpLC\000"
 447      704C4300 
 448              	.LASF7:
 449 0045 6C6F6E67 		.ascii	"long long unsigned int\000"
 449      206C6F6E 
 449      6720756E 
 449      7369676E 
 449      65642069 
 450              	.LASF1:
ARM GAS  C:\msys64\tmp\ccv3MxwU.s 			page 13


 451 005c 756E7369 		.ascii	"unsigned char\000"
 451      676E6564 
 451      20636861 
 451      7200
 452              	.LASF5:
 453 006a 6C6F6E67 		.ascii	"long unsigned int\000"
 453      20756E73 
 453      69676E65 
 453      6420696E 
 453      7400
 454              	.LASF22:
 455 007c 4D535F47 		.ascii	"MS_GLC\000"
 455      4C4300
 456              	.LASF3:
 457 0083 73686F72 		.ascii	"short unsigned int\000"
 457      7420756E 
 457      7369676E 
 457      65642069 
 457      6E7400
 458              	.LASF27:
 459 0096 4D535F53 		.ascii	"MS_SERIES_RX\000"
 459      45524945 
 459      535F5258 
 459      00
 460              	.LASF31:
 461 00a3 666F6E74 		.ascii	"fonts/numfont16x22.c\000"
 461      732F6E75 
 461      6D666F6E 
 461      74313678 
 461      32322E63 
 462              	.LASF16:
 463 00b8 4D535F4C 		.ascii	"MS_LIN\000"
 463      494E00
 464              	.LASF33:
 465 00bf 6E756D66 		.ascii	"numfont16x22\000"
 465      6F6E7431 
 465      36783232 
 465      00
 466              	.LASF15:
 467 00cc 646F7562 		.ascii	"double\000"
 467      6C6500
 468              	.LASF17:
 469 00d3 4D535F4C 		.ascii	"MS_LOG\000"
 469      4F4700
 470              	.LASF29:
 471 00da 4D535F45 		.ascii	"MS_END\000"
 471      4E4400
 472              	.LASF8:
 473 00e1 756E7369 		.ascii	"unsigned int\000"
 473      676E6564 
 473      20696E74 
 473      00
 474              	.LASF30:
 475 00ee 474E5520 		.ascii	"GNU C11 14.3.1 20250623 -mcpu=cortex-m4 -mfloat-abi"
 475      43313120 
 475      31342E33 
 475      2E312032 
ARM GAS  C:\msys64\tmp\ccv3MxwU.s 			page 14


 475      30323530 
 476 0121 3D686172 		.ascii	"=hard -mfpu=fpv4-sp-d16 -mno-thumb-interwork -mthum"
 476      64202D6D 
 476      6670753D 
 476      66707634 
 476      2D73702D 
 477 0154 62202D6D 		.ascii	"b -march=armv7e-m+fp -ggdb -O2 -std=c11 -fno-inline"
 477      61726368 
 477      3D61726D 
 477      7637652D 
 477      6D2B6670 
 478 0187 2D736D61 		.ascii	"-small-functions -fomit-frame-pointer -falign-funct"
 478      6C6C2D66 
 478      756E6374 
 478      696F6E73 
 478      202D666F 
 479 01ba 696F6E73 		.ascii	"ions=16 -fstack-usage -ffast-math -ffunction-sectio"
 479      3D313620 
 479      2D667374 
 479      61636B2D 
 479      75736167 
 480 01ed 6E73202D 		.ascii	"ns -fdata-sections -fno-common -fsingle-precision-c"
 480      66646174 
 480      612D7365 
 480      6374696F 
 480      6E73202D 
 481 0220 6F6E7374 		.ascii	"onstant\000"
 481      616E7400 
 482              	.LASF12:
 483 0228 63686172 		.ascii	"char\000"
 483      00
 484              	.LASF10:
 485 022d 75696E74 		.ascii	"uint8_t\000"
 485      385F7400 
 486              	.LASF6:
 487 0235 6C6F6E67 		.ascii	"long long int\000"
 487      206C6F6E 
 487      6720696E 
 487      7400
 488              	.LASF28:
 489 0243 4D535F53 		.ascii	"MS_SERIES_RLC\000"
 489      45524945 
 489      535F524C 
 489      4300
 490              	.LASF2:
 491 0251 73686F72 		.ascii	"short int\000"
 491      7420696E 
 491      7400
 492              	.LASF18:
 493 025b 4D535F52 		.ascii	"MS_REIM\000"
 493      45494D00 
 494              	.LASF4:
 495 0263 6C6F6E67 		.ascii	"long int\000"
 495      20696E74 
 495      00
 496              	.LASF11:
 497 026c 6C6F6E67 		.ascii	"long double\000"
ARM GAS  C:\msys64\tmp\ccv3MxwU.s 			page 15


 497      20646F75 
 497      626C6500 
 498              	.LASF0:
 499 0278 7369676E 		.ascii	"signed char\000"
 499      65642063 
 499      68617200 
 500              	.LASF32:
 501 0284 433A5C55 		.ascii	"C:\\Users\\danie\\SynologyDrive\\ZZ_GITHUB_PROJECTS"
 501      73657273 
 501      5C64616E 
 501      69655C53 
 501      796E6F6C 
 502 02b3 5F4F4E5F 		.ascii	"_ON_WINDOWS\\NanoVNA-H4-Stand_Alone_Custom_Firmware"
 502      57494E44 
 502      4F57535C 
 502      4E616E6F 
 502      564E412D 
 503 02e5 00       		.ascii	"\000"
 504              	.LASF13:
 505 02e6 5F426F6F 		.ascii	"_Bool\000"
 505      6C00
 506              	.LASF20:
 507 02ec 4D535F52 		.ascii	"MS_RLC\000"
 507      4C4300
 508              		.ident	"GCC: (Arm GNU Toolchain 14.3.Rel1 (Build arm-14.174)) 14.3.1 20250623"
ARM GAS  C:\msys64\tmp\ccv3MxwU.s 			page 16


DEFINED SYMBOLS
                            *ABS*:00000000 numfont16x22.c
C:\msys64\tmp\ccv3MxwU.s:23     .rodata.numfont16x22:00000000 numfont16x22
C:\msys64\tmp\ccv3MxwU.s:20     .rodata.numfont16x22:00000000 $d

NO UNDEFINED SYMBOLS
