ARM GAS  C:\msys64\tmp\cclzEL7O.s 			page 1


   1              		.cpu cortex-m4
   2              		.arch armv7e-m
   3              		.fpu fpv4-sp-d16
   4              		.eabi_attribute 27, 1
   5              		.eabi_attribute 28, 1
   6              		.eabi_attribute 23, 1
   7              		.eabi_attribute 24, 1
   8              		.eabi_attribute 25, 1
   9              		.eabi_attribute 26, 1
  10              		.eabi_attribute 30, 2
  11              		.eabi_attribute 34, 1
  12              		.eabi_attribute 18, 4
  13              		.file	"osal.c"
  14              		.text
  15              	.Ltext0:
  16              		.cfi_sections	.debug_frame
  17              		.file 1 "ChibiOS/os/hal/osal/rt/osal.c"
  18              	.Letext0:
  19              		.section	.debug_info,"",%progbits
  20              	.Ldebug_info0:
  21 0000 6F000000 		.4byte	0x6f
  22 0004 0500     		.2byte	0x5
  23 0006 01       		.byte	0x1
  24 0007 04       		.byte	0x4
  25 0008 00000000 		.4byte	.Ldebug_abbrev0
  26 000c 02       		.uleb128 0x2
  27 000d A0000000 		.4byte	.LASF11
  28 0011 1D       		.byte	0x1d
  29 0012 1F000000 		.4byte	.LASF12
  30 0016 DF010000 		.4byte	.LASF13
  31 001a 00000000 		.4byte	.Ldebug_line0
  32 001e 03       		.uleb128 0x3
  33 001f 04       		.byte	0x4
  34 0020 05       		.byte	0x5
  35 0021 696E7400 		.ascii	"int\000"
  36 0025 01       		.uleb128 0x1
  37 0026 04       		.byte	0x4
  38 0027 07       		.byte	0x7
  39 0028 00000000 		.4byte	.LASF0
  40 002c 01       		.uleb128 0x1
  41 002d 08       		.byte	0x8
  42 002e 05       		.byte	0x5
  43 002f 41020000 		.4byte	.LASF1
  44 0033 01       		.uleb128 0x1
  45 0034 08       		.byte	0x8
  46 0035 04       		.byte	0x4
  47 0036 5C000000 		.4byte	.LASF2
  48 003a 01       		.uleb128 0x1
  49 003b 01       		.byte	0x1
  50 003c 06       		.byte	0x6
  51 003d 3D000000 		.4byte	.LASF3
  52 0041 01       		.uleb128 0x1
  53 0042 01       		.byte	0x1
  54 0043 08       		.byte	0x8
  55 0044 89000000 		.4byte	.LASF4
  56 0048 01       		.uleb128 0x1
  57 0049 02       		.byte	0x2
ARM GAS  C:\msys64\tmp\cclzEL7O.s 			page 2


  58 004a 05       		.byte	0x5
  59 004b 68000000 		.4byte	.LASF5
  60 004f 01       		.uleb128 0x1
  61 0050 02       		.byte	0x2
  62 0051 07       		.byte	0x7
  63 0052 49000000 		.4byte	.LASF6
  64 0056 01       		.uleb128 0x1
  65 0057 04       		.byte	0x4
  66 0058 05       		.byte	0x5
  67 0059 97000000 		.4byte	.LASF7
  68 005d 01       		.uleb128 0x1
  69 005e 04       		.byte	0x4
  70 005f 07       		.byte	0x7
  71 0060 0D000000 		.4byte	.LASF8
  72 0064 01       		.uleb128 0x1
  73 0065 08       		.byte	0x8
  74 0066 07       		.byte	0x7
  75 0067 72000000 		.4byte	.LASF9
  76 006b 01       		.uleb128 0x1
  77 006c 01       		.byte	0x1
  78 006d 08       		.byte	0x8
  79 006e DA010000 		.4byte	.LASF10
  80 0072 00       		.byte	0
  81              		.section	.debug_abbrev,"",%progbits
  82              	.Ldebug_abbrev0:
  83 0000 01       		.uleb128 0x1
  84 0001 24       		.uleb128 0x24
  85 0002 00       		.byte	0
  86 0003 0B       		.uleb128 0xb
  87 0004 0B       		.uleb128 0xb
  88 0005 3E       		.uleb128 0x3e
  89 0006 0B       		.uleb128 0xb
  90 0007 03       		.uleb128 0x3
  91 0008 0E       		.uleb128 0xe
  92 0009 00       		.byte	0
  93 000a 00       		.byte	0
  94 000b 02       		.uleb128 0x2
  95 000c 11       		.uleb128 0x11
  96 000d 01       		.byte	0x1
  97 000e 25       		.uleb128 0x25
  98 000f 0E       		.uleb128 0xe
  99 0010 13       		.uleb128 0x13
 100 0011 0B       		.uleb128 0xb
 101 0012 03       		.uleb128 0x3
 102 0013 0E       		.uleb128 0xe
 103 0014 1B       		.uleb128 0x1b
 104 0015 0E       		.uleb128 0xe
 105 0016 10       		.uleb128 0x10
 106 0017 17       		.uleb128 0x17
 107 0018 00       		.byte	0
 108 0019 00       		.byte	0
 109 001a 03       		.uleb128 0x3
 110 001b 24       		.uleb128 0x24
 111 001c 00       		.byte	0
 112 001d 0B       		.uleb128 0xb
 113 001e 0B       		.uleb128 0xb
 114 001f 3E       		.uleb128 0x3e
ARM GAS  C:\msys64\tmp\cclzEL7O.s 			page 3


 115 0020 0B       		.uleb128 0xb
 116 0021 03       		.uleb128 0x3
 117 0022 08       		.uleb128 0x8
 118 0023 00       		.byte	0
 119 0024 00       		.byte	0
 120 0025 00       		.byte	0
 121              		.section	.debug_aranges,"",%progbits
 122 0000 14000000 		.4byte	0x14
 123 0004 0200     		.2byte	0x2
 124 0006 00000000 		.4byte	.Ldebug_info0
 125 000a 04       		.byte	0x4
 126 000b 00       		.byte	0
 127 000c 0000     		.2byte	0
 128 000e 0000     		.2byte	0
 129 0010 00000000 		.4byte	0
 130 0014 00000000 		.4byte	0
 131              		.section	.debug_line,"",%progbits
 132              	.Ldebug_line0:
 133 0000 3A000000 		.section	.debug_str,"MS",%progbits,1
 133      03003400 
 133      00000201 
 133      FB0E0D00 
 133      01010101 
 134              	.LASF0:
 135 0000 756E7369 		.ascii	"unsigned int\000"
 135      676E6564 
 135      20696E74 
 135      00
 136              	.LASF8:
 137 000d 6C6F6E67 		.ascii	"long unsigned int\000"
 137      20756E73 
 137      69676E65 
 137      6420696E 
 137      7400
 138              	.LASF12:
 139 001f 43686962 		.ascii	"ChibiOS/os/hal/osal/rt/osal.c\000"
 139      694F532F 
 139      6F732F68 
 139      616C2F6F 
 139      73616C2F 
 140              	.LASF3:
 141 003d 7369676E 		.ascii	"signed char\000"
 141      65642063 
 141      68617200 
 142              	.LASF6:
 143 0049 73686F72 		.ascii	"short unsigned int\000"
 143      7420756E 
 143      7369676E 
 143      65642069 
 143      6E7400
 144              	.LASF2:
 145 005c 6C6F6E67 		.ascii	"long double\000"
 145      20646F75 
 145      626C6500 
 146              	.LASF5:
 147 0068 73686F72 		.ascii	"short int\000"
 147      7420696E 
ARM GAS  C:\msys64\tmp\cclzEL7O.s 			page 4


 147      7400
 148              	.LASF9:
 149 0072 6C6F6E67 		.ascii	"long long unsigned int\000"
 149      206C6F6E 
 149      6720756E 
 149      7369676E 
 149      65642069 
 150              	.LASF4:
 151 0089 756E7369 		.ascii	"unsigned char\000"
 151      676E6564 
 151      20636861 
 151      7200
 152              	.LASF7:
 153 0097 6C6F6E67 		.ascii	"long int\000"
 153      20696E74 
 153      00
 154              	.LASF11:
 155 00a0 474E5520 		.ascii	"GNU C11 14.3.1 20250623 -mcpu=cortex-m4 -mfloat-abi"
 155      43313120 
 155      31342E33 
 155      2E312032 
 155      30323530 
 156 00d3 3D686172 		.ascii	"=hard -mfpu=fpv4-sp-d16 -mno-thumb-interwork -mthum"
 156      64202D6D 
 156      6670753D 
 156      66707634 
 156      2D73702D 
 157 0106 62202D6D 		.ascii	"b -march=armv7e-m+fp -ggdb -O2 -std=c11 -fno-inline"
 157      61726368 
 157      3D61726D 
 157      7637652D 
 157      6D2B6670 
 158 0139 2D736D61 		.ascii	"-small-functions -fomit-frame-pointer -falign-funct"
 158      6C6C2D66 
 158      756E6374 
 158      696F6E73 
 158      202D666F 
 159 016c 696F6E73 		.ascii	"ions=16 -fstack-usage -ffast-math -ffunction-sectio"
 159      3D313620 
 159      2D667374 
 159      61636B2D 
 159      75736167 
 160 019f 6E73202D 		.ascii	"ns -fdata-sections -fno-common -fsingle-precision-c"
 160      66646174 
 160      612D7365 
 160      6374696F 
 160      6E73202D 
 161 01d2 6F6E7374 		.ascii	"onstant\000"
 161      616E7400 
 162              	.LASF10:
 163 01da 63686172 		.ascii	"char\000"
 163      00
 164              	.LASF13:
 165 01df 433A5C55 		.ascii	"C:\\Users\\danie\\SynologyDrive\\ZZ_GITHUB_PROJECTS"
 165      73657273 
 165      5C64616E 
 165      69655C53 
ARM GAS  C:\msys64\tmp\cclzEL7O.s 			page 5


 165      796E6F6C 
 166 020e 5F4F4E5F 		.ascii	"_ON_WINDOWS\\NanoVNA-H4-Stand_Alone_Custom_Firmware"
 166      57494E44 
 166      4F57535C 
 166      4E616E6F 
 166      564E412D 
 167 0240 00       		.ascii	"\000"
 168              	.LASF1:
 169 0241 6C6F6E67 		.ascii	"long long int\000"
 169      206C6F6E 
 169      6720696E 
 169      7400
 170              		.ident	"GCC: (Arm GNU Toolchain 14.3.Rel1 (Build arm-14.174)) 14.3.1 20250623"
ARM GAS  C:\msys64\tmp\cclzEL7O.s 			page 6


DEFINED SYMBOLS
                            *ABS*:00000000 osal.c

NO UNDEFINED SYMBOLS
