ARM GAS  C:\msys64\tmp\ccmmkiKB.s 			page 1


   1              		.cpu cortex-m4
   2              		.arch armv7e-m
   3              		.fpu fpv4-sp-d16
   4              		.eabi_attribute 27, 1
   5              		.eabi_attribute 28, 1
   6              		.eabi_attribute 23, 1
   7              		.eabi_attribute 24, 1
   8              		.eabi_attribute 25, 1
   9              		.eabi_attribute 26, 1
  10              		.eabi_attribute 30, 2
  11              		.eabi_attribute 34, 1
  12              		.eabi_attribute 18, 4
  13              		.file	"stm32_dma.c"
  14              		.text
  15              	.Ltext0:
  16              		.cfi_sections	.debug_frame
  17              		.file 1 "ChibiOS/os/hal/ports/STM32/LLD/DMAv1/stm32_dma.c"
  18              	.Letext0:
  19              		.section	.debug_info,"",%progbits
  20              	.Ldebug_info0:
  21 0000 76000000 		.4byte	0x76
  22 0004 0500     		.2byte	0x5
  23 0006 01       		.byte	0x1
  24 0007 04       		.byte	0x4
  25 0008 00000000 		.4byte	.Ldebug_abbrev0
  26 000c 02       		.uleb128 0x2
  27 000d C8000000 		.4byte	.LASF12
  28 0011 1D       		.byte	0x1d
  29 0012 37020000 		.4byte	.LASF13
  30 0016 57000000 		.4byte	.LASF14
  31 001a 00000000 		.4byte	.Ldebug_line0
  32 001e 03       		.uleb128 0x3
  33 001f 04       		.byte	0x4
  34 0020 05       		.byte	0x5
  35 0021 696E7400 		.ascii	"int\000"
  36 0025 01       		.uleb128 0x1
  37 0026 04       		.byte	0x4
  38 0027 07       		.byte	0x7
  39 0028 0E000000 		.4byte	.LASF0
  40 002c 01       		.uleb128 0x1
  41 002d 08       		.byte	0x8
  42 002e 05       		.byte	0x5
  43 002f 00000000 		.4byte	.LASF1
  44 0033 01       		.uleb128 0x1
  45 0034 08       		.byte	0x8
  46 0035 04       		.byte	0x4
  47 0036 21020000 		.4byte	.LASF2
  48 003a 01       		.uleb128 0x1
  49 003b 01       		.byte	0x1
  50 003c 06       		.byte	0x6
  51 003d 15020000 		.4byte	.LASF3
  52 0041 01       		.uleb128 0x1
  53 0042 01       		.byte	0x1
  54 0043 08       		.byte	0x8
  55 0044 44000000 		.4byte	.LASF4
  56 0048 01       		.uleb128 0x1
  57 0049 02       		.byte	0x2
ARM GAS  C:\msys64\tmp\ccmmkiKB.s 			page 2


  58 004a 05       		.byte	0x5
  59 004b 2D020000 		.4byte	.LASF5
  60 004f 01       		.uleb128 0x1
  61 0050 02       		.byte	0x2
  62 0051 07       		.byte	0x7
  63 0052 02020000 		.4byte	.LASF6
  64 0056 01       		.uleb128 0x1
  65 0057 04       		.byte	0x4
  66 0058 05       		.byte	0x5
  67 0059 B9000000 		.4byte	.LASF7
  68 005d 01       		.uleb128 0x1
  69 005e 04       		.byte	0x4
  70 005f 07       		.byte	0x7
  71 0060 1B000000 		.4byte	.LASF8
  72 0064 01       		.uleb128 0x1
  73 0065 08       		.byte	0x8
  74 0066 07       		.byte	0x7
  75 0067 2D000000 		.4byte	.LASF9
  76 006b 01       		.uleb128 0x1
  77 006c 01       		.byte	0x1
  78 006d 08       		.byte	0x8
  79 006e 52000000 		.4byte	.LASF10
  80 0072 01       		.uleb128 0x1
  81 0073 01       		.byte	0x1
  82 0074 02       		.byte	0x2
  83 0075 C2000000 		.4byte	.LASF11
  84 0079 00       		.byte	0
  85              		.section	.debug_abbrev,"",%progbits
  86              	.Ldebug_abbrev0:
  87 0000 01       		.uleb128 0x1
  88 0001 24       		.uleb128 0x24
  89 0002 00       		.byte	0
  90 0003 0B       		.uleb128 0xb
  91 0004 0B       		.uleb128 0xb
  92 0005 3E       		.uleb128 0x3e
  93 0006 0B       		.uleb128 0xb
  94 0007 03       		.uleb128 0x3
  95 0008 0E       		.uleb128 0xe
  96 0009 00       		.byte	0
  97 000a 00       		.byte	0
  98 000b 02       		.uleb128 0x2
  99 000c 11       		.uleb128 0x11
 100 000d 01       		.byte	0x1
 101 000e 25       		.uleb128 0x25
 102 000f 0E       		.uleb128 0xe
 103 0010 13       		.uleb128 0x13
 104 0011 0B       		.uleb128 0xb
 105 0012 03       		.uleb128 0x3
 106 0013 0E       		.uleb128 0xe
 107 0014 1B       		.uleb128 0x1b
 108 0015 0E       		.uleb128 0xe
 109 0016 10       		.uleb128 0x10
 110 0017 17       		.uleb128 0x17
 111 0018 00       		.byte	0
 112 0019 00       		.byte	0
 113 001a 03       		.uleb128 0x3
 114 001b 24       		.uleb128 0x24
ARM GAS  C:\msys64\tmp\ccmmkiKB.s 			page 3


 115 001c 00       		.byte	0
 116 001d 0B       		.uleb128 0xb
 117 001e 0B       		.uleb128 0xb
 118 001f 3E       		.uleb128 0x3e
 119 0020 0B       		.uleb128 0xb
 120 0021 03       		.uleb128 0x3
 121 0022 08       		.uleb128 0x8
 122 0023 00       		.byte	0
 123 0024 00       		.byte	0
 124 0025 00       		.byte	0
 125              		.section	.debug_aranges,"",%progbits
 126 0000 14000000 		.4byte	0x14
 127 0004 0200     		.2byte	0x2
 128 0006 00000000 		.4byte	.Ldebug_info0
 129 000a 04       		.byte	0x4
 130 000b 00       		.byte	0
 131 000c 0000     		.2byte	0
 132 000e 0000     		.2byte	0
 133 0010 00000000 		.4byte	0
 134 0014 00000000 		.4byte	0
 135              		.section	.debug_line,"",%progbits
 136              	.Ldebug_line0:
 137 0000 4D000000 		.section	.debug_str,"MS",%progbits,1
 137      03004700 
 137      00000201 
 137      FB0E0D00 
 137      01010101 
 138              	.LASF1:
 139 0000 6C6F6E67 		.ascii	"long long int\000"
 139      206C6F6E 
 139      6720696E 
 139      7400
 140              	.LASF0:
 141 000e 756E7369 		.ascii	"unsigned int\000"
 141      676E6564 
 141      20696E74 
 141      00
 142              	.LASF8:
 143 001b 6C6F6E67 		.ascii	"long unsigned int\000"
 143      20756E73 
 143      69676E65 
 143      6420696E 
 143      7400
 144              	.LASF9:
 145 002d 6C6F6E67 		.ascii	"long long unsigned int\000"
 145      206C6F6E 
 145      6720756E 
 145      7369676E 
 145      65642069 
 146              	.LASF4:
 147 0044 756E7369 		.ascii	"unsigned char\000"
 147      676E6564 
 147      20636861 
 147      7200
 148              	.LASF10:
 149 0052 63686172 		.ascii	"char\000"
 149      00
ARM GAS  C:\msys64\tmp\ccmmkiKB.s 			page 4


 150              	.LASF14:
 151 0057 433A5C55 		.ascii	"C:\\Users\\danie\\SynologyDrive\\ZZ_GITHUB_PROJECTS"
 151      73657273 
 151      5C64616E 
 151      69655C53 
 151      796E6F6C 
 152 0086 5F4F4E5F 		.ascii	"_ON_WINDOWS\\NanoVNA-H4-Stand_Alone_Custom_Firmware"
 152      57494E44 
 152      4F57535C 
 152      4E616E6F 
 152      564E412D 
 153 00b8 00       		.ascii	"\000"
 154              	.LASF7:
 155 00b9 6C6F6E67 		.ascii	"long int\000"
 155      20696E74 
 155      00
 156              	.LASF11:
 157 00c2 5F426F6F 		.ascii	"_Bool\000"
 157      6C00
 158              	.LASF12:
 159 00c8 474E5520 		.ascii	"GNU C11 14.3.1 20250623 -mcpu=cortex-m4 -mfloat-abi"
 159      43313120 
 159      31342E33 
 159      2E312032 
 159      30323530 
 160 00fb 3D686172 		.ascii	"=hard -mfpu=fpv4-sp-d16 -mno-thumb-interwork -mthum"
 160      64202D6D 
 160      6670753D 
 160      66707634 
 160      2D73702D 
 161 012e 62202D6D 		.ascii	"b -march=armv7e-m+fp -ggdb -O2 -std=c11 -fno-inline"
 161      61726368 
 161      3D61726D 
 161      7637652D 
 161      6D2B6670 
 162 0161 2D736D61 		.ascii	"-small-functions -fomit-frame-pointer -falign-funct"
 162      6C6C2D66 
 162      756E6374 
 162      696F6E73 
 162      202D666F 
 163 0194 696F6E73 		.ascii	"ions=16 -fstack-usage -ffast-math -ffunction-sectio"
 163      3D313620 
 163      2D667374 
 163      61636B2D 
 163      75736167 
 164 01c7 6E73202D 		.ascii	"ns -fdata-sections -fno-common -fsingle-precision-c"
 164      66646174 
 164      612D7365 
 164      6374696F 
 164      6E73202D 
 165 01fa 6F6E7374 		.ascii	"onstant\000"
 165      616E7400 
 166              	.LASF6:
 167 0202 73686F72 		.ascii	"short unsigned int\000"
 167      7420756E 
 167      7369676E 
 167      65642069 
ARM GAS  C:\msys64\tmp\ccmmkiKB.s 			page 5


 167      6E7400
 168              	.LASF3:
 169 0215 7369676E 		.ascii	"signed char\000"
 169      65642063 
 169      68617200 
 170              	.LASF2:
 171 0221 6C6F6E67 		.ascii	"long double\000"
 171      20646F75 
 171      626C6500 
 172              	.LASF5:
 173 022d 73686F72 		.ascii	"short int\000"
 173      7420696E 
 173      7400
 174              	.LASF13:
 175 0237 43686962 		.ascii	"ChibiOS/os/hal/ports/STM32/LLD/DMAv1/stm32_dma.c\000"
 175      694F532F 
 175      6F732F68 
 175      616C2F70 
 175      6F727473 
 176              		.ident	"GCC: (Arm GNU Toolchain 14.3.Rel1 (Build arm-14.174)) 14.3.1 20250623"
ARM GAS  C:\msys64\tmp\ccmmkiKB.s 			page 6


DEFINED SYMBOLS
                            *ABS*:00000000 stm32_dma.c

NO UNDEFINED SYMBOLS
