ARM GAS  C:\msys64\tmp\ccqhPKKy.s 			page 1


   1              		.cpu cortex-m4
   2              		.arch armv7e-m
   3              		.fpu fpv4-sp-d16
   4              		.eabi_attribute 27, 1
   5              		.eabi_attribute 28, 1
   6              		.eabi_attribute 23, 1
   7              		.eabi_attribute 24, 1
   8              		.eabi_attribute 25, 1
   9              		.eabi_attribute 26, 1
  10              		.eabi_attribute 30, 2
  11              		.eabi_attribute 34, 1
  12              		.eabi_attribute 18, 4
  13              		.file	"tlv320aic3204.c"
  14              		.text
  15              	.Ltext0:
  16              		.cfi_sections	.debug_frame
  17              		.file 1 "tlv320aic3204.c"
  18              		.section	.text.tlv320aic3204_config,"ax",%progbits
  19              		.align	1
  20              		.p2align 4,,15
  21              		.syntax unified
  22              		.thumb
  23              		.thumb_func
  24              		.type	tlv320aic3204_config, %function
  25              	tlv320aic3204_config:
  26              	.LVL0:
  27              	.LFB241:
  28              		.loc 1 353 1 view -0
  29              		.cfi_startproc
  30              		@ args = 0, pretend = 0, frame = 0
  31              		@ frame_needed = 0, uses_anonymous_args = 0
  32              		.loc 1 354 3 view .LVU1
  33              		.loc 1 353 1 is_stmt 0 view .LVU2
  34 0000 38B5     		push	{r3, r4, r5, lr}
  35              		.cfi_def_cfa_offset 16
  36              		.cfi_offset 3, -16
  37              		.cfi_offset 4, -12
  38              		.cfi_offset 5, -8
  39              		.cfi_offset 14, -4
  40              		.loc 1 353 1 view .LVU3
  41 0002 0446     		mov	r4, r0
  42              		.loc 1 354 10 is_stmt 1 discriminator 1 view .LVU4
  43              	.LVL1:
  44              		.loc 1 354 10 is_stmt 0 discriminator 1 view .LVU5
  45 0004 00EB4105 		add	r5, r0, r1, lsl #1
  46              	.LVL2:
  47              	.L2:
  48              		.loc 1 355 5 is_stmt 1 view .LVU6
  49              	.LBB4:
  50              	.LBI4:
  51              		.loc 1 335 1 view .LVU7
  52              	.LBB5:
  53              		.loc 1 337 3 view .LVU8
  54 0008 2146     		mov	r1, r4
  55 000a 0222     		movs	r2, #2
  56 000c 1820     		movs	r0, #24
  57              	.LBE5:
ARM GAS  C:\msys64\tmp\ccqhPKKy.s 			page 2


  58              	.LBE4:
  59              		.loc 1 354 22 is_stmt 0 discriminator 2 view .LVU9
  60 000e 0234     		adds	r4, r4, #2
  61              	.LVL3:
  62              	.LBB7:
  63              	.LBB6:
  64              		.loc 1 337 3 view .LVU10
  65 0010 FFF7FEFF 		bl	i2c_transfer
  66              	.LVL4:
  67              		.loc 1 337 3 view .LVU11
  68              	.LBE6:
  69              	.LBE7:
  70              		.loc 1 354 22 is_stmt 1 discriminator 2 view .LVU12
  71              		.loc 1 354 10 discriminator 1 view .LVU13
  72 0014 A542     		cmp	r5, r4
  73 0016 F7D1     		bne	.L2
  74              		.loc 1 356 1 is_stmt 0 view .LVU14
  75 0018 38BD     		pop	{r3, r4, r5, pc}
  76              		.loc 1 356 1 view .LVU15
  77              		.cfi_endproc
  78              	.LFE241:
  79              		.size	tlv320aic3204_config, .-tlv320aic3204_config
  80 001a 00BF     		.section	.text.tlv320aic3204_init,"ax",%progbits
  81              		.align	1
  82              		.p2align 4,,15
  83              		.global	tlv320aic3204_init
  84              		.syntax unified
  85              		.thumb
  86              		.thumb_func
  87              		.type	tlv320aic3204_init, %function
  88              	tlv320aic3204_init:
  89              	.LFB242:
  90              		.loc 1 359 1 is_stmt 1 view -0
  91              		.cfi_startproc
  92              		@ args = 0, pretend = 0, frame = 0
  93              		@ frame_needed = 0, uses_anonymous_args = 0
  94              		.loc 1 360 3 view .LVU17
  95              		.loc 1 359 1 is_stmt 0 view .LVU18
  96 0000 08B5     		push	{r3, lr}
  97              		.cfi_def_cfa_offset 8
  98              		.cfi_offset 3, -8
  99              		.cfi_offset 14, -4
 100              		.loc 1 360 3 view .LVU19
 101 0002 0548     		ldr	r0, .L8
 102 0004 1B21     		movs	r1, #27
 103 0006 FFF7FEFF 		bl	tlv320aic3204_config
 104              	.LVL5:
 105              		.loc 1 362 3 is_stmt 1 view .LVU20
 106              		.loc 1 363 1 is_stmt 0 view .LVU21
 107 000a BDE80840 		pop	{r3, lr}
 108              		.cfi_restore 14
 109              		.cfi_restore 3
 110              		.cfi_def_cfa_offset 0
 111              		.loc 1 362 3 view .LVU22
 112 000e 0348     		ldr	r0, .L8+4
 113 0010 0421     		movs	r1, #4
 114 0012 FFF7FEBF 		b	tlv320aic3204_config
ARM GAS  C:\msys64\tmp\ccqhPKKy.s 			page 3


 115              	.LVL6:
 116              	.L9:
 117 0016 00BF     		.align	2
 118              	.L8:
 119 0018 00000000 		.word	conf_data
 120 001c 00000000 		.word	conf_data_unmute
 121              		.cfi_endproc
 122              	.LFE242:
 123              		.size	tlv320aic3204_init, .-tlv320aic3204_init
 124              		.section	.text.tlv320aic3204_write_reg,"ax",%progbits
 125              		.align	1
 126              		.p2align 4,,15
 127              		.global	tlv320aic3204_write_reg
 128              		.syntax unified
 129              		.thumb
 130              		.thumb_func
 131              		.type	tlv320aic3204_write_reg, %function
 132              	tlv320aic3204_write_reg:
 133              	.LVL7:
 134              	.LFB243:
 135              		.loc 1 367 1 is_stmt 1 view -0
 136              		.cfi_startproc
 137              		@ args = 0, pretend = 0, frame = 8
 138              		@ frame_needed = 0, uses_anonymous_args = 0
 139              		.loc 1 368 3 view .LVU24
 140              		.loc 1 367 1 is_stmt 0 view .LVU25
 141 0000 00B5     		push	{lr}
 142              		.cfi_def_cfa_offset 4
 143              		.cfi_offset 14, -4
 144 0002 83B0     		sub	sp, sp, #12
 145              		.cfi_def_cfa_offset 16
 146              		.loc 1 367 1 view .LVU26
 147 0004 8C46     		mov	ip, r1
 148              		.loc 1 368 11 view .LVU27
 149 0006 0021     		movs	r1, #0
 150              	.LVL8:
 151              		.loc 1 368 11 view .LVU28
 152 0008 4FF48073 		mov	r3, #256
 153 000c 8DF80010 		strb	r1, [sp]
 154 0010 8DF80100 		strb	r0, [sp, #1]
 155              		.loc 1 373 3 view .LVU29
 156 0014 0321     		movs	r1, #3
 157 0016 6846     		mov	r0, sp
 158              	.LVL9:
 159              		.loc 1 368 11 view .LVU30
 160 0018 8DF802C0 		strb	ip, [sp, #2]
 161 001c 8DF80320 		strb	r2, [sp, #3]
 162 0020 ADF80430 		strh	r3, [sp, #4]	@ movhi
 163              		.loc 1 373 3 is_stmt 1 view .LVU31
 164 0024 FFF7FEFF 		bl	tlv320aic3204_config
 165              	.LVL10:
 166              		.loc 1 374 1 is_stmt 0 view .LVU32
 167 0028 03B0     		add	sp, sp, #12
 168              		.cfi_def_cfa_offset 4
 169              		@ sp needed
 170 002a 5DF804FB 		ldr	pc, [sp], #4
 171              		.cfi_endproc
ARM GAS  C:\msys64\tmp\ccqhPKKy.s 			page 4


 172              	.LFE243:
 173              		.size	tlv320aic3204_write_reg, .-tlv320aic3204_write_reg
 174 002e 00BF     		.section	.text.tlv320aic3204_select,"ax",%progbits
 175              		.align	1
 176              		.p2align 4,,15
 177              		.global	tlv320aic3204_select
 178              		.syntax unified
 179              		.thumb
 180              		.thumb_func
 181              		.type	tlv320aic3204_select, %function
 182              	tlv320aic3204_select:
 183              	.LVL11:
 184              	.LFB244:
 185              		.loc 1 377 1 is_stmt 1 view -0
 186              		.cfi_startproc
 187              		@ args = 0, pretend = 0, frame = 0
 188              		@ frame_needed = 0, uses_anonymous_args = 0
 189              		@ link register save eliminated.
 190              		.loc 1 385 3 view .LVU34
 191 0000 20B1     		cbz	r0, .L14
 192              		.loc 1 385 3 is_stmt 0 discriminator 1 view .LVU35
 193 0002 0549     		ldr	r1, .L15
 194              	.LVL12:
 195              	.LBB10:
 196              	.LBI10:
 197              		.loc 1 335 1 is_stmt 1 view .LVU36
 198              	.LBB11:
 199              		.loc 1 337 3 view .LVU37
 200 0004 0522     		movs	r2, #5
 201 0006 1820     		movs	r0, #24
 202              	.LVL13:
 203              		.loc 1 337 3 is_stmt 0 view .LVU38
 204 0008 FFF7FEBF 		b	i2c_transfer
 205              	.LVL14:
 206              	.L14:
 207              		.loc 1 337 3 view .LVU39
 208              	.LBE11:
 209              	.LBE10:
 210              		.loc 1 385 3 discriminator 2 view .LVU40
 211 000c 0349     		ldr	r1, .L15+4
 212              	.LVL15:
 213              	.LBB13:
 214              		.loc 1 335 1 is_stmt 1 view .LVU41
 215              	.LBB12:
 216              		.loc 1 337 3 view .LVU42
 217 000e 0522     		movs	r2, #5
 218 0010 1820     		movs	r0, #24
 219              	.LVL16:
 220              		.loc 1 337 3 is_stmt 0 view .LVU43
 221 0012 FFF7FEBF 		b	i2c_transfer
 222              	.LVL17:
 223              	.L16:
 224              		.loc 1 337 3 view .LVU44
 225 0016 00BF     		.align	2
 226              	.L15:
 227 0018 00000000 		.word	conf_data_ch1_select
 228 001c 00000000 		.word	conf_data_ch3_select
ARM GAS  C:\msys64\tmp\ccqhPKKy.s 			page 5


 229              	.LBE12:
 230              	.LBE13:
 231              		.cfi_endproc
 232              	.LFE244:
 233              		.size	tlv320aic3204_select, .-tlv320aic3204_select
 234              		.section	.text.tlv320aic3204_set_gain,"ax",%progbits
 235              		.align	1
 236              		.p2align 4,,15
 237              		.global	tlv320aic3204_set_gain
 238              		.syntax unified
 239              		.thumb
 240              		.thumb_func
 241              		.type	tlv320aic3204_set_gain, %function
 242              	tlv320aic3204_set_gain:
 243              	.LVL18:
 244              	.LFB245:
 245              		.loc 1 390 1 is_stmt 1 view -0
 246              		.cfi_startproc
 247              		@ args = 0, pretend = 0, frame = 8
 248              		@ frame_needed = 0, uses_anonymous_args = 0
 249              		.loc 1 391 3 view .LVU46
 250              		.loc 1 390 1 is_stmt 0 view .LVU47
 251 0000 00B5     		push	{lr}
 252              		.cfi_def_cfa_offset 4
 253              		.cfi_offset 14, -4
 254 0002 83B0     		sub	sp, sp, #12
 255              		.cfi_def_cfa_offset 16
 256              		.loc 1 390 1 view .LVU48
 257 0004 0B46     		mov	r3, r1
 258              		.loc 1 391 11 view .LVU49
 259 0006 4FF03B0C 		mov	ip, #59
 260 000a 8DF80500 		strb	r0, [sp, #5]
 261              	.LBB16:
 262              	.LBB17:
 263              		.loc 1 337 3 view .LVU50
 264 000e 0322     		movs	r2, #3
 265 0010 01A9     		add	r1, sp, #4
 266              	.LVL19:
 267              		.loc 1 337 3 view .LVU51
 268 0012 1820     		movs	r0, #24
 269              	.LVL20:
 270              		.loc 1 337 3 view .LVU52
 271              	.LBE17:
 272              	.LBE16:
 273              		.loc 1 391 11 view .LVU53
 274 0014 8DF804C0 		strb	ip, [sp, #4]
 275 0018 8DF80630 		strb	r3, [sp, #6]
 276              		.loc 1 397 3 is_stmt 1 view .LVU54
 277              	.LVL21:
 278              	.LBB19:
 279              	.LBI16:
 280              		.loc 1 335 1 view .LVU55
 281              	.LBB18:
 282              		.loc 1 337 3 view .LVU56
 283 001c FFF7FEFF 		bl	i2c_transfer
 284              	.LVL22:
 285              		.loc 1 337 3 is_stmt 0 view .LVU57
ARM GAS  C:\msys64\tmp\ccqhPKKy.s 			page 6


 286              	.LBE18:
 287              	.LBE19:
 288              		.loc 1 398 1 view .LVU58
 289 0020 03B0     		add	sp, sp, #12
 290              		.cfi_def_cfa_offset 4
 291              		@ sp needed
 292 0022 5DF804FB 		ldr	pc, [sp], #4
 293              		.cfi_endproc
 294              	.LFE245:
 295              		.size	tlv320aic3204_set_gain, .-tlv320aic3204_set_gain
 296 0026 00BF     		.section	.rodata.conf_data_ch1_select,"a"
 297              		.align	2
 298              		.type	conf_data_ch1_select, %object
 299              		.size	conf_data_ch1_select, 5
 300              	conf_data_ch1_select:
 301 0000 37400010 		.ascii	"7@\000\020\014"
 301      0C
 302              		.section	.rodata.conf_data_ch3_select,"a"
 303              		.align	2
 304              		.type	conf_data_ch3_select, %object
 305              		.size	conf_data_ch3_select, 5
 306              	conf_data_ch3_select:
 307 0000 37040004 		.ascii	"7\004\000\004\300"
 307      C0
 308              		.section	.rodata.conf_data_unmute,"a"
 309              		.align	2
 310              		.type	conf_data_unmute, %object
 311              		.size	conf_data_unmute, 8
 312              	conf_data_unmute:
 313 0000 000051C2 		.ascii	"\000\000Q\302R\000\000\001"
 313      52000001 
 314              		.section	.rodata.conf_data,"a"
 315              		.align	2
 316              		.type	conf_data, %object
 317              		.size	conf_data, 54
 318              	conf_data:
 319 0000 00000101 		.ascii	"\000\000\001\001\004C\005\221\006\014\007\013\010@\013"
 319      04430591 
 319      060C070B 
 319      08400B
 320 000f 820C840D 		.ascii	"\202\014\204\015\000\016@<\021\022\202\023\204\024@"
 320      000E403C 
 320      11128213 
 320      841440
 321 001e 3D071B4C 		.ascii	"=\007\033L\036\210\000\001\001\010\002\001\0123=\000"
 321      1E880001 
 321      01080201 
 321      0A333D00 
 322 002e 47327B01 		.ascii	"G2{\0014\0206\020"
 322      34103610 
 323              		.text
 324              	.Letext0:
 325              		.file 2 "C:/Program Files (x86)/Arm GNU Toolchain arm-none-eabi/14.3 rel1/lib/gcc/arm-none-eabi/14
 326              		.file 3 "C:/Program Files (x86)/Arm GNU Toolchain arm-none-eabi/14.3 rel1/arm-none-eabi/include/ma
 327              		.file 4 "C:/Program Files (x86)/Arm GNU Toolchain arm-none-eabi/14.3 rel1/arm-none-eabi/include/sy
 328              		.file 5 "nanovna.h"
 329              		.file 6 "hardware.h"
ARM GAS  C:\msys64\tmp\ccqhPKKy.s 			page 7


 330              		.section	.debug_info,"",%progbits
 331              	.Ldebug_info0:
 332 0000 75040000 		.4byte	0x475
 333 0004 0500     		.2byte	0x5
 334 0006 01       		.byte	0x1
 335 0007 04       		.byte	0x4
 336 0008 00000000 		.4byte	.Ldebug_abbrev0
 337 000c 12       		.uleb128 0x12
 338 000d D5010000 		.4byte	.LASF44
 339 0011 1D       		.byte	0x1d
 340 0012 91010000 		.4byte	.LASF45
 341 0016 D0000000 		.4byte	.LASF46
 342 001a 30000000 		.4byte	.LLRL17
 343 001e 00000000 		.4byte	0
 344 0022 00000000 		.4byte	.Ldebug_line0
 345 0026 02       		.uleb128 0x2
 346 0027 08       		.byte	0x8
 347 0028 07       		.byte	0x7
 348 0029 90000000 		.4byte	.LASF0
 349 002d 02       		.uleb128 0x2
 350 002e 01       		.byte	0x1
 351 002f 08       		.byte	0x8
 352 0030 BC000000 		.4byte	.LASF1
 353 0034 13       		.uleb128 0x13
 354 0035 04       		.byte	0x4
 355 0036 05       		.byte	0x5
 356 0037 696E7400 		.ascii	"int\000"
 357 003b 0B       		.uleb128 0xb
 358 003c 19000000 		.4byte	.LASF6
 359 0040 02       		.byte	0x2
 360 0041 E5       		.byte	0xe5
 361 0042 17       		.byte	0x17
 362 0043 47000000 		.4byte	0x47
 363 0047 02       		.uleb128 0x2
 364 0048 04       		.byte	0x4
 365 0049 07       		.byte	0x7
 366 004a 6E030000 		.4byte	.LASF2
 367 004e 02       		.uleb128 0x2
 368 004f 08       		.byte	0x8
 369 0050 05       		.byte	0x5
 370 0051 52030000 		.4byte	.LASF3
 371 0055 02       		.uleb128 0x2
 372 0056 08       		.byte	0x8
 373 0057 04       		.byte	0x4
 374 0058 46030000 		.4byte	.LASF4
 375 005c 02       		.uleb128 0x2
 376 005d 01       		.byte	0x1
 377 005e 06       		.byte	0x6
 378 005f BE030000 		.4byte	.LASF5
 379 0063 0B       		.uleb128 0xb
 380 0064 0F000000 		.4byte	.LASF7
 381 0068 03       		.byte	0x3
 382 0069 2B       		.byte	0x2b
 383 006a 18       		.byte	0x18
 384 006b 2D000000 		.4byte	0x2d
 385 006f 02       		.uleb128 0x2
 386 0070 02       		.byte	0x2
ARM GAS  C:\msys64\tmp\ccqhPKKy.s 			page 8


 387 0071 05       		.byte	0x5
 388 0072 7B030000 		.4byte	.LASF8
 389 0076 02       		.uleb128 0x2
 390 0077 02       		.byte	0x2
 391 0078 07       		.byte	0x7
 392 0079 4B010000 		.4byte	.LASF9
 393 007d 02       		.uleb128 0x2
 394 007e 04       		.byte	0x4
 395 007f 05       		.byte	0x5
 396 0080 A0030000 		.4byte	.LASF10
 397 0084 02       		.uleb128 0x2
 398 0085 04       		.byte	0x4
 399 0086 07       		.byte	0x7
 400 0087 32010000 		.4byte	.LASF11
 401 008b 0B       		.uleb128 0xb
 402 008c 14030000 		.4byte	.LASF12
 403 0090 04       		.byte	0x4
 404 0091 18       		.byte	0x18
 405 0092 13       		.byte	0x13
 406 0093 63000000 		.4byte	0x63
 407 0097 08       		.uleb128 0x8
 408 0098 8B000000 		.4byte	0x8b
 409 009c 02       		.uleb128 0x2
 410 009d 01       		.byte	0x1
 411 009e 08       		.byte	0x8
 412 009f 0F030000 		.4byte	.LASF13
 413 00a3 14       		.uleb128 0x14
 414 00a4 04       		.byte	0x4
 415 00a5 97000000 		.4byte	0x97
 416 00a9 02       		.uleb128 0x2
 417 00aa 01       		.byte	0x1
 418 00ab 02       		.byte	0x2
 419 00ac CA030000 		.4byte	.LASF14
 420 00b0 02       		.uleb128 0x2
 421 00b1 04       		.byte	0x4
 422 00b2 04       		.byte	0x4
 423 00b3 35000000 		.4byte	.LASF15
 424 00b7 02       		.uleb128 0x2
 425 00b8 08       		.byte	0x8
 426 00b9 04       		.byte	0x4
 427 00ba 8A010000 		.4byte	.LASF16
 428 00be 15       		.uleb128 0x15
 429 00bf 07       		.byte	0x7
 430 00c0 01       		.byte	0x1
 431 00c1 2D000000 		.4byte	0x2d
 432 00c5 05       		.byte	0x5
 433 00c6 7903     		.2byte	0x379
 434 00c8 06       		.byte	0x6
 435 00c9 22010000 		.4byte	0x122
 436 00cd 03       		.uleb128 0x3
 437 00ce 83010000 		.4byte	.LASF17
 438 00d2 00       		.byte	0
 439 00d3 03       		.uleb128 0x3
 440 00d4 BA010000 		.4byte	.LASF18
 441 00d8 01       		.byte	0x1
 442 00d9 03       		.uleb128 0x3
 443 00da 98030000 		.4byte	.LASF19
ARM GAS  C:\msys64\tmp\ccqhPKKy.s 			page 9


 444 00de 02       		.byte	0x2
 445 00df 03       		.uleb128 0x3
 446 00e0 58000000 		.4byte	.LASF20
 447 00e4 03       		.byte	0x3
 448 00e5 03       		.uleb128 0x3
 449 00e6 D0030000 		.4byte	.LASF21
 450 00ea 04       		.byte	0x4
 451 00eb 03       		.uleb128 0x3
 452 00ec 5E000000 		.4byte	.LASF22
 453 00f0 05       		.byte	0x5
 454 00f1 03       		.uleb128 0x3
 455 00f2 44010000 		.4byte	.LASF23
 456 00f6 06       		.byte	0x6
 457 00f7 03       		.uleb128 0x3
 458 00f8 7B000000 		.4byte	.LASF24
 459 00fc 07       		.byte	0x7
 460 00fd 03       		.uleb128 0x3
 461 00fe 83000000 		.4byte	.LASF25
 462 0102 08       		.byte	0x8
 463 0103 03       		.uleb128 0x3
 464 0104 3B000000 		.4byte	.LASF26
 465 0108 09       		.byte	0x9
 466 0109 03       		.uleb128 0x3
 467 010a 20000000 		.4byte	.LASF27
 468 010e 0A       		.byte	0xa
 469 010f 03       		.uleb128 0x3
 470 0110 5E010000 		.4byte	.LASF28
 471 0114 0B       		.byte	0xb
 472 0115 03       		.uleb128 0x3
 473 0116 60030000 		.4byte	.LASF29
 474 011a 0C       		.byte	0xc
 475 011b 03       		.uleb128 0x3
 476 011c C1010000 		.4byte	.LASF30
 477 0120 0D       		.byte	0xd
 478 0121 00       		.byte	0
 479 0122 06       		.uleb128 0x6
 480 0123 8B000000 		.4byte	0x8b
 481 0127 32010000 		.4byte	0x132
 482 012b 07       		.uleb128 0x7
 483 012c 47000000 		.4byte	0x47
 484 0130 02       		.byte	0x2
 485 0131 00       		.byte	0
 486 0132 06       		.uleb128 0x6
 487 0133 97000000 		.4byte	0x97
 488 0137 42010000 		.4byte	0x142
 489 013b 07       		.uleb128 0x7
 490 013c 47000000 		.4byte	0x47
 491 0140 35       		.byte	0x35
 492 0141 00       		.byte	0
 493 0142 08       		.uleb128 0x8
 494 0143 32010000 		.4byte	0x132
 495 0147 16       		.uleb128 0x16
 496 0148 05000000 		.4byte	.LASF31
 497 014c 01       		.byte	0x1
 498 014d 81       		.byte	0x81
 499 014e 16       		.byte	0x16
 500 014f 42010000 		.4byte	0x142
ARM GAS  C:\msys64\tmp\ccqhPKKy.s 			page 10


 501 0153 05       		.uleb128 0x5
 502 0154 03       		.byte	0x3
 503 0155 00000000 		.4byte	conf_data
 504 0159 06       		.uleb128 0x6
 505 015a 97000000 		.4byte	0x97
 506 015e 69010000 		.4byte	0x169
 507 0162 07       		.uleb128 0x7
 508 0163 47000000 		.4byte	0x47
 509 0167 07       		.byte	0x7
 510 0168 00       		.byte	0
 511 0169 08       		.uleb128 0x8
 512 016a 59010000 		.4byte	0x159
 513 016e 09       		.uleb128 0x9
 514 016f 47000000 		.4byte	.LASF32
 515 0173 3401     		.2byte	0x134
 516 0175 16       		.byte	0x16
 517 0176 69010000 		.4byte	0x169
 518 017a 05       		.uleb128 0x5
 519 017b 03       		.byte	0x3
 520 017c 00000000 		.4byte	conf_data_unmute
 521 0180 06       		.uleb128 0x6
 522 0181 97000000 		.4byte	0x97
 523 0185 90010000 		.4byte	0x190
 524 0189 07       		.uleb128 0x7
 525 018a 47000000 		.4byte	0x47
 526 018e 04       		.byte	0x4
 527 018f 00       		.byte	0
 528 0190 08       		.uleb128 0x8
 529 0191 80010000 		.4byte	0x180
 530 0195 09       		.uleb128 0x9
 531 0196 A7000000 		.4byte	.LASF33
 532 019a 3C01     		.2byte	0x13c
 533 019c 16       		.byte	0x16
 534 019d 90010000 		.4byte	0x190
 535 01a1 05       		.uleb128 0x5
 536 01a2 03       		.byte	0x3
 537 01a3 00000000 		.4byte	conf_data_ch3_select
 538 01a7 09       		.uleb128 0x9
 539 01a8 1C030000 		.4byte	.LASF34
 540 01ac 4501     		.2byte	0x145
 541 01ae 16       		.byte	0x16
 542 01af 90010000 		.4byte	0x190
 543 01b3 05       		.uleb128 0x5
 544 01b4 03       		.byte	0x3
 545 01b5 00000000 		.4byte	conf_data_ch1_select
 546 01b9 17       		.uleb128 0x17
 547 01ba C8010000 		.4byte	.LASF47
 548 01be 06       		.byte	0x6
 549 01bf 56       		.byte	0x56
 550 01c0 06       		.byte	0x6
 551 01c1 A9000000 		.4byte	0xa9
 552 01c5 D9010000 		.4byte	0x1d9
 553 01c9 0C       		.uleb128 0xc
 554 01ca 8B000000 		.4byte	0x8b
 555 01ce 0C       		.uleb128 0xc
 556 01cf A3000000 		.4byte	0xa3
 557 01d3 0C       		.uleb128 0xc
ARM GAS  C:\msys64\tmp\ccqhPKKy.s 			page 11


 558 01d4 3B000000 		.4byte	0x3b
 559 01d8 00       		.byte	0
 560 01d9 0A       		.uleb128 0xa
 561 01da 64000000 		.4byte	.LASF38
 562 01de 8501     		.2byte	0x185
 563 01e0 06       		.byte	0x6
 564 01e1 00000000 		.4byte	.LFB245
 565 01e5 26000000 		.4byte	.LFE245-.LFB245
 566 01e9 01       		.uleb128 0x1
 567 01ea 9C       		.byte	0x9c
 568 01eb 6D020000 		.4byte	0x26d
 569 01ef 04       		.uleb128 0x4
 570 01f0 D7030000 		.4byte	.LASF35
 571 01f4 8501     		.2byte	0x185
 572 01f6 25       		.byte	0x25
 573 01f7 8B000000 		.4byte	0x8b
 574 01fb 12000000 		.4byte	.LLST12
 575 01ff 0C000000 		.4byte	.LVUS12
 576 0203 04       		.uleb128 0x4
 577 0204 CA000000 		.4byte	.LASF36
 578 0208 8501     		.2byte	0x185
 579 020a 34       		.byte	0x34
 580 020b 8B000000 		.4byte	0x8b
 581 020f 37000000 		.4byte	.LLST13
 582 0213 31000000 		.4byte	.LVUS13
 583 0217 09       		.uleb128 0x9
 584 0218 8B000000 		.4byte	.LASF37
 585 021c 8701     		.2byte	0x187
 586 021e 0B       		.byte	0xb
 587 021f 22010000 		.4byte	0x122
 588 0223 02       		.uleb128 0x2
 589 0224 91       		.byte	0x91
 590 0225 74       		.sleb128 -12
 591 0226 0D       		.uleb128 0xd
 592 0227 59040000 		.4byte	0x459
 593 022b 1C000000 		.4byte	.LBI16
 594 022f 01       		.byte	.LVU55
 595 0230 24000000 		.4byte	.LLRL14
 596 0234 8D01     		.2byte	0x18d
 597 0236 03       		.byte	0x3
 598 0237 05       		.uleb128 0x5
 599 0238 63040000 		.4byte	0x463
 600 023c 59000000 		.4byte	.LLST15
 601 0240 55000000 		.4byte	.LVUS15
 602 0244 05       		.uleb128 0x5
 603 0245 6D040000 		.4byte	0x46d
 604 0249 6D000000 		.4byte	.LLST16
 605 024d 6B000000 		.4byte	.LVUS16
 606 0251 0E       		.uleb128 0xe
 607 0252 20000000 		.4byte	.LVL22
 608 0256 B9010000 		.4byte	0x1b9
 609 025a 01       		.uleb128 0x1
 610 025b 01       		.uleb128 0x1
 611 025c 50       		.byte	0x50
 612 025d 01       		.uleb128 0x1
 613 025e 48       		.byte	0x48
 614 025f 01       		.uleb128 0x1
ARM GAS  C:\msys64\tmp\ccqhPKKy.s 			page 12


 615 0260 01       		.uleb128 0x1
 616 0261 51       		.byte	0x51
 617 0262 02       		.uleb128 0x2
 618 0263 91       		.byte	0x91
 619 0264 74       		.sleb128 -12
 620 0265 01       		.uleb128 0x1
 621 0266 01       		.uleb128 0x1
 622 0267 52       		.byte	0x52
 623 0268 01       		.uleb128 0x1
 624 0269 33       		.byte	0x33
 625 026a 00       		.byte	0
 626 026b 00       		.byte	0
 627 026c 00       		.byte	0
 628 026d 0A       		.uleb128 0xa
 629 026e 31030000 		.4byte	.LASF39
 630 0272 7801     		.2byte	0x178
 631 0274 06       		.byte	0x6
 632 0275 00000000 		.4byte	.LFB244
 633 0279 20000000 		.4byte	.LFE244-.LFB244
 634 027d 01       		.uleb128 0x1
 635 027e 9C       		.byte	0x9c
 636 027f 02030000 		.4byte	0x302
 637 0283 04       		.uleb128 0x4
 638 0284 2D000000 		.4byte	.LASF40
 639 0288 7801     		.2byte	0x178
 640 028a 23       		.byte	0x23
 641 028b 8B000000 		.4byte	0x8b
 642 028f 7F000000 		.4byte	.LLST8
 643 0293 77000000 		.4byte	.LVUS8
 644 0297 0D       		.uleb128 0xd
 645 0298 59040000 		.4byte	0x459
 646 029c 04000000 		.4byte	.LBI10
 647 02a0 00       		.byte	.LVU36
 648 02a1 18000000 		.4byte	.LLRL9
 649 02a5 8101     		.2byte	0x181
 650 02a7 03       		.byte	0x3
 651 02a8 05       		.uleb128 0x5
 652 02a9 63040000 		.4byte	0x463
 653 02ad B3000000 		.4byte	.LLST10
 654 02b1 AB000000 		.4byte	.LVUS10
 655 02b5 05       		.uleb128 0x5
 656 02b6 6D040000 		.4byte	0x46d
 657 02ba DB000000 		.4byte	.LLST11
 658 02be D7000000 		.4byte	.LVUS11
 659 02c2 18       		.uleb128 0x18
 660 02c3 0C000000 		.4byte	.LVL14
 661 02c7 B9010000 		.4byte	0x1b9
 662 02cb E3020000 		.4byte	0x2e3
 663 02cf 01       		.uleb128 0x1
 664 02d0 01       		.uleb128 0x1
 665 02d1 50       		.byte	0x50
 666 02d2 01       		.uleb128 0x1
 667 02d3 48       		.byte	0x48
 668 02d4 01       		.uleb128 0x1
 669 02d5 01       		.uleb128 0x1
 670 02d6 51       		.byte	0x51
 671 02d7 05       		.uleb128 0x5
ARM GAS  C:\msys64\tmp\ccqhPKKy.s 			page 13


 672 02d8 03       		.byte	0x3
 673 02d9 00000000 		.4byte	conf_data_ch1_select
 674 02dd 01       		.uleb128 0x1
 675 02de 01       		.uleb128 0x1
 676 02df 52       		.byte	0x52
 677 02e0 01       		.uleb128 0x1
 678 02e1 35       		.byte	0x35
 679 02e2 00       		.byte	0
 680 02e3 0F       		.uleb128 0xf
 681 02e4 16000000 		.4byte	.LVL17
 682 02e8 B9010000 		.4byte	0x1b9
 683 02ec 01       		.uleb128 0x1
 684 02ed 01       		.uleb128 0x1
 685 02ee 50       		.byte	0x50
 686 02ef 01       		.uleb128 0x1
 687 02f0 48       		.byte	0x48
 688 02f1 01       		.uleb128 0x1
 689 02f2 01       		.uleb128 0x1
 690 02f3 51       		.byte	0x51
 691 02f4 05       		.uleb128 0x5
 692 02f5 03       		.byte	0x3
 693 02f6 00000000 		.4byte	conf_data_ch3_select
 694 02fa 01       		.uleb128 0x1
 695 02fb 01       		.uleb128 0x1
 696 02fc 52       		.byte	0x52
 697 02fd 01       		.uleb128 0x1
 698 02fe 35       		.byte	0x35
 699 02ff 00       		.byte	0
 700 0300 00       		.byte	0
 701 0301 00       		.byte	0
 702 0302 0A       		.uleb128 0xa
 703 0303 6B010000 		.4byte	.LASF41
 704 0307 6E01     		.2byte	0x16e
 705 0309 01       		.byte	0x1
 706 030a 00000000 		.4byte	.LFB243
 707 030e 2E000000 		.4byte	.LFE243-.LFB243
 708 0312 01       		.uleb128 0x1
 709 0313 9C       		.byte	0x9c
 710 0314 79030000 		.4byte	0x379
 711 0318 04       		.uleb128 0x4
 712 0319 00000000 		.4byte	.LASF42
 713 031d 6E01     		.2byte	0x16e
 714 031f 21       		.byte	0x21
 715 0320 8B000000 		.4byte	0x8b
 716 0324 F3000000 		.4byte	.LLST5
 717 0328 ED000000 		.4byte	.LVUS5
 718 032c 10       		.uleb128 0x10
 719 032d 72656700 		.ascii	"reg\000"
 720 0331 6E01     		.2byte	0x16e
 721 0333 8B000000 		.4byte	0x8b
 722 0337 18010000 		.4byte	.LLST6
 723 033b 12010000 		.4byte	.LVUS6
 724 033f 04       		.uleb128 0x4
 725 0340 8B000000 		.4byte	.LASF37
 726 0344 6E01     		.2byte	0x16e
 727 0346 3C       		.byte	0x3c
 728 0347 8B000000 		.4byte	0x8b
ARM GAS  C:\msys64\tmp\ccqhPKKy.s 			page 14


 729 034b 3A010000 		.4byte	.LLST7
 730 034f 36010000 		.4byte	.LVUS7
 731 0353 19       		.uleb128 0x19
 732 0354 62756600 		.ascii	"buf\000"
 733 0358 01       		.byte	0x1
 734 0359 7001     		.2byte	0x170
 735 035b 0B       		.byte	0xb
 736 035c 79030000 		.4byte	0x379
 737 0360 02       		.uleb128 0x2
 738 0361 91       		.byte	0x91
 739 0362 70       		.sleb128 -16
 740 0363 0E       		.uleb128 0xe
 741 0364 28000000 		.4byte	.LVL10
 742 0368 D4030000 		.4byte	0x3d4
 743 036c 01       		.uleb128 0x1
 744 036d 01       		.uleb128 0x1
 745 036e 50       		.byte	0x50
 746 036f 02       		.uleb128 0x2
 747 0370 7D       		.byte	0x7d
 748 0371 00       		.sleb128 0
 749 0372 01       		.uleb128 0x1
 750 0373 01       		.uleb128 0x1
 751 0374 51       		.byte	0x51
 752 0375 01       		.uleb128 0x1
 753 0376 33       		.byte	0x33
 754 0377 00       		.byte	0
 755 0378 00       		.byte	0
 756 0379 06       		.uleb128 0x6
 757 037a 8B000000 		.4byte	0x8b
 758 037e 89030000 		.4byte	0x389
 759 0382 07       		.uleb128 0x7
 760 0383 47000000 		.4byte	0x47
 761 0387 05       		.byte	0x5
 762 0388 00       		.byte	0
 763 0389 0A       		.uleb128 0xa
 764 038a 85030000 		.4byte	.LASF43
 765 038e 6601     		.2byte	0x166
 766 0390 06       		.byte	0x6
 767 0391 00000000 		.4byte	.LFB242
 768 0395 20000000 		.4byte	.LFE242-.LFB242
 769 0399 01       		.uleb128 0x1
 770 039a 9C       		.byte	0x9c
 771 039b D4030000 		.4byte	0x3d4
 772 039f 1A       		.uleb128 0x1a
 773 03a0 0A000000 		.4byte	.LVL5
 774 03a4 D4030000 		.4byte	0x3d4
 775 03a8 BB030000 		.4byte	0x3bb
 776 03ac 01       		.uleb128 0x1
 777 03ad 01       		.uleb128 0x1
 778 03ae 50       		.byte	0x50
 779 03af 05       		.uleb128 0x5
 780 03b0 03       		.byte	0x3
 781 03b1 00000000 		.4byte	conf_data
 782 03b5 01       		.uleb128 0x1
 783 03b6 01       		.uleb128 0x1
 784 03b7 51       		.byte	0x51
 785 03b8 01       		.uleb128 0x1
ARM GAS  C:\msys64\tmp\ccqhPKKy.s 			page 15


 786 03b9 4B       		.byte	0x4b
 787 03ba 00       		.byte	0
 788 03bb 0F       		.uleb128 0xf
 789 03bc 16000000 		.4byte	.LVL6
 790 03c0 D4030000 		.4byte	0x3d4
 791 03c4 01       		.uleb128 0x1
 792 03c5 01       		.uleb128 0x1
 793 03c6 50       		.byte	0x50
 794 03c7 05       		.uleb128 0x5
 795 03c8 03       		.byte	0x3
 796 03c9 00000000 		.4byte	conf_data_unmute
 797 03cd 01       		.uleb128 0x1
 798 03ce 01       		.uleb128 0x1
 799 03cf 51       		.byte	0x51
 800 03d0 01       		.uleb128 0x1
 801 03d1 34       		.byte	0x34
 802 03d2 00       		.byte	0
 803 03d3 00       		.byte	0
 804 03d4 1B       		.uleb128 0x1b
 805 03d5 A9030000 		.4byte	.LASF48
 806 03d9 01       		.byte	0x1
 807 03da 6001     		.2byte	0x160
 808 03dc 01       		.byte	0x1
 809 03dd 00000000 		.4byte	.LFB241
 810 03e1 1A000000 		.4byte	.LFE241-.LFB241
 811 03e5 01       		.uleb128 0x1
 812 03e6 9C       		.byte	0x9c
 813 03e7 59040000 		.4byte	0x459
 814 03eb 04       		.uleb128 0x4
 815 03ec 8B000000 		.4byte	.LASF37
 816 03f0 6001     		.2byte	0x160
 817 03f2 25       		.byte	0x25
 818 03f3 A3000000 		.4byte	0xa3
 819 03f7 5D010000 		.4byte	.LLST0
 820 03fb 53010000 		.4byte	.LVUS0
 821 03ff 10       		.uleb128 0x10
 822 0400 6C656E00 		.ascii	"len\000"
 823 0404 6001     		.2byte	0x160
 824 0406 34000000 		.4byte	0x34
 825 040a 82010000 		.4byte	.LLST1
 826 040e 7E010000 		.4byte	.LVUS1
 827 0412 0D       		.uleb128 0xd
 828 0413 59040000 		.4byte	0x459
 829 0417 08000000 		.4byte	.LBI4
 830 041b 01       		.byte	.LVU7
 831 041c 0C000000 		.4byte	.LLRL2
 832 0420 6301     		.2byte	0x163
 833 0422 05       		.byte	0x5
 834 0423 05       		.uleb128 0x5
 835 0424 63040000 		.4byte	0x463
 836 0428 9A010000 		.4byte	.LLST3
 837 042c 94010000 		.4byte	.LVUS3
 838 0430 05       		.uleb128 0x5
 839 0431 6D040000 		.4byte	0x46d
 840 0435 B3010000 		.4byte	.LLST4
 841 0439 B1010000 		.4byte	.LVUS4
 842 043d 0E       		.uleb128 0xe
ARM GAS  C:\msys64\tmp\ccqhPKKy.s 			page 16


 843 043e 14000000 		.4byte	.LVL4
 844 0442 B9010000 		.4byte	0x1b9
 845 0446 01       		.uleb128 0x1
 846 0447 01       		.uleb128 0x1
 847 0448 50       		.byte	0x50
 848 0449 01       		.uleb128 0x1
 849 044a 48       		.byte	0x48
 850 044b 01       		.uleb128 0x1
 851 044c 01       		.uleb128 0x1
 852 044d 51       		.byte	0x51
 853 044e 02       		.uleb128 0x2
 854 044f 74       		.byte	0x74
 855 0450 7E       		.sleb128 -2
 856 0451 01       		.uleb128 0x1
 857 0452 01       		.uleb128 0x1
 858 0453 52       		.byte	0x52
 859 0454 01       		.uleb128 0x1
 860 0455 32       		.byte	0x32
 861 0456 00       		.byte	0
 862 0457 00       		.byte	0
 863 0458 00       		.byte	0
 864 0459 1C       		.uleb128 0x1c
 865 045a A1010000 		.4byte	.LASF49
 866 045e 01       		.byte	0x1
 867 045f 4F01     		.2byte	0x14f
 868 0461 01       		.byte	0x1
 869 0462 01       		.byte	0x1
 870 0463 11       		.uleb128 0x11
 871 0464 62756600 		.ascii	"buf\000"
 872 0468 29       		.byte	0x29
 873 0469 A3000000 		.4byte	0xa3
 874 046d 11       		.uleb128 0x11
 875 046e 6C656E00 		.ascii	"len\000"
 876 0472 32       		.byte	0x32
 877 0473 34000000 		.4byte	0x34
 878 0477 00       		.byte	0
 879 0478 00       		.byte	0
 880              		.section	.debug_abbrev,"",%progbits
 881              	.Ldebug_abbrev0:
 882 0000 01       		.uleb128 0x1
 883 0001 49       		.uleb128 0x49
 884 0002 00       		.byte	0
 885 0003 02       		.uleb128 0x2
 886 0004 18       		.uleb128 0x18
 887 0005 7E       		.uleb128 0x7e
 888 0006 18       		.uleb128 0x18
 889 0007 00       		.byte	0
 890 0008 00       		.byte	0
 891 0009 02       		.uleb128 0x2
 892 000a 24       		.uleb128 0x24
 893 000b 00       		.byte	0
 894 000c 0B       		.uleb128 0xb
 895 000d 0B       		.uleb128 0xb
 896 000e 3E       		.uleb128 0x3e
 897 000f 0B       		.uleb128 0xb
 898 0010 03       		.uleb128 0x3
 899 0011 0E       		.uleb128 0xe
ARM GAS  C:\msys64\tmp\ccqhPKKy.s 			page 17


 900 0012 00       		.byte	0
 901 0013 00       		.byte	0
 902 0014 03       		.uleb128 0x3
 903 0015 28       		.uleb128 0x28
 904 0016 00       		.byte	0
 905 0017 03       		.uleb128 0x3
 906 0018 0E       		.uleb128 0xe
 907 0019 1C       		.uleb128 0x1c
 908 001a 0B       		.uleb128 0xb
 909 001b 00       		.byte	0
 910 001c 00       		.byte	0
 911 001d 04       		.uleb128 0x4
 912 001e 05       		.uleb128 0x5
 913 001f 00       		.byte	0
 914 0020 03       		.uleb128 0x3
 915 0021 0E       		.uleb128 0xe
 916 0022 3A       		.uleb128 0x3a
 917 0023 21       		.uleb128 0x21
 918 0024 01       		.sleb128 1
 919 0025 3B       		.uleb128 0x3b
 920 0026 05       		.uleb128 0x5
 921 0027 39       		.uleb128 0x39
 922 0028 0B       		.uleb128 0xb
 923 0029 49       		.uleb128 0x49
 924 002a 13       		.uleb128 0x13
 925 002b 02       		.uleb128 0x2
 926 002c 17       		.uleb128 0x17
 927 002d B742     		.uleb128 0x2137
 928 002f 17       		.uleb128 0x17
 929 0030 00       		.byte	0
 930 0031 00       		.byte	0
 931 0032 05       		.uleb128 0x5
 932 0033 05       		.uleb128 0x5
 933 0034 00       		.byte	0
 934 0035 31       		.uleb128 0x31
 935 0036 13       		.uleb128 0x13
 936 0037 02       		.uleb128 0x2
 937 0038 17       		.uleb128 0x17
 938 0039 B742     		.uleb128 0x2137
 939 003b 17       		.uleb128 0x17
 940 003c 00       		.byte	0
 941 003d 00       		.byte	0
 942 003e 06       		.uleb128 0x6
 943 003f 01       		.uleb128 0x1
 944 0040 01       		.byte	0x1
 945 0041 49       		.uleb128 0x49
 946 0042 13       		.uleb128 0x13
 947 0043 01       		.uleb128 0x1
 948 0044 13       		.uleb128 0x13
 949 0045 00       		.byte	0
 950 0046 00       		.byte	0
 951 0047 07       		.uleb128 0x7
 952 0048 21       		.uleb128 0x21
 953 0049 00       		.byte	0
 954 004a 49       		.uleb128 0x49
 955 004b 13       		.uleb128 0x13
 956 004c 2F       		.uleb128 0x2f
ARM GAS  C:\msys64\tmp\ccqhPKKy.s 			page 18


 957 004d 0B       		.uleb128 0xb
 958 004e 00       		.byte	0
 959 004f 00       		.byte	0
 960 0050 08       		.uleb128 0x8
 961 0051 26       		.uleb128 0x26
 962 0052 00       		.byte	0
 963 0053 49       		.uleb128 0x49
 964 0054 13       		.uleb128 0x13
 965 0055 00       		.byte	0
 966 0056 00       		.byte	0
 967 0057 09       		.uleb128 0x9
 968 0058 34       		.uleb128 0x34
 969 0059 00       		.byte	0
 970 005a 03       		.uleb128 0x3
 971 005b 0E       		.uleb128 0xe
 972 005c 3A       		.uleb128 0x3a
 973 005d 21       		.uleb128 0x21
 974 005e 01       		.sleb128 1
 975 005f 3B       		.uleb128 0x3b
 976 0060 05       		.uleb128 0x5
 977 0061 39       		.uleb128 0x39
 978 0062 0B       		.uleb128 0xb
 979 0063 49       		.uleb128 0x49
 980 0064 13       		.uleb128 0x13
 981 0065 02       		.uleb128 0x2
 982 0066 18       		.uleb128 0x18
 983 0067 00       		.byte	0
 984 0068 00       		.byte	0
 985 0069 0A       		.uleb128 0xa
 986 006a 2E       		.uleb128 0x2e
 987 006b 01       		.byte	0x1
 988 006c 3F       		.uleb128 0x3f
 989 006d 19       		.uleb128 0x19
 990 006e 03       		.uleb128 0x3
 991 006f 0E       		.uleb128 0xe
 992 0070 3A       		.uleb128 0x3a
 993 0071 21       		.uleb128 0x21
 994 0072 01       		.sleb128 1
 995 0073 3B       		.uleb128 0x3b
 996 0074 05       		.uleb128 0x5
 997 0075 39       		.uleb128 0x39
 998 0076 0B       		.uleb128 0xb
 999 0077 27       		.uleb128 0x27
 1000 0078 19       		.uleb128 0x19
 1001 0079 11       		.uleb128 0x11
 1002 007a 01       		.uleb128 0x1
 1003 007b 12       		.uleb128 0x12
 1004 007c 06       		.uleb128 0x6
 1005 007d 40       		.uleb128 0x40
 1006 007e 18       		.uleb128 0x18
 1007 007f 7A       		.uleb128 0x7a
 1008 0080 19       		.uleb128 0x19
 1009 0081 01       		.uleb128 0x1
 1010 0082 13       		.uleb128 0x13
 1011 0083 00       		.byte	0
 1012 0084 00       		.byte	0
 1013 0085 0B       		.uleb128 0xb
ARM GAS  C:\msys64\tmp\ccqhPKKy.s 			page 19


 1014 0086 16       		.uleb128 0x16
 1015 0087 00       		.byte	0
 1016 0088 03       		.uleb128 0x3
 1017 0089 0E       		.uleb128 0xe
 1018 008a 3A       		.uleb128 0x3a
 1019 008b 0B       		.uleb128 0xb
 1020 008c 3B       		.uleb128 0x3b
 1021 008d 0B       		.uleb128 0xb
 1022 008e 39       		.uleb128 0x39
 1023 008f 0B       		.uleb128 0xb
 1024 0090 49       		.uleb128 0x49
 1025 0091 13       		.uleb128 0x13
 1026 0092 00       		.byte	0
 1027 0093 00       		.byte	0
 1028 0094 0C       		.uleb128 0xc
 1029 0095 05       		.uleb128 0x5
 1030 0096 00       		.byte	0
 1031 0097 49       		.uleb128 0x49
 1032 0098 13       		.uleb128 0x13
 1033 0099 00       		.byte	0
 1034 009a 00       		.byte	0
 1035 009b 0D       		.uleb128 0xd
 1036 009c 1D       		.uleb128 0x1d
 1037 009d 01       		.byte	0x1
 1038 009e 31       		.uleb128 0x31
 1039 009f 13       		.uleb128 0x13
 1040 00a0 52       		.uleb128 0x52
 1041 00a1 01       		.uleb128 0x1
 1042 00a2 B842     		.uleb128 0x2138
 1043 00a4 0B       		.uleb128 0xb
 1044 00a5 55       		.uleb128 0x55
 1045 00a6 17       		.uleb128 0x17
 1046 00a7 58       		.uleb128 0x58
 1047 00a8 21       		.uleb128 0x21
 1048 00a9 01       		.sleb128 1
 1049 00aa 59       		.uleb128 0x59
 1050 00ab 05       		.uleb128 0x5
 1051 00ac 57       		.uleb128 0x57
 1052 00ad 0B       		.uleb128 0xb
 1053 00ae 00       		.byte	0
 1054 00af 00       		.byte	0
 1055 00b0 0E       		.uleb128 0xe
 1056 00b1 48       		.uleb128 0x48
 1057 00b2 01       		.byte	0x1
 1058 00b3 7D       		.uleb128 0x7d
 1059 00b4 01       		.uleb128 0x1
 1060 00b5 7F       		.uleb128 0x7f
 1061 00b6 13       		.uleb128 0x13
 1062 00b7 00       		.byte	0
 1063 00b8 00       		.byte	0
 1064 00b9 0F       		.uleb128 0xf
 1065 00ba 48       		.uleb128 0x48
 1066 00bb 01       		.byte	0x1
 1067 00bc 7D       		.uleb128 0x7d
 1068 00bd 01       		.uleb128 0x1
 1069 00be 8201     		.uleb128 0x82
 1070 00c0 19       		.uleb128 0x19
ARM GAS  C:\msys64\tmp\ccqhPKKy.s 			page 20


 1071 00c1 7F       		.uleb128 0x7f
 1072 00c2 13       		.uleb128 0x13
 1073 00c3 00       		.byte	0
 1074 00c4 00       		.byte	0
 1075 00c5 10       		.uleb128 0x10
 1076 00c6 05       		.uleb128 0x5
 1077 00c7 00       		.byte	0
 1078 00c8 03       		.uleb128 0x3
 1079 00c9 08       		.uleb128 0x8
 1080 00ca 3A       		.uleb128 0x3a
 1081 00cb 21       		.uleb128 0x21
 1082 00cc 01       		.sleb128 1
 1083 00cd 3B       		.uleb128 0x3b
 1084 00ce 05       		.uleb128 0x5
 1085 00cf 39       		.uleb128 0x39
 1086 00d0 21       		.uleb128 0x21
 1087 00d1 2F       		.sleb128 47
 1088 00d2 49       		.uleb128 0x49
 1089 00d3 13       		.uleb128 0x13
 1090 00d4 02       		.uleb128 0x2
 1091 00d5 17       		.uleb128 0x17
 1092 00d6 B742     		.uleb128 0x2137
 1093 00d8 17       		.uleb128 0x17
 1094 00d9 00       		.byte	0
 1095 00da 00       		.byte	0
 1096 00db 11       		.uleb128 0x11
 1097 00dc 05       		.uleb128 0x5
 1098 00dd 00       		.byte	0
 1099 00de 03       		.uleb128 0x3
 1100 00df 08       		.uleb128 0x8
 1101 00e0 3A       		.uleb128 0x3a
 1102 00e1 21       		.uleb128 0x21
 1103 00e2 01       		.sleb128 1
 1104 00e3 3B       		.uleb128 0x3b
 1105 00e4 21       		.uleb128 0x21
 1106 00e5 CF02     		.sleb128 335
 1107 00e7 39       		.uleb128 0x39
 1108 00e8 0B       		.uleb128 0xb
 1109 00e9 49       		.uleb128 0x49
 1110 00ea 13       		.uleb128 0x13
 1111 00eb 00       		.byte	0
 1112 00ec 00       		.byte	0
 1113 00ed 12       		.uleb128 0x12
 1114 00ee 11       		.uleb128 0x11
 1115 00ef 01       		.byte	0x1
 1116 00f0 25       		.uleb128 0x25
 1117 00f1 0E       		.uleb128 0xe
 1118 00f2 13       		.uleb128 0x13
 1119 00f3 0B       		.uleb128 0xb
 1120 00f4 03       		.uleb128 0x3
 1121 00f5 0E       		.uleb128 0xe
 1122 00f6 1B       		.uleb128 0x1b
 1123 00f7 0E       		.uleb128 0xe
 1124 00f8 55       		.uleb128 0x55
 1125 00f9 17       		.uleb128 0x17
 1126 00fa 11       		.uleb128 0x11
 1127 00fb 01       		.uleb128 0x1
ARM GAS  C:\msys64\tmp\ccqhPKKy.s 			page 21


 1128 00fc 10       		.uleb128 0x10
 1129 00fd 17       		.uleb128 0x17
 1130 00fe 00       		.byte	0
 1131 00ff 00       		.byte	0
 1132 0100 13       		.uleb128 0x13
 1133 0101 24       		.uleb128 0x24
 1134 0102 00       		.byte	0
 1135 0103 0B       		.uleb128 0xb
 1136 0104 0B       		.uleb128 0xb
 1137 0105 3E       		.uleb128 0x3e
 1138 0106 0B       		.uleb128 0xb
 1139 0107 03       		.uleb128 0x3
 1140 0108 08       		.uleb128 0x8
 1141 0109 00       		.byte	0
 1142 010a 00       		.byte	0
 1143 010b 14       		.uleb128 0x14
 1144 010c 0F       		.uleb128 0xf
 1145 010d 00       		.byte	0
 1146 010e 0B       		.uleb128 0xb
 1147 010f 0B       		.uleb128 0xb
 1148 0110 49       		.uleb128 0x49
 1149 0111 13       		.uleb128 0x13
 1150 0112 00       		.byte	0
 1151 0113 00       		.byte	0
 1152 0114 15       		.uleb128 0x15
 1153 0115 04       		.uleb128 0x4
 1154 0116 01       		.byte	0x1
 1155 0117 3E       		.uleb128 0x3e
 1156 0118 0B       		.uleb128 0xb
 1157 0119 0B       		.uleb128 0xb
 1158 011a 0B       		.uleb128 0xb
 1159 011b 49       		.uleb128 0x49
 1160 011c 13       		.uleb128 0x13
 1161 011d 3A       		.uleb128 0x3a
 1162 011e 0B       		.uleb128 0xb
 1163 011f 3B       		.uleb128 0x3b
 1164 0120 05       		.uleb128 0x5
 1165 0121 39       		.uleb128 0x39
 1166 0122 0B       		.uleb128 0xb
 1167 0123 01       		.uleb128 0x1
 1168 0124 13       		.uleb128 0x13
 1169 0125 00       		.byte	0
 1170 0126 00       		.byte	0
 1171 0127 16       		.uleb128 0x16
 1172 0128 34       		.uleb128 0x34
 1173 0129 00       		.byte	0
 1174 012a 03       		.uleb128 0x3
 1175 012b 0E       		.uleb128 0xe
 1176 012c 3A       		.uleb128 0x3a
 1177 012d 0B       		.uleb128 0xb
 1178 012e 3B       		.uleb128 0x3b
 1179 012f 0B       		.uleb128 0xb
 1180 0130 39       		.uleb128 0x39
 1181 0131 0B       		.uleb128 0xb
 1182 0132 49       		.uleb128 0x49
 1183 0133 13       		.uleb128 0x13
 1184 0134 02       		.uleb128 0x2
ARM GAS  C:\msys64\tmp\ccqhPKKy.s 			page 22


 1185 0135 18       		.uleb128 0x18
 1186 0136 00       		.byte	0
 1187 0137 00       		.byte	0
 1188 0138 17       		.uleb128 0x17
 1189 0139 2E       		.uleb128 0x2e
 1190 013a 01       		.byte	0x1
 1191 013b 3F       		.uleb128 0x3f
 1192 013c 19       		.uleb128 0x19
 1193 013d 03       		.uleb128 0x3
 1194 013e 0E       		.uleb128 0xe
 1195 013f 3A       		.uleb128 0x3a
 1196 0140 0B       		.uleb128 0xb
 1197 0141 3B       		.uleb128 0x3b
 1198 0142 0B       		.uleb128 0xb
 1199 0143 39       		.uleb128 0x39
 1200 0144 0B       		.uleb128 0xb
 1201 0145 27       		.uleb128 0x27
 1202 0146 19       		.uleb128 0x19
 1203 0147 49       		.uleb128 0x49
 1204 0148 13       		.uleb128 0x13
 1205 0149 3C       		.uleb128 0x3c
 1206 014a 19       		.uleb128 0x19
 1207 014b 01       		.uleb128 0x1
 1208 014c 13       		.uleb128 0x13
 1209 014d 00       		.byte	0
 1210 014e 00       		.byte	0
 1211 014f 18       		.uleb128 0x18
 1212 0150 48       		.uleb128 0x48
 1213 0151 01       		.byte	0x1
 1214 0152 7D       		.uleb128 0x7d
 1215 0153 01       		.uleb128 0x1
 1216 0154 8201     		.uleb128 0x82
 1217 0156 19       		.uleb128 0x19
 1218 0157 7F       		.uleb128 0x7f
 1219 0158 13       		.uleb128 0x13
 1220 0159 01       		.uleb128 0x1
 1221 015a 13       		.uleb128 0x13
 1222 015b 00       		.byte	0
 1223 015c 00       		.byte	0
 1224 015d 19       		.uleb128 0x19
 1225 015e 34       		.uleb128 0x34
 1226 015f 00       		.byte	0
 1227 0160 03       		.uleb128 0x3
 1228 0161 08       		.uleb128 0x8
 1229 0162 3A       		.uleb128 0x3a
 1230 0163 0B       		.uleb128 0xb
 1231 0164 3B       		.uleb128 0x3b
 1232 0165 05       		.uleb128 0x5
 1233 0166 39       		.uleb128 0x39
 1234 0167 0B       		.uleb128 0xb
 1235 0168 49       		.uleb128 0x49
 1236 0169 13       		.uleb128 0x13
 1237 016a 02       		.uleb128 0x2
 1238 016b 18       		.uleb128 0x18
 1239 016c 00       		.byte	0
 1240 016d 00       		.byte	0
 1241 016e 1A       		.uleb128 0x1a
ARM GAS  C:\msys64\tmp\ccqhPKKy.s 			page 23


 1242 016f 48       		.uleb128 0x48
 1243 0170 01       		.byte	0x1
 1244 0171 7D       		.uleb128 0x7d
 1245 0172 01       		.uleb128 0x1
 1246 0173 7F       		.uleb128 0x7f
 1247 0174 13       		.uleb128 0x13
 1248 0175 01       		.uleb128 0x1
 1249 0176 13       		.uleb128 0x13
 1250 0177 00       		.byte	0
 1251 0178 00       		.byte	0
 1252 0179 1B       		.uleb128 0x1b
 1253 017a 2E       		.uleb128 0x2e
 1254 017b 01       		.byte	0x1
 1255 017c 03       		.uleb128 0x3
 1256 017d 0E       		.uleb128 0xe
 1257 017e 3A       		.uleb128 0x3a
 1258 017f 0B       		.uleb128 0xb
 1259 0180 3B       		.uleb128 0x3b
 1260 0181 05       		.uleb128 0x5
 1261 0182 39       		.uleb128 0x39
 1262 0183 0B       		.uleb128 0xb
 1263 0184 27       		.uleb128 0x27
 1264 0185 19       		.uleb128 0x19
 1265 0186 11       		.uleb128 0x11
 1266 0187 01       		.uleb128 0x1
 1267 0188 12       		.uleb128 0x12
 1268 0189 06       		.uleb128 0x6
 1269 018a 40       		.uleb128 0x40
 1270 018b 18       		.uleb128 0x18
 1271 018c 7A       		.uleb128 0x7a
 1272 018d 19       		.uleb128 0x19
 1273 018e 01       		.uleb128 0x1
 1274 018f 13       		.uleb128 0x13
 1275 0190 00       		.byte	0
 1276 0191 00       		.byte	0
 1277 0192 1C       		.uleb128 0x1c
 1278 0193 2E       		.uleb128 0x2e
 1279 0194 01       		.byte	0x1
 1280 0195 03       		.uleb128 0x3
 1281 0196 0E       		.uleb128 0xe
 1282 0197 3A       		.uleb128 0x3a
 1283 0198 0B       		.uleb128 0xb
 1284 0199 3B       		.uleb128 0x3b
 1285 019a 05       		.uleb128 0x5
 1286 019b 39       		.uleb128 0x39
 1287 019c 0B       		.uleb128 0xb
 1288 019d 27       		.uleb128 0x27
 1289 019e 19       		.uleb128 0x19
 1290 019f 20       		.uleb128 0x20
 1291 01a0 0B       		.uleb128 0xb
 1292 01a1 00       		.byte	0
 1293 01a2 00       		.byte	0
 1294 01a3 00       		.byte	0
 1295              		.section	.debug_loclists,"",%progbits
 1296 0000 B9010000 		.4byte	.Ldebug_loc3-.Ldebug_loc2
 1297              	.Ldebug_loc2:
 1298 0004 0500     		.2byte	0x5
ARM GAS  C:\msys64\tmp\ccqhPKKy.s 			page 24


 1299 0006 04       		.byte	0x4
 1300 0007 00       		.byte	0
 1301 0008 00000000 		.4byte	0
 1302              	.Ldebug_loc0:
 1303              	.LVUS12:
 1304 000c 00       		.uleb128 0
 1305 000d 00       		.uleb128 .LVU52
 1306 000e 00       		.uleb128 .LVU52
 1307 000f 00       		.uleb128 .LVU57
 1308 0010 00       		.uleb128 .LVU57
 1309 0011 00       		.uleb128 0
 1310              	.LLST12:
 1311 0012 06       		.byte	0x6
 1312 0013 00000000 		.4byte	.LVL18
 1313 0017 04       		.byte	0x4
 1314 0018 00       		.uleb128 .LVL18-.LVL18
 1315 0019 14       		.uleb128 .LVL20-.LVL18
 1316 001a 01       		.uleb128 0x1
 1317 001b 50       		.byte	0x50
 1318 001c 04       		.byte	0x4
 1319 001d 14       		.uleb128 .LVL20-.LVL18
 1320 001e 1F       		.uleb128 .LVL22-1-.LVL18
 1321 001f 02       		.uleb128 0x2
 1322 0020 91       		.byte	0x91
 1323 0021 75       		.sleb128 -11
 1324 0022 04       		.byte	0x4
 1325 0023 1F       		.uleb128 .LVL22-1-.LVL18
 1326 0024 26       		.uleb128 .LFE245-.LVL18
 1327 0025 0A       		.uleb128 0xa
 1328 0026 A3       		.byte	0xa3
 1329 0027 03       		.uleb128 0x3
 1330 0028 A5       		.byte	0xa5
 1331 0029 00       		.uleb128 0
 1332 002a 26       		.uleb128 0x26
 1333 002b A8       		.byte	0xa8
 1334 002c 2D       		.uleb128 0x2d
 1335 002d A8       		.byte	0xa8
 1336 002e 00       		.uleb128 0
 1337 002f 9F       		.byte	0x9f
 1338 0030 00       		.byte	0
 1339              	.LVUS13:
 1340 0031 00       		.uleb128 0
 1341 0032 00       		.uleb128 .LVU51
 1342 0033 00       		.uleb128 .LVU51
 1343 0034 00       		.uleb128 .LVU57
 1344 0035 00       		.uleb128 .LVU57
 1345 0036 00       		.uleb128 0
 1346              	.LLST13:
 1347 0037 06       		.byte	0x6
 1348 0038 00000000 		.4byte	.LVL18
 1349 003c 04       		.byte	0x4
 1350 003d 00       		.uleb128 .LVL18-.LVL18
 1351 003e 12       		.uleb128 .LVL19-.LVL18
 1352 003f 01       		.uleb128 0x1
 1353 0040 51       		.byte	0x51
 1354 0041 04       		.byte	0x4
 1355 0042 12       		.uleb128 .LVL19-.LVL18
ARM GAS  C:\msys64\tmp\ccqhPKKy.s 			page 25


 1356 0043 1F       		.uleb128 .LVL22-1-.LVL18
 1357 0044 01       		.uleb128 0x1
 1358 0045 53       		.byte	0x53
 1359 0046 04       		.byte	0x4
 1360 0047 1F       		.uleb128 .LVL22-1-.LVL18
 1361 0048 26       		.uleb128 .LFE245-.LVL18
 1362 0049 0A       		.uleb128 0xa
 1363 004a A3       		.byte	0xa3
 1364 004b 03       		.uleb128 0x3
 1365 004c A5       		.byte	0xa5
 1366 004d 01       		.uleb128 0x1
 1367 004e 26       		.uleb128 0x26
 1368 004f A8       		.byte	0xa8
 1369 0050 2D       		.uleb128 0x2d
 1370 0051 A8       		.byte	0xa8
 1371 0052 00       		.uleb128 0
 1372 0053 9F       		.byte	0x9f
 1373 0054 00       		.byte	0
 1374              	.LVUS15:
 1375 0055 01       		.uleb128 .LVU55
 1376 0056 00       		.uleb128 .LVU57
 1377 0057 00       		.uleb128 .LVU57
 1378 0058 00       		.uleb128 .LVU57
 1379              	.LLST15:
 1380 0059 06       		.byte	0x6
 1381 005a 1C000000 		.4byte	.LVL21
 1382 005e 04       		.byte	0x4
 1383 005f 00       		.uleb128 .LVL21-.LVL21
 1384 0060 03       		.uleb128 .LVL22-1-.LVL21
 1385 0061 01       		.uleb128 0x1
 1386 0062 51       		.byte	0x51
 1387 0063 04       		.byte	0x4
 1388 0064 03       		.uleb128 .LVL22-1-.LVL21
 1389 0065 04       		.uleb128 .LVL22-.LVL21
 1390 0066 03       		.uleb128 0x3
 1391 0067 91       		.byte	0x91
 1392 0068 74       		.sleb128 -12
 1393 0069 9F       		.byte	0x9f
 1394 006a 00       		.byte	0
 1395              	.LVUS16:
 1396 006b 01       		.uleb128 .LVU55
 1397 006c 00       		.uleb128 .LVU57
 1398              	.LLST16:
 1399 006d 08       		.byte	0x8
 1400 006e 1C000000 		.4byte	.LVL21
 1401 0072 04       		.uleb128 .LVL22-.LVL21
 1402 0073 02       		.uleb128 0x2
 1403 0074 33       		.byte	0x33
 1404 0075 9F       		.byte	0x9f
 1405 0076 00       		.byte	0
 1406              	.LVUS8:
 1407 0077 00       		.uleb128 0
 1408 0078 00       		.uleb128 .LVU38
 1409 0079 00       		.uleb128 .LVU38
 1410 007a 00       		.uleb128 .LVU39
 1411 007b 00       		.uleb128 .LVU39
 1412 007c 00       		.uleb128 .LVU43
ARM GAS  C:\msys64\tmp\ccqhPKKy.s 			page 26


 1413 007d 00       		.uleb128 .LVU43
 1414 007e 00       		.uleb128 0
 1415              	.LLST8:
 1416 007f 06       		.byte	0x6
 1417 0080 00000000 		.4byte	.LVL11
 1418 0084 04       		.byte	0x4
 1419 0085 00       		.uleb128 .LVL11-.LVL11
 1420 0086 08       		.uleb128 .LVL13-.LVL11
 1421 0087 01       		.uleb128 0x1
 1422 0088 50       		.byte	0x50
 1423 0089 04       		.byte	0x4
 1424 008a 08       		.uleb128 .LVL13-.LVL11
 1425 008b 0C       		.uleb128 .LVL14-.LVL11
 1426 008c 0A       		.uleb128 0xa
 1427 008d A3       		.byte	0xa3
 1428 008e 03       		.uleb128 0x3
 1429 008f A5       		.byte	0xa5
 1430 0090 00       		.uleb128 0
 1431 0091 26       		.uleb128 0x26
 1432 0092 A8       		.byte	0xa8
 1433 0093 2D       		.uleb128 0x2d
 1434 0094 A8       		.byte	0xa8
 1435 0095 00       		.uleb128 0
 1436 0096 9F       		.byte	0x9f
 1437 0097 04       		.byte	0x4
 1438 0098 0C       		.uleb128 .LVL14-.LVL11
 1439 0099 12       		.uleb128 .LVL16-.LVL11
 1440 009a 01       		.uleb128 0x1
 1441 009b 50       		.byte	0x50
 1442 009c 04       		.byte	0x4
 1443 009d 12       		.uleb128 .LVL16-.LVL11
 1444 009e 20       		.uleb128 .LFE244-.LVL11
 1445 009f 0A       		.uleb128 0xa
 1446 00a0 A3       		.byte	0xa3
 1447 00a1 03       		.uleb128 0x3
 1448 00a2 A5       		.byte	0xa5
 1449 00a3 00       		.uleb128 0
 1450 00a4 26       		.uleb128 0x26
 1451 00a5 A8       		.byte	0xa8
 1452 00a6 2D       		.uleb128 0x2d
 1453 00a7 A8       		.byte	0xa8
 1454 00a8 00       		.uleb128 0
 1455 00a9 9F       		.byte	0x9f
 1456 00aa 00       		.byte	0
 1457              	.LVUS10:
 1458 00ab 00       		.uleb128 .LVU36
 1459 00ac 00       		.uleb128 .LVU39
 1460 00ad 00       		.uleb128 .LVU39
 1461 00ae 00       		.uleb128 .LVU39
 1462 00af 00       		.uleb128 .LVU41
 1463 00b0 00       		.uleb128 .LVU44
 1464 00b1 00       		.uleb128 .LVU44
 1465 00b2 00       		.uleb128 0
 1466              	.LLST10:
 1467 00b3 06       		.byte	0x6
 1468 00b4 04000000 		.4byte	.LVL12
 1469 00b8 04       		.byte	0x4
ARM GAS  C:\msys64\tmp\ccqhPKKy.s 			page 27


 1470 00b9 00       		.uleb128 .LVL12-.LVL12
 1471 00ba 07       		.uleb128 .LVL14-1-.LVL12
 1472 00bb 01       		.uleb128 0x1
 1473 00bc 51       		.byte	0x51
 1474 00bd 04       		.byte	0x4
 1475 00be 07       		.uleb128 .LVL14-1-.LVL12
 1476 00bf 08       		.uleb128 .LVL14-.LVL12
 1477 00c0 06       		.uleb128 0x6
 1478 00c1 03       		.byte	0x3
 1479 00c2 00000000 		.4byte	conf_data_ch1_select
 1480 00c6 9F       		.byte	0x9f
 1481 00c7 04       		.byte	0x4
 1482 00c8 0A       		.uleb128 .LVL15-.LVL12
 1483 00c9 11       		.uleb128 .LVL17-1-.LVL12
 1484 00ca 01       		.uleb128 0x1
 1485 00cb 51       		.byte	0x51
 1486 00cc 04       		.byte	0x4
 1487 00cd 11       		.uleb128 .LVL17-1-.LVL12
 1488 00ce 1C       		.uleb128 .LFE244-.LVL12
 1489 00cf 06       		.uleb128 0x6
 1490 00d0 03       		.byte	0x3
 1491 00d1 00000000 		.4byte	conf_data_ch3_select
 1492 00d5 9F       		.byte	0x9f
 1493 00d6 00       		.byte	0
 1494              	.LVUS11:
 1495 00d7 00       		.uleb128 .LVU36
 1496 00d8 00       		.uleb128 .LVU39
 1497 00d9 00       		.uleb128 .LVU41
 1498 00da 00       		.uleb128 0
 1499              	.LLST11:
 1500 00db 06       		.byte	0x6
 1501 00dc 04000000 		.4byte	.LVL12
 1502 00e0 04       		.byte	0x4
 1503 00e1 00       		.uleb128 .LVL12-.LVL12
 1504 00e2 08       		.uleb128 .LVL14-.LVL12
 1505 00e3 02       		.uleb128 0x2
 1506 00e4 35       		.byte	0x35
 1507 00e5 9F       		.byte	0x9f
 1508 00e6 04       		.byte	0x4
 1509 00e7 0A       		.uleb128 .LVL15-.LVL12
 1510 00e8 1C       		.uleb128 .LFE244-.LVL12
 1511 00e9 02       		.uleb128 0x2
 1512 00ea 35       		.byte	0x35
 1513 00eb 9F       		.byte	0x9f
 1514 00ec 00       		.byte	0
 1515              	.LVUS5:
 1516 00ed 00       		.uleb128 0
 1517 00ee 00       		.uleb128 .LVU30
 1518 00ef 00       		.uleb128 .LVU30
 1519 00f0 00       		.uleb128 .LVU32
 1520 00f1 00       		.uleb128 .LVU32
 1521 00f2 00       		.uleb128 0
 1522              	.LLST5:
 1523 00f3 06       		.byte	0x6
 1524 00f4 00000000 		.4byte	.LVL7
 1525 00f8 04       		.byte	0x4
 1526 00f9 00       		.uleb128 .LVL7-.LVL7
ARM GAS  C:\msys64\tmp\ccqhPKKy.s 			page 28


 1527 00fa 18       		.uleb128 .LVL9-.LVL7
 1528 00fb 01       		.uleb128 0x1
 1529 00fc 50       		.byte	0x50
 1530 00fd 04       		.byte	0x4
 1531 00fe 18       		.uleb128 .LVL9-.LVL7
 1532 00ff 27       		.uleb128 .LVL10-1-.LVL7
 1533 0100 02       		.uleb128 0x2
 1534 0101 91       		.byte	0x91
 1535 0102 71       		.sleb128 -15
 1536 0103 04       		.byte	0x4
 1537 0104 27       		.uleb128 .LVL10-1-.LVL7
 1538 0105 2E       		.uleb128 .LFE243-.LVL7
 1539 0106 0A       		.uleb128 0xa
 1540 0107 A3       		.byte	0xa3
 1541 0108 03       		.uleb128 0x3
 1542 0109 A5       		.byte	0xa5
 1543 010a 00       		.uleb128 0
 1544 010b 26       		.uleb128 0x26
 1545 010c A8       		.byte	0xa8
 1546 010d 2D       		.uleb128 0x2d
 1547 010e A8       		.byte	0xa8
 1548 010f 00       		.uleb128 0
 1549 0110 9F       		.byte	0x9f
 1550 0111 00       		.byte	0
 1551              	.LVUS6:
 1552 0112 00       		.uleb128 0
 1553 0113 00       		.uleb128 .LVU28
 1554 0114 00       		.uleb128 .LVU28
 1555 0115 00       		.uleb128 .LVU32
 1556 0116 00       		.uleb128 .LVU32
 1557 0117 00       		.uleb128 0
 1558              	.LLST6:
 1559 0118 06       		.byte	0x6
 1560 0119 00000000 		.4byte	.LVL7
 1561 011d 04       		.byte	0x4
 1562 011e 00       		.uleb128 .LVL7-.LVL7
 1563 011f 08       		.uleb128 .LVL8-.LVL7
 1564 0120 01       		.uleb128 0x1
 1565 0121 51       		.byte	0x51
 1566 0122 04       		.byte	0x4
 1567 0123 08       		.uleb128 .LVL8-.LVL7
 1568 0124 27       		.uleb128 .LVL10-1-.LVL7
 1569 0125 01       		.uleb128 0x1
 1570 0126 5C       		.byte	0x5c
 1571 0127 04       		.byte	0x4
 1572 0128 27       		.uleb128 .LVL10-1-.LVL7
 1573 0129 2E       		.uleb128 .LFE243-.LVL7
 1574 012a 0A       		.uleb128 0xa
 1575 012b A3       		.byte	0xa3
 1576 012c 03       		.uleb128 0x3
 1577 012d A5       		.byte	0xa5
 1578 012e 01       		.uleb128 0x1
 1579 012f 26       		.uleb128 0x26
 1580 0130 A8       		.byte	0xa8
 1581 0131 2D       		.uleb128 0x2d
 1582 0132 A8       		.byte	0xa8
 1583 0133 00       		.uleb128 0
ARM GAS  C:\msys64\tmp\ccqhPKKy.s 			page 29


 1584 0134 9F       		.byte	0x9f
 1585 0135 00       		.byte	0
 1586              	.LVUS7:
 1587 0136 00       		.uleb128 0
 1588 0137 00       		.uleb128 .LVU32
 1589 0138 00       		.uleb128 .LVU32
 1590 0139 00       		.uleb128 0
 1591              	.LLST7:
 1592 013a 06       		.byte	0x6
 1593 013b 00000000 		.4byte	.LVL7
 1594 013f 04       		.byte	0x4
 1595 0140 00       		.uleb128 .LVL7-.LVL7
 1596 0141 27       		.uleb128 .LVL10-1-.LVL7
 1597 0142 01       		.uleb128 0x1
 1598 0143 52       		.byte	0x52
 1599 0144 04       		.byte	0x4
 1600 0145 27       		.uleb128 .LVL10-1-.LVL7
 1601 0146 2E       		.uleb128 .LFE243-.LVL7
 1602 0147 0A       		.uleb128 0xa
 1603 0148 A3       		.byte	0xa3
 1604 0149 03       		.uleb128 0x3
 1605 014a A5       		.byte	0xa5
 1606 014b 02       		.uleb128 0x2
 1607 014c 26       		.uleb128 0x26
 1608 014d A8       		.byte	0xa8
 1609 014e 2D       		.uleb128 0x2d
 1610 014f A8       		.byte	0xa8
 1611 0150 00       		.uleb128 0
 1612 0151 9F       		.byte	0x9f
 1613 0152 00       		.byte	0
 1614              	.LVUS0:
 1615 0153 00       		.uleb128 0
 1616 0154 00       		.uleb128 .LVU6
 1617 0155 00       		.uleb128 .LVU6
 1618 0156 00       		.uleb128 .LVU10
 1619 0157 00       		.uleb128 .LVU10
 1620 0158 00       		.uleb128 .LVU11
 1621 0159 00       		.uleb128 .LVU11
 1622 015a 02       		.uleb128 .LVU13
 1623 015b 02       		.uleb128 .LVU13
 1624 015c 00       		.uleb128 0
 1625              	.LLST0:
 1626 015d 06       		.byte	0x6
 1627 015e 00000000 		.4byte	.LVL0
 1628 0162 04       		.byte	0x4
 1629 0163 00       		.uleb128 .LVL0-.LVL0
 1630 0164 08       		.uleb128 .LVL2-.LVL0
 1631 0165 01       		.uleb128 0x1
 1632 0166 50       		.byte	0x50
 1633 0167 04       		.byte	0x4
 1634 0168 08       		.uleb128 .LVL2-.LVL0
 1635 0169 10       		.uleb128 .LVL3-.LVL0
 1636 016a 01       		.uleb128 0x1
 1637 016b 54       		.byte	0x54
 1638 016c 04       		.byte	0x4
 1639 016d 10       		.uleb128 .LVL3-.LVL0
 1640 016e 13       		.uleb128 .LVL4-1-.LVL0
ARM GAS  C:\msys64\tmp\ccqhPKKy.s 			page 30


 1641 016f 01       		.uleb128 0x1
 1642 0170 51       		.byte	0x51
 1643 0171 04       		.byte	0x4
 1644 0172 13       		.uleb128 .LVL4-1-.LVL0
 1645 0173 14       		.uleb128 .LVL4-.LVL0
 1646 0174 03       		.uleb128 0x3
 1647 0175 74       		.byte	0x74
 1648 0176 7E       		.sleb128 -2
 1649 0177 9F       		.byte	0x9f
 1650 0178 04       		.byte	0x4
 1651 0179 14       		.uleb128 .LVL4-.LVL0
 1652 017a 1A       		.uleb128 .LFE241-.LVL0
 1653 017b 01       		.uleb128 0x1
 1654 017c 54       		.byte	0x54
 1655 017d 00       		.byte	0
 1656              	.LVUS1:
 1657 017e 00       		.uleb128 0
 1658 017f 01       		.uleb128 .LVU5
 1659 0180 01       		.uleb128 .LVU5
 1660 0181 00       		.uleb128 .LVU6
 1661              	.LLST1:
 1662 0182 06       		.byte	0x6
 1663 0183 00000000 		.4byte	.LVL0
 1664 0187 04       		.byte	0x4
 1665 0188 00       		.uleb128 .LVL0-.LVL0
 1666 0189 04       		.uleb128 .LVL1-.LVL0
 1667 018a 01       		.uleb128 0x1
 1668 018b 51       		.byte	0x51
 1669 018c 04       		.byte	0x4
 1670 018d 04       		.uleb128 .LVL1-.LVL0
 1671 018e 08       		.uleb128 .LVL2-.LVL0
 1672 018f 03       		.uleb128 0x3
 1673 0190 71       		.byte	0x71
 1674 0191 7F       		.sleb128 -1
 1675 0192 9F       		.byte	0x9f
 1676 0193 00       		.byte	0
 1677              	.LVUS3:
 1678 0194 01       		.uleb128 .LVU7
 1679 0195 00       		.uleb128 .LVU10
 1680 0196 00       		.uleb128 .LVU10
 1681 0197 00       		.uleb128 .LVU11
 1682 0198 00       		.uleb128 .LVU11
 1683 0199 00       		.uleb128 .LVU11
 1684              	.LLST3:
 1685 019a 06       		.byte	0x6
 1686 019b 08000000 		.4byte	.LVL2
 1687 019f 04       		.byte	0x4
 1688 01a0 00       		.uleb128 .LVL2-.LVL2
 1689 01a1 08       		.uleb128 .LVL3-.LVL2
 1690 01a2 01       		.uleb128 0x1
 1691 01a3 54       		.byte	0x54
 1692 01a4 04       		.byte	0x4
 1693 01a5 08       		.uleb128 .LVL3-.LVL2
 1694 01a6 0B       		.uleb128 .LVL4-1-.LVL2
 1695 01a7 01       		.uleb128 0x1
 1696 01a8 51       		.byte	0x51
 1697 01a9 04       		.byte	0x4
ARM GAS  C:\msys64\tmp\ccqhPKKy.s 			page 31


 1698 01aa 0B       		.uleb128 .LVL4-1-.LVL2
 1699 01ab 0C       		.uleb128 .LVL4-.LVL2
 1700 01ac 03       		.uleb128 0x3
 1701 01ad 74       		.byte	0x74
 1702 01ae 7E       		.sleb128 -2
 1703 01af 9F       		.byte	0x9f
 1704 01b0 00       		.byte	0
 1705              	.LVUS4:
 1706 01b1 01       		.uleb128 .LVU7
 1707 01b2 00       		.uleb128 .LVU11
 1708              	.LLST4:
 1709 01b3 08       		.byte	0x8
 1710 01b4 08000000 		.4byte	.LVL2
 1711 01b8 0C       		.uleb128 .LVL4-.LVL2
 1712 01b9 02       		.uleb128 0x2
 1713 01ba 32       		.byte	0x32
 1714 01bb 9F       		.byte	0x9f
 1715 01bc 00       		.byte	0
 1716              	.Ldebug_loc3:
 1717              		.section	.debug_aranges,"",%progbits
 1718 0000 3C000000 		.4byte	0x3c
 1719 0004 0200     		.2byte	0x2
 1720 0006 00000000 		.4byte	.Ldebug_info0
 1721 000a 04       		.byte	0x4
 1722 000b 00       		.byte	0
 1723 000c 0000     		.2byte	0
 1724 000e 0000     		.2byte	0
 1725 0010 00000000 		.4byte	.LFB241
 1726 0014 1A000000 		.4byte	.LFE241-.LFB241
 1727 0018 00000000 		.4byte	.LFB242
 1728 001c 20000000 		.4byte	.LFE242-.LFB242
 1729 0020 00000000 		.4byte	.LFB243
 1730 0024 2E000000 		.4byte	.LFE243-.LFB243
 1731 0028 00000000 		.4byte	.LFB244
 1732 002c 20000000 		.4byte	.LFE244-.LFB244
 1733 0030 00000000 		.4byte	.LFB245
 1734 0034 26000000 		.4byte	.LFE245-.LFB245
 1735 0038 00000000 		.4byte	0
 1736 003c 00000000 		.4byte	0
 1737              		.section	.debug_rnglists,"",%progbits
 1738              	.Ldebug_ranges0:
 1739 0000 4B000000 		.4byte	.Ldebug_ranges3-.Ldebug_ranges2
 1740              	.Ldebug_ranges2:
 1741 0004 0500     		.2byte	0x5
 1742 0006 04       		.byte	0x4
 1743 0007 00       		.byte	0
 1744 0008 00000000 		.4byte	0
 1745              	.LLRL2:
 1746 000c 05       		.byte	0x5
 1747 000d 08000000 		.4byte	.LBB4
 1748 0011 04       		.byte	0x4
 1749 0012 00       		.uleb128 .LBB4-.LBB4
 1750 0013 06       		.uleb128 .LBE4-.LBB4
 1751 0014 04       		.byte	0x4
 1752 0015 08       		.uleb128 .LBB7-.LBB4
 1753 0016 0C       		.uleb128 .LBE7-.LBB4
 1754 0017 00       		.byte	0
ARM GAS  C:\msys64\tmp\ccqhPKKy.s 			page 32


 1755              	.LLRL9:
 1756 0018 05       		.byte	0x5
 1757 0019 04000000 		.4byte	.LBB10
 1758 001d 04       		.byte	0x4
 1759 001e 00       		.uleb128 .LBB10-.LBB10
 1760 001f 08       		.uleb128 .LBE10-.LBB10
 1761 0020 04       		.byte	0x4
 1762 0021 0A       		.uleb128 .LBB13-.LBB10
 1763 0022 1C       		.uleb128 .LBE13-.LBB10
 1764 0023 00       		.byte	0
 1765              	.LLRL14:
 1766 0024 05       		.byte	0x5
 1767 0025 0E000000 		.4byte	.LBB16
 1768 0029 04       		.byte	0x4
 1769 002a 00       		.uleb128 .LBB16-.LBB16
 1770 002b 06       		.uleb128 .LBE16-.LBB16
 1771 002c 04       		.byte	0x4
 1772 002d 0E       		.uleb128 .LBB19-.LBB16
 1773 002e 12       		.uleb128 .LBE19-.LBB16
 1774 002f 00       		.byte	0
 1775              	.LLRL17:
 1776 0030 07       		.byte	0x7
 1777 0031 00000000 		.4byte	.LFB241
 1778 0035 1A       		.uleb128 .LFE241-.LFB241
 1779 0036 07       		.byte	0x7
 1780 0037 00000000 		.4byte	.LFB242
 1781 003b 20       		.uleb128 .LFE242-.LFB242
 1782 003c 07       		.byte	0x7
 1783 003d 00000000 		.4byte	.LFB243
 1784 0041 2E       		.uleb128 .LFE243-.LFB243
 1785 0042 07       		.byte	0x7
 1786 0043 00000000 		.4byte	.LFB244
 1787 0047 20       		.uleb128 .LFE244-.LFB244
 1788 0048 07       		.byte	0x7
 1789 0049 00000000 		.4byte	.LFB245
 1790 004d 26       		.uleb128 .LFE245-.LFB245
 1791 004e 00       		.byte	0
 1792              	.Ldebug_ranges3:
 1793              		.section	.debug_line,"",%progbits
 1794              	.Ldebug_line0:
 1795 0000 B3020000 		.section	.debug_str,"MS",%progbits,1
 1795      03008E01 
 1795      00000201 
 1795      FB0E0D00 
 1795      01010101 
 1796              	.LASF42:
 1797 0000 70616765 		.ascii	"page\000"
 1797      00
 1798              	.LASF31:
 1799 0005 636F6E66 		.ascii	"conf_data\000"
 1799      5F646174 
 1799      6100
 1800              	.LASF7:
 1801 000f 5F5F7569 		.ascii	"__uint8_t\000"
 1801      6E74385F 
 1801      7400
 1802              	.LASF6:
ARM GAS  C:\msys64\tmp\ccqhPKKy.s 			page 33


 1803 0019 73697A65 		.ascii	"size_t\000"
 1803      5F7400
 1804              	.LASF27:
 1805 0020 4D535F53 		.ascii	"MS_SHUNT_RLC\000"
 1805      48554E54 
 1805      5F524C43 
 1805      00
 1806              	.LASF40:
 1807 002d 6368616E 		.ascii	"channel\000"
 1807      6E656C00 
 1808              	.LASF15:
 1809 0035 666C6F61 		.ascii	"float\000"
 1809      7400
 1810              	.LASF26:
 1811 003b 4D535F53 		.ascii	"MS_SHUNT_RX\000"
 1811      48554E54 
 1811      5F525800 
 1812              	.LASF32:
 1813 0047 636F6E66 		.ascii	"conf_data_unmute\000"
 1813      5F646174 
 1813      615F756E 
 1813      6D757465 
 1813      00
 1814              	.LASF20:
 1815 0058 4D535F52 		.ascii	"MS_RX\000"
 1815      5800
 1816              	.LASF22:
 1817 005e 4D535F47 		.ascii	"MS_GB\000"
 1817      4200
 1818              	.LASF38:
 1819 0064 746C7633 		.ascii	"tlv320aic3204_set_gain\000"
 1819      32306169 
 1819      63333230 
 1819      345F7365 
 1819      745F6761 
 1820              	.LASF24:
 1821 007b 4D535F52 		.ascii	"MS_RpXp\000"
 1821      70587000 
 1822              	.LASF25:
 1823 0083 4D535F52 		.ascii	"MS_RpLC\000"
 1823      704C4300 
 1824              	.LASF37:
 1825 008b 64617461 		.ascii	"data\000"
 1825      00
 1826              	.LASF0:
 1827 0090 6C6F6E67 		.ascii	"long long unsigned int\000"
 1827      206C6F6E 
 1827      6720756E 
 1827      7369676E 
 1827      65642069 
 1828              	.LASF33:
 1829 00a7 636F6E66 		.ascii	"conf_data_ch3_select\000"
 1829      5F646174 
 1829      615F6368 
 1829      335F7365 
 1829      6C656374 
 1830              	.LASF1:
ARM GAS  C:\msys64\tmp\ccqhPKKy.s 			page 34


 1831 00bc 756E7369 		.ascii	"unsigned char\000"
 1831      676E6564 
 1831      20636861 
 1831      7200
 1832              	.LASF36:
 1833 00ca 72676169 		.ascii	"rgain\000"
 1833      6E00
 1834              	.LASF46:
 1835 00d0 433A5C55 		.ascii	"C:\\Users\\danie\\SynologyDrive\\ZZ_GITHUB_PROJECTS"
 1835      73657273 
 1835      5C64616E 
 1835      69655C53 
 1835      796E6F6C 
 1836 00ff 5F4F4E5F 		.ascii	"_ON_WINDOWS\\NanoVNA-H4-Stand_Alone_Custom_Firmware"
 1836      57494E44 
 1836      4F57535C 
 1836      4E616E6F 
 1836      564E412D 
 1837 0131 00       		.ascii	"\000"
 1838              	.LASF11:
 1839 0132 6C6F6E67 		.ascii	"long unsigned int\000"
 1839      20756E73 
 1839      69676E65 
 1839      6420696E 
 1839      7400
 1840              	.LASF23:
 1841 0144 4D535F47 		.ascii	"MS_GLC\000"
 1841      4C4300
 1842              	.LASF9:
 1843 014b 73686F72 		.ascii	"short unsigned int\000"
 1843      7420756E 
 1843      7369676E 
 1843      65642069 
 1843      6E7400
 1844              	.LASF28:
 1845 015e 4D535F53 		.ascii	"MS_SERIES_RX\000"
 1845      45524945 
 1845      535F5258 
 1845      00
 1846              	.LASF41:
 1847 016b 746C7633 		.ascii	"tlv320aic3204_write_reg\000"
 1847      32306169 
 1847      63333230 
 1847      345F7772 
 1847      6974655F 
 1848              	.LASF17:
 1849 0183 4D535F4C 		.ascii	"MS_LIN\000"
 1849      494E00
 1850              	.LASF16:
 1851 018a 646F7562 		.ascii	"double\000"
 1851      6C6500
 1852              	.LASF45:
 1853 0191 746C7633 		.ascii	"tlv320aic3204.c\000"
 1853      32306169 
 1853      63333230 
 1853      342E6300 
 1854              	.LASF49:
ARM GAS  C:\msys64\tmp\ccqhPKKy.s 			page 35


 1855 01a1 746C7633 		.ascii	"tlv320aic3204_bulk_write\000"
 1855      32306169 
 1855      63333230 
 1855      345F6275 
 1855      6C6B5F77 
 1856              	.LASF18:
 1857 01ba 4D535F4C 		.ascii	"MS_LOG\000"
 1857      4F4700
 1858              	.LASF30:
 1859 01c1 4D535F45 		.ascii	"MS_END\000"
 1859      4E4400
 1860              	.LASF47:
 1861 01c8 6932635F 		.ascii	"i2c_transfer\000"
 1861      7472616E 
 1861      73666572 
 1861      00
 1862              	.LASF44:
 1863 01d5 474E5520 		.ascii	"GNU C11 14.3.1 20250623 -mcpu=cortex-m4 -mfloat-abi"
 1863      43313120 
 1863      31342E33 
 1863      2E312032 
 1863      30323530 
 1864 0208 3D686172 		.ascii	"=hard -mfpu=fpv4-sp-d16 -mno-thumb-interwork -mthum"
 1864      64202D6D 
 1864      6670753D 
 1864      66707634 
 1864      2D73702D 
 1865 023b 62202D6D 		.ascii	"b -march=armv7e-m+fp -ggdb -O2 -std=c11 -fno-inline"
 1865      61726368 
 1865      3D61726D 
 1865      7637652D 
 1865      6D2B6670 
 1866 026e 2D736D61 		.ascii	"-small-functions -fomit-frame-pointer -falign-funct"
 1866      6C6C2D66 
 1866      756E6374 
 1866      696F6E73 
 1866      202D666F 
 1867 02a1 696F6E73 		.ascii	"ions=16 -fstack-usage -ffast-math -ffunction-sectio"
 1867      3D313620 
 1867      2D667374 
 1867      61636B2D 
 1867      75736167 
 1868 02d4 6E73202D 		.ascii	"ns -fdata-sections -fno-common -fsingle-precision-c"
 1868      66646174 
 1868      612D7365 
 1868      6374696F 
 1868      6E73202D 
 1869 0307 6F6E7374 		.ascii	"onstant\000"
 1869      616E7400 
 1870              	.LASF13:
 1871 030f 63686172 		.ascii	"char\000"
 1871      00
 1872              	.LASF12:
 1873 0314 75696E74 		.ascii	"uint8_t\000"
 1873      385F7400 
 1874              	.LASF34:
 1875 031c 636F6E66 		.ascii	"conf_data_ch1_select\000"
ARM GAS  C:\msys64\tmp\ccqhPKKy.s 			page 36


 1875      5F646174 
 1875      615F6368 
 1875      315F7365 
 1875      6C656374 
 1876              	.LASF39:
 1877 0331 746C7633 		.ascii	"tlv320aic3204_select\000"
 1877      32306169 
 1877      63333230 
 1877      345F7365 
 1877      6C656374 
 1878              	.LASF4:
 1879 0346 6C6F6E67 		.ascii	"long double\000"
 1879      20646F75 
 1879      626C6500 
 1880              	.LASF3:
 1881 0352 6C6F6E67 		.ascii	"long long int\000"
 1881      206C6F6E 
 1881      6720696E 
 1881      7400
 1882              	.LASF29:
 1883 0360 4D535F53 		.ascii	"MS_SERIES_RLC\000"
 1883      45524945 
 1883      535F524C 
 1883      4300
 1884              	.LASF2:
 1885 036e 756E7369 		.ascii	"unsigned int\000"
 1885      676E6564 
 1885      20696E74 
 1885      00
 1886              	.LASF8:
 1887 037b 73686F72 		.ascii	"short int\000"
 1887      7420696E 
 1887      7400
 1888              	.LASF43:
 1889 0385 746C7633 		.ascii	"tlv320aic3204_init\000"
 1889      32306169 
 1889      63333230 
 1889      345F696E 
 1889      697400
 1890              	.LASF19:
 1891 0398 4D535F52 		.ascii	"MS_REIM\000"
 1891      45494D00 
 1892              	.LASF10:
 1893 03a0 6C6F6E67 		.ascii	"long int\000"
 1893      20696E74 
 1893      00
 1894              	.LASF48:
 1895 03a9 746C7633 		.ascii	"tlv320aic3204_config\000"
 1895      32306169 
 1895      63333230 
 1895      345F636F 
 1895      6E666967 
 1896              	.LASF5:
 1897 03be 7369676E 		.ascii	"signed char\000"
 1897      65642063 
 1897      68617200 
 1898              	.LASF14:
ARM GAS  C:\msys64\tmp\ccqhPKKy.s 			page 37


 1899 03ca 5F426F6F 		.ascii	"_Bool\000"
 1899      6C00
 1900              	.LASF21:
 1901 03d0 4D535F52 		.ascii	"MS_RLC\000"
 1901      4C4300
 1902              	.LASF35:
 1903 03d7 6C676169 		.ascii	"lgain\000"
 1903      6E00
 1904              		.ident	"GCC: (Arm GNU Toolchain 14.3.Rel1 (Build arm-14.174)) 14.3.1 20250623"
ARM GAS  C:\msys64\tmp\ccqhPKKy.s 			page 38


DEFINED SYMBOLS
                            *ABS*:00000000 tlv320aic3204.c
C:\msys64\tmp\ccqhPKKy.s:19     .text.tlv320aic3204_config:00000000 $t
C:\msys64\tmp\ccqhPKKy.s:25     .text.tlv320aic3204_config:00000000 tlv320aic3204_config
C:\msys64\tmp\ccqhPKKy.s:81     .text.tlv320aic3204_init:00000000 $t
C:\msys64\tmp\ccqhPKKy.s:88     .text.tlv320aic3204_init:00000000 tlv320aic3204_init
C:\msys64\tmp\ccqhPKKy.s:119    .text.tlv320aic3204_init:00000018 $d
C:\msys64\tmp\ccqhPKKy.s:318    .rodata.conf_data:00000000 conf_data
C:\msys64\tmp\ccqhPKKy.s:312    .rodata.conf_data_unmute:00000000 conf_data_unmute
C:\msys64\tmp\ccqhPKKy.s:125    .text.tlv320aic3204_write_reg:00000000 $t
C:\msys64\tmp\ccqhPKKy.s:132    .text.tlv320aic3204_write_reg:00000000 tlv320aic3204_write_reg
C:\msys64\tmp\ccqhPKKy.s:175    .text.tlv320aic3204_select:00000000 $t
C:\msys64\tmp\ccqhPKKy.s:182    .text.tlv320aic3204_select:00000000 tlv320aic3204_select
C:\msys64\tmp\ccqhPKKy.s:227    .text.tlv320aic3204_select:00000018 $d
C:\msys64\tmp\ccqhPKKy.s:300    .rodata.conf_data_ch1_select:00000000 conf_data_ch1_select
C:\msys64\tmp\ccqhPKKy.s:306    .rodata.conf_data_ch3_select:00000000 conf_data_ch3_select
C:\msys64\tmp\ccqhPKKy.s:235    .text.tlv320aic3204_set_gain:00000000 $t
C:\msys64\tmp\ccqhPKKy.s:242    .text.tlv320aic3204_set_gain:00000000 tlv320aic3204_set_gain
C:\msys64\tmp\ccqhPKKy.s:297    .rodata.conf_data_ch1_select:00000000 $d
C:\msys64\tmp\ccqhPKKy.s:303    .rodata.conf_data_ch3_select:00000000 $d
C:\msys64\tmp\ccqhPKKy.s:309    .rodata.conf_data_unmute:00000000 $d
C:\msys64\tmp\ccqhPKKy.s:315    .rodata.conf_data:00000000 $d

UNDEFINED SYMBOLS
i2c_transfer
