15:23:24.986  [MLA] Resonance Freq: 14914250 Hz (idx=204)
15:23:24.987  [MLA] Resonance SWR: 1.23 (idx=204)
15:23:24.987  [MLA] BW(SWR<=2.0): f_low=14855016 Hz (idx=126), f_high=14977808 Hz (idx=288), BW=122792 Hz (122.79 kHz)
15:23:24.987  [MLA] Q@SWR2: f0=14914250 Hz, BW(SWR<=2)=122792 Hz, Q=121.5, BW/f0=0.823 %
15:23:24.987  [MLA] Q@SWR2: f0=14914250 Hz, BW(SWR<=2)=122792 Hz, Q=121.5, BW/f0=0.823 %
15:23:24.987  [MLA] Q rating: FAIR (Q@SWR2=121.5)
15:23:25.086  [MLA] centered=1  res_idx=204  sweep_points=401  edge=80
15:23:27.298  [MLA] Resonance Freq: 14916500 Hz (idx=207)
15:23:27.299  [MLA] Resonance SWR: 1.23 (idx=207)
15:23:27.299  [MLA] BW(SWR<=2.0): f_low=14854652 Hz (idx=125), f_high=14977810 Hz (idx=288), BW=123158 Hz (123.16 kHz)
15:23:27.299  [MLA] Q@SWR2: f0=14916500 Hz, BW(SWR<=2)=123158 Hz, Q=121.1, BW/f0=0.826 %
15:23:27.299  [MLA] Q@SWR2: f0=14916500 Hz, BW(SWR<=2)=123158 Hz, Q=121.1, BW/f0=0.826 %
15:23:27.299  [MLA] Q rating: FAIR (Q@SWR2=121.1)
15:23:27.398  [MLA] centered=1  res_idx=207  sweep_points=401  edge=80
15:23:29.609  [MLA] Resonance Freq: 14914250 Hz (idx=204)
15:23:29.610  [MLA] Resonance SWR: 1.23 (idx=204)
15:23:29.610  [MLA] BW(SWR<=2.0): f_low=14855046 Hz (idx=126), f_high=14977768 Hz (idx=288), BW=122722 Hz (122.72 kHz)
15:23:29.610  [MLA] Q@SWR2: f0=14914250 Hz, BW(SWR<=2)=122722 Hz, Q=121.5, BW/f0=0.823 %
15:23:29.610  [MLA] Q@SWR2: f0=14914250 Hz, BW(SWR<=2)=122722 Hz, Q=121.5, BW/f0=0.823 %
15:23:29.610  [MLA] Q rating: FAIR (Q@SWR2=121.5)
15:23:29.710  [MLA] centered=1  res_idx=204  sweep_points=401  edge=80
15:23:31.925  [MLA] Resonance Freq: 14916500 Hz (idx=207)
15:23:31.925  [MLA] Resonance SWR: 1.23 (idx=207)
15:23:31.925  [MLA] BW(SWR<=2.0): f_low=14854526 Hz (idx=125), f_high=14977758 Hz (idx=288), BW=123232 Hz (123.23 kHz)
15:23:31.925  [MLA] Q@SWR2: f0=14916500 Hz, BW(SWR<=2)=123232 Hz, Q=121.0, BW/f0=0.826 %
15:23:31.925  [MLA] Q@SWR2: f0=14916500 Hz, BW(SWR<=2)=123232 Hz, Q=121.0, BW/f0=0.826 %
15:23:31.925  [MLA] Q rating: FAIR (Q@SWR2=121.0)
15:23:32.025  [MLA] centered=1  res_idx=207  sweep_points=401  edge=80
15:23:34.237  [MLA] Resonance Freq: 14913500 Hz (idx=203)
15:23:34.237  [MLA] Resonance SWR: 1.24 (idx=203)
15:23:34.237  [MLA] BW(SWR<=2.0): f_low=14854792 Hz (idx=125), f_high=14977766 Hz (idx=288), BW=122974 Hz (122.97 kHz)
15:23:34.237  [MLA] Q@SWR2: f0=14913500 Hz, BW(SWR<=2)=122974 Hz, Q=121.3, BW/f0=0.825 %
15:23:34.237  [MLA] Q@SWR2: f0=14913500 Hz, BW(SWR<=2)=122974 Hz, Q=121.3, BW/f0=0.825 %
15:23:34.237  [MLA] Q rating: FAIR (Q@SWR2=121.3)
15:23:34.338  [MLA] centered=1  res_idx=203  sweep_points=401  edge=80
15:23:36.552  [MLA] Resonance Freq: 14916500 Hz (idx=207)
15:23:36.552  [MLA] Resonance SWR: 1.23 (idx=207)
15:23:36.552  [MLA] BW(SWR<=2.0): f_low=14854066 Hz (idx=124), f_high=14977856 Hz (idx=288), BW=123790 Hz (123.79 kHz)
15:23:36.552  [MLA] Q@SWR2: f0=14916500 Hz, BW(SWR<=2)=123790 Hz, Q=120.5, BW/f0=0.830 %
15:23:36.552  [MLA] Q@SWR2: f0=14916500 Hz, BW(SWR<=2)=123790 Hz, Q=120.5, BW/f0=0.830 %
15:23:36.552  [MLA] Q rating: FAIR (Q@SWR2=120.5)
15:23:36.653  [MLA] centered=1  res_idx=207  sweep_points=401  edge=80
15:23:38.864  [MLA] Resonance Freq: 14913500 Hz (idx=203)
15:23:38.864  [MLA] Resonance SWR: 1.23 (idx=203)
15:23:38.865  [MLA] BW(SWR<=2.0): f_low=14854286 Hz (idx=125), f_high=14979766 Hz (idx=291), BW=125480 Hz (125.48 kHz)
15:23:38.865  [MLA] Q@SWR2: f0=14913500 Hz, BW(SWR<=2)=125480 Hz, Q=118.9, BW/f0=0.841 %
15:23:38.865  [MLA] Q@SWR2: f0=14913500 Hz, BW(SWR<=2)=125480 Hz, Q=118.9, BW/f0=0.841 %
15:23:38.865  [MLA] Q rating: FAIR (Q@SWR2=118.9)
15:23:38.965  [MLA] centered=1  res_idx=203  sweep_points=401  edge=80
15:23:41.176  [MLA] Resonance Freq: 14916500 Hz (idx=207)
15:23:41.176  [MLA] Resonance SWR: 1.23 (idx=207)
15:23:41.176  [MLA] BW(SWR<=2.0): f_low=14853944 Hz (idx=124), f_high=14979696 Hz (idx=291), BW=125752 Hz (125.75 kHz)
15:23:41.176  [MLA] Q@SWR2: f0=14916500 Hz, BW(SWR<=2)=125752 Hz, Q=118.6, BW/f0=0.843 %
15:23:41.176  [MLA] Q@SWR2: f0=14916500 Hz, BW(SWR<=2)=125752 Hz, Q=118.6, BW/f0=0.843 %
15:23:41.176  [MLA] Q rating: FAIR (Q@SWR2=118.6)
15:23:41.276  [MLA] centered=1  res_idx=207  sweep_points=401  edge=80
15:23:43.487  [MLA] Resonance Freq: 14913500 Hz (idx=203)
15:23:43.488  [MLA] Resonance SWR: 1.23 (idx=203)
15:23:43.488  [MLA] BW(SWR<=2.0): f_low=14854292 Hz (idx=125), f_high=14979724 Hz (idx=291), BW=125432 Hz (125.43 kHz)
15:23:43.488  [MLA] Q@SWR2: f0=14913500 Hz, BW(SWR<=2)=125432 Hz, Q=118.9, BW/f0=0.841 %
15:23:43.488  [MLA] Q@SWR2: f0=14913500 Hz, BW(SWR<=2)=125432 Hz, Q=118.9, BW/f0=0.841 %
15:23:43.488  [MLA] Q rating: FAIR (Q@SWR2=118.9)
15:23:43.588  [MLA] centered=1  res_idx=203  sweep_points=401  edge=80
15:23:45.802  [MLA] Resonance Freq: 14916500 Hz (idx=207)
15:23:45.802  [MLA] Resonance SWR: 1.23 (idx=207)
15:23:45.802  [MLA] BW(SWR<=2.0): f_low=14854040 Hz (idx=124), f_high=14977876 Hz (idx=288), BW=123836 Hz (123.84 kHz)
15:23:45.802  [MLA] Q@SWR2: f0=14916500 Hz, BW(SWR<=2)=123836 Hz, Q=120.5, BW/f0=0.830 %
15:23:45.802  [MLA] Q@SWR2: f0=14916500 Hz, BW(SWR<=2)=123836 Hz, Q=120.5, BW/f0=0.830 %
15:23:45.802  [MLA] Q rating: FAIR (Q@SWR2=120.5)
15:23:45.802  [MLA] centered=1  res_idx=207  sweep_points=401  edge=80
15:23:48.115  [MLA] Resonance Freq: 14913500 Hz (idx=203)
15:23:48.116  [MLA] Resonance SWR: 1.23 (idx=203)
15:23:48.116  [MLA] BW(SWR<=2.0): f_low=14854818 Hz (idx=125), f_high=14977808 Hz (idx=288), BW=122990 Hz (122.99 kHz)
15:23:48.116  [MLA] Q@SWR2: f0=14913500 Hz, BW(SWR<=2)=122990 Hz, Q=121.3, BW/f0=0.825 %
15:23:48.116  [MLA] Q@SWR2: f0=14913500 Hz, BW(SWR<=2)=122990 Hz, Q=121.3, BW/f0=0.825 %
15:23:48.116  [MLA] Q rating: FAIR (Q@SWR2=121.3)
15:23:48.116  [MLA] centered=1  res_idx=203  sweep_points=401  edge=80
15:23:50.425  [MLA] Resonance Freq: 14916500 Hz (idx=207)
15:23:50.425  [MLA] Resonance SWR: 1.23 (idx=207)
15:23:50.425  [MLA] BW(SWR<=2.0): f_low=14854510 Hz (idx=125), f_high=14977810 Hz (idx=288), BW=123300 Hz (123.30 kHz)
15:23:50.425  [MLA] Q@SWR2: f0=14916500 Hz, BW(SWR<=2)=123300 Hz, Q=121.0, BW/f0=0.827 %
15:23:50.425  [MLA] Q@SWR2: f0=14916500 Hz, BW(SWR<=2)=123300 Hz, Q=121.0, BW/f0=0.827 %
15:23:50.425  [MLA] Q rating: FAIR (Q@SWR2=121.0)
15:23:50.525  [MLA] centered=1  res_idx=207  sweep_points=401  edge=80
15:23:52.737  [MLA] Resonance Freq: 14914250 Hz (idx=204)
15:23:52.737  [MLA] Resonance SWR: 1.23 (idx=204)
15:23:52.737  [MLA] BW(SWR<=2.0): f_low=14855040 Hz (idx=126), f_high=14975716 Hz (idx=285), BW=120676 Hz (120.68 kHz)
15:23:52.737  [MLA] Q@SWR2: f0=14914250 Hz, BW(SWR<=2)=120676 Hz, Q=123.6, BW/f0=0.809 %
15:23:52.737  [MLA] Q@SWR2: f0=14914250 Hz, BW(SWR<=2)=120676 Hz, Q=123.6, BW/f0=0.809 %
15:23:52.737  [MLA] Q rating: FAIR (Q@SWR2=123.6)
15:23:52.737  [MLA] centered=1  res_idx=204  sweep_points=401  edge=80
15:23:55.049  [MLA] Resonance Freq: 14906750 Hz (idx=194)
15:23:55.050  [MLA] Resonance SWR: 1.25 (idx=194)
15:23:55.050  [MLA] BW(SWR<=2.0): f_low=14852310 Hz (idx=122), f_high=14973392 Hz (idx=282), BW=121082 Hz (121.08 kHz)
15:23:55.050  [MLA] Q@SWR2: f0=14906750 Hz, BW(SWR<=2)=121082 Hz, Q=123.1, BW/f0=0.812 %
15:23:55.050  [MLA] Q@SWR2: f0=14906750 Hz, BW(SWR<=2)=121082 Hz, Q=123.1, BW/f0=0.812 %
15:23:55.050  [MLA] Q rating: FAIR (Q@SWR2=123.1)
15:23:55.149  [MLA] centered=1  res_idx=194  sweep_points=401  edge=80
15:23:57.359  [MLA] Resonance Freq: 15032000 Hz (idx=361)
15:23:57.360  [MLA] Resonance SWR: 1.26 (idx=361)
15:23:57.360  [MLA] BW(SWR<=2.0): f_low=14969096 Hz (idx=278), f_high=15061250 Hz (idx=400), BW=92154 Hz (92.15 kHz)
15:23:57.360  [MLA] Q@SWR2: f0=15032000 Hz, BW(SWR<=2)=92154 Hz, Q=163.1, BW/f0=0.613 %
15:23:57.360  [MLA] Q@SWR2: f0=15032000 Hz, BW(SWR<=2)=92154 Hz, Q=163.1, BW/f0=0.613 %
15:23:57.360  [MLA] Q rating: FAIR (Q@SWR2=163.1)
15:23:57.360  [MLA] centered=0  res_idx=361  sweep_points=401  edge=80
15:23:59.673  [MLA] Resonance Freq: 15032000 Hz (idx=361)
15:23:59.673  [MLA] Resonance SWR: 1.25 (idx=361)
15:23:59.673  [MLA] BW(SWR<=2.0): f_low=14974336 Hz (idx=285), f_high=15061250 Hz (idx=400), BW=86914 Hz (86.91 kHz)
15:23:59.673  [MLA] Q@SWR2: f0=15032000 Hz, BW(SWR<=2)=86914 Hz, Q=173.0, BW/f0=0.578 %
15:23:59.673  [MLA] Q@SWR2: f0=15032000 Hz, BW(SWR<=2)=86914 Hz, Q=173.0, BW/f0=0.578 %
15:23:59.673  [MLA] Q rating: FAIR (Q@SWR2=173.0)
15:23:59.774  [MLA] centered=0  res_idx=361  sweep_points=401  edge=80
15:24:01.987  [MLA] Resonance Freq: 14954750 Hz (idx=258)
15:24:01.987  [MLA] Resonance SWR: 1.25 (idx=258)
15:24:01.987  [MLA] BW(SWR<=2.0): f_low=14895528 Hz (idx=180), f_high=15018492 Hz (idx=342), BW=122964 Hz (122.96 kHz)
15:24:01.987  [MLA] Q@SWR2: f0=14954750 Hz, BW(SWR<=2)=122964 Hz, Q=121.6, BW/f0=0.822 %
15:24:01.987  [MLA] Q@SWR2: f0=14954750 Hz, BW(SWR<=2)=122964 Hz, Q=121.6, BW/f0=0.822 %
15:24:01.988  [MLA] Q rating: FAIR (Q@SWR2=121.6)
15:24:01.988  [MLA] centered=1  res_idx=258  sweep_points=401  edge=80
15:24:04.301  [MLA] Resonance Freq: 14957000 Hz (idx=261)
15:24:04.302  [MLA] Resonance SWR: 1.25 (idx=261)
15:24:04.302  [MLA] BW(SWR<=2.0): f_low=14895280 Hz (idx=179), f_high=15025846 Hz (idx=352), BW=130566 Hz (130.57 kHz)
15:24:04.302  [MLA] Q@SWR2: f0=14957000 Hz, BW(SWR<=2)=130566 Hz, Q=114.6, BW/f0=0.873 %
15:24:04.302  [MLA] Q@SWR2: f0=14957000 Hz, BW(SWR<=2)=130566 Hz, Q=114.6, BW/f0=0.873 %
15:24:04.302  [MLA] Q rating: FAIR (Q@SWR2=114.6)
15:24:04.302  [MLA] centered=1  res_idx=261  sweep_points=401  edge=80
15:24:06.616  [MLA] Resonance Freq: 14964500 Hz (idx=271)
15:24:06.616  [MLA] Resonance SWR: 1.24 (idx=271)
15:24:06.616  [MLA] BW(SWR<=2.0): f_low=14902502 Hz (idx=189), f_high=15025868 Hz (idx=352), BW=123366 Hz (123.37 kHz)
15:24:06.616  [MLA] Q@SWR2: f0=14964500 Hz, BW(SWR<=2)=123366 Hz, Q=121.3, BW/f0=0.824 %
15:24:06.617  [MLA] Q@SWR2: f0=14964500 Hz, BW(SWR<=2)=123366 Hz, Q=121.3, BW/f0=0.824 %
15:24:06.617  [MLA] Q rating: FAIR (Q@SWR2=121.3)
15:24:06.617  [MLA] centered=1  res_idx=271  sweep_points=401  edge=80
15:24:08.927  [MLA] Resonance Freq: 14964500 Hz (idx=271)
15:24:08.927  [MLA] Resonance SWR: 1.24 (idx=271)
15:24:08.927  [MLA] BW(SWR<=2.0): f_low=14902678 Hz (idx=189), f_high=15025836 Hz (idx=352), BW=123158 Hz (123.16 kHz)
15:24:08.927  [MLA] Q@SWR2: f0=14964500 Hz, BW(SWR<=2)=123158 Hz, Q=121.5, BW/f0=0.823 %
15:24:08.927  [MLA] Q@SWR2: f0=14964500 Hz, BW(SWR<=2)=123158 Hz, Q=121.5, BW/f0=0.823 %
15:24:08.927  [MLA] Q rating: FAIR (Q@SWR2=121.5)
15:24:08.927  [MLA] centered=1  res_idx=271  sweep_points=401  edge=80
15:24:11.233  [MLA] Resonance Freq: 14964500 Hz (idx=271)
15:24:11.233  [MLA] Resonance SWR: 1.24 (idx=271)
15:24:11.233  [MLA] BW(SWR<=2.0): f_low=14901988 Hz (idx=188), f_high=15027838 Hz (idx=355), BW=125850 Hz (125.85 kHz)
15:24:11.233  [MLA] Q@SWR2: f0=14964500 Hz, BW(SWR<=2)=125850 Hz, Q=118.9, BW/f0=0.841 %
15:24:11.233  [MLA] Q@SWR2: f0=14964500 Hz, BW(SWR<=2)=125850 Hz, Q=118.9, BW/f0=0.841 %
15:24:11.233  [MLA] Q rating: FAIR (Q@SWR2=118.9)
15:24:11.233  [MLA] centered=1  res_idx=271  sweep_points=401  edge=80
15:24:13.545  [MLA] Resonance Freq: 14961500 Hz (idx=267)
15:24:13.545  [MLA] Resonance SWR: 1.24 (idx=267)
15:24:13.545  [MLA] BW(SWR<=2.0): f_low=14902288 Hz (idx=189), f_high=15027870 Hz (idx=355), BW=125582 Hz (125.58 kHz)
15:24:13.545  [MLA] Q@SWR2: f0=14961500 Hz, BW(SWR<=2)=125582 Hz, Q=119.1, BW/f0=0.839 %
15:24:13.545  [MLA] Q@SWR2: f0=14961500 Hz, BW(SWR<=2)=125582 Hz, Q=119.1, BW/f0=0.839 %
15:24:13.546  [MLA] Q rating: FAIR (Q@SWR2=119.1)
15:24:13.546  [MLA] centered=1  res_idx=267  sweep_points=401  edge=80
15:24:15.860  [MLA] Resonance Freq: 14963750 Hz (idx=270)
15:24:15.860  [MLA] Resonance SWR: 1.24 (idx=270)
15:24:15.860  [MLA] BW(SWR<=2.0): f_low=14902030 Hz (idx=188), f_high=15028088 Hz (idx=355), BW=126058 Hz (126.06 kHz)
15:24:15.860  [MLA] Q@SWR2: f0=14963750 Hz, BW(SWR<=2)=126058 Hz, Q=118.7, BW/f0=0.842 %
15:24:15.860  [MLA] Q@SWR2: f0=14963750 Hz, BW(SWR<=2)=126058 Hz, Q=118.7, BW/f0=0.842 %
15:24:15.860  [MLA] Q rating: FAIR (Q@SWR2=118.7)
15:24:15.860  [MLA] centered=1  res_idx=270  sweep_points=401  edge=80
15:24:18.173  [MLA] Resonance Freq: 14961500 Hz (idx=267)
15:24:18.173  [MLA] Resonance SWR: 1.24 (idx=267)
15:24:18.173  [MLA] BW(SWR<=2.0): f_low=14902300 Hz (idx=189), f_high=15029228 Hz (idx=357), BW=126928 Hz (126.93 kHz)
15:24:18.173  [MLA] Q@SWR2: f0=14961500 Hz, BW(SWR<=2)=126928 Hz, Q=117.9, BW/f0=0.848 %
15:24:18.173  [MLA] Q@SWR2: f0=14961500 Hz, BW(SWR<=2)=126928 Hz, Q=117.9, BW/f0=0.848 %
15:24:18.173  [MLA] Q rating: FAIR (Q@SWR2=117.9)
15:24:18.173  [MLA] centered=1  res_idx=267  sweep_points=401  edge=80
15:24:20.485  [MLA] Resonance Freq: 14963750 Hz (idx=270)
15:24:20.485  [MLA] Resonance SWR: 1.24 (idx=270)
15:24:20.486  [MLA] BW(SWR<=2.0): f_low=14901888 Hz (idx=188), f_high=15025184 Hz (idx=351), BW=123296 Hz (123.30 kHz)
15:24:20.486  [MLA] Q@SWR2: f0=14963750 Hz, BW(SWR<=2)=123296 Hz, Q=121.4, BW/f0=0.824 %
15:24:20.486  [MLA] Q@SWR2: f0=14963750 Hz, BW(SWR<=2)=123296 Hz, Q=121.4, BW/f0=0.824 %
15:24:20.486  [MLA] Q rating: FAIR (Q@SWR2=121.4)
15:24:20.486  [MLA] centered=1  res_idx=270  sweep_points=401  edge=80
15:24:22.797  [MLA] Resonance Freq: 14966000 Hz (idx=273)
15:24:22.798  [MLA] Resonance SWR: 1.24 (idx=273)
15:24:22.798  [MLA] BW(SWR<=2.0): f_low=14901658 Hz (idx=188), f_high=15027248 Hz (idx=354), BW=125590 Hz (125.59 kHz)
15:24:22.798  [MLA] Q@SWR2: f0=14966000 Hz, BW(SWR<=2)=125590 Hz, Q=119.2, BW/f0=0.839 %
15:24:22.798  [MLA] Q@SWR2: f0=14966000 Hz, BW(SWR<=2)=125590 Hz, Q=119.2, BW/f0=0.839 %
15:24:22.798  [MLA] Q rating: FAIR (Q@SWR2=119.2)
15:24:22.798  [MLA] centered=1  res_idx=273  sweep_points=401  edge=80
15:24:25.110  [MLA] Resonance Freq: 14963000 Hz (idx=269)
15:24:25.110  [MLA] Resonance SWR: 1.24 (idx=269)
15:24:25.110  [MLA] BW(SWR<=2.0): f_low=14901208 Hz (idx=187), f_high=15027132 Hz (idx=354), BW=125924 Hz (125.92 kHz)
15:24:25.110  [MLA] Q@SWR2: f0=14963000 Hz, BW(SWR<=2)=125924 Hz, Q=118.8, BW/f0=0.842 %
15:24:25.110  [MLA] Q@SWR2: f0=14963000 Hz, BW(SWR<=2)=125924 Hz, Q=118.8, BW/f0=0.842 %
15:24:25.110  [MLA] Q rating: FAIR (Q@SWR2=118.8)
15:24:25.110  [MLA] centered=1  res_idx=269  sweep_points=401  edge=80
15:24:27.423  [MLA] Resonance Freq: 14960750 Hz (idx=266)
15:24:27.423  [MLA] Resonance SWR: 1.24 (idx=266)
15:24:27.423  [MLA] BW(SWR<=2.0): f_low=14903070 Hz (idx=190), f_high=15029088 Hz (idx=357), BW=126018 Hz (126.02 kHz)
15:24:27.423  [MLA] Q@SWR2: f0=14960750 Hz, BW(SWR<=2)=126018 Hz, Q=118.7, BW/f0=0.842 %
15:24:27.423  [MLA] Q@SWR2: f0=14960750 Hz, BW(SWR<=2)=126018 Hz, Q=118.7, BW/f0=0.842 %
15:24:27.423  [MLA] Q rating: FAIR (Q@SWR2=118.7)
15:24:27.424  [MLA] centered=1  res_idx=266  sweep_points=401  edge=80
15:24:29.734  [MLA] Resonance Freq: 14963000 Hz (idx=269)
15:24:29.735  [MLA] Resonance SWR: 1.24 (idx=269)
15:24:29.735  [MLA] BW(SWR<=2.0): f_low=14901404 Hz (idx=187), f_high=15029250 Hz (idx=357), BW=127846 Hz (127.85 kHz)
15:24:29.735  [MLA] Q@SWR2: f0=14963000 Hz, BW(SWR<=2)=127846 Hz, Q=117.0, BW/f0=0.854 %
15:24:29.735  [MLA] Q@SWR2: f0=14963000 Hz, BW(SWR<=2)=127846 Hz, Q=117.0, BW/f0=0.854 %
15:24:29.735  [MLA] Q rating: FAIR (Q@SWR2=117.0)
15:24:29.735  [MLA] centered=1  res_idx=269  sweep_points=401  edge=80
15:24:32.047  [MLA] Resonance Freq: 14965250 Hz (idx=272)
15:24:32.047  [MLA] Resonance SWR: 1.23 (idx=272)
15:24:32.047  [MLA] BW(SWR<=2.0): f_low=14903208 Hz (idx=190), f_high=15026668 Hz (idx=353), BW=123460 Hz (123.46 kHz)
15:24:32.047  [MLA] Q@SWR2: f0=14965250 Hz, BW(SWR<=2)=123460 Hz, Q=121.2, BW/f0=0.825 %
15:24:32.047  [MLA] Q@SWR2: f0=14965250 Hz, BW(SWR<=2)=123460 Hz, Q=121.2, BW/f0=0.825 %
15:24:32.048  [MLA] Q rating: FAIR (Q@SWR2=121.2)
15:24:32.048  [MLA] centered=1  res_idx=272  sweep_points=401  edge=80
15:24:34.360  [MLA] Resonance Freq: 14962250 Hz (idx=268)
15:24:34.360  [MLA] Resonance SWR: 1.24 (idx=268)
15:24:34.360  [MLA] BW(SWR<=2.0): f_low=14903002 Hz (idx=190), f_high=15028632 Hz (idx=356), BW=125630 Hz (125.63 kHz)
15:24:34.360  [MLA] Q@SWR2: f0=14962250 Hz, BW(SWR<=2)=125630 Hz, Q=119.1, BW/f0=0.840 %
15:24:34.360  [MLA] Q@SWR2: f0=14962250 Hz, BW(SWR<=2)=125630 Hz, Q=119.1, BW/f0=0.840 %
15:24:34.360  [MLA] Q rating: FAIR (Q@SWR2=119.1)
15:24:34.360  [MLA] centered=1  res_idx=268  sweep_points=401  edge=80
15:24:36.674  [MLA] Resonance Freq: 14964500 Hz (idx=271)
15:24:36.674  [MLA] Resonance SWR: 1.23 (idx=271)
15:24:36.674  [MLA] BW(SWR<=2.0): f_low=14902650 Hz (idx=189), f_high=15028592 Hz (idx=356), BW=125942 Hz (125.94 kHz)
15:24:36.674  [MLA] Q@SWR2: f0=14964500 Hz, BW(SWR<=2)=125942 Hz, Q=118.8, BW/f0=0.842 %
15:24:36.675  [MLA] Q@SWR2: f0=14964500 Hz, BW(SWR<=2)=125942 Hz, Q=118.8, BW/f0=0.842 %
15:24:36.675  [MLA] Q rating: FAIR (Q@SWR2=118.8)
15:24:36.675  [MLA] centered=1  res_idx=271  sweep_points=401  edge=80
